[0.014s] Invoking command in '/home/axel/Mobile-Robots-2026-1/build/xarm_sdk': DEBUGINFOD_URLS=https://debuginfod.ubuntu.com /usr/bin/cmake /home/axel/Mobile-Robots-2026-1/ros2_ws/src/hardware/xarm_ros2/xarm_sdk -DCMAKE_INSTALL_PREFIX=/home/axel/Mobile-Robots-2026-1/install/xarm_sdk
[0.167s] -- The C compiler identification is GNU 13.3.0
[0.168s] -- The CXX compiler identification is GNU 13.3.0
[0.168s] -- Detecting C compiler ABI info
[0.207s] -- Detecting C compiler ABI info - done
[0.218s] -- Check for working C compiler: /usr/bin/cc - skipped
[0.218s] -- Detecting C compile features
[0.219s] -- Detecting C compile features - done
[0.226s] -- Detecting CXX compiler ABI info
[0.294s] -- Detecting CXX compiler ABI info - done
[0.305s] -- Check for working CXX compiler: /usr/bin/c++ - skipped
[0.305s] -- Detecting CXX compile features
[0.305s] -- Detecting CXX compile features - done
[0.311s] [31mCMake Error at CMakeLists.txt:25 (find_package):
[0.312s]   By not providing "Findament_cmake.cmake" in CMAKE_MODULE_PATH this project
[0.312s]   has asked CMake to find a package configuration file provided by
[0.312s]   "ament_cmake", but CMake did not find one.
[0.312s] 
[0.312s]   Could not find a package configuration file provided by "ament_cmake" with
[0.312s]   any of the following names:
[0.312s] 
[0.312s]     ament_cmakeConfig.cmake
[0.312s]     ament_cmake-config.cmake
[0.312s] 
[0.312s]   Add the installation prefix of "ament_cmake" to CMAKE_PREFIX_PATH or set
[0.312s]   "ament_cmake_DIR" to a directory containing one of the above files.  If
[0.313s]   "ament_cmake" provides a separate development package or SDK, be sure it
[0.313s]   has been installed.
[0.313s] 
[0.313s] -- Configuring incomplete, errors occurred!
[0.313s] [0m
[0.321s] Invoked command in '/home/axel/Mobile-Robots-2026-1/build/xarm_sdk' returned '1': DEBUGINFOD_URLS=https://debuginfod.ubuntu.com /usr/bin/cmake /home/axel/Mobile-Robots-2026-1/ros2_ws/src/hardware/xarm_ros2/xarm_sdk -DCMAKE_INSTALL_PREFIX=/home/axel/Mobile-Robots-2026-1/install/xarm_sdk
