[0.014s] Invoking command in '/home/christopher/Mobile-Robots-2026-1/build/justina_description': CMAKE_PREFIX_PATH=${CMAKE_PREFIX_PATH}:/opt/ros/jazzy DEBUGINFOD_URLS=https://debuginfod.ubuntu.com /usr/bin/cmake /home/christopher/Mobile-Robots-2026-1/ros2_ws/src/hardware/justina_description -DCMAKE_INSTALL_PREFIX=/home/christopher/Mobile-Robots-2026-1/install/justina_description
[0.129s] -- The C compiler identification is GNU 13.3.0
[0.211s] -- The CXX compiler identification is GNU 13.3.0
[0.242s] -- Detecting C compiler ABI info
[0.377s] -- Detecting C compiler ABI info - done
[0.383s] -- Check for working C compiler: /usr/bin/cc - skipped
[0.383s] -- Detecting C compile features
[0.386s] -- Detecting C compile features - done
[0.393s] -- Detecting CXX compiler ABI info
[0.513s] -- Detecting CXX compiler ABI info - done
[0.523s] -- Check for working CXX compiler: /usr/bin/c++ - skipped
[0.523s] -- Detecting CXX compile features
[0.526s] -- Detecting CXX compile features - done
[0.535s] -- Found ament_cmake: 2.5.4 (/opt/ros/jazzy/share/ament_cmake/cmake)
[0.742s] -- Found Python3: /usr/bin/python3 (found version "3.12.3") found components: Interpreter 
[0.969s] -- Found ament_lint_auto: 0.17.3 (/opt/ros/jazzy/share/ament_lint_auto/cmake)
[1.083s] -- Added test 'lint_cmake' to check CMake code style
[1.084s] -- Added test 'xmllint' to check XML markup files
[1.086s] -- Configuring done (1.0s)
[1.089s] -- Generating done (0.0s)
[1.091s] -- Build files have been written to: /home/christopher/Mobile-Robots-2026-1/build/justina_description
[1.099s] Invoked command in '/home/christopher/Mobile-Robots-2026-1/build/justina_description' returned '0': CMAKE_PREFIX_PATH=${CMAKE_PREFIX_PATH}:/opt/ros/jazzy DEBUGINFOD_URLS=https://debuginfod.ubuntu.com /usr/bin/cmake /home/christopher/Mobile-Robots-2026-1/ros2_ws/src/hardware/justina_description -DCMAKE_INSTALL_PREFIX=/home/christopher/Mobile-Robots-2026-1/install/justina_description
[1.100s] Invoking command in '/home/christopher/Mobile-Robots-2026-1/build/justina_description': CMAKE_PREFIX_PATH=${CMAKE_PREFIX_PATH}:/opt/ros/jazzy DEBUGINFOD_URLS=https://debuginfod.ubuntu.com /usr/bin/cmake --build /home/christopher/Mobile-Robots-2026-1/build/justina_description -- -j2 -l2
[1.204s] Invoked command in '/home/christopher/Mobile-Robots-2026-1/build/justina_description' returned '0': CMAKE_PREFIX_PATH=${CMAKE_PREFIX_PATH}:/opt/ros/jazzy DEBUGINFOD_URLS=https://debuginfod.ubuntu.com /usr/bin/cmake --build /home/christopher/Mobile-Robots-2026-1/build/justina_description -- -j2 -l2
[1.205s] Invoking command in '/home/christopher/Mobile-Robots-2026-1/build/justina_description': CMAKE_PREFIX_PATH=${CMAKE_PREFIX_PATH}:/opt/ros/jazzy DEBUGINFOD_URLS=https://debuginfod.ubuntu.com /usr/bin/cmake --install /home/christopher/Mobile-Robots-2026-1/build/justina_description
[1.221s] -- Install configuration: ""
[1.221s] -- Installing: /home/christopher/Mobile-Robots-2026-1/install/justina_description/share/justina_description/urdf
[1.222s] -- Installing: /home/christopher/Mobile-Robots-2026-1/install/justina_description/share/justina_description/urdf/justina.xacro
[1.241s] -- Installing: /home/christopher/Mobile-Robots-2026-1/install/justina_description/share/justina_description/urdf/justina_base.xacro
[1.241s] -- Installing: /home/christopher/Mobile-Robots-2026-1/install/justina_description/share/ament_index/resource_index/package_run_dependencies/justina_description
[1.241s] -- Installing: /home/christopher/Mobile-Robots-2026-1/install/justina_description/share/ament_index/resource_index/parent_prefix_path/justina_description
[1.241s] -- Installing: /home/christopher/Mobile-Robots-2026-1/install/justina_description/share/justina_description/environment/ament_prefix_path.sh
[1.241s] -- Installing: /home/christopher/Mobile-Robots-2026-1/install/justina_description/share/justina_description/environment/ament_prefix_path.dsv
[1.241s] -- Installing: /home/christopher/Mobile-Robots-2026-1/install/justina_description/share/justina_description/environment/path.sh
[1.241s] -- Installing: /home/christopher/Mobile-Robots-2026-1/install/justina_description/share/justina_description/environment/path.dsv
[1.241s] -- Installing: /home/christopher/Mobile-Robots-2026-1/install/justina_description/share/justina_description/local_setup.bash
[1.241s] -- Installing: /home/christopher/Mobile-Robots-2026-1/install/justina_description/share/justina_description/local_setup.sh
[1.241s] -- Installing: /home/christopher/Mobile-Robots-2026-1/install/justina_description/share/justina_description/local_setup.zsh
[1.241s] -- Installing: /home/christopher/Mobile-Robots-2026-1/install/justina_description/share/justina_description/local_setup.dsv
[1.241s] -- Installing: /home/christopher/Mobile-Robots-2026-1/install/justina_description/share/justina_description/package.dsv
[1.241s] -- Installing: /home/christopher/Mobile-Robots-2026-1/install/justina_description/share/ament_index/resource_index/packages/justina_description
[1.241s] -- Installing: /home/christopher/Mobile-Robots-2026-1/install/justina_description/share/justina_description/cmake/justina_descriptionConfig.cmake
[1.241s] -- Installing: /home/christopher/Mobile-Robots-2026-1/install/justina_description/share/justina_description/cmake/justina_descriptionConfig-version.cmake
[1.241s] -- Installing: /home/christopher/Mobile-Robots-2026-1/install/justina_description/share/justina_description/package.xml
[1.241s] Invoked command in '/home/christopher/Mobile-Robots-2026-1/build/justina_description' returned '0': CMAKE_PREFIX_PATH=${CMAKE_PREFIX_PATH}:/opt/ros/jazzy DEBUGINFOD_URLS=https://debuginfod.ubuntu.com /usr/bin/cmake --install /home/christopher/Mobile-Robots-2026-1/build/justina_description
