[0.011s] Invoking command in '/home/christopher/Mobile-Robots-2026-1/build/config_files': CMAKE_PREFIX_PATH=${CMAKE_PREFIX_PATH}:/opt/ros/jazzy DEBUGINFOD_URLS=https://debuginfod.ubuntu.com /usr/bin/cmake /home/christopher/Mobile-Robots-2026-1/ros2_ws/src/config_files -DCMAKE_INSTALL_PREFIX=/home/christopher/Mobile-Robots-2026-1/install/config_files
[0.125s] -- The C compiler identification is GNU 13.3.0
[0.228s] -- The CXX compiler identification is GNU 13.3.0
[0.255s] -- Detecting C compiler ABI info
[0.442s] -- Detecting C compiler ABI info - done
[0.457s] -- Check for working C compiler: /usr/bin/cc - skipped
[0.457s] -- Detecting C compile features
[0.458s] -- Detecting C compile features - done
[0.475s] -- Detecting CXX compiler ABI info
[0.655s] -- Detecting CXX compiler ABI info - done
[0.669s] -- Check for working CXX compiler: /usr/bin/c++ - skipped
[0.670s] -- Detecting CXX compile features
[0.671s] -- Detecting CXX compile features - done
[0.679s] -- Found ament_cmake: 2.5.4 (/opt/ros/jazzy/share/ament_cmake/cmake)
[0.921s] -- Found Python3: /usr/bin/python3 (found version "3.12.3") found components: Interpreter 
[1.134s] -- Found rclcpp: 28.1.11 (/opt/ros/jazzy/share/rclcpp/cmake)
[1.209s] -- Found rosidl_generator_c: 4.6.6 (/opt/ros/jazzy/share/rosidl_generator_c/cmake)
[1.235s] -- Found rosidl_generator_cpp: 4.6.6 (/opt/ros/jazzy/share/rosidl_generator_cpp/cmake)
[1.256s] -- Using all available rosidl_typesupport_c: rosidl_typesupport_fastrtps_c;rosidl_typesupport_introspection_c
[1.276s] -- Using all available rosidl_typesupport_cpp: rosidl_typesupport_fastrtps_cpp;rosidl_typesupport_introspection_cpp
[1.418s] -- Found rmw_implementation_cmake: 7.3.2 (/opt/ros/jazzy/share/rmw_implementation_cmake/cmake)
[1.429s] -- Found rmw_fastrtps_cpp: 8.4.3 (/opt/ros/jazzy/share/rmw_fastrtps_cpp/cmake)
[1.611s] -- Found OpenSSL: /usr/lib/x86_64-linux-gnu/libcrypto.so (found version "3.0.13")  
[1.644s] -- Found FastRTPS: /opt/ros/jazzy/include (Required is at least version "2.13") 
[1.664s] -- Using RMW implementation 'rmw_fastrtps_cpp' as default
[1.835s] -- Found ament_lint_auto: 0.17.3 (/opt/ros/jazzy/share/ament_lint_auto/cmake)
[1.931s] -- Added test 'lint_cmake' to check CMake code style
[1.933s] -- Added test 'xmllint' to check XML markup files
[1.934s] -- Configuring done (1.9s)
[1.942s] -- Generating done (0.0s)
[1.944s] -- Build files have been written to: /home/christopher/Mobile-Robots-2026-1/build/config_files
[1.977s] Invoked command in '/home/christopher/Mobile-Robots-2026-1/build/config_files' returned '0': CMAKE_PREFIX_PATH=${CMAKE_PREFIX_PATH}:/opt/ros/jazzy DEBUGINFOD_URLS=https://debuginfod.ubuntu.com /usr/bin/cmake /home/christopher/Mobile-Robots-2026-1/ros2_ws/src/config_files -DCMAKE_INSTALL_PREFIX=/home/christopher/Mobile-Robots-2026-1/install/config_files
[1.978s] Invoking command in '/home/christopher/Mobile-Robots-2026-1/build/config_files': CMAKE_PREFIX_PATH=${CMAKE_PREFIX_PATH}:/opt/ros/jazzy DEBUGINFOD_URLS=https://debuginfod.ubuntu.com /usr/bin/cmake --build /home/christopher/Mobile-Robots-2026-1/build/config_files -- -j2 -l2
[2.077s] Invoked command in '/home/christopher/Mobile-Robots-2026-1/build/config_files' returned '0': CMAKE_PREFIX_PATH=${CMAKE_PREFIX_PATH}:/opt/ros/jazzy DEBUGINFOD_URLS=https://debuginfod.ubuntu.com /usr/bin/cmake --build /home/christopher/Mobile-Robots-2026-1/build/config_files -- -j2 -l2
[2.078s] Invoking command in '/home/christopher/Mobile-Robots-2026-1/build/config_files': CMAKE_PREFIX_PATH=${CMAKE_PREFIX_PATH}:/opt/ros/jazzy DEBUGINFOD_URLS=https://debuginfod.ubuntu.com /usr/bin/cmake --install /home/christopher/Mobile-Robots-2026-1/build/config_files
[2.093s] -- Install configuration: ""
[2.093s] -- Installing: /home/christopher/Mobile-Robots-2026-1/install/config_files/share/config_files/rviz
[2.093s] -- Installing: /home/christopher/Mobile-Robots-2026-1/install/config_files/share/config_files/rviz/simple_house.rviz
[2.095s] -- Installing: /home/christopher/Mobile-Robots-2026-1/install/config_files/share/config_files/navigation
[2.095s] -- Installing: /home/christopher/Mobile-Robots-2026-1/install/config_files/share/config_files/navigation/simple_house.pgm
[2.097s] -- Installing: /home/christopher/Mobile-Robots-2026-1/install/config_files/share/config_files/navigation/mapper_params.yaml
[2.097s] -- Installing: /home/christopher/Mobile-Robots-2026-1/install/config_files/share/config_files/navigation/simple_house.yaml
[2.097s] -- Installing: /home/christopher/Mobile-Robots-2026-1/install/config_files/share/ament_index/resource_index/package_run_dependencies/config_files
[2.100s] -- Installing: /home/christopher/Mobile-Robots-2026-1/install/config_files/share/ament_index/resource_index/parent_prefix_path/config_files
[2.100s] -- Installing: /home/christopher/Mobile-Robots-2026-1/install/config_files/share/config_files/environment/ament_prefix_path.sh
[2.100s] -- Installing: /home/christopher/Mobile-Robots-2026-1/install/config_files/share/config_files/environment/ament_prefix_path.dsv
[2.100s] -- Installing: /home/christopher/Mobile-Robots-2026-1/install/config_files/share/config_files/environment/path.sh
[2.100s] -- Installing: /home/christopher/Mobile-Robots-2026-1/install/config_files/share/config_files/environment/path.dsv
[2.100s] -- Installing: /home/christopher/Mobile-Robots-2026-1/install/config_files/share/config_files/local_setup.bash
[2.100s] -- Installing: /home/christopher/Mobile-Robots-2026-1/install/config_files/share/config_files/local_setup.sh
[2.100s] -- Installing: /home/christopher/Mobile-Robots-2026-1/install/config_files/share/config_files/local_setup.zsh
[2.101s] -- Installing: /home/christopher/Mobile-Robots-2026-1/install/config_files/share/config_files/local_setup.dsv
[2.101s] -- Installing: /home/christopher/Mobile-Robots-2026-1/install/config_files/share/config_files/package.dsv
[2.101s] -- Installing: /home/christopher/Mobile-Robots-2026-1/install/config_files/share/ament_index/resource_index/packages/config_files
[2.101s] -- Installing: /home/christopher/Mobile-Robots-2026-1/install/config_files/share/config_files/cmake/config_filesConfig.cmake
[2.104s] -- Installing: /home/christopher/Mobile-Robots-2026-1/install/config_files/share/config_files/cmake/config_filesConfig-version.cmake
[2.104s] -- Installing: /home/christopher/Mobile-Robots-2026-1/install/config_files/share/config_files/package.xml
[2.105s] Invoked command in '/home/christopher/Mobile-Robots-2026-1/build/config_files' returned '0': CMAKE_PREFIX_PATH=${CMAKE_PREFIX_PATH}:/opt/ros/jazzy DEBUGINFOD_URLS=https://debuginfod.ubuntu.com /usr/bin/cmake --install /home/christopher/Mobile-Robots-2026-1/build/config_files
