[0.012s] Invoking command in '/home/christopher/Mobile-Robots-2026-1/build/xarm_sdk': CMAKE_PREFIX_PATH=${CMAKE_PREFIX_PATH}:/opt/ros/jazzy DEBUGINFOD_URLS=https://debuginfod.ubuntu.com /usr/bin/cmake /home/christopher/Mobile-Robots-2026-1/ros2_ws/src/hardware/xarm_ros2/xarm_sdk -DCMAKE_INSTALL_PREFIX=/home/christopher/Mobile-Robots-2026-1/install/xarm_sdk
[0.064s] -- The C compiler identification is GNU 13.3.0
[0.116s] -- The CXX compiler identification is GNU 13.3.0
[0.130s] -- Detecting C compiler ABI info
[0.218s] -- Detecting C compiler ABI info - done
[0.225s] -- Check for working C compiler: /usr/bin/cc - skipped
[0.225s] -- Detecting C compile features
[0.226s] -- Detecting C compile features - done
[0.234s] -- Detecting CXX compiler ABI info
[0.328s] -- Detecting CXX compiler ABI info - done
[0.335s] -- Check for working CXX compiler: /usr/bin/c++ - skipped
[0.336s] -- Detecting CXX compile features
[0.336s] -- Detecting CXX compile features - done
[0.340s] -- Found ament_cmake: 2.5.4 (/opt/ros/jazzy/share/ament_cmake/cmake)
[0.463s] -- Found Python3: /usr/bin/python3 (found version "3.12.3") found components: Interpreter 
[0.569s] -- Found ament_lint_auto: 0.17.3 (/opt/ros/jazzy/share/ament_lint_auto/cmake)
[0.668s] -- Added test 'copyright' to check source files copyright and LICENSE
[0.684s] -- Added test 'cppcheck' to perform static code analysis on C / C++ code
[0.684s] -- Configured cppcheck include dirs: /home/christopher/Mobile-Robots-2026-1/ros2_ws/src/hardware/xarm_ros2/xarm_sdk/cxx/include
[0.685s] -- Configured cppcheck exclude dirs and/or files: 
[0.701s] -- Added test 'cpplint' to check C / C++ code against the Google style
[0.701s] -- Configured cpplint exclude dirs and/or files: 
[0.707s] -- Added test 'lint_cmake' to check CMake code style
[0.725s] -- Added test 'uncrustify' to check C / C++ code style
[0.725s] -- Configured uncrustify additional arguments: 
[0.728s] -- Added test 'xmllint' to check XML markup files
[0.731s] -- Configuring done (0.7s)
[0.739s] -- Generating done (0.0s)
[0.741s] -- Build files have been written to: /home/christopher/Mobile-Robots-2026-1/build/xarm_sdk
[0.745s] Invoked command in '/home/christopher/Mobile-Robots-2026-1/build/xarm_sdk' returned '0': CMAKE_PREFIX_PATH=${CMAKE_PREFIX_PATH}:/opt/ros/jazzy DEBUGINFOD_URLS=https://debuginfod.ubuntu.com /usr/bin/cmake /home/christopher/Mobile-Robots-2026-1/ros2_ws/src/hardware/xarm_ros2/xarm_sdk -DCMAKE_INSTALL_PREFIX=/home/christopher/Mobile-Robots-2026-1/install/xarm_sdk
[0.749s] Invoking command in '/home/christopher/Mobile-Robots-2026-1/build/xarm_sdk': CMAKE_PREFIX_PATH=${CMAKE_PREFIX_PATH}:/opt/ros/jazzy DEBUGINFOD_URLS=https://debuginfod.ubuntu.com /usr/bin/cmake --build /home/christopher/Mobile-Robots-2026-1/build/xarm_sdk -- -j2 -l2
[0.805s] [  6%] [32mBuilding CXX object CMakeFiles/xarm_cxx_sdk.dir/cxx/src/serial/impl/list_ports/list_ports_linux.cc.o[0m
[0.805s] [  6%] [32mBuilding CXX object CMakeFiles/xarm_cxx_sdk.dir/cxx/src/serial/impl/list_ports/list_ports_osx.cc.o[0m
[0.843s] [  9%] [32mBuilding CXX object CMakeFiles/xarm_cxx_sdk.dir/cxx/src/serial/impl/list_ports/list_ports_win.cc.o[0m
[0.861s] [ 12%] [32mBuilding CXX object CMakeFiles/xarm_cxx_sdk.dir/cxx/src/serial/impl/unix.cc.o[0m
[1.455s] [ 15%] [32mBuilding CXX object CMakeFiles/xarm_cxx_sdk.dir/cxx/src/serial/impl/win.cc.o[0m
[1.485s] [ 18%] [32mBuilding CXX object CMakeFiles/xarm_cxx_sdk.dir/cxx/src/xarm/core/common/crc16.cc.o[0m
[1.486s] [ 21%] [32mBuilding CXX object CMakeFiles/xarm_cxx_sdk.dir/cxx/src/serial/serial.cc.o[0m
[1.555s] [ 25%] [32mBuilding CXX object CMakeFiles/xarm_cxx_sdk.dir/cxx/src/xarm/core/common/queue_memcpy.cc.o[0m
[1.768s] [ 28%] [32mBuilding CXX object CMakeFiles/xarm_cxx_sdk.dir/cxx/src/xarm/core/connect.cc.o[0m
[2.067s] [ 31%] [32mBuilding CXX object CMakeFiles/xarm_cxx_sdk.dir/cxx/src/xarm/core/debug/debug_print.cc.o[0m
[2.107s] [ 34%] [32mBuilding CXX object CMakeFiles/xarm_cxx_sdk.dir/cxx/src/xarm/core/instruction/uxbus_cmd.cc.o[0m
[2.132s] [ 37%] [32mBuilding CXX object CMakeFiles/xarm_cxx_sdk.dir/cxx/src/xarm/core/instruction/uxbus_cmd_ser.cc.o[0m
[2.816s] [ 40%] [32mBuilding CXX object CMakeFiles/xarm_cxx_sdk.dir/cxx/src/xarm/core/instruction/uxbus_cmd_tcp.cc.o[0m
[2.875s] [ 43%] [32mBuilding CXX object CMakeFiles/xarm_cxx_sdk.dir/cxx/src/xarm/core/os/network.cc.o[0m
[3.286s] [ 46%] [32mBuilding CXX object CMakeFiles/xarm_cxx_sdk.dir/cxx/src/xarm/core/port/ser.cc.o[0m
[3.303s] [ 50%] [32mBuilding CXX object CMakeFiles/xarm_cxx_sdk.dir/cxx/src/xarm/core/port/socket.cc.o[0m
[3.689s] [ 53%] [32mBuilding CXX object CMakeFiles/xarm_cxx_sdk.dir/cxx/src/xarm/core/report_data.cc.o[0m
[3.766s] [ 56%] [32mBuilding CXX object CMakeFiles/xarm_cxx_sdk.dir/cxx/src/xarm/wrapper/xarm_api.cc.o[0m
[3.971s] [ 59%] [32mBuilding CXX object CMakeFiles/xarm_cxx_sdk.dir/cxx/src/xarm/wrapper/xarm_bio.cc.o[0m
[5.758s] [ 62%] [32mBuilding CXX object CMakeFiles/xarm_cxx_sdk.dir/cxx/src/xarm/wrapper/xarm_events.cc.o[0m
[9.530s] [ 65%] [32mBuilding CXX object CMakeFiles/xarm_cxx_sdk.dir/cxx/src/xarm/wrapper/xarm_ft_sensor.cc.o[0m
[9.948s] [ 68%] [32mBuilding CXX object CMakeFiles/xarm_cxx_sdk.dir/cxx/src/xarm/wrapper/xarm_gpio.cc.o[0m
[10.862s] [ 71%] [32mBuilding CXX object CMakeFiles/xarm_cxx_sdk.dir/cxx/src/xarm/wrapper/xarm_gripper.cc.o[0m
[11.296s] [ 75%] [32mBuilding CXX object CMakeFiles/xarm_cxx_sdk.dir/cxx/src/xarm/wrapper/xarm_linear_motor.cc.o[0m
[12.096s] [ 78%] [32mBuilding CXX object CMakeFiles/xarm_cxx_sdk.dir/cxx/src/xarm/wrapper/xarm_modbus_tcp.cc.o[0m
[12.386s] [ 81%] [32mBuilding CXX object CMakeFiles/xarm_cxx_sdk.dir/cxx/src/xarm/wrapper/xarm_motion.cc.o[0m
[13.376s] [ 84%] [32mBuilding CXX object CMakeFiles/xarm_cxx_sdk.dir/cxx/src/xarm/wrapper/xarm_params.cc.o[0m
[13.573s] [ 87%] [32mBuilding CXX object CMakeFiles/xarm_cxx_sdk.dir/cxx/src/xarm/wrapper/xarm_record.cc.o[0m
[14.598s] [ 90%] [32mBuilding CXX object CMakeFiles/xarm_cxx_sdk.dir/cxx/src/xarm/wrapper/xarm_report.cc.o[0m
[14.703s] [ 93%] [32mBuilding CXX object CMakeFiles/xarm_cxx_sdk.dir/cxx/src/xarm/wrapper/xarm_robotiq.cc.o[0m
[15.783s] [ 96%] [32mBuilding CXX object CMakeFiles/xarm_cxx_sdk.dir/cxx/src/xarm/wrapper/xarm_servo.cc.o[0m
[16.469s] [100%] [32m[1mLinking CXX shared library libxarm_cxx_sdk.so[0m
[16.737s] [100%] Built target xarm_cxx_sdk
[16.761s] Invoked command in '/home/christopher/Mobile-Robots-2026-1/build/xarm_sdk' returned '0': CMAKE_PREFIX_PATH=${CMAKE_PREFIX_PATH}:/opt/ros/jazzy DEBUGINFOD_URLS=https://debuginfod.ubuntu.com /usr/bin/cmake --build /home/christopher/Mobile-Robots-2026-1/build/xarm_sdk -- -j2 -l2
[16.762s] Invoking command in '/home/christopher/Mobile-Robots-2026-1/build/xarm_sdk': CMAKE_PREFIX_PATH=${CMAKE_PREFIX_PATH}:/opt/ros/jazzy DEBUGINFOD_URLS=https://debuginfod.ubuntu.com /usr/bin/cmake --install /home/christopher/Mobile-Robots-2026-1/build/xarm_sdk
[16.778s] -- Install configuration: ""
[16.778s] -- Installing: /home/christopher/Mobile-Robots-2026-1/install/xarm_sdk/share/xarm_sdk/environment/library_path.sh
[16.781s] -- Installing: /home/christopher/Mobile-Robots-2026-1/install/xarm_sdk/share/xarm_sdk/environment/library_path.dsv
[16.781s] -- Installing: /home/christopher/Mobile-Robots-2026-1/install/xarm_sdk/cxx/include
[16.781s] -- Installing: /home/christopher/Mobile-Robots-2026-1/install/xarm_sdk/cxx/include/serial
[16.781s] -- Installing: /home/christopher/Mobile-Robots-2026-1/install/xarm_sdk/cxx/include/serial/serial.h
[16.781s] -- Installing: /home/christopher/Mobile-Robots-2026-1/install/xarm_sdk/cxx/include/serial/v8stdint.h
[16.781s] -- Installing: /home/christopher/Mobile-Robots-2026-1/install/xarm_sdk/cxx/include/serial/impl
[16.781s] -- Installing: /home/christopher/Mobile-Robots-2026-1/install/xarm_sdk/cxx/include/serial/impl/unix.h
[16.782s] -- Installing: /home/christopher/Mobile-Robots-2026-1/install/xarm_sdk/cxx/include/serial/impl/win.h
[16.782s] -- Installing: /home/christopher/Mobile-Robots-2026-1/install/xarm_sdk/cxx/include/xarm
[16.782s] -- Installing: /home/christopher/Mobile-Robots-2026-1/install/xarm_sdk/cxx/include/xarm/core
[16.782s] -- Installing: /home/christopher/Mobile-Robots-2026-1/install/xarm_sdk/cxx/include/xarm/core/os
[16.784s] -- Installing: /home/christopher/Mobile-Robots-2026-1/install/xarm_sdk/cxx/include/xarm/core/os/network.h
[16.784s] -- Installing: /home/christopher/Mobile-Robots-2026-1/install/xarm_sdk/cxx/include/xarm/core/os/bak
[16.784s] -- Installing: /home/christopher/Mobile-Robots-2026-1/install/xarm_sdk/cxx/include/xarm/core/os/bak/thread.h
[16.784s] -- Installing: /home/christopher/Mobile-Robots-2026-1/install/xarm_sdk/cxx/include/xarm/core/instruction
[16.787s] -- Installing: /home/christopher/Mobile-Robots-2026-1/install/xarm_sdk/cxx/include/xarm/core/instruction/servo3_config.h
[16.787s] -- Installing: /home/christopher/Mobile-Robots-2026-1/install/xarm_sdk/cxx/include/xarm/core/instruction/uxbus_cmd.h
[16.787s] -- Installing: /home/christopher/Mobile-Robots-2026-1/install/xarm_sdk/cxx/include/xarm/core/instruction/uxbus_cmd_config.h
[16.787s] -- Installing: /home/christopher/Mobile-Robots-2026-1/install/xarm_sdk/cxx/include/xarm/core/instruction/uxbus_cmd_ser.h
[16.787s] -- Installing: /home/christopher/Mobile-Robots-2026-1/install/xarm_sdk/cxx/include/xarm/core/instruction/uxbus_cmd_tcp.h
[16.787s] -- Installing: /home/christopher/Mobile-Robots-2026-1/install/xarm_sdk/cxx/include/xarm/core/port
[16.787s] -- Installing: /home/christopher/Mobile-Robots-2026-1/install/xarm_sdk/cxx/include/xarm/core/port/ser.h
[16.787s] -- Installing: /home/christopher/Mobile-Robots-2026-1/install/xarm_sdk/cxx/include/xarm/core/port/socket.h
[16.787s] -- Installing: /home/christopher/Mobile-Robots-2026-1/install/xarm_sdk/cxx/include/xarm/core/report_data.h
[16.787s] -- Installing: /home/christopher/Mobile-Robots-2026-1/install/xarm_sdk/cxx/include/xarm/core/connect.h
[16.787s] -- Installing: /home/christopher/Mobile-Robots-2026-1/install/xarm_sdk/cxx/include/xarm/core/xarm_config.h
[16.788s] -- Installing: /home/christopher/Mobile-Robots-2026-1/install/xarm_sdk/cxx/include/xarm/core/debug
[16.788s] -- Installing: /home/christopher/Mobile-Robots-2026-1/install/xarm_sdk/cxx/include/xarm/core/debug/debug_print.h
[16.788s] -- Installing: /home/christopher/Mobile-Robots-2026-1/install/xarm_sdk/cxx/include/xarm/core/common
[16.789s] -- Installing: /home/christopher/Mobile-Robots-2026-1/install/xarm_sdk/cxx/include/xarm/core/common/queue_memcpy.h
[16.791s] -- Installing: /home/christopher/Mobile-Robots-2026-1/install/xarm_sdk/cxx/include/xarm/core/common/data_type.h
[16.791s] -- Installing: /home/christopher/Mobile-Robots-2026-1/install/xarm_sdk/cxx/include/xarm/core/common/crc16.h
[16.791s] -- Installing: /home/christopher/Mobile-Robots-2026-1/install/xarm_sdk/cxx/include/xarm/wrapper
[16.791s] -- Installing: /home/christopher/Mobile-Robots-2026-1/install/xarm_sdk/cxx/include/xarm/wrapper/xarm_api.h
[16.792s] -- Installing: /home/christopher/Mobile-Robots-2026-1/install/xarm_sdk/cxx/include/xarm/wrapper/common
[16.792s] -- Installing: /home/christopher/Mobile-Robots-2026-1/install/xarm_sdk/cxx/include/xarm/wrapper/common/timer.h
[16.792s] -- Installing: /home/christopher/Mobile-Robots-2026-1/install/xarm_sdk/cxx/include/xarm/wrapper/common/utils.h
[16.792s] -- Installing: /home/christopher/Mobile-Robots-2026-1/install/xarm_sdk/lib/libxarm_cxx_sdk.so
[16.797s] -- Installing: /home/christopher/Mobile-Robots-2026-1/install/xarm_sdk/share/ament_index/resource_index/package_run_dependencies/xarm_sdk
[16.797s] -- Installing: /home/christopher/Mobile-Robots-2026-1/install/xarm_sdk/share/ament_index/resource_index/parent_prefix_path/xarm_sdk
[16.797s] -- Installing: /home/christopher/Mobile-Robots-2026-1/install/xarm_sdk/share/xarm_sdk/environment/ament_prefix_path.sh
[16.799s] -- Installing: /home/christopher/Mobile-Robots-2026-1/install/xarm_sdk/share/xarm_sdk/environment/ament_prefix_path.dsv
[16.799s] -- Installing: /home/christopher/Mobile-Robots-2026-1/install/xarm_sdk/share/xarm_sdk/environment/path.sh
[16.799s] -- Installing: /home/christopher/Mobile-Robots-2026-1/install/xarm_sdk/share/xarm_sdk/environment/path.dsv
[16.800s] -- Installing: /home/christopher/Mobile-Robots-2026-1/install/xarm_sdk/share/xarm_sdk/local_setup.bash
[16.800s] -- Installing: /home/christopher/Mobile-Robots-2026-1/install/xarm_sdk/share/xarm_sdk/local_setup.sh
[16.800s] -- Installing: /home/christopher/Mobile-Robots-2026-1/install/xarm_sdk/share/xarm_sdk/local_setup.zsh
[16.800s] -- Installing: /home/christopher/Mobile-Robots-2026-1/install/xarm_sdk/share/xarm_sdk/local_setup.dsv
[16.801s] -- Installing: /home/christopher/Mobile-Robots-2026-1/install/xarm_sdk/share/xarm_sdk/package.dsv
[16.802s] -- Installing: /home/christopher/Mobile-Robots-2026-1/install/xarm_sdk/share/ament_index/resource_index/packages/xarm_sdk
[16.802s] -- Installing: /home/christopher/Mobile-Robots-2026-1/install/xarm_sdk/share/xarm_sdk/cmake/ament_cmake_export_libraries-extras.cmake
[16.807s] -- Installing: /home/christopher/Mobile-Robots-2026-1/install/xarm_sdk/share/xarm_sdk/cmake/ament_cmake_export_include_directories-extras.cmake
[16.807s] -- Installing: /home/christopher/Mobile-Robots-2026-1/install/xarm_sdk/share/xarm_sdk/cmake/xarm_sdkConfig.cmake
[16.807s] -- Installing: /home/christopher/Mobile-Robots-2026-1/install/xarm_sdk/share/xarm_sdk/cmake/xarm_sdkConfig-version.cmake
[16.807s] -- Installing: /home/christopher/Mobile-Robots-2026-1/install/xarm_sdk/share/xarm_sdk/package.xml
[16.807s] Invoked command in '/home/christopher/Mobile-Robots-2026-1/build/xarm_sdk' returned '0': CMAKE_PREFIX_PATH=${CMAKE_PREFIX_PATH}:/opt/ros/jazzy DEBUGINFOD_URLS=https://debuginfod.ubuntu.com /usr/bin/cmake --install /home/christopher/Mobile-Robots-2026-1/build/xarm_sdk
