[0.013s] Invoking command in '/home/christopher/Mobile-Robots-2026-1/build/xarm_api': AMENT_PREFIX_PATH=/home/christopher/Mobile-Robots-2026-1/install/xarm_sdk:/home/christopher/Mobile-Robots-2026-1/install/xarm_msgs:/home/christopher/Mobile-Robots-2026-1/install/xarm_description:${AMENT_PREFIX_PATH} CMAKE_PREFIX_PATH=/home/christopher/Mobile-Robots-2026-1/install/xarm_sdk:/home/christopher/Mobile-Robots-2026-1/install/xarm_msgs:/home/christopher/Mobile-Robots-2026-1/install/xarm_description:/opt/ros/jazzy/opt/gz_sim_vendor:/opt/ros/jazzy/opt/gz_sensors_vendor:/opt/ros/jazzy/opt/gz_physics_vendor:/opt/ros/jazzy/opt/sdformat_vendor:/opt/ros/jazzy/opt/gz_gui_vendor:/opt/ros/jazzy/opt/gz_transport_vendor:/opt/ros/jazzy/opt/gz_rendering_vendor:/opt/ros/jazzy/opt/gz_plugin_vendor:/opt/ros/jazzy/opt/gz_fuel_tools_vendor:/opt/ros/jazzy/opt/gz_msgs_vendor:/opt/ros/jazzy/opt/gz_common_vendor:/opt/ros/jazzy/opt/gz_math_vendor:/opt/ros/jazzy/opt/gz_utils_vendor:/opt/ros/jazzy/opt/gz_tools_vendor:/opt/ros/jazzy/opt/gz_ogre_next_vendor:/opt/ros/jazzy/opt/gz_dartsim_vendor:/opt/ros/jazzy/opt/gz_cmake_vendor:/opt/ros/jazzy DEBUGINFOD_URLS=https://debuginfod.ubuntu.com LD_LIBRARY_PATH=/home/christopher/Mobile-Robots-2026-1/install/xarm_sdk/lib:/home/christopher/Mobile-Robots-2026-1/install/xarm_msgs/lib:${LD_LIBRARY_PATH} PYTHONPATH=/home/christopher/Mobile-Robots-2026-1/install/xarm_msgs/lib/python3.12/site-packages:${PYTHONPATH} /usr/bin/cmake /home/christopher/Mobile-Robots-2026-1/ros2_ws/src/hardware/xarm_ros2/xarm_api -DCMAKE_INSTALL_PREFIX=/home/christopher/Mobile-Robots-2026-1/install/xarm_api
[0.062s] -- The C compiler identification is GNU 13.3.0
[0.110s] -- The CXX compiler identification is GNU 13.3.0
[0.127s] -- Detecting C compiler ABI info
[0.209s] -- Detecting C compiler ABI info - done
[0.216s] -- Check for working C compiler: /usr/bin/cc - skipped
[0.216s] -- Detecting C compile features
[0.216s] -- Detecting C compile features - done
[0.224s] -- Detecting CXX compiler ABI info
[0.315s] -- Detecting CXX compiler ABI info - done
[0.322s] -- Check for working CXX compiler: /usr/bin/c++ - skipped
[0.322s] -- Detecting CXX compile features
[0.323s] -- Detecting CXX compile features - done
[0.327s] -- Found ament_cmake: 2.5.4 (/opt/ros/jazzy/share/ament_cmake/cmake)
[0.456s] -- Found Python3: /usr/bin/python3 (found version "3.12.3") found components: Interpreter 
[0.568s] -- Found ament_lint_auto: 0.17.3 (/opt/ros/jazzy/share/ament_lint_auto/cmake)
[0.676s] -- Found rclcpp: 28.1.11 (/opt/ros/jazzy/share/rclcpp/cmake)
[0.729s] -- Found rosidl_generator_c: 4.6.6 (/opt/ros/jazzy/share/rosidl_generator_c/cmake)
[0.748s] -- Found rosidl_generator_cpp: 4.6.6 (/opt/ros/jazzy/share/rosidl_generator_cpp/cmake)
[0.767s] -- Using all available rosidl_typesupport_c: rosidl_typesupport_fastrtps_c;rosidl_typesupport_introspection_c
[0.787s] -- Using all available rosidl_typesupport_cpp: rosidl_typesupport_fastrtps_cpp;rosidl_typesupport_introspection_cpp
[0.872s] -- Found rmw_implementation_cmake: 7.3.2 (/opt/ros/jazzy/share/rmw_implementation_cmake/cmake)
[0.876s] -- Found rmw_fastrtps_cpp: 8.4.3 (/opt/ros/jazzy/share/rmw_fastrtps_cpp/cmake)
[0.966s] -- Found OpenSSL: /usr/lib/x86_64-linux-gnu/libcrypto.so (found version "3.0.13")  
[0.983s] -- Found FastRTPS: /opt/ros/jazzy/include (Required is at least version "2.13") 
[1.004s] -- Using RMW implementation 'rmw_fastrtps_cpp' as default
[1.079s] -- Found rclcpp_action: 28.1.11 (/opt/ros/jazzy/share/rclcpp_action/cmake)
[1.125s] -- Found std_msgs: 5.3.6 (/opt/ros/jazzy/share/std_msgs/cmake)
[1.139s] -- Found sensor_msgs: 5.3.6 (/opt/ros/jazzy/share/sensor_msgs/cmake)
[1.184s] -- Found control_msgs: 5.5.0 (/opt/ros/jazzy/share/control_msgs/cmake)
[1.244s] -- Found xarm_msgs: 0.0.0 (/home/christopher/Mobile-Robots-2026-1/install/xarm_msgs/share/xarm_msgs/cmake)
[1.297s] -- Found xarm_sdk: 0.0.0 (/home/christopher/Mobile-Robots-2026-1/install/xarm_sdk/share/xarm_sdk/cmake)
[1.313s] -- Added test 'copyright' to check source files copyright and LICENSE
[1.316s] -- Added test 'cppcheck' to perform static code analysis on C / C++ code
[1.316s] -- Configured cppcheck include dirs: /home/christopher/Mobile-Robots-2026-1/ros2_ws/src/hardware/xarm_ros2/xarm_api/include
[1.316s] -- Configured cppcheck exclude dirs and/or files: 
[1.318s] -- Added test 'cpplint' to check C / C++ code against the Google style
[1.318s] -- Configured cpplint exclude dirs and/or files: 
[1.319s] -- Added test 'flake8' to check Python code syntax and style conventions
[1.319s] -- Configured 'flake8' exclude dirs and/or files: 
[1.320s] -- Added test 'lint_cmake' to check CMake code style
[1.321s] -- Added test 'pep257' to check Python code against some of the docstring style conventions in PEP 257
[1.323s] -- Added test 'uncrustify' to check C / C++ code style
[1.323s] -- Configured uncrustify additional arguments: 
[1.324s] -- Added test 'xmllint' to check XML markup files
[1.326s] -- Configuring done (1.3s)
[1.362s] -- Generating done (0.0s)
[1.371s] -- Build files have been written to: /home/christopher/Mobile-Robots-2026-1/build/xarm_api
[1.380s] Invoked command in '/home/christopher/Mobile-Robots-2026-1/build/xarm_api' returned '0': AMENT_PREFIX_PATH=/home/christopher/Mobile-Robots-2026-1/install/xarm_sdk:/home/christopher/Mobile-Robots-2026-1/install/xarm_msgs:/home/christopher/Mobile-Robots-2026-1/install/xarm_description:${AMENT_PREFIX_PATH} CMAKE_PREFIX_PATH=/home/christopher/Mobile-Robots-2026-1/install/xarm_sdk:/home/christopher/Mobile-Robots-2026-1/install/xarm_msgs:/home/christopher/Mobile-Robots-2026-1/install/xarm_description:/opt/ros/jazzy/opt/gz_sim_vendor:/opt/ros/jazzy/opt/gz_sensors_vendor:/opt/ros/jazzy/opt/gz_physics_vendor:/opt/ros/jazzy/opt/sdformat_vendor:/opt/ros/jazzy/opt/gz_gui_vendor:/opt/ros/jazzy/opt/gz_transport_vendor:/opt/ros/jazzy/opt/gz_rendering_vendor:/opt/ros/jazzy/opt/gz_plugin_vendor:/opt/ros/jazzy/opt/gz_fuel_tools_vendor:/opt/ros/jazzy/opt/gz_msgs_vendor:/opt/ros/jazzy/opt/gz_common_vendor:/opt/ros/jazzy/opt/gz_math_vendor:/opt/ros/jazzy/opt/gz_utils_vendor:/opt/ros/jazzy/opt/gz_tools_vendor:/opt/ros/jazzy/opt/gz_ogre_next_vendor:/opt/ros/jazzy/opt/gz_dartsim_vendor:/opt/ros/jazzy/opt/gz_cmake_vendor:/opt/ros/jazzy DEBUGINFOD_URLS=https://debuginfod.ubuntu.com LD_LIBRARY_PATH=/home/christopher/Mobile-Robots-2026-1/install/xarm_sdk/lib:/home/christopher/Mobile-Robots-2026-1/install/xarm_msgs/lib:${LD_LIBRARY_PATH} PYTHONPATH=/home/christopher/Mobile-Robots-2026-1/install/xarm_msgs/lib/python3.12/site-packages:${PYTHONPATH} /usr/bin/cmake /home/christopher/Mobile-Robots-2026-1/ros2_ws/src/hardware/xarm_ros2/xarm_api -DCMAKE_INSTALL_PREFIX=/home/christopher/Mobile-Robots-2026-1/install/xarm_api
[1.381s] Invoking command in '/home/christopher/Mobile-Robots-2026-1/build/xarm_api': AMENT_PREFIX_PATH=/home/christopher/Mobile-Robots-2026-1/install/xarm_sdk:/home/christopher/Mobile-Robots-2026-1/install/xarm_msgs:/home/christopher/Mobile-Robots-2026-1/install/xarm_description:${AMENT_PREFIX_PATH} CMAKE_PREFIX_PATH=/home/christopher/Mobile-Robots-2026-1/install/xarm_sdk:/home/christopher/Mobile-Robots-2026-1/install/xarm_msgs:/home/christopher/Mobile-Robots-2026-1/install/xarm_description:/opt/ros/jazzy/opt/gz_sim_vendor:/opt/ros/jazzy/opt/gz_sensors_vendor:/opt/ros/jazzy/opt/gz_physics_vendor:/opt/ros/jazzy/opt/sdformat_vendor:/opt/ros/jazzy/opt/gz_gui_vendor:/opt/ros/jazzy/opt/gz_transport_vendor:/opt/ros/jazzy/opt/gz_rendering_vendor:/opt/ros/jazzy/opt/gz_plugin_vendor:/opt/ros/jazzy/opt/gz_fuel_tools_vendor:/opt/ros/jazzy/opt/gz_msgs_vendor:/opt/ros/jazzy/opt/gz_common_vendor:/opt/ros/jazzy/opt/gz_math_vendor:/opt/ros/jazzy/opt/gz_utils_vendor:/opt/ros/jazzy/opt/gz_tools_vendor:/opt/ros/jazzy/opt/gz_ogre_next_vendor:/opt/ros/jazzy/opt/gz_dartsim_vendor:/opt/ros/jazzy/opt/gz_cmake_vendor:/opt/ros/jazzy DEBUGINFOD_URLS=https://debuginfod.ubuntu.com LD_LIBRARY_PATH=/home/christopher/Mobile-Robots-2026-1/install/xarm_sdk/lib:/home/christopher/Mobile-Robots-2026-1/install/xarm_msgs/lib:${LD_LIBRARY_PATH} PYTHONPATH=/home/christopher/Mobile-Robots-2026-1/install/xarm_msgs/lib/python3.12/site-packages:${PYTHONPATH} /usr/bin/cmake --build /home/christopher/Mobile-Robots-2026-1/build/xarm_api -- -j2 -l2
[1.434s] [ 15%] [32mBuilding CXX object CMakeFiles/xarm_ros_client.dir/src/xarm_ros_client.cpp.o[0m
[1.434s] [ 15%] [32mBuilding CXX object CMakeFiles/xarm_ros_driver.dir/src/xarm_driver.cpp.o[0m
[13.604s] [ 23%] [32mBuilding CXX object CMakeFiles/xarm_ros_driver.dir/src/xarm_driver_service.cpp.o[0m
[26.067s] [ 30%] [32m[1mLinking CXX shared library libxarm_ros_client.so[0m
[26.936s] [ 30%] Built target xarm_ros_client
[26.957s] [ 38%] [32mBuilding CXX object CMakeFiles/test_robot_states.dir/test/test_robot_states.cpp.o[0m
[40.360s] [ 46%] [32m[1mLinking CXX executable test_robot_states[0m
[40.946s] [ 46%] Built target test_robot_states
[40.967s] [ 53%] [32mBuilding CXX object CMakeFiles/test_xarm_ros_client.dir/test/test_xarm_ros_client.cpp.o[0m
[46.725s] [ 61%] [32m[1mLinking CXX executable test_xarm_ros_client[0m
[47.192s] [ 61%] Built target test_xarm_ros_client
[48.211s] [ 69%] [32m[1mLinking CXX shared library libxarm_ros_driver.so[0m
[49.759s] [ 69%] Built target xarm_ros_driver
[49.786s] [ 76%] [32mBuilding CXX object CMakeFiles/test_xarm_velo_move.dir/test/test_xarm_velo_move.cpp.o[0m
[54.327s] [ 84%] [32m[1mLinking CXX executable test_xarm_velo_move[0m
[54.699s] [ 84%] Built target test_xarm_velo_move
[54.719s] [ 92%] [32mBuilding CXX object CMakeFiles/xarm_driver_node.dir/src/xarm_driver_node.cpp.o[0m
[59.812s] [100%] [32m[1mLinking CXX executable xarm_driver_node[0m
[60.466s] [100%] Built target xarm_driver_node
[60.478s] Invoked command in '/home/christopher/Mobile-Robots-2026-1/build/xarm_api' returned '0': AMENT_PREFIX_PATH=/home/christopher/Mobile-Robots-2026-1/install/xarm_sdk:/home/christopher/Mobile-Robots-2026-1/install/xarm_msgs:/home/christopher/Mobile-Robots-2026-1/install/xarm_description:${AMENT_PREFIX_PATH} CMAKE_PREFIX_PATH=/home/christopher/Mobile-Robots-2026-1/install/xarm_sdk:/home/christopher/Mobile-Robots-2026-1/install/xarm_msgs:/home/christopher/Mobile-Robots-2026-1/install/xarm_description:/opt/ros/jazzy/opt/gz_sim_vendor:/opt/ros/jazzy/opt/gz_sensors_vendor:/opt/ros/jazzy/opt/gz_physics_vendor:/opt/ros/jazzy/opt/sdformat_vendor:/opt/ros/jazzy/opt/gz_gui_vendor:/opt/ros/jazzy/opt/gz_transport_vendor:/opt/ros/jazzy/opt/gz_rendering_vendor:/opt/ros/jazzy/opt/gz_plugin_vendor:/opt/ros/jazzy/opt/gz_fuel_tools_vendor:/opt/ros/jazzy/opt/gz_msgs_vendor:/opt/ros/jazzy/opt/gz_common_vendor:/opt/ros/jazzy/opt/gz_math_vendor:/opt/ros/jazzy/opt/gz_utils_vendor:/opt/ros/jazzy/opt/gz_tools_vendor:/opt/ros/jazzy/opt/gz_ogre_next_vendor:/opt/ros/jazzy/opt/gz_dartsim_vendor:/opt/ros/jazzy/opt/gz_cmake_vendor:/opt/ros/jazzy DEBUGINFOD_URLS=https://debuginfod.ubuntu.com LD_LIBRARY_PATH=/home/christopher/Mobile-Robots-2026-1/install/xarm_sdk/lib:/home/christopher/Mobile-Robots-2026-1/install/xarm_msgs/lib:${LD_LIBRARY_PATH} PYTHONPATH=/home/christopher/Mobile-Robots-2026-1/install/xarm_msgs/lib/python3.12/site-packages:${PYTHONPATH} /usr/bin/cmake --build /home/christopher/Mobile-Robots-2026-1/build/xarm_api -- -j2 -l2
[60.479s] Invoking command in '/home/christopher/Mobile-Robots-2026-1/build/xarm_api': AMENT_PREFIX_PATH=/home/christopher/Mobile-Robots-2026-1/install/xarm_sdk:/home/christopher/Mobile-Robots-2026-1/install/xarm_msgs:/home/christopher/Mobile-Robots-2026-1/install/xarm_description:${AMENT_PREFIX_PATH} CMAKE_PREFIX_PATH=/home/christopher/Mobile-Robots-2026-1/install/xarm_sdk:/home/christopher/Mobile-Robots-2026-1/install/xarm_msgs:/home/christopher/Mobile-Robots-2026-1/install/xarm_description:/opt/ros/jazzy/opt/gz_sim_vendor:/opt/ros/jazzy/opt/gz_sensors_vendor:/opt/ros/jazzy/opt/gz_physics_vendor:/opt/ros/jazzy/opt/sdformat_vendor:/opt/ros/jazzy/opt/gz_gui_vendor:/opt/ros/jazzy/opt/gz_transport_vendor:/opt/ros/jazzy/opt/gz_rendering_vendor:/opt/ros/jazzy/opt/gz_plugin_vendor:/opt/ros/jazzy/opt/gz_fuel_tools_vendor:/opt/ros/jazzy/opt/gz_msgs_vendor:/opt/ros/jazzy/opt/gz_common_vendor:/opt/ros/jazzy/opt/gz_math_vendor:/opt/ros/jazzy/opt/gz_utils_vendor:/opt/ros/jazzy/opt/gz_tools_vendor:/opt/ros/jazzy/opt/gz_ogre_next_vendor:/opt/ros/jazzy/opt/gz_dartsim_vendor:/opt/ros/jazzy/opt/gz_cmake_vendor:/opt/ros/jazzy DEBUGINFOD_URLS=https://debuginfod.ubuntu.com LD_LIBRARY_PATH=/home/christopher/Mobile-Robots-2026-1/install/xarm_sdk/lib:/home/christopher/Mobile-Robots-2026-1/install/xarm_msgs/lib:${LD_LIBRARY_PATH} PYTHONPATH=/home/christopher/Mobile-Robots-2026-1/install/xarm_msgs/lib/python3.12/site-packages:${PYTHONPATH} /usr/bin/cmake --install /home/christopher/Mobile-Robots-2026-1/build/xarm_api
[60.486s] -- Install configuration: ""
[60.487s] -- Installing: /home/christopher/Mobile-Robots-2026-1/install/xarm_api/share/xarm_api/environment/library_path.sh
[60.487s] -- Installing: /home/christopher/Mobile-Robots-2026-1/install/xarm_api/share/xarm_api/environment/library_path.dsv
[60.487s] -- Installing: /home/christopher/Mobile-Robots-2026-1/install/xarm_api/include
[60.487s] -- Installing: /home/christopher/Mobile-Robots-2026-1/install/xarm_api/include/xarm_api
[60.487s] -- Installing: /home/christopher/Mobile-Robots-2026-1/install/xarm_api/include/xarm_api/xarm_msgs.h
[60.487s] -- Installing: /home/christopher/Mobile-Robots-2026-1/install/xarm_api/include/xarm_api/xarm_driver.h
[60.488s] -- Installing: /home/christopher/Mobile-Robots-2026-1/install/xarm_api/include/xarm_api/visibility_control.h
[60.488s] -- Installing: /home/christopher/Mobile-Robots-2026-1/install/xarm_api/include/xarm_api/xarm_ros_client.h
[60.488s] -- Installing: /home/christopher/Mobile-Robots-2026-1/install/xarm_api/lib/libxarm_ros_driver.so
[60.524s] -- Set non-toolchain portion of runtime path of "/home/christopher/Mobile-Robots-2026-1/install/xarm_api/lib/libxarm_ros_driver.so" to ""
[60.524s] -- Installing: /home/christopher/Mobile-Robots-2026-1/install/xarm_api/lib/libxarm_ros_client.so
[60.546s] -- Set non-toolchain portion of runtime path of "/home/christopher/Mobile-Robots-2026-1/install/xarm_api/lib/libxarm_ros_client.so" to ""
[60.546s] -- Installing: /home/christopher/Mobile-Robots-2026-1/install/xarm_api/lib/xarm_api/xarm_driver_node
[60.547s] -- Set non-toolchain portion of runtime path of "/home/christopher/Mobile-Robots-2026-1/install/xarm_api/lib/xarm_api/xarm_driver_node" to ""
[60.547s] -- Installing: /home/christopher/Mobile-Robots-2026-1/install/xarm_api/lib/xarm_api/test_xarm_ros_client
[60.547s] -- Set non-toolchain portion of runtime path of "/home/christopher/Mobile-Robots-2026-1/install/xarm_api/lib/xarm_api/test_xarm_ros_client" to ""
[60.547s] -- Installing: /home/christopher/Mobile-Robots-2026-1/install/xarm_api/lib/xarm_api/test_xarm_velo_move
[60.548s] -- Set non-toolchain portion of runtime path of "/home/christopher/Mobile-Robots-2026-1/install/xarm_api/lib/xarm_api/test_xarm_velo_move" to ""
[60.548s] -- Installing: /home/christopher/Mobile-Robots-2026-1/install/xarm_api/lib/xarm_api/test_robot_states
[60.558s] -- Set non-toolchain portion of runtime path of "/home/christopher/Mobile-Robots-2026-1/install/xarm_api/lib/xarm_api/test_robot_states" to ""
[60.558s] -- Installing: /home/christopher/Mobile-Robots-2026-1/install/xarm_api/share/xarm_api//launch
[60.558s] -- Installing: /home/christopher/Mobile-Robots-2026-1/install/xarm_api/share/xarm_api//launch/uf850_driver.launch.py
[60.558s] -- Installing: /home/christopher/Mobile-Robots-2026-1/install/xarm_api/share/xarm_api//launch/lite6_driver.launch.py
[60.559s] -- Installing: /home/christopher/Mobile-Robots-2026-1/install/xarm_api/share/xarm_api//launch/_robot_driver.launch.py
[60.559s] -- Installing: /home/christopher/Mobile-Robots-2026-1/install/xarm_api/share/xarm_api//launch/xarm6_driver.launch.py
[60.559s] -- Installing: /home/christopher/Mobile-Robots-2026-1/install/xarm_api/share/xarm_api//launch/lib
[60.559s] -- Installing: /home/christopher/Mobile-Robots-2026-1/install/xarm_api/share/xarm_api//launch/lib/robot_api_lib.py
[60.560s] -- Installing: /home/christopher/Mobile-Robots-2026-1/install/xarm_api/share/xarm_api//launch/xarm7_driver.launch.py
[60.560s] -- Installing: /home/christopher/Mobile-Robots-2026-1/install/xarm_api/share/xarm_api//launch/xarm5_driver.launch.py
[60.560s] -- Installing: /home/christopher/Mobile-Robots-2026-1/install/xarm_api/share/xarm_api//config
[60.560s] -- Installing: /home/christopher/Mobile-Robots-2026-1/install/xarm_api/share/xarm_api//config/xarm_params.yaml
[60.562s] -- Installing: /home/christopher/Mobile-Robots-2026-1/install/xarm_api/share/ament_index/resource_index/package_run_dependencies/xarm_api
[60.562s] -- Installing: /home/christopher/Mobile-Robots-2026-1/install/xarm_api/share/ament_index/resource_index/parent_prefix_path/xarm_api
[60.562s] -- Installing: /home/christopher/Mobile-Robots-2026-1/install/xarm_api/share/xarm_api/environment/ament_prefix_path.sh
[60.562s] -- Installing: /home/christopher/Mobile-Robots-2026-1/install/xarm_api/share/xarm_api/environment/ament_prefix_path.dsv
[60.562s] -- Installing: /home/christopher/Mobile-Robots-2026-1/install/xarm_api/share/xarm_api/environment/path.sh
[60.562s] -- Installing: /home/christopher/Mobile-Robots-2026-1/install/xarm_api/share/xarm_api/environment/path.dsv
[60.562s] -- Installing: /home/christopher/Mobile-Robots-2026-1/install/xarm_api/share/xarm_api/local_setup.bash
[60.562s] -- Installing: /home/christopher/Mobile-Robots-2026-1/install/xarm_api/share/xarm_api/local_setup.sh
[60.562s] -- Installing: /home/christopher/Mobile-Robots-2026-1/install/xarm_api/share/xarm_api/local_setup.zsh
[60.562s] -- Installing: /home/christopher/Mobile-Robots-2026-1/install/xarm_api/share/xarm_api/local_setup.dsv
[60.563s] -- Installing: /home/christopher/Mobile-Robots-2026-1/install/xarm_api/share/xarm_api/package.dsv
[60.563s] -- Installing: /home/christopher/Mobile-Robots-2026-1/install/xarm_api/share/ament_index/resource_index/packages/xarm_api
[60.563s] -- Installing: /home/christopher/Mobile-Robots-2026-1/install/xarm_api/share/xarm_api/cmake/ament_cmake_export_libraries-extras.cmake
[60.563s] -- Installing: /home/christopher/Mobile-Robots-2026-1/install/xarm_api/share/xarm_api/cmake/ament_cmake_export_include_directories-extras.cmake
[60.563s] -- Installing: /home/christopher/Mobile-Robots-2026-1/install/xarm_api/share/xarm_api/cmake/xarm_apiConfig.cmake
[60.563s] -- Installing: /home/christopher/Mobile-Robots-2026-1/install/xarm_api/share/xarm_api/cmake/xarm_apiConfig-version.cmake
[60.564s] -- Installing: /home/christopher/Mobile-Robots-2026-1/install/xarm_api/share/xarm_api/package.xml
[60.566s] Invoked command in '/home/christopher/Mobile-Robots-2026-1/build/xarm_api' returned '0': AMENT_PREFIX_PATH=/home/christopher/Mobile-Robots-2026-1/install/xarm_sdk:/home/christopher/Mobile-Robots-2026-1/install/xarm_msgs:/home/christopher/Mobile-Robots-2026-1/install/xarm_description:${AMENT_PREFIX_PATH} CMAKE_PREFIX_PATH=/home/christopher/Mobile-Robots-2026-1/install/xarm_sdk:/home/christopher/Mobile-Robots-2026-1/install/xarm_msgs:/home/christopher/Mobile-Robots-2026-1/install/xarm_description:/opt/ros/jazzy/opt/gz_sim_vendor:/opt/ros/jazzy/opt/gz_sensors_vendor:/opt/ros/jazzy/opt/gz_physics_vendor:/opt/ros/jazzy/opt/sdformat_vendor:/opt/ros/jazzy/opt/gz_gui_vendor:/opt/ros/jazzy/opt/gz_transport_vendor:/opt/ros/jazzy/opt/gz_rendering_vendor:/opt/ros/jazzy/opt/gz_plugin_vendor:/opt/ros/jazzy/opt/gz_fuel_tools_vendor:/opt/ros/jazzy/opt/gz_msgs_vendor:/opt/ros/jazzy/opt/gz_common_vendor:/opt/ros/jazzy/opt/gz_math_vendor:/opt/ros/jazzy/opt/gz_utils_vendor:/opt/ros/jazzy/opt/gz_tools_vendor:/opt/ros/jazzy/opt/gz_ogre_next_vendor:/opt/ros/jazzy/opt/gz_dartsim_vendor:/opt/ros/jazzy/opt/gz_cmake_vendor:/opt/ros/jazzy DEBUGINFOD_URLS=https://debuginfod.ubuntu.com LD_LIBRARY_PATH=/home/christopher/Mobile-Robots-2026-1/install/xarm_sdk/lib:/home/christopher/Mobile-Robots-2026-1/install/xarm_msgs/lib:${LD_LIBRARY_PATH} PYTHONPATH=/home/christopher/Mobile-Robots-2026-1/install/xarm_msgs/lib/python3.12/site-packages:${PYTHONPATH} /usr/bin/cmake --install /home/christopher/Mobile-Robots-2026-1/build/xarm_api
