[0.006s] Invoking command in '/home/christopher/Mobile-Robots-2026-1/build/xarm_sdk': CMAKE_PREFIX_PATH=${CMAKE_PREFIX_PATH}:/home/christopher/Mobile-Robots-2026-1/install/uf_ros_lib:/home/christopher/Mobile-Robots-2026-1/install/simple_move:/opt/ros/jazzy DEBUGINFOD_URLS=https://debuginfod.ubuntu.com /usr/bin/cmake --build /home/christopher/Mobile-Robots-2026-1/build/xarm_sdk -- -j2 -l2
[0.118s] [100%] Built target xarm_cxx_sdk
[0.140s] Invoked command in '/home/christopher/Mobile-Robots-2026-1/build/xarm_sdk' returned '0': CMAKE_PREFIX_PATH=${CMAKE_PREFIX_PATH}:/home/christopher/Mobile-Robots-2026-1/install/uf_ros_lib:/home/christopher/Mobile-Robots-2026-1/install/simple_move:/opt/ros/jazzy DEBUGINFOD_URLS=https://debuginfod.ubuntu.com /usr/bin/cmake --build /home/christopher/Mobile-Robots-2026-1/build/xarm_sdk -- -j2 -l2
[0.141s] Invoking command in '/home/christopher/Mobile-Robots-2026-1/build/xarm_sdk': CMAKE_PREFIX_PATH=${CMAKE_PREFIX_PATH}:/home/christopher/Mobile-Robots-2026-1/install/uf_ros_lib:/home/christopher/Mobile-Robots-2026-1/install/simple_move:/opt/ros/jazzy DEBUGINFOD_URLS=https://debuginfod.ubuntu.com /usr/bin/cmake --install /home/christopher/Mobile-Robots-2026-1/build/xarm_sdk
[0.157s] -- Install configuration: ""
[0.157s] -- Up-to-date: /home/christopher/Mobile-Robots-2026-1/install/xarm_sdk/share/xarm_sdk/environment/library_path.sh
[0.158s] -- Up-to-date: /home/christopher/Mobile-Robots-2026-1/install/xarm_sdk/share/xarm_sdk/environment/library_path.dsv
[0.161s] -- Up-to-date: /home/christopher/Mobile-Robots-2026-1/install/xarm_sdk/cxx/include
[0.164s] -- Up-to-date: /home/christopher/Mobile-Robots-2026-1/install/xarm_sdk/cxx/include/serial
[0.164s] -- Up-to-date: /home/christopher/Mobile-Robots-2026-1/install/xarm_sdk/cxx/include/serial/serial.h
[0.164s] -- Up-to-date: /home/christopher/Mobile-Robots-2026-1/install/xarm_sdk/cxx/include/serial/v8stdint.h
[0.164s] -- Up-to-date: /home/christopher/Mobile-Robots-2026-1/install/xarm_sdk/cxx/include/serial/impl
[0.164s] -- Up-to-date: /home/christopher/Mobile-Robots-2026-1/install/xarm_sdk/cxx/include/serial/impl/unix.h
[0.164s] -- Up-to-date: /home/christopher/Mobile-Robots-2026-1/install/xarm_sdk/cxx/include/serial/impl/win.h
[0.164s] -- Up-to-date: /home/christopher/Mobile-Robots-2026-1/install/xarm_sdk/cxx/include/xarm
[0.164s] -- Up-to-date: /home/christopher/Mobile-Robots-2026-1/install/xarm_sdk/cxx/include/xarm/core
[0.164s] -- Up-to-date: /home/christopher/Mobile-Robots-2026-1/install/xarm_sdk/cxx/include/xarm/core/os
[0.164s] -- Up-to-date: /home/christopher/Mobile-Robots-2026-1/install/xarm_sdk/cxx/include/xarm/core/os/network.h
[0.164s] -- Up-to-date: /home/christopher/Mobile-Robots-2026-1/install/xarm_sdk/cxx/include/xarm/core/os/bak
[0.164s] -- Up-to-date: /home/christopher/Mobile-Robots-2026-1/install/xarm_sdk/cxx/include/xarm/core/os/bak/thread.h
[0.164s] -- Up-to-date: /home/christopher/Mobile-Robots-2026-1/install/xarm_sdk/cxx/include/xarm/core/instruction
[0.164s] -- Up-to-date: /home/christopher/Mobile-Robots-2026-1/install/xarm_sdk/cxx/include/xarm/core/instruction/servo3_config.h
[0.164s] -- Up-to-date: /home/christopher/Mobile-Robots-2026-1/install/xarm_sdk/cxx/include/xarm/core/instruction/uxbus_cmd.h
[0.164s] -- Up-to-date: /home/christopher/Mobile-Robots-2026-1/install/xarm_sdk/cxx/include/xarm/core/instruction/uxbus_cmd_config.h
[0.164s] -- Up-to-date: /home/christopher/Mobile-Robots-2026-1/install/xarm_sdk/cxx/include/xarm/core/instruction/uxbus_cmd_ser.h
[0.165s] -- Up-to-date: /home/christopher/Mobile-Robots-2026-1/install/xarm_sdk/cxx/include/xarm/core/instruction/uxbus_cmd_tcp.h
[0.165s] -- Up-to-date: /home/christopher/Mobile-Robots-2026-1/install/xarm_sdk/cxx/include/xarm/core/port
[0.165s] -- Up-to-date: /home/christopher/Mobile-Robots-2026-1/install/xarm_sdk/cxx/include/xarm/core/port/ser.h
[0.165s] -- Up-to-date: /home/christopher/Mobile-Robots-2026-1/install/xarm_sdk/cxx/include/xarm/core/port/socket.h
[0.165s] -- Up-to-date: /home/christopher/Mobile-Robots-2026-1/install/xarm_sdk/cxx/include/xarm/core/report_data.h
[0.165s] -- Up-to-date: /home/christopher/Mobile-Robots-2026-1/install/xarm_sdk/cxx/include/xarm/core/connect.h
[0.165s] -- Up-to-date: /home/christopher/Mobile-Robots-2026-1/install/xarm_sdk/cxx/include/xarm/core/xarm_config.h
[0.165s] -- Up-to-date: /home/christopher/Mobile-Robots-2026-1/install/xarm_sdk/cxx/include/xarm/core/debug
[0.165s] -- Up-to-date: /home/christopher/Mobile-Robots-2026-1/install/xarm_sdk/cxx/include/xarm/core/debug/debug_print.h
[0.165s] -- Up-to-date: /home/christopher/Mobile-Robots-2026-1/install/xarm_sdk/cxx/include/xarm/core/common
[0.165s] -- Up-to-date: /home/christopher/Mobile-Robots-2026-1/install/xarm_sdk/cxx/include/xarm/core/common/queue_memcpy.h
[0.165s] -- Up-to-date: /home/christopher/Mobile-Robots-2026-1/install/xarm_sdk/cxx/include/xarm/core/common/data_type.h
[0.165s] -- Up-to-date: /home/christopher/Mobile-Robots-2026-1/install/xarm_sdk/cxx/include/xarm/core/common/crc16.h
[0.165s] -- Up-to-date: /home/christopher/Mobile-Robots-2026-1/install/xarm_sdk/cxx/include/xarm/wrapper
[0.165s] -- Up-to-date: /home/christopher/Mobile-Robots-2026-1/install/xarm_sdk/cxx/include/xarm/wrapper/xarm_api.h
[0.165s] -- Up-to-date: /home/christopher/Mobile-Robots-2026-1/install/xarm_sdk/cxx/include/xarm/wrapper/common
[0.165s] -- Up-to-date: /home/christopher/Mobile-Robots-2026-1/install/xarm_sdk/cxx/include/xarm/wrapper/common/timer.h
[0.165s] -- Up-to-date: /home/christopher/Mobile-Robots-2026-1/install/xarm_sdk/cxx/include/xarm/wrapper/common/utils.h
[0.165s] -- Up-to-date: /home/christopher/Mobile-Robots-2026-1/install/xarm_sdk/lib/libxarm_cxx_sdk.so
[0.165s] -- Up-to-date: /home/christopher/Mobile-Robots-2026-1/install/xarm_sdk/share/ament_index/resource_index/package_run_dependencies/xarm_sdk
[0.165s] -- Up-to-date: /home/christopher/Mobile-Robots-2026-1/install/xarm_sdk/share/ament_index/resource_index/parent_prefix_path/xarm_sdk
[0.166s] -- Up-to-date: /home/christopher/Mobile-Robots-2026-1/install/xarm_sdk/share/xarm_sdk/environment/ament_prefix_path.sh
[0.167s] -- Up-to-date: /home/christopher/Mobile-Robots-2026-1/install/xarm_sdk/share/xarm_sdk/environment/ament_prefix_path.dsv
[0.167s] -- Up-to-date: /home/christopher/Mobile-Robots-2026-1/install/xarm_sdk/share/xarm_sdk/environment/path.sh
[0.167s] -- Up-to-date: /home/christopher/Mobile-Robots-2026-1/install/xarm_sdk/share/xarm_sdk/environment/path.dsv
[0.167s] -- Up-to-date: /home/christopher/Mobile-Robots-2026-1/install/xarm_sdk/share/xarm_sdk/local_setup.bash
[0.168s] -- Up-to-date: /home/christopher/Mobile-Robots-2026-1/install/xarm_sdk/share/xarm_sdk/local_setup.sh
[0.169s] -- Up-to-date: /home/christopher/Mobile-Robots-2026-1/install/xarm_sdk/share/xarm_sdk/local_setup.zsh
[0.171s] -- Up-to-date: /home/christopher/Mobile-Robots-2026-1/install/xarm_sdk/share/xarm_sdk/local_setup.dsv
[0.171s] -- Installing: /home/christopher/Mobile-Robots-2026-1/install/xarm_sdk/share/xarm_sdk/package.dsv
[0.171s] -- Up-to-date: /home/christopher/Mobile-Robots-2026-1/install/xarm_sdk/share/ament_index/resource_index/packages/xarm_sdk
[0.171s] -- Up-to-date: /home/christopher/Mobile-Robots-2026-1/install/xarm_sdk/share/xarm_sdk/cmake/ament_cmake_export_libraries-extras.cmake
[0.171s] -- Up-to-date: /home/christopher/Mobile-Robots-2026-1/install/xarm_sdk/share/xarm_sdk/cmake/ament_cmake_export_include_directories-extras.cmake
[0.171s] -- Up-to-date: /home/christopher/Mobile-Robots-2026-1/install/xarm_sdk/share/xarm_sdk/cmake/xarm_sdkConfig.cmake
[0.171s] -- Up-to-date: /home/christopher/Mobile-Robots-2026-1/install/xarm_sdk/share/xarm_sdk/cmake/xarm_sdkConfig-version.cmake
[0.171s] -- Up-to-date: /home/christopher/Mobile-Robots-2026-1/install/xarm_sdk/share/xarm_sdk/package.xml
[0.178s] Invoked command in '/home/christopher/Mobile-Robots-2026-1/build/xarm_sdk' returned '0': CMAKE_PREFIX_PATH=${CMAKE_PREFIX_PATH}:/home/christopher/Mobile-Robots-2026-1/install/uf_ros_lib:/home/christopher/Mobile-Robots-2026-1/install/simple_move:/opt/ros/jazzy DEBUGINFOD_URLS=https://debuginfod.ubuntu.com /usr/bin/cmake --install /home/christopher/Mobile-Robots-2026-1/build/xarm_sdk
