[  0%] Built target justina_gui_node_autogen_timestamp_deps
[  7%] Built target justina_gui_node_autogen
[100%] Built target justina_gui_node
-- Install configuration: ""
-- Up-to-date: /home/axel/Mobile-Robots-2026-1/install/justina_gui/lib/justina_gui/justina_gui_node
-- Up-to-date: /home/axel/Mobile-Robots-2026-1/install/justina_gui/share/ament_index/resource_index/package_run_dependencies/justina_gui
-- Up-to-date: /home/axel/Mobile-Robots-2026-1/install/justina_gui/share/ament_index/resource_index/parent_prefix_path/justina_gui
-- Up-to-date: /home/axel/Mobile-Robots-2026-1/install/justina_gui/share/justina_gui/environment/ament_prefix_path.sh
-- Up-to-date: /home/axel/Mobile-Robots-2026-1/install/justina_gui/share/justina_gui/environment/ament_prefix_path.dsv
-- Up-to-date: /home/axel/Mobile-Robots-2026-1/install/justina_gui/share/justina_gui/environment/path.sh
-- Up-to-date: /home/axel/Mobile-Robots-2026-1/install/justina_gui/share/justina_gui/environment/path.dsv
-- Up-to-date: /home/axel/Mobile-Robots-2026-1/install/justina_gui/share/justina_gui/local_setup.bash
-- Up-to-date: /home/axel/Mobile-Robots-2026-1/install/justina_gui/share/justina_gui/local_setup.sh
-- Up-to-date: /home/axel/Mobile-Robots-2026-1/install/justina_gui/share/justina_gui/local_setup.zsh
-- Up-to-date: /home/axel/Mobile-Robots-2026-1/install/justina_gui/share/justina_gui/local_setup.dsv
-- Installing: /home/axel/Mobile-Robots-2026-1/install/justina_gui/share/justina_gui/package.dsv
-- Up-to-date: /home/axel/Mobile-Robots-2026-1/install/justina_gui/share/ament_index/resource_index/packages/justina_gui
-- Up-to-date: /home/axel/Mobile-Robots-2026-1/install/justina_gui/share/justina_gui/cmake/justina_guiConfig.cmake
-- Up-to-date: /home/axel/Mobile-Robots-2026-1/install/justina_gui/share/justina_gui/cmake/justina_guiConfig-version.cmake
-- Up-to-date: /home/axel/Mobile-Robots-2026-1/install/justina_gui/share/justina_gui/package.xml
