[0.021s] Invoking command in '/home/axel/Mobile-Robots-2026-1/build/justina_gui': DEBUGINFOD_URLS=https://debuginfod.ubuntu.com /usr/bin/cmake --build /home/axel/Mobile-Robots-2026-1/build/justina_gui -- -j12 -l12
[0.176s] [  0%] Built target justina_gui_node_autogen_timestamp_deps
[0.176s] [  7%] Built target justina_gui_node_autogen
[0.176s] [100%] Built target justina_gui_node
[0.317s] Invoked command in '/home/axel/Mobile-Robots-2026-1/build/justina_gui' returned '0': DEBUGINFOD_URLS=https://debuginfod.ubuntu.com /usr/bin/cmake --build /home/axel/Mobile-Robots-2026-1/build/justina_gui -- -j12 -l12
[0.318s] Invoking command in '/home/axel/Mobile-Robots-2026-1/build/justina_gui': DEBUGINFOD_URLS=https://debuginfod.ubuntu.com /usr/bin/cmake --install /home/axel/Mobile-Robots-2026-1/build/justina_gui
[0.391s] -- Install configuration: ""
[0.391s] -- Up-to-date: /home/axel/Mobile-Robots-2026-1/install/justina_gui/lib/justina_gui/justina_gui_node
[0.391s] -- Up-to-date: /home/axel/Mobile-Robots-2026-1/install/justina_gui/share/ament_index/resource_index/package_run_dependencies/justina_gui
[0.391s] -- Up-to-date: /home/axel/Mobile-Robots-2026-1/install/justina_gui/share/ament_index/resource_index/parent_prefix_path/justina_gui
[0.391s] -- Up-to-date: /home/axel/Mobile-Robots-2026-1/install/justina_gui/share/justina_gui/environment/ament_prefix_path.sh
[0.391s] -- Up-to-date: /home/axel/Mobile-Robots-2026-1/install/justina_gui/share/justina_gui/environment/ament_prefix_path.dsv
[0.391s] -- Up-to-date: /home/axel/Mobile-Robots-2026-1/install/justina_gui/share/justina_gui/environment/path.sh
[0.391s] -- Up-to-date: /home/axel/Mobile-Robots-2026-1/install/justina_gui/share/justina_gui/environment/path.dsv
[0.391s] -- Up-to-date: /home/axel/Mobile-Robots-2026-1/install/justina_gui/share/justina_gui/local_setup.bash
[0.391s] -- Up-to-date: /home/axel/Mobile-Robots-2026-1/install/justina_gui/share/justina_gui/local_setup.sh
[0.391s] -- Up-to-date: /home/axel/Mobile-Robots-2026-1/install/justina_gui/share/justina_gui/local_setup.zsh
[0.391s] -- Up-to-date: /home/axel/Mobile-Robots-2026-1/install/justina_gui/share/justina_gui/local_setup.dsv
[0.391s] -- Installing: /home/axel/Mobile-Robots-2026-1/install/justina_gui/share/justina_gui/package.dsv
[0.391s] -- Up-to-date: /home/axel/Mobile-Robots-2026-1/install/justina_gui/share/ament_index/resource_index/packages/justina_gui
[0.392s] -- Up-to-date: /home/axel/Mobile-Robots-2026-1/install/justina_gui/share/justina_gui/cmake/justina_guiConfig.cmake
[0.392s] -- Up-to-date: /home/axel/Mobile-Robots-2026-1/install/justina_gui/share/justina_gui/cmake/justina_guiConfig-version.cmake
[0.392s] -- Up-to-date: /home/axel/Mobile-Robots-2026-1/install/justina_gui/share/justina_gui/package.xml
[0.524s] Invoked command in '/home/axel/Mobile-Robots-2026-1/build/justina_gui' returned '0': DEBUGINFOD_URLS=https://debuginfod.ubuntu.com /usr/bin/cmake --install /home/axel/Mobile-Robots-2026-1/build/justina_gui
