[0.014s] Invoking command in '/home/axel/Mobile-Robots-2026-1/build/xarm_msgs': DEBUGINFOD_URLS=https://debuginfod.ubuntu.com /usr/bin/cmake /home/axel/Mobile-Robots-2026-1/ros2_ws/src/hardware/xarm_ros2/xarm_msgs -DCMAKE_INSTALL_PREFIX=/home/axel/Mobile-Robots-2026-1/install/xarm_msgs
[0.168s] -- The C compiler identification is GNU 13.3.0
[0.168s] -- The CXX compiler identification is GNU 13.3.0
[0.168s] -- Detecting C compiler ABI info
[0.185s] -- Detecting C compiler ABI info - done
[0.195s] -- Check for working C compiler: /usr/bin/cc - skipped
[0.195s] -- Detecting C compile features
[0.196s] -- Detecting C compile features - done
[0.203s] -- Detecting CXX compiler ABI info
[0.274s] -- Detecting CXX compiler ABI info - done
[0.281s] -- Check for working CXX compiler: /usr/bin/c++ - skipped
[0.281s] -- Detecting CXX compile features
[0.281s] -- Detecting CXX compile features - done
[0.287s] [31mCMake Error at CMakeLists.txt:19 (find_package):
[0.287s]   By not providing "Findament_cmake.cmake" in CMAKE_MODULE_PATH this project
[0.288s]   has asked CMake to find a package configuration file provided by
[0.288s]   "ament_cmake", but CMake did not find one.
[0.288s] 
[0.288s]   Could not find a package configuration file provided by "ament_cmake" with
[0.288s]   any of the following names:
[0.288s] 
[0.288s]     ament_cmakeConfig.cmake
[0.288s]     ament_cmake-config.cmake
[0.288s] 
[0.288s]   Add the installation prefix of "ament_cmake" to CMAKE_PREFIX_PATH or set
[0.288s]   "ament_cmake_DIR" to a directory containing one of the above files.  If
[0.288s]   "ament_cmake" provides a separate development package or SDK, be sure it
[0.289s]   has been installed.
[0.289s] 
[0.289s] [0m
[0.289s] -- Configuring incomplete, errors occurred!
[0.322s] Invoked command in '/home/axel/Mobile-Robots-2026-1/build/xarm_msgs' returned '1': DEBUGINFOD_URLS=https://debuginfod.ubuntu.com /usr/bin/cmake /home/axel/Mobile-Robots-2026-1/ros2_ws/src/hardware/xarm_ros2/xarm_msgs -DCMAKE_INSTALL_PREFIX=/home/axel/Mobile-Robots-2026-1/install/xarm_msgs
