[0.019s] Invoking command in '/home/axel/Mobile-Robots-2026-1/build/config_files': CMAKE_PREFIX_PATH=${CMAKE_PREFIX_PATH}:/opt/ros/jazzy DEBUGINFOD_URLS=https://debuginfod.ubuntu.com /usr/bin/cmake /home/axel/Mobile-Robots-2026-1/ros2_ws/src/config_files -DCMAKE_INSTALL_PREFIX=/home/axel/Mobile-Robots-2026-1/install/config_files
[0.264s] -- Found ament_cmake: 2.5.4 (/opt/ros/jazzy/share/ament_cmake/cmake)
[0.264s] -- Found Python3: /usr/bin/python3 (found version "3.12.3") found components: Interpreter 
[0.298s] -- Found rclcpp: 28.1.11 (/opt/ros/jazzy/share/rclcpp/cmake)
[0.334s] -- Found rosidl_generator_c: 4.6.6 (/opt/ros/jazzy/share/rosidl_generator_c/cmake)
[0.347s] -- Found rosidl_generator_cpp: 4.6.6 (/opt/ros/jazzy/share/rosidl_generator_cpp/cmake)
[0.361s] -- Using all available rosidl_typesupport_c: rosidl_typesupport_fastrtps_c;rosidl_typesupport_introspection_c
[0.375s] -- Using all available rosidl_typesupport_cpp: rosidl_typesupport_fastrtps_cpp;rosidl_typesupport_introspection_cpp
[0.439s] -- Found rmw_implementation_cmake: 7.3.2 (/opt/ros/jazzy/share/rmw_implementation_cmake/cmake)
[0.442s] -- Found rmw_fastrtps_cpp: 8.4.3 (/opt/ros/jazzy/share/rmw_fastrtps_cpp/cmake)
[0.594s] -- Found OpenSSL: /usr/lib/x86_64-linux-gnu/libcrypto.so (found version "3.0.13")  
[0.645s] -- Found FastRTPS: /opt/ros/jazzy/include (Required is at least version "2.13") 
[0.692s] -- Using RMW implementation 'rmw_fastrtps_cpp' as default
[0.961s] -- Found ament_lint_auto: 0.17.3 (/opt/ros/jazzy/share/ament_lint_auto/cmake)
[1.198s] -- Added test 'lint_cmake' to check CMake code style
[1.203s] -- Added test 'xmllint' to check XML markup files
[1.209s] -- Configuring done (1.2s)
[1.221s] -- Generating done (0.0s)
[1.226s] -- Build files have been written to: /home/axel/Mobile-Robots-2026-1/build/config_files
[1.245s] Invoked command in '/home/axel/Mobile-Robots-2026-1/build/config_files' returned '0': CMAKE_PREFIX_PATH=${CMAKE_PREFIX_PATH}:/opt/ros/jazzy DEBUGINFOD_URLS=https://debuginfod.ubuntu.com /usr/bin/cmake /home/axel/Mobile-Robots-2026-1/ros2_ws/src/config_files -DCMAKE_INSTALL_PREFIX=/home/axel/Mobile-Robots-2026-1/install/config_files
[1.245s] Invoking command in '/home/axel/Mobile-Robots-2026-1/build/config_files': CMAKE_PREFIX_PATH=${CMAKE_PREFIX_PATH}:/opt/ros/jazzy DEBUGINFOD_URLS=https://debuginfod.ubuntu.com /usr/bin/cmake --build /home/axel/Mobile-Robots-2026-1/build/config_files -- -j12 -l12
[1.334s] Invoked command in '/home/axel/Mobile-Robots-2026-1/build/config_files' returned '0': CMAKE_PREFIX_PATH=${CMAKE_PREFIX_PATH}:/opt/ros/jazzy DEBUGINFOD_URLS=https://debuginfod.ubuntu.com /usr/bin/cmake --build /home/axel/Mobile-Robots-2026-1/build/config_files -- -j12 -l12
[1.335s] Invoking command in '/home/axel/Mobile-Robots-2026-1/build/config_files': CMAKE_PREFIX_PATH=${CMAKE_PREFIX_PATH}:/opt/ros/jazzy DEBUGINFOD_URLS=https://debuginfod.ubuntu.com /usr/bin/cmake --install /home/axel/Mobile-Robots-2026-1/build/config_files
[1.352s] -- Install configuration: ""
[1.352s] -- Installing: /home/axel/Mobile-Robots-2026-1/install/config_files/share/config_files/rviz
[1.352s] -- Installing: /home/axel/Mobile-Robots-2026-1/install/config_files/share/config_files/rviz/simple_house.rviz
[1.352s] -- Installing: /home/axel/Mobile-Robots-2026-1/install/config_files/share/config_files/navigation
[1.353s] -- Installing: /home/axel/Mobile-Robots-2026-1/install/config_files/share/config_files/navigation/mapper_params.yaml
[1.353s] -- Installing: /home/axel/Mobile-Robots-2026-1/install/config_files/share/config_files/navigation/simple_house.pgm
[1.356s] -- Installing: /home/axel/Mobile-Robots-2026-1/install/config_files/share/config_files/navigation/simple_house.yaml
[1.357s] -- Installing: /home/axel/Mobile-Robots-2026-1/install/config_files/share/ament_index/resource_index/package_run_dependencies/config_files
[1.357s] -- Installing: /home/axel/Mobile-Robots-2026-1/install/config_files/share/ament_index/resource_index/parent_prefix_path/config_files
[1.357s] -- Installing: /home/axel/Mobile-Robots-2026-1/install/config_files/share/config_files/environment/ament_prefix_path.sh
[1.357s] -- Installing: /home/axel/Mobile-Robots-2026-1/install/config_files/share/config_files/environment/ament_prefix_path.dsv
[1.358s] -- Installing: /home/axel/Mobile-Robots-2026-1/install/config_files/share/config_files/environment/path.sh
[1.358s] -- Installing: /home/axel/Mobile-Robots-2026-1/install/config_files/share/config_files/environment/path.dsv
[1.358s] -- Installing: /home/axel/Mobile-Robots-2026-1/install/config_files/share/config_files/local_setup.bash
[1.358s] -- Installing: /home/axel/Mobile-Robots-2026-1/install/config_files/share/config_files/local_setup.sh
[1.358s] -- Installing: /home/axel/Mobile-Robots-2026-1/install/config_files/share/config_files/local_setup.zsh
[1.358s] -- Installing: /home/axel/Mobile-Robots-2026-1/install/config_files/share/config_files/local_setup.dsv
[1.358s] -- Installing: /home/axel/Mobile-Robots-2026-1/install/config_files/share/config_files/package.dsv
[1.358s] -- Installing: /home/axel/Mobile-Robots-2026-1/install/config_files/share/ament_index/resource_index/packages/config_files
[1.358s] -- Installing: /home/axel/Mobile-Robots-2026-1/install/config_files/share/config_files/cmake/config_filesConfig.cmake
[1.358s] -- Installing: /home/axel/Mobile-Robots-2026-1/install/config_files/share/config_files/cmake/config_filesConfig-version.cmake
[1.358s] -- Installing: /home/axel/Mobile-Robots-2026-1/install/config_files/share/config_files/package.xml
[1.366s] Invoked command in '/home/axel/Mobile-Robots-2026-1/build/config_files' returned '0': CMAKE_PREFIX_PATH=${CMAKE_PREFIX_PATH}:/opt/ros/jazzy DEBUGINFOD_URLS=https://debuginfod.ubuntu.com /usr/bin/cmake --install /home/axel/Mobile-Robots-2026-1/build/config_files
