[2.979s] Invoking command in '/home/christopher/Mobile-Robots-2026-1/ros2_ws/src/navigation/simple_move': DEBUGINFOD_URLS=https://debuginfod.ubuntu.com PYTHONPATH=/home/christopher/Mobile-Robots-2026-1/build/simple_move/prefix_override:/usr/lib/python3/dist-packages/colcon_core/task/python/colcon_distutils_commands:/home/christopher/Mobile-Robots-2026-1/install/simple_move/lib/python3.12/site-packages:${PYTHONPATH} /usr/bin/python3 -W ignore:setup.py install is deprecated -W ignore:easy_install command is deprecated setup.py egg_info --egg-base ../../../../build/simple_move build --build-base /home/christopher/Mobile-Robots-2026-1/build/simple_move/build install --record /home/christopher/Mobile-Robots-2026-1/build/simple_move/install.log --single-version-externally-managed install_data
[3.883s] running egg_info
[3.996s] writing ../../../../build/simple_move/simple_move.egg-info/PKG-INFO
[3.996s] writing dependency_links to ../../../../build/simple_move/simple_move.egg-info/dependency_links.txt
[3.996s] writing entry points to ../../../../build/simple_move/simple_move.egg-info/entry_points.txt
[4.002s] writing requirements to ../../../../build/simple_move/simple_move.egg-info/requires.txt
[4.002s] writing top-level names to ../../../../build/simple_move/simple_move.egg-info/top_level.txt
[4.248s] reading manifest file '../../../../build/simple_move/simple_move.egg-info/SOURCES.txt'
[4.249s] adding license file 'LICENSE'
[4.249s] writing manifest file '../../../../build/simple_move/simple_move.egg-info/SOURCES.txt'
[4.255s] running build
[4.255s] running build_py
[4.261s] running install
[4.285s] running install_lib
[4.394s] running install_data
[4.394s] running install_egg_info
[4.498s] removing '/home/christopher/Mobile-Robots-2026-1/install/simple_move/lib/python3.12/site-packages/simple_move-0.0.0-py3.12.egg-info' (and everything under it)
[4.499s] Copying ../../../../build/simple_move/simple_move.egg-info to /home/christopher/Mobile-Robots-2026-1/install/simple_move/lib/python3.12/site-packages/simple_move-0.0.0-py3.12.egg-info
[4.503s] running install_scripts
[4.883s] Installing path_follower script to /home/christopher/Mobile-Robots-2026-1/install/simple_move/lib/simple_move
[4.883s] Installing ros_basics script to /home/christopher/Mobile-Robots-2026-1/install/simple_move/lib/simple_move
[4.884s] writing list of installed files to '/home/christopher/Mobile-Robots-2026-1/build/simple_move/install.log'
[4.935s] Invoked command in '/home/christopher/Mobile-Robots-2026-1/ros2_ws/src/navigation/simple_move' returned '0': DEBUGINFOD_URLS=https://debuginfod.ubuntu.com PYTHONPATH=/home/christopher/Mobile-Robots-2026-1/build/simple_move/prefix_override:/usr/lib/python3/dist-packages/colcon_core/task/python/colcon_distutils_commands:/home/christopher/Mobile-Robots-2026-1/install/simple_move/lib/python3.12/site-packages:${PYTHONPATH} /usr/bin/python3 -W ignore:setup.py install is deprecated -W ignore:easy_install command is deprecated setup.py egg_info --egg-base ../../../../build/simple_move build --build-base /home/christopher/Mobile-Robots-2026-1/build/simple_move/build install --record /home/christopher/Mobile-Robots-2026-1/build/simple_move/install.log --single-version-externally-managed install_data
