[0.055s] Invoking command in '/home/christian-pineda/Mobile-Robots-2026-1/build/xarm_description': CMAKE_PREFIX_PATH=${CMAKE_PREFIX_PATH}:/home/christian-pineda/Mobile-Robots-2026-1/ros2_ws/install/uf_ros_lib:/home/christian-pineda/Mobile-Robots-2026-1/ros2_ws/install/simple_move:/opt/ros/jazzy DEBUGINFOD_URLS=https://debuginfod.ubuntu.com /usr/bin/cmake /home/christian-pineda/Mobile-Robots-2026-1/ros2_ws/src/hardware/xarm_ros2/xarm_description -DCMAKE_INSTALL_PREFIX=/home/christian-pineda/Mobile-Robots-2026-1/install/xarm_description
[0.234s] -- The C compiler identification is GNU 13.3.0
[0.362s] -- The CXX compiler identification is GNU 13.3.0
[0.408s] -- Detecting C compiler ABI info
[0.620s] -- Detecting C compiler ABI info - done
[0.652s] -- Check for working C compiler: /usr/bin/cc - skipped
[0.652s] -- Detecting C compile features
[0.655s] -- Detecting C compile features - done
[0.672s] -- Detecting CXX compiler ABI info
[0.877s] -- Detecting CXX compiler ABI info - done
[0.902s] -- Check for working CXX compiler: /usr/bin/c++ - skipped
[0.903s] -- Detecting CXX compile features
[0.904s] -- Detecting CXX compile features - done
[0.913s] -- Found ament_cmake: 2.5.4 (/opt/ros/jazzy/share/ament_cmake/cmake)
[1.274s] -- Found Python3: /usr/bin/python3 (found version "3.12.3") found components: Interpreter 
[1.575s] -- Found ament_lint_auto: 0.17.3 (/opt/ros/jazzy/share/ament_lint_auto/cmake)
[1.892s] -- Added test 'copyright' to check source files copyright and LICENSE
[1.945s] -- Added test 'flake8' to check Python code syntax and style conventions
[1.947s] -- Configured 'flake8' exclude dirs and/or files: 
[1.953s] -- Added test 'lint_cmake' to check CMake code style
[1.958s] -- Added test 'pep257' to check Python code against some of the docstring style conventions in PEP 257
[1.985s] -- Added test 'xmllint' to check XML markup files
[1.991s] -- Configuring done (1.9s)
[1.998s] -- Generating done (0.0s)
[2.005s] -- Build files have been written to: /home/christian-pineda/Mobile-Robots-2026-1/build/xarm_description
[2.011s] Invoked command in '/home/christian-pineda/Mobile-Robots-2026-1/build/xarm_description' returned '0': CMAKE_PREFIX_PATH=${CMAKE_PREFIX_PATH}:/home/christian-pineda/Mobile-Robots-2026-1/ros2_ws/install/uf_ros_lib:/home/christian-pineda/Mobile-Robots-2026-1/ros2_ws/install/simple_move:/opt/ros/jazzy DEBUGINFOD_URLS=https://debuginfod.ubuntu.com /usr/bin/cmake /home/christian-pineda/Mobile-Robots-2026-1/ros2_ws/src/hardware/xarm_ros2/xarm_description -DCMAKE_INSTALL_PREFIX=/home/christian-pineda/Mobile-Robots-2026-1/install/xarm_description
[2.014s] Invoking command in '/home/christian-pineda/Mobile-Robots-2026-1/build/xarm_description': CMAKE_PREFIX_PATH=${CMAKE_PREFIX_PATH}:/home/christian-pineda/Mobile-Robots-2026-1/ros2_ws/install/uf_ros_lib:/home/christian-pineda/Mobile-Robots-2026-1/ros2_ws/install/simple_move:/opt/ros/jazzy DEBUGINFOD_URLS=https://debuginfod.ubuntu.com /usr/bin/cmake --build /home/christian-pineda/Mobile-Robots-2026-1/build/xarm_description -- -j4 -l4
[2.095s] Invoked command in '/home/christian-pineda/Mobile-Robots-2026-1/build/xarm_description' returned '0': CMAKE_PREFIX_PATH=${CMAKE_PREFIX_PATH}:/home/christian-pineda/Mobile-Robots-2026-1/ros2_ws/install/uf_ros_lib:/home/christian-pineda/Mobile-Robots-2026-1/ros2_ws/install/simple_move:/opt/ros/jazzy DEBUGINFOD_URLS=https://debuginfod.ubuntu.com /usr/bin/cmake --build /home/christian-pineda/Mobile-Robots-2026-1/build/xarm_description -- -j4 -l4
[2.113s] Invoking command in '/home/christian-pineda/Mobile-Robots-2026-1/build/xarm_description': CMAKE_PREFIX_PATH=${CMAKE_PREFIX_PATH}:/home/christian-pineda/Mobile-Robots-2026-1/ros2_ws/install/uf_ros_lib:/home/christian-pineda/Mobile-Robots-2026-1/ros2_ws/install/simple_move:/opt/ros/jazzy DEBUGINFOD_URLS=https://debuginfod.ubuntu.com /usr/bin/cmake --install /home/christian-pineda/Mobile-Robots-2026-1/build/xarm_description
[2.128s] -- Install configuration: ""
[2.128s] -- Installing: /home/christian-pineda/Mobile-Robots-2026-1/install/xarm_description/share/xarm_description//rviz
[2.128s] -- Installing: /home/christian-pineda/Mobile-Robots-2026-1/install/xarm_description/share/xarm_description//rviz/display.rviz
[2.128s] -- Installing: /home/christian-pineda/Mobile-Robots-2026-1/install/xarm_description/share/xarm_description//urdf
[2.129s] -- Installing: /home/christian-pineda/Mobile-Robots-2026-1/install/xarm_description/share/xarm_description//urdf/lite6
[2.129s] -- Installing: /home/christian-pineda/Mobile-Robots-2026-1/install/xarm_description/share/xarm_description//urdf/lite6/lite6.transmission.xacro
[2.132s] -- Installing: /home/christian-pineda/Mobile-Robots-2026-1/install/xarm_description/share/xarm_description//urdf/lite6/lite6_robot_macro.xacro
[2.132s] -- Installing: /home/christian-pineda/Mobile-Robots-2026-1/install/xarm_description/share/xarm_description//urdf/lite6/lite6.urdf.xacro
[2.132s] -- Installing: /home/christian-pineda/Mobile-Robots-2026-1/install/xarm_description/share/xarm_description//urdf/lite6/lite6.ros2_control.xacro
[2.132s] -- Installing: /home/christian-pineda/Mobile-Robots-2026-1/install/xarm_description/share/xarm_description//urdf/lite6/lite6.gazebo.xacro
[2.132s] -- Installing: /home/christian-pineda/Mobile-Robots-2026-1/install/xarm_description/share/xarm_description//urdf/xarm6
[2.132s] -- Installing: /home/christian-pineda/Mobile-Robots-2026-1/install/xarm_description/share/xarm_description//urdf/xarm6/xarm6_robot_macro.xacro
[2.133s] -- Installing: /home/christian-pineda/Mobile-Robots-2026-1/install/xarm_description/share/xarm_description//urdf/xarm6/xarm6.gazebo.xacro
[2.134s] -- Installing: /home/christian-pineda/Mobile-Robots-2026-1/install/xarm_description/share/xarm_description//urdf/xarm6/xarm6.ros2_control.xacro
[2.135s] -- Installing: /home/christian-pineda/Mobile-Robots-2026-1/install/xarm_description/share/xarm_description//urdf/xarm6/xarm6.transmission.xacro
[2.137s] -- Installing: /home/christian-pineda/Mobile-Robots-2026-1/install/xarm_description/share/xarm_description//urdf/xarm6/xarm6.urdf.xacro
[2.138s] -- Installing: /home/christian-pineda/Mobile-Robots-2026-1/install/xarm_description/share/xarm_description//urdf/xarm_device_macro.xacro
[2.138s] -- Installing: /home/christian-pineda/Mobile-Robots-2026-1/install/xarm_description/share/xarm_description//urdf/xarm7_mirror
[2.138s] -- Installing: /home/christian-pineda/Mobile-Robots-2026-1/install/xarm_description/share/xarm_description//urdf/xarm7_mirror/xarm7_mirror.ros2_control.xacro
[2.138s] -- Installing: /home/christian-pineda/Mobile-Robots-2026-1/install/xarm_description/share/xarm_description//urdf/xarm7_mirror/xarm7_mirror.transmission.xacro
[2.139s] -- Installing: /home/christian-pineda/Mobile-Robots-2026-1/install/xarm_description/share/xarm_description//urdf/xarm7_mirror/xarm7_mirror.gazebo.xacro
[2.139s] -- Installing: /home/christian-pineda/Mobile-Robots-2026-1/install/xarm_description/share/xarm_description//urdf/xarm7_mirror/xarm7_mirror_robot_macro.xacro
[2.139s] -- Installing: /home/christian-pineda/Mobile-Robots-2026-1/install/xarm_description/share/xarm_description//urdf/xarm7_mirror/xarm7_mirror.urdf.xacro
[2.140s] -- Installing: /home/christian-pineda/Mobile-Robots-2026-1/install/xarm_description/share/xarm_description//urdf/vacuum_gripper
[2.143s] -- Installing: /home/christian-pineda/Mobile-Robots-2026-1/install/xarm_description/share/xarm_description//urdf/vacuum_gripper/vacuum_gripper.urdf.xacro
[2.143s] -- Installing: /home/christian-pineda/Mobile-Robots-2026-1/install/xarm_description/share/xarm_description//urdf/vacuum_gripper/vacuum_gripper_macro.xacro
[2.143s] -- Installing: /home/christian-pineda/Mobile-Robots-2026-1/install/xarm_description/share/xarm_description//urdf/vacuum_gripper/xarm_vacuum_gripper.urdf.xacro
[2.143s] -- Installing: /home/christian-pineda/Mobile-Robots-2026-1/install/xarm_description/share/xarm_description//urdf/vacuum_gripper/lite_vacuum_gripper.urdf.xacro
[2.144s] -- Installing: /home/christian-pineda/Mobile-Robots-2026-1/install/xarm_description/share/xarm_description//urdf/xarm5
[2.144s] -- Installing: /home/christian-pineda/Mobile-Robots-2026-1/install/xarm_description/share/xarm_description//urdf/xarm5/xarm5.urdf.xacro
[2.144s] -- Installing: /home/christian-pineda/Mobile-Robots-2026-1/install/xarm_description/share/xarm_description//urdf/xarm5/xarm5.transmission.xacro
[2.144s] -- Installing: /home/christian-pineda/Mobile-Robots-2026-1/install/xarm_description/share/xarm_description//urdf/xarm5/xarm5.gazebo.xacro
[2.145s] -- Installing: /home/christian-pineda/Mobile-Robots-2026-1/install/xarm_description/share/xarm_description//urdf/xarm5/xarm5_robot_macro.xacro
[2.145s] -- Installing: /home/christian-pineda/Mobile-Robots-2026-1/install/xarm_description/share/xarm_description//urdf/xarm5/xarm5.ros2_control.xacro
[2.145s] -- Installing: /home/christian-pineda/Mobile-Robots-2026-1/install/xarm_description/share/xarm_description//urdf/uf850
[2.145s] -- Installing: /home/christian-pineda/Mobile-Robots-2026-1/install/xarm_description/share/xarm_description//urdf/uf850/uf850.urdf.xacro
[2.145s] -- Installing: /home/christian-pineda/Mobile-Robots-2026-1/install/xarm_description/share/xarm_description//urdf/uf850/uf850.ros2_control.xacro
[2.148s] -- Installing: /home/christian-pineda/Mobile-Robots-2026-1/install/xarm_description/share/xarm_description//urdf/uf850/uf850.gazebo.xacro
[2.149s] -- Installing: /home/christian-pineda/Mobile-Robots-2026-1/install/xarm_description/share/xarm_description//urdf/uf850/uf850.transmission.xacro
[2.149s] -- Installing: /home/christian-pineda/Mobile-Robots-2026-1/install/xarm_description/share/xarm_description//urdf/uf850/uf850_robot_macro.xacro
[2.149s] -- Installing: /home/christian-pineda/Mobile-Robots-2026-1/install/xarm_description/share/xarm_description//urdf/xarm_device.urdf.xacro
[2.149s] -- Installing: /home/christian-pineda/Mobile-Robots-2026-1/install/xarm_description/share/xarm_description//urdf/common
[2.149s] -- Installing: /home/christian-pineda/Mobile-Robots-2026-1/install/xarm_description/share/xarm_description//urdf/common/common.link.xacro
[2.150s] -- Installing: /home/christian-pineda/Mobile-Robots-2026-1/install/xarm_description/share/xarm_description//urdf/common/common.material.xacro
[2.150s] -- Installing: /home/christian-pineda/Mobile-Robots-2026-1/install/xarm_description/share/xarm_description//urdf/common/common.gazebo.xacro
[2.150s] -- Installing: /home/christian-pineda/Mobile-Robots-2026-1/install/xarm_description/share/xarm_description//urdf/_private_macro.xacro
[2.150s] -- Installing: /home/christian-pineda/Mobile-Robots-2026-1/install/xarm_description/share/xarm_description//urdf/xarm7
[2.150s] -- Installing: /home/christian-pineda/Mobile-Robots-2026-1/install/xarm_description/share/xarm_description//urdf/xarm7/xarm7.ros2_control.xacro
[2.151s] -- Installing: /home/christian-pineda/Mobile-Robots-2026-1/install/xarm_description/share/xarm_description//urdf/xarm7/xarm7_robot_macro.xacro
[2.151s] -- Installing: /home/christian-pineda/Mobile-Robots-2026-1/install/xarm_description/share/xarm_description//urdf/xarm7/xarm7.gazebo.xacro
[2.154s] -- Installing: /home/christian-pineda/Mobile-Robots-2026-1/install/xarm_description/share/xarm_description//urdf/xarm7/xarm7.transmission.xacro
[2.155s] -- Installing: /home/christian-pineda/Mobile-Robots-2026-1/install/xarm_description/share/xarm_description//urdf/xarm7/xarm7.urdf.xacro
[2.155s] -- Installing: /home/christian-pineda/Mobile-Robots-2026-1/install/xarm_description/share/xarm_description//urdf/gripper
[2.155s] -- Installing: /home/christian-pineda/Mobile-Robots-2026-1/install/xarm_description/share/xarm_description//urdf/gripper/gripper_macro.xacro
[2.160s] -- Installing: /home/christian-pineda/Mobile-Robots-2026-1/install/xarm_description/share/xarm_description//urdf/gripper/gripper.urdf.xacro
[2.160s] -- Installing: /home/christian-pineda/Mobile-Robots-2026-1/install/xarm_description/share/xarm_description//urdf/gripper/xarm_gripper.gazebo.xacro
[2.160s] -- Installing: /home/christian-pineda/Mobile-Robots-2026-1/install/xarm_description/share/xarm_description//urdf/gripper/xarm_gripper.urdf.xacro
[2.160s] -- Installing: /home/christian-pineda/Mobile-Robots-2026-1/install/xarm_description/share/xarm_description//urdf/gripper/bio_gripper.transmission.xacro
[2.161s] -- Installing: /home/christian-pineda/Mobile-Robots-2026-1/install/xarm_description/share/xarm_description//urdf/gripper/bio_gripper.urdf.xacro
[2.164s] -- Installing: /home/christian-pineda/Mobile-Robots-2026-1/install/xarm_description/share/xarm_description//urdf/gripper/xarm_gripper_macro.xacro
[2.164s] -- Installing: /home/christian-pineda/Mobile-Robots-2026-1/install/xarm_description/share/xarm_description//urdf/gripper/lite_gripper.urdf.xacro
[2.164s] -- Installing: /home/christian-pineda/Mobile-Robots-2026-1/install/xarm_description/share/xarm_description//urdf/gripper/bio_gripper.gazebo.xacro
[2.165s] -- Installing: /home/christian-pineda/Mobile-Robots-2026-1/install/xarm_description/share/xarm_description//urdf/gripper/xarm_gripper.transmission.xacro
[2.165s] -- Installing: /home/christian-pineda/Mobile-Robots-2026-1/install/xarm_description/share/xarm_description//urdf/gripper/bio_gripper_macro.xacro
[2.165s] -- Installing: /home/christian-pineda/Mobile-Robots-2026-1/install/xarm_description/share/xarm_description//urdf/gripper/xarm_gripper.ros2_control.xacro
[2.167s] -- Installing: /home/christian-pineda/Mobile-Robots-2026-1/install/xarm_description/share/xarm_description//urdf/gripper/bio_gripper.ros2_control.xacro
[2.167s] -- Installing: /home/christian-pineda/Mobile-Robots-2026-1/install/xarm_description/share/xarm_description//urdf/camera
[2.168s] -- Installing: /home/christian-pineda/Mobile-Robots-2026-1/install/xarm_description/share/xarm_description//urdf/camera/realsense.gazebo.xacro
[2.168s] -- Installing: /home/christian-pineda/Mobile-Robots-2026-1/install/xarm_description/share/xarm_description//urdf/camera/camera.gazebo.xacro
[2.168s] -- Installing: /home/christian-pineda/Mobile-Robots-2026-1/install/xarm_description/share/xarm_description//urdf/camera/realsense_d435i.urdf.xacro
[2.168s] -- Installing: /home/christian-pineda/Mobile-Robots-2026-1/install/xarm_description/share/xarm_description//urdf/dual_xarm_device.urdf.xacro
[2.169s] -- Installing: /home/christian-pineda/Mobile-Robots-2026-1/install/xarm_description/share/xarm_description//urdf/other
[2.169s] -- Installing: /home/christian-pineda/Mobile-Robots-2026-1/install/xarm_description/share/xarm_description//urdf/other/other_geometry.urdf.xacro
[2.171s] -- Installing: /home/christian-pineda/Mobile-Robots-2026-1/install/xarm_description/share/xarm_description//config
[2.173s] -- Installing: /home/christian-pineda/Mobile-Robots-2026-1/install/xarm_description/share/xarm_description//config/kinematics
[2.173s] -- Installing: /home/christian-pineda/Mobile-Robots-2026-1/install/xarm_description/share/xarm_description//config/kinematics/gen_kinematics_params.py
[2.174s] -- Installing: /home/christian-pineda/Mobile-Robots-2026-1/install/xarm_description/share/xarm_description//config/kinematics/default
[2.174s] -- Installing: /home/christian-pineda/Mobile-Robots-2026-1/install/xarm_description/share/xarm_description//config/kinematics/default/lite6_default_kinematics.yaml
[2.174s] -- Installing: /home/christian-pineda/Mobile-Robots-2026-1/install/xarm_description/share/xarm_description//config/kinematics/default/uf850_default_kinematics.yaml
[2.175s] -- Installing: /home/christian-pineda/Mobile-Robots-2026-1/install/xarm_description/share/xarm_description//config/kinematics/default/xarm7_mirror_default_kinematics.yaml
[2.175s] -- Installing: /home/christian-pineda/Mobile-Robots-2026-1/install/xarm_description/share/xarm_description//config/kinematics/default/xarm5_default_kinematics.yaml
[2.175s] -- Installing: /home/christian-pineda/Mobile-Robots-2026-1/install/xarm_description/share/xarm_description//config/kinematics/default/xarm7_default_kinematics.yaml
[2.175s] -- Installing: /home/christian-pineda/Mobile-Robots-2026-1/install/xarm_description/share/xarm_description//config/kinematics/default/xarm6_default_kinematics.yaml
[2.175s] -- Installing: /home/christian-pineda/Mobile-Robots-2026-1/install/xarm_description/share/xarm_description//config/link_inertial
[2.177s] -- Installing: /home/christian-pineda/Mobile-Robots-2026-1/install/xarm_description/share/xarm_description//config/link_inertial/xarm7_type7_HT_BR2.yaml
[2.180s] -- Installing: /home/christian-pineda/Mobile-Robots-2026-1/install/xarm_description/share/xarm_description//config/link_inertial/xarm6_type11_HT_LD.yaml
[2.180s] -- Installing: /home/christian-pineda/Mobile-Robots-2026-1/install/xarm_description/share/xarm_description//config/link_inertial/xarm5_type5_HT_LD.yaml
[2.180s] -- Installing: /home/christian-pineda/Mobile-Robots-2026-1/install/xarm_description/share/xarm_description//config/link_inertial/xarm5_type5_HT_BR.yaml
[2.180s] -- Installing: /home/christian-pineda/Mobile-Robots-2026-1/install/xarm_description/share/xarm_description//config/link_inertial/xarm6_type9_HT_BR2.yaml
[2.180s] -- Installing: /home/christian-pineda/Mobile-Robots-2026-1/install/xarm_description/share/xarm_description//config/link_inertial/xarm6_type6_UJ_BR_2403.yaml
[2.180s] -- Installing: /home/christian-pineda/Mobile-Robots-2026-1/install/xarm_description/share/xarm_description//config/link_inertial/xarm7_type7_UJ_BR_2403.yaml
[2.180s] -- Installing: /home/christian-pineda/Mobile-Robots-2026-1/install/xarm_description/share/xarm_description//config/link_inertial/xarm6_type6_HT_BR2.yaml
[2.181s] -- Installing: /home/christian-pineda/Mobile-Robots-2026-1/install/xarm_description/share/xarm_description//config/link_inertial/xarm6_type12_HT_LDBR2.yaml
[2.181s] -- Installing: /home/christian-pineda/Mobile-Robots-2026-1/install/xarm_description/share/xarm_description//config/link_inertial/xarm7_type13_HT_BR2.yaml
[2.181s] -- Installing: /home/christian-pineda/Mobile-Robots-2026-1/install/xarm_description/share/xarm_description//config/link_inertial/xarm6_type6_HT2_LD.yaml
[2.181s] -- Installing: /home/christian-pineda/Mobile-Robots-2026-1/install/xarm_description/share/xarm_description//config/link_inertial/xarm6_type6_HT_LD.yaml
[2.181s] -- Installing: /home/christian-pineda/Mobile-Robots-2026-1/install/xarm_description/share/xarm_description//config/link_inertial/xarm5_type5_HT_BR2.yaml
[2.182s] -- Installing: /home/christian-pineda/Mobile-Robots-2026-1/install/xarm_description/share/xarm_description//config/link_inertial/xarm7_type3_YT_SP.yaml
[2.182s] -- Installing: /home/christian-pineda/Mobile-Robots-2026-1/install/xarm_description/share/xarm_description//config/link_inertial/xarm6_type8_HT2_BR2.yaml
[2.185s] -- Installing: /home/christian-pineda/Mobile-Robots-2026-1/install/xarm_description/share/xarm_description//config/link_inertial/xarm7_type7_HT_BR.yaml
[2.185s] -- Installing: /home/christian-pineda/Mobile-Robots-2026-1/install/xarm_description/share/xarm_description//config/link_inertial/xarm7_type7_HT_LD.yaml
[2.186s] -- Installing: /home/christian-pineda/Mobile-Robots-2026-1/install/xarm_description/share/xarm_description//config/link_inertial/xarm6_type6_HT_BR.yaml
[2.186s] -- Installing: /home/christian-pineda/Mobile-Robots-2026-1/install/xarm_description/share/xarm_description//config/link_inertial/xarm5_type5_UJ_BR_2403.yaml
[2.187s] -- Installing: /home/christian-pineda/Mobile-Robots-2026-1/install/xarm_description/share/xarm_description//config/link_inertial/gen_link_inertial_params.py
[2.187s] -- Installing: /home/christian-pineda/Mobile-Robots-2026-1/install/xarm_description/share/xarm_description//meshes
[2.187s] -- Installing: /home/christian-pineda/Mobile-Robots-2026-1/install/xarm_description/share/xarm_description//meshes/lite6
[2.190s] -- Installing: /home/christian-pineda/Mobile-Robots-2026-1/install/xarm_description/share/xarm_description//meshes/lite6/visual
[2.190s] -- Installing: /home/christian-pineda/Mobile-Robots-2026-1/install/xarm_description/share/xarm_description//meshes/lite6/visual/link6.stl
[2.190s] -- Installing: /home/christian-pineda/Mobile-Robots-2026-1/install/xarm_description/share/xarm_description//meshes/lite6/visual/link2.stl
[2.190s] -- Installing: /home/christian-pineda/Mobile-Robots-2026-1/install/xarm_description/share/xarm_description//meshes/lite6/visual/link4.stl
[2.191s] -- Installing: /home/christian-pineda/Mobile-Robots-2026-1/install/xarm_description/share/xarm_description//meshes/lite6/visual/link3.stl
[2.191s] -- Installing: /home/christian-pineda/Mobile-Robots-2026-1/install/xarm_description/share/xarm_description//meshes/lite6/visual/link_base.stl
[2.191s] -- Installing: /home/christian-pineda/Mobile-Robots-2026-1/install/xarm_description/share/xarm_description//meshes/lite6/visual/link1.stl
[2.193s] -- Installing: /home/christian-pineda/Mobile-Robots-2026-1/install/xarm_description/share/xarm_description//meshes/lite6/visual/link5.stl
[2.193s] -- Installing: /home/christian-pineda/Mobile-Robots-2026-1/install/xarm_description/share/xarm_description//meshes/lite6/collision
[2.193s] -- Installing: /home/christian-pineda/Mobile-Robots-2026-1/install/xarm_description/share/xarm_description//meshes/lite6/collision/link6.stl
[2.193s] -- Installing: /home/christian-pineda/Mobile-Robots-2026-1/install/xarm_description/share/xarm_description//meshes/lite6/collision/link2.stl
[2.194s] -- Installing: /home/christian-pineda/Mobile-Robots-2026-1/install/xarm_description/share/xarm_description//meshes/lite6/collision/link4.stl
[2.197s] -- Installing: /home/christian-pineda/Mobile-Robots-2026-1/install/xarm_description/share/xarm_description//meshes/lite6/collision/link3.stl
[2.197s] -- Installing: /home/christian-pineda/Mobile-Robots-2026-1/install/xarm_description/share/xarm_description//meshes/lite6/collision/link_base.stl
[2.197s] -- Installing: /home/christian-pineda/Mobile-Robots-2026-1/install/xarm_description/share/xarm_description//meshes/lite6/collision/link1.stl
[2.197s] -- Installing: /home/christian-pineda/Mobile-Robots-2026-1/install/xarm_description/share/xarm_description//meshes/lite6/collision/link5.stl
[2.197s] -- Installing: /home/christian-pineda/Mobile-Robots-2026-1/install/xarm_description/share/xarm_description//meshes/xarm6
[2.197s] -- Installing: /home/christian-pineda/Mobile-Robots-2026-1/install/xarm_description/share/xarm_description//meshes/xarm6/visual
[2.198s] -- Installing: /home/christian-pineda/Mobile-Robots-2026-1/install/xarm_description/share/xarm_description//meshes/xarm6/visual/link6.stl
[2.198s] -- Installing: /home/christian-pineda/Mobile-Robots-2026-1/install/xarm_description/share/xarm_description//meshes/xarm6/visual/link2.stl
[2.198s] -- Installing: /home/christian-pineda/Mobile-Robots-2026-1/install/xarm_description/share/xarm_description//meshes/xarm6/visual/link4.stl
[2.198s] -- Installing: /home/christian-pineda/Mobile-Robots-2026-1/install/xarm_description/share/xarm_description//meshes/xarm6/visual/link3.stl
[2.198s] -- Installing: /home/christian-pineda/Mobile-Robots-2026-1/install/xarm_description/share/xarm_description//meshes/xarm6/visual/link_base.stl
[2.199s] -- Installing: /home/christian-pineda/Mobile-Robots-2026-1/install/xarm_description/share/xarm_description//meshes/xarm6/visual/link1.stl
[2.199s] -- Installing: /home/christian-pineda/Mobile-Robots-2026-1/install/xarm_description/share/xarm_description//meshes/xarm6/visual/link5.stl
[2.199s] -- Installing: /home/christian-pineda/Mobile-Robots-2026-1/install/xarm_description/share/xarm_description//meshes/xarm7_mirror
[2.199s] -- Installing: /home/christian-pineda/Mobile-Robots-2026-1/install/xarm_description/share/xarm_description//meshes/xarm7_mirror/visual
[2.199s] -- Installing: /home/christian-pineda/Mobile-Robots-2026-1/install/xarm_description/share/xarm_description//meshes/xarm7_mirror/visual/link6.stl
[2.199s] -- Installing: /home/christian-pineda/Mobile-Robots-2026-1/install/xarm_description/share/xarm_description//meshes/xarm7_mirror/visual/link7.stl
[2.200s] -- Installing: /home/christian-pineda/Mobile-Robots-2026-1/install/xarm_description/share/xarm_description//meshes/xarm7_mirror/visual/link2.stl
[2.200s] -- Installing: /home/christian-pineda/Mobile-Robots-2026-1/install/xarm_description/share/xarm_description//meshes/xarm7_mirror/visual/link4.stl
[2.200s] -- Installing: /home/christian-pineda/Mobile-Robots-2026-1/install/xarm_description/share/xarm_description//meshes/xarm7_mirror/visual/link3.stl
[2.200s] -- Installing: /home/christian-pineda/Mobile-Robots-2026-1/install/xarm_description/share/xarm_description//meshes/xarm7_mirror/visual/link_base.stl
[2.200s] -- Installing: /home/christian-pineda/Mobile-Robots-2026-1/install/xarm_description/share/xarm_description//meshes/xarm7_mirror/visual/link1.stl
[2.200s] -- Installing: /home/christian-pineda/Mobile-Robots-2026-1/install/xarm_description/share/xarm_description//meshes/xarm7_mirror/visual/link5.stl
[2.201s] -- Installing: /home/christian-pineda/Mobile-Robots-2026-1/install/xarm_description/share/xarm_description//meshes/xarm7_mirror/collision
[2.204s] -- Installing: /home/christian-pineda/Mobile-Robots-2026-1/install/xarm_description/share/xarm_description//meshes/xarm7_mirror/collision/link6.stl
[2.204s] -- Installing: /home/christian-pineda/Mobile-Robots-2026-1/install/xarm_description/share/xarm_description//meshes/xarm7_mirror/collision/link7.stl
[2.204s] -- Installing: /home/christian-pineda/Mobile-Robots-2026-1/install/xarm_description/share/xarm_description//meshes/xarm7_mirror/collision/link2.stl
[2.204s] -- Installing: /home/christian-pineda/Mobile-Robots-2026-1/install/xarm_description/share/xarm_description//meshes/xarm7_mirror/collision/link4.stl
[2.204s] -- Installing: /home/christian-pineda/Mobile-Robots-2026-1/install/xarm_description/share/xarm_description//meshes/xarm7_mirror/collision/link3.stl
[2.204s] -- Installing: /home/christian-pineda/Mobile-Robots-2026-1/install/xarm_description/share/xarm_description//meshes/xarm7_mirror/collision/link_base.stl
[2.205s] -- Installing: /home/christian-pineda/Mobile-Robots-2026-1/install/xarm_description/share/xarm_description//meshes/xarm7_mirror/collision/link1.stl
[2.205s] -- Installing: /home/christian-pineda/Mobile-Robots-2026-1/install/xarm_description/share/xarm_description//meshes/xarm7_mirror/collision/link5.stl
[2.207s] -- Installing: /home/christian-pineda/Mobile-Robots-2026-1/install/xarm_description/share/xarm_description//meshes/vacuum_gripper
[2.207s] -- Installing: /home/christian-pineda/Mobile-Robots-2026-1/install/xarm_description/share/xarm_description//meshes/vacuum_gripper/lite
[2.207s] -- Installing: /home/christian-pineda/Mobile-Robots-2026-1/install/xarm_description/share/xarm_description//meshes/vacuum_gripper/lite/visual
[2.207s] -- Installing: /home/christian-pineda/Mobile-Robots-2026-1/install/xarm_description/share/xarm_description//meshes/vacuum_gripper/lite/visual/vacuum_gripper_lite.stl
[2.208s] -- Installing: /home/christian-pineda/Mobile-Robots-2026-1/install/xarm_description/share/xarm_description//meshes/vacuum_gripper/lite/collision
[2.208s] -- Installing: /home/christian-pineda/Mobile-Robots-2026-1/install/xarm_description/share/xarm_description//meshes/vacuum_gripper/lite/collision/vacuum_gripper_lite.stl
[2.209s] -- Installing: /home/christian-pineda/Mobile-Robots-2026-1/install/xarm_description/share/xarm_description//meshes/vacuum_gripper/xarm
[2.209s] -- Installing: /home/christian-pineda/Mobile-Robots-2026-1/install/xarm_description/share/xarm_description//meshes/vacuum_gripper/xarm/visual
[2.209s] -- Installing: /home/christian-pineda/Mobile-Robots-2026-1/install/xarm_description/share/xarm_description//meshes/vacuum_gripper/xarm/visual/vacuum_gripper.stl
[2.213s] -- Installing: /home/christian-pineda/Mobile-Robots-2026-1/install/xarm_description/share/xarm_description//meshes/vacuum_gripper/xarm/collision
[2.213s] -- Installing: /home/christian-pineda/Mobile-Robots-2026-1/install/xarm_description/share/xarm_description//meshes/vacuum_gripper/xarm/collision/vacuum_gripper.stl
[2.214s] -- Installing: /home/christian-pineda/Mobile-Robots-2026-1/install/xarm_description/share/xarm_description//meshes/xarm5
[2.215s] -- Installing: /home/christian-pineda/Mobile-Robots-2026-1/install/xarm_description/share/xarm_description//meshes/xarm5/visual
[2.221s] -- Installing: /home/christian-pineda/Mobile-Robots-2026-1/install/xarm_description/share/xarm_description//meshes/xarm5/visual/link2.stl
[2.221s] -- Installing: /home/christian-pineda/Mobile-Robots-2026-1/install/xarm_description/share/xarm_description//meshes/xarm5/visual/link4.stl
[2.222s] -- Installing: /home/christian-pineda/Mobile-Robots-2026-1/install/xarm_description/share/xarm_description//meshes/xarm5/visual/link3.stl
[2.222s] -- Installing: /home/christian-pineda/Mobile-Robots-2026-1/install/xarm_description/share/xarm_description//meshes/xarm5/visual/link_base.stl
[2.223s] -- Installing: /home/christian-pineda/Mobile-Robots-2026-1/install/xarm_description/share/xarm_description//meshes/xarm5/visual/link1.stl
[2.223s] -- Installing: /home/christian-pineda/Mobile-Robots-2026-1/install/xarm_description/share/xarm_description//meshes/xarm5/visual/link5.stl
[2.223s] -- Installing: /home/christian-pineda/Mobile-Robots-2026-1/install/xarm_description/share/xarm_description//meshes/uf850
[2.223s] -- Installing: /home/christian-pineda/Mobile-Robots-2026-1/install/xarm_description/share/xarm_description//meshes/uf850/visual
[2.223s] -- Installing: /home/christian-pineda/Mobile-Robots-2026-1/install/xarm_description/share/xarm_description//meshes/uf850/visual/link6.stl
[2.224s] -- Installing: /home/christian-pineda/Mobile-Robots-2026-1/install/xarm_description/share/xarm_description//meshes/uf850/visual/link2.stl
[2.224s] -- Installing: /home/christian-pineda/Mobile-Robots-2026-1/install/xarm_description/share/xarm_description//meshes/uf850/visual/link4.stl
[2.224s] -- Installing: /home/christian-pineda/Mobile-Robots-2026-1/install/xarm_description/share/xarm_description//meshes/uf850/visual/link3.stl
[2.225s] -- Installing: /home/christian-pineda/Mobile-Robots-2026-1/install/xarm_description/share/xarm_description//meshes/uf850/visual/link_base.stl
[2.227s] -- Installing: /home/christian-pineda/Mobile-Robots-2026-1/install/xarm_description/share/xarm_description//meshes/uf850/visual/link1.stl
[2.227s] -- Installing: /home/christian-pineda/Mobile-Robots-2026-1/install/xarm_description/share/xarm_description//meshes/uf850/visual/link5.stl
[2.228s] -- Installing: /home/christian-pineda/Mobile-Robots-2026-1/install/xarm_description/share/xarm_description//meshes/uf850/collision
[2.229s] -- Installing: /home/christian-pineda/Mobile-Robots-2026-1/install/xarm_description/share/xarm_description//meshes/uf850/collision/link6.stl
[2.229s] -- Installing: /home/christian-pineda/Mobile-Robots-2026-1/install/xarm_description/share/xarm_description//meshes/uf850/collision/link2.stl
[2.229s] -- Installing: /home/christian-pineda/Mobile-Robots-2026-1/install/xarm_description/share/xarm_description//meshes/uf850/collision/link4.stl
[2.229s] -- Installing: /home/christian-pineda/Mobile-Robots-2026-1/install/xarm_description/share/xarm_description//meshes/uf850/collision/link3.stl
[2.229s] -- Installing: /home/christian-pineda/Mobile-Robots-2026-1/install/xarm_description/share/xarm_description//meshes/uf850/collision/link_base.stl
[2.230s] -- Installing: /home/christian-pineda/Mobile-Robots-2026-1/install/xarm_description/share/xarm_description//meshes/uf850/collision/link1.stl
[2.231s] -- Installing: /home/christian-pineda/Mobile-Robots-2026-1/install/xarm_description/share/xarm_description//meshes/uf850/collision/link5.stl
[2.232s] -- Installing: /home/christian-pineda/Mobile-Robots-2026-1/install/xarm_description/share/xarm_description//meshes/xarm7_1305
[2.232s] -- Installing: /home/christian-pineda/Mobile-Robots-2026-1/install/xarm_description/share/xarm_description//meshes/xarm7_1305/visual
[2.232s] -- Installing: /home/christian-pineda/Mobile-Robots-2026-1/install/xarm_description/share/xarm_description//meshes/xarm7_1305/visual/link6.stl
[2.233s] -- Installing: /home/christian-pineda/Mobile-Robots-2026-1/install/xarm_description/share/xarm_description//meshes/xarm7_1305/visual/link7.stl
[2.233s] -- Installing: /home/christian-pineda/Mobile-Robots-2026-1/install/xarm_description/share/xarm_description//meshes/xarm7_1305/visual/link2.stl
[2.234s] -- Installing: /home/christian-pineda/Mobile-Robots-2026-1/install/xarm_description/share/xarm_description//meshes/xarm7_1305/visual/link4.stl
[2.234s] -- Installing: /home/christian-pineda/Mobile-Robots-2026-1/install/xarm_description/share/xarm_description//meshes/xarm7_1305/visual/link3.stl
[2.234s] -- Installing: /home/christian-pineda/Mobile-Robots-2026-1/install/xarm_description/share/xarm_description//meshes/xarm7_1305/visual/link_base.stl
[2.235s] -- Installing: /home/christian-pineda/Mobile-Robots-2026-1/install/xarm_description/share/xarm_description//meshes/xarm7_1305/visual/link1.stl
[2.235s] -- Installing: /home/christian-pineda/Mobile-Robots-2026-1/install/xarm_description/share/xarm_description//meshes/xarm7_1305/visual/link5.stl
[2.236s] -- Installing: /home/christian-pineda/Mobile-Robots-2026-1/install/xarm_description/share/xarm_description//meshes/xarm7_1305/collision
[2.236s] -- Installing: /home/christian-pineda/Mobile-Robots-2026-1/install/xarm_description/share/xarm_description//meshes/xarm7_1305/collision/link_base.obj
[2.236s] -- Installing: /home/christian-pineda/Mobile-Robots-2026-1/install/xarm_description/share/xarm_description//meshes/xarm7_1305/collision/link6.obj
[2.236s] -- Installing: /home/christian-pineda/Mobile-Robots-2026-1/install/xarm_description/share/xarm_description//meshes/xarm7_1305/collision/link1.obj
[2.237s] -- Installing: /home/christian-pineda/Mobile-Robots-2026-1/install/xarm_description/share/xarm_description//meshes/xarm7_1305/collision/link4.obj
[2.242s] -- Installing: /home/christian-pineda/Mobile-Robots-2026-1/install/xarm_description/share/xarm_description//meshes/xarm7_1305/collision/link5.obj
[2.242s] -- Installing: /home/christian-pineda/Mobile-Robots-2026-1/install/xarm_description/share/xarm_description//meshes/xarm7_1305/collision/link3.obj
[2.243s] -- Installing: /home/christian-pineda/Mobile-Robots-2026-1/install/xarm_description/share/xarm_description//meshes/xarm7_1305/collision/link7.obj
[2.246s] -- Installing: /home/christian-pineda/Mobile-Robots-2026-1/install/xarm_description/share/xarm_description//meshes/xarm7_1305/collision/link2.obj
[2.246s] -- Installing: /home/christian-pineda/Mobile-Robots-2026-1/install/xarm_description/share/xarm_description//meshes/xarm5_1305
[2.246s] -- Installing: /home/christian-pineda/Mobile-Robots-2026-1/install/xarm_description/share/xarm_description//meshes/xarm5_1305/visual
[2.246s] -- Installing: /home/christian-pineda/Mobile-Robots-2026-1/install/xarm_description/share/xarm_description//meshes/xarm5_1305/visual/link2.stl
[2.246s] -- Installing: /home/christian-pineda/Mobile-Robots-2026-1/install/xarm_description/share/xarm_description//meshes/xarm5_1305/visual/link4.stl
[2.246s] -- Installing: /home/christian-pineda/Mobile-Robots-2026-1/install/xarm_description/share/xarm_description//meshes/xarm5_1305/visual/link3.stl
[2.247s] -- Installing: /home/christian-pineda/Mobile-Robots-2026-1/install/xarm_description/share/xarm_description//meshes/xarm5_1305/visual/link_base.stl
[2.247s] -- Installing: /home/christian-pineda/Mobile-Robots-2026-1/install/xarm_description/share/xarm_description//meshes/xarm5_1305/visual/link1.stl
[2.247s] -- Installing: /home/christian-pineda/Mobile-Robots-2026-1/install/xarm_description/share/xarm_description//meshes/xarm5_1305/visual/link5.stl
[2.247s] -- Installing: /home/christian-pineda/Mobile-Robots-2026-1/install/xarm_description/share/xarm_description//meshes/xarm5_1305/collision
[2.247s] -- Installing: /home/christian-pineda/Mobile-Robots-2026-1/install/xarm_description/share/xarm_description//meshes/xarm5_1305/collision/link_base.obj
[2.254s] -- Installing: /home/christian-pineda/Mobile-Robots-2026-1/install/xarm_description/share/xarm_description//meshes/xarm5_1305/collision/link1.obj
[2.254s] -- Installing: /home/christian-pineda/Mobile-Robots-2026-1/install/xarm_description/share/xarm_description//meshes/xarm5_1305/collision/link4.obj
[2.254s] -- Installing: /home/christian-pineda/Mobile-Robots-2026-1/install/xarm_description/share/xarm_description//meshes/xarm5_1305/collision/link5.obj
[2.255s] -- Installing: /home/christian-pineda/Mobile-Robots-2026-1/install/xarm_description/share/xarm_description//meshes/xarm5_1305/collision/link3.obj
[2.255s] -- Installing: /home/christian-pineda/Mobile-Robots-2026-1/install/xarm_description/share/xarm_description//meshes/xarm5_1305/collision/link2.obj
[2.255s] -- Installing: /home/christian-pineda/Mobile-Robots-2026-1/install/xarm_description/share/xarm_description//meshes/xarm6_1305
[2.255s] -- Installing: /home/christian-pineda/Mobile-Robots-2026-1/install/xarm_description/share/xarm_description//meshes/xarm6_1305/visual
[2.255s] -- Installing: /home/christian-pineda/Mobile-Robots-2026-1/install/xarm_description/share/xarm_description//meshes/xarm6_1305/visual/link6.stl
[2.255s] -- Installing: /home/christian-pineda/Mobile-Robots-2026-1/install/xarm_description/share/xarm_description//meshes/xarm6_1305/visual/link2.stl
[2.256s] -- Installing: /home/christian-pineda/Mobile-Robots-2026-1/install/xarm_description/share/xarm_description//meshes/xarm6_1305/visual/link4.stl
[2.256s] -- Installing: /home/christian-pineda/Mobile-Robots-2026-1/install/xarm_description/share/xarm_description//meshes/xarm6_1305/visual/link3.stl
[2.256s] -- Installing: /home/christian-pineda/Mobile-Robots-2026-1/install/xarm_description/share/xarm_description//meshes/xarm6_1305/visual/link_base.stl
[2.256s] -- Installing: /home/christian-pineda/Mobile-Robots-2026-1/install/xarm_description/share/xarm_description//meshes/xarm6_1305/visual/link1.stl
[2.256s] -- Installing: /home/christian-pineda/Mobile-Robots-2026-1/install/xarm_description/share/xarm_description//meshes/xarm6_1305/visual/link5.stl
[2.259s] -- Installing: /home/christian-pineda/Mobile-Robots-2026-1/install/xarm_description/share/xarm_description//meshes/xarm6_1305/collision
[2.259s] -- Installing: /home/christian-pineda/Mobile-Robots-2026-1/install/xarm_description/share/xarm_description//meshes/xarm6_1305/collision/link_base.obj
[2.259s] -- Installing: /home/christian-pineda/Mobile-Robots-2026-1/install/xarm_description/share/xarm_description//meshes/xarm6_1305/collision/link6.obj
[2.259s] -- Installing: /home/christian-pineda/Mobile-Robots-2026-1/install/xarm_description/share/xarm_description//meshes/xarm6_1305/collision/link1.obj
[2.259s] -- Installing: /home/christian-pineda/Mobile-Robots-2026-1/install/xarm_description/share/xarm_description//meshes/xarm6_1305/collision/link4.obj
[2.259s] -- Installing: /home/christian-pineda/Mobile-Robots-2026-1/install/xarm_description/share/xarm_description//meshes/xarm6_1305/collision/link5.obj
[2.260s] -- Installing: /home/christian-pineda/Mobile-Robots-2026-1/install/xarm_description/share/xarm_description//meshes/xarm6_1305/collision/link3.obj
[2.260s] -- Installing: /home/christian-pineda/Mobile-Robots-2026-1/install/xarm_description/share/xarm_description//meshes/xarm6_1305/collision/link2.obj
[2.262s] -- Installing: /home/christian-pineda/Mobile-Robots-2026-1/install/xarm_description/share/xarm_description//meshes/xarm7
[2.263s] -- Installing: /home/christian-pineda/Mobile-Robots-2026-1/install/xarm_description/share/xarm_description//meshes/xarm7/visual
[2.263s] -- Installing: /home/christian-pineda/Mobile-Robots-2026-1/install/xarm_description/share/xarm_description//meshes/xarm7/visual/link6.stl
[2.263s] -- Installing: /home/christian-pineda/Mobile-Robots-2026-1/install/xarm_description/share/xarm_description//meshes/xarm7/visual/link7.stl
[2.263s] -- Installing: /home/christian-pineda/Mobile-Robots-2026-1/install/xarm_description/share/xarm_description//meshes/xarm7/visual/link2.stl
[2.263s] -- Installing: /home/christian-pineda/Mobile-Robots-2026-1/install/xarm_description/share/xarm_description//meshes/xarm7/visual/link4.stl
[2.264s] -- Installing: /home/christian-pineda/Mobile-Robots-2026-1/install/xarm_description/share/xarm_description//meshes/xarm7/visual/link3.stl
[2.264s] -- Installing: /home/christian-pineda/Mobile-Robots-2026-1/install/xarm_description/share/xarm_description//meshes/xarm7/visual/link_base.stl
[2.264s] -- Installing: /home/christian-pineda/Mobile-Robots-2026-1/install/xarm_description/share/xarm_description//meshes/xarm7/visual/link1.stl
[2.276s] -- Installing: /home/christian-pineda/Mobile-Robots-2026-1/install/xarm_description/share/xarm_description//meshes/xarm7/visual/link5.stl
[2.276s] -- Installing: /home/christian-pineda/Mobile-Robots-2026-1/install/xarm_description/share/xarm_description//meshes/gripper
[2.276s] -- Installing: /home/christian-pineda/Mobile-Robots-2026-1/install/xarm_description/share/xarm_description//meshes/gripper/lite
[2.276s] -- Installing: /home/christian-pineda/Mobile-Robots-2026-1/install/xarm_description/share/xarm_description//meshes/gripper/lite/visual
[2.277s] -- Installing: /home/christian-pineda/Mobile-Robots-2026-1/install/xarm_description/share/xarm_description//meshes/gripper/lite/visual/gripper_lite.stl
[2.277s] -- Installing: /home/christian-pineda/Mobile-Robots-2026-1/install/xarm_description/share/xarm_description//meshes/gripper/lite/collision
[2.280s] -- Installing: /home/christian-pineda/Mobile-Robots-2026-1/install/xarm_description/share/xarm_description//meshes/gripper/lite/collision/gripper_lite.stl
[2.281s] -- Installing: /home/christian-pineda/Mobile-Robots-2026-1/install/xarm_description/share/xarm_description//meshes/gripper/xarm
[2.281s] -- Installing: /home/christian-pineda/Mobile-Robots-2026-1/install/xarm_description/share/xarm_description//meshes/gripper/xarm/right_outer_knuckle.stl
[2.281s] -- Installing: /home/christian-pineda/Mobile-Robots-2026-1/install/xarm_description/share/xarm_description//meshes/gripper/xarm/right_finger.stl
[2.281s] -- Installing: /home/christian-pineda/Mobile-Robots-2026-1/install/xarm_description/share/xarm_description//meshes/gripper/xarm/right_inner_knuckle.stl
[2.281s] -- Installing: /home/christian-pineda/Mobile-Robots-2026-1/install/xarm_description/share/xarm_description//meshes/gripper/xarm/left_inner_knuckle.stl
[2.287s] -- Installing: /home/christian-pineda/Mobile-Robots-2026-1/install/xarm_description/share/xarm_description//meshes/gripper/xarm/left_finger.stl
[2.288s] -- Installing: /home/christian-pineda/Mobile-Robots-2026-1/install/xarm_description/share/xarm_description//meshes/gripper/xarm/left_outer_knuckle.stl
[2.288s] -- Installing: /home/christian-pineda/Mobile-Robots-2026-1/install/xarm_description/share/xarm_description//meshes/gripper/xarm/base_link.stl
[2.288s] -- Installing: /home/christian-pineda/Mobile-Robots-2026-1/install/xarm_description/share/xarm_description//meshes/gripper/bio
[2.288s] -- Installing: /home/christian-pineda/Mobile-Robots-2026-1/install/xarm_description/share/xarm_description//meshes/gripper/bio/right_finger.stl
[2.288s] -- Installing: /home/christian-pineda/Mobile-Robots-2026-1/install/xarm_description/share/xarm_description//meshes/gripper/bio/left_finger.stl
[2.288s] -- Installing: /home/christian-pineda/Mobile-Robots-2026-1/install/xarm_description/share/xarm_description//meshes/gripper/bio/link_base.stl
[2.289s] -- Installing: /home/christian-pineda/Mobile-Robots-2026-1/install/xarm_description/share/xarm_description//meshes/end_tool
[2.289s] -- Installing: /home/christian-pineda/Mobile-Robots-2026-1/install/xarm_description/share/xarm_description//meshes/end_tool/visual
[2.289s] -- Installing: /home/christian-pineda/Mobile-Robots-2026-1/install/xarm_description/share/xarm_description//meshes/end_tool/visual/end_tool_1300.stl
[2.289s] -- Installing: /home/christian-pineda/Mobile-Robots-2026-1/install/xarm_description/share/xarm_description//meshes/end_tool/collision
[2.289s] -- Installing: /home/christian-pineda/Mobile-Robots-2026-1/install/xarm_description/share/xarm_description//meshes/end_tool/collision/end_tool.stl
[2.289s] -- Installing: /home/christian-pineda/Mobile-Robots-2026-1/install/xarm_description/share/xarm_description//meshes/end_tool/collision/end_tool_1300.stl
[2.289s] -- Installing: /home/christian-pineda/Mobile-Robots-2026-1/install/xarm_description/share/xarm_description//meshes/camera
[2.289s] -- Installing: /home/christian-pineda/Mobile-Robots-2026-1/install/xarm_description/share/xarm_description//meshes/camera/realsense
[2.290s] -- Installing: /home/christian-pineda/Mobile-Robots-2026-1/install/xarm_description/share/xarm_description//meshes/camera/realsense/visual
[2.294s] -- Installing: /home/christian-pineda/Mobile-Robots-2026-1/install/xarm_description/share/xarm_description//meshes/camera/realsense/visual/d435_with_cam_stand.stl
[2.300s] -- Installing: /home/christian-pineda/Mobile-Robots-2026-1/install/xarm_description/share/xarm_description//meshes/camera/realsense/collision
[2.300s] -- Installing: /home/christian-pineda/Mobile-Robots-2026-1/install/xarm_description/share/xarm_description//meshes/camera/realsense/collision/d435_with_cam_stand.stl
[2.300s] -- Installing: /home/christian-pineda/Mobile-Robots-2026-1/install/xarm_description/share/xarm_description//launch
[2.300s] -- Installing: /home/christian-pineda/Mobile-Robots-2026-1/install/xarm_description/share/xarm_description//launch/lib
[2.301s] -- Installing: /home/christian-pineda/Mobile-Robots-2026-1/install/xarm_description/share/xarm_description//launch/lib/robot_description_lib.py
[2.301s] -- Installing: /home/christian-pineda/Mobile-Robots-2026-1/install/xarm_description/share/xarm_description//launch/xarm6_rviz_display.launch.py
[2.301s] -- Installing: /home/christian-pineda/Mobile-Robots-2026-1/install/xarm_description/share/xarm_description//launch/lite6_rviz_display.launch.py
[2.301s] -- Installing: /home/christian-pineda/Mobile-Robots-2026-1/install/xarm_description/share/xarm_description//launch/uf850_rviz_display.launch.py
[2.302s] -- Installing: /home/christian-pineda/Mobile-Robots-2026-1/install/xarm_description/share/xarm_description//launch/xarm7_rviz_display.launch.py
[2.302s] -- Installing: /home/christian-pineda/Mobile-Robots-2026-1/install/xarm_description/share/xarm_description//launch/_robot_description.launch.py
[2.302s] -- Installing: /home/christian-pineda/Mobile-Robots-2026-1/install/xarm_description/share/xarm_description//launch/_robot_joint_state.launch.py
[2.314s] -- Installing: /home/christian-pineda/Mobile-Robots-2026-1/install/xarm_description/share/xarm_description//launch/_rviz_display.launch.py
[2.314s] -- Installing: /home/christian-pineda/Mobile-Robots-2026-1/install/xarm_description/share/xarm_description//launch/xarm5_rviz_display.launch.py
[2.314s] -- Installing: /home/christian-pineda/Mobile-Robots-2026-1/install/xarm_description/share/xarm_description//launch/xarm7_mirror_rviz_display.launch.py
[2.315s] -- Installing: /home/christian-pineda/Mobile-Robots-2026-1/install/xarm_description/share/xarm_description//launch/_robot_rviz_display.launch.py
[2.315s] -- Installing: /home/christian-pineda/Mobile-Robots-2026-1/install/xarm_description/share/ament_index/resource_index/package_run_dependencies/xarm_description
[2.315s] -- Installing: /home/christian-pineda/Mobile-Robots-2026-1/install/xarm_description/share/ament_index/resource_index/parent_prefix_path/xarm_description
[2.315s] -- Installing: /home/christian-pineda/Mobile-Robots-2026-1/install/xarm_description/share/xarm_description/environment/ament_prefix_path.sh
[2.315s] -- Installing: /home/christian-pineda/Mobile-Robots-2026-1/install/xarm_description/share/xarm_description/environment/ament_prefix_path.dsv
[2.315s] -- Installing: /home/christian-pineda/Mobile-Robots-2026-1/install/xarm_description/share/xarm_description/environment/path.sh
[2.316s] -- Installing: /home/christian-pineda/Mobile-Robots-2026-1/install/xarm_description/share/xarm_description/environment/path.dsv
[2.316s] -- Installing: /home/christian-pineda/Mobile-Robots-2026-1/install/xarm_description/share/xarm_description/local_setup.bash
[2.316s] -- Installing: /home/christian-pineda/Mobile-Robots-2026-1/install/xarm_description/share/xarm_description/local_setup.sh
[2.316s] -- Installing: /home/christian-pineda/Mobile-Robots-2026-1/install/xarm_description/share/xarm_description/local_setup.zsh
[2.316s] -- Installing: /home/christian-pineda/Mobile-Robots-2026-1/install/xarm_description/share/xarm_description/local_setup.dsv
[2.316s] -- Installing: /home/christian-pineda/Mobile-Robots-2026-1/install/xarm_description/share/xarm_description/package.dsv
[2.321s] -- Installing: /home/christian-pineda/Mobile-Robots-2026-1/install/xarm_description/share/ament_index/resource_index/packages/xarm_description
[2.324s] -- Installing: /home/christian-pineda/Mobile-Robots-2026-1/install/xarm_description/share/xarm_description/cmake/xarm_descriptionConfig.cmake
[2.324s] -- Installing: /home/christian-pineda/Mobile-Robots-2026-1/install/xarm_description/share/xarm_description/cmake/xarm_descriptionConfig-version.cmake
[2.324s] -- Installing: /home/christian-pineda/Mobile-Robots-2026-1/install/xarm_description/share/xarm_description/package.xml
[2.325s] Invoked command in '/home/christian-pineda/Mobile-Robots-2026-1/build/xarm_description' returned '0': CMAKE_PREFIX_PATH=${CMAKE_PREFIX_PATH}:/home/christian-pineda/Mobile-Robots-2026-1/ros2_ws/install/uf_ros_lib:/home/christian-pineda/Mobile-Robots-2026-1/ros2_ws/install/simple_move:/opt/ros/jazzy DEBUGINFOD_URLS=https://debuginfod.ubuntu.com /usr/bin/cmake --install /home/christian-pineda/Mobile-Robots-2026-1/build/xarm_description
