[0.106s] Invoking command in '/home/christian-pineda/Mobile-Robots-2026-1/build/xarm_controller': AMENT_PREFIX_PATH=/home/christian-pineda/Mobile-Robots-2026-1/install/xarm_api:/home/christian-pineda/Mobile-Robots-2026-1/install/xarm_sdk:/home/christian-pineda/Mobile-Robots-2026-1/install/xarm_msgs:/home/christian-pineda/Mobile-Robots-2026-1/install/xarm_description:${AMENT_PREFIX_PATH} CMAKE_PREFIX_PATH=/home/christian-pineda/Mobile-Robots-2026-1/install/xarm_api:/home/christian-pineda/Mobile-Robots-2026-1/install/xarm_sdk:/home/christian-pineda/Mobile-Robots-2026-1/install/xarm_msgs:/home/christian-pineda/Mobile-Robots-2026-1/install/xarm_description:/home/christian-pineda/Mobile-Robots-2026-1/ros2_ws/install/xarm_controller:/home/christian-pineda/Mobile-Robots-2026-1/ros2_ws/install/xarm_api:/home/christian-pineda/Mobile-Robots-2026-1/ros2_ws/install/xarm_sdk:/home/christian-pineda/Mobile-Robots-2026-1/ros2_ws/install/xarm_msgs:/home/christian-pineda/Mobile-Robots-2026-1/ros2_ws/install/xarm_description:/home/christian-pineda/Mobile-Robots-2026-1/ros2_ws/install/justina_gui:/home/christian-pineda/Mobile-Robots-2026-1/ros2_ws/install/justina_description:/home/christian-pineda/Mobile-Robots-2026-1/ros2_ws/install/gazebo_envs:/home/christian-pineda/Mobile-Robots-2026-1/ros2_ws/install/config_files:/opt/ros/jazzy/opt/gz_sim_vendor:/opt/ros/jazzy/opt/gz_sensors_vendor:/opt/ros/jazzy/opt/gz_physics_vendor:/opt/ros/jazzy/opt/sdformat_vendor:/opt/ros/jazzy/opt/gz_gui_vendor:/opt/ros/jazzy/opt/gz_transport_vendor:/opt/ros/jazzy/opt/gz_rendering_vendor:/opt/ros/jazzy/opt/gz_plugin_vendor:/opt/ros/jazzy/opt/gz_fuel_tools_vendor:/opt/ros/jazzy/opt/gz_msgs_vendor:/opt/ros/jazzy/opt/gz_common_vendor:/opt/ros/jazzy/opt/gz_math_vendor:/opt/ros/jazzy/opt/gz_utils_vendor:/opt/ros/jazzy/opt/gz_tools_vendor:/opt/ros/jazzy/opt/gz_ogre_next_vendor:/opt/ros/jazzy/opt/gz_dartsim_vendor:/opt/ros/jazzy/opt/gz_cmake_vendor:/home/christian-pineda/Mobile-Robots-2026-1/ros2_ws/install/uf_ros_lib:/home/christian-pineda/Mobile-Robots-2026-1/ros2_ws/install/simple_move:/opt/ros/jazzy DEBUGINFOD_URLS=https://debuginfod.ubuntu.com LD_LIBRARY_PATH=/home/christian-pineda/Mobile-Robots-2026-1/install/xarm_api/lib:/home/christian-pineda/Mobile-Robots-2026-1/install/xarm_sdk/lib:/home/christian-pineda/Mobile-Robots-2026-1/install/xarm_msgs/lib:${LD_LIBRARY_PATH} PYTHONPATH=/home/christian-pineda/Mobile-Robots-2026-1/install/xarm_msgs/lib/python3.12/site-packages:${PYTHONPATH} /usr/bin/cmake /home/christian-pineda/Mobile-Robots-2026-1/ros2_ws/src/hardware/xarm_ros2/xarm_controller -DCMAKE_INSTALL_PREFIX=/home/christian-pineda/Mobile-Robots-2026-1/install/xarm_controller
[0.405s] -- The C compiler identification is GNU 13.3.0
[0.528s] -- The CXX compiler identification is GNU 13.3.0
[0.574s] -- Detecting C compiler ABI info
[0.742s] -- Detecting C compiler ABI info - done
[0.767s] -- Check for working C compiler: /usr/bin/cc - skipped
[0.771s] -- Detecting C compile features
[0.771s] -- Detecting C compile features - done
[0.791s] -- Detecting CXX compiler ABI info
[0.962s] -- Detecting CXX compiler ABI info - done
[0.987s] -- Check for working CXX compiler: /usr/bin/c++ - skipped
[0.987s] -- Detecting CXX compile features
[0.988s] -- Detecting CXX compile features - done
[1.017s] -- Found ament_cmake: 2.5.4 (/opt/ros/jazzy/share/ament_cmake/cmake)
[1.403s] -- Found Python3: /usr/bin/python3 (found version "3.12.3") found components: Interpreter 
[1.736s] -- Found ament_lint_auto: 0.17.3 (/opt/ros/jazzy/share/ament_lint_auto/cmake)
[2.041s] -- Found hardware_interface: 4.35.0 (/opt/ros/jazzy/share/hardware_interface/cmake)
[2.252s] -- Found rosidl_generator_c: 4.6.6 (/opt/ros/jazzy/share/rosidl_generator_c/cmake)
[2.305s] -- Found rosidl_generator_cpp: 4.6.6 (/opt/ros/jazzy/share/rosidl_generator_cpp/cmake)
[2.379s] -- Using all available rosidl_typesupport_c: rosidl_typesupport_fastrtps_c;rosidl_typesupport_introspection_c
[2.452s] -- Using all available rosidl_typesupport_cpp: rosidl_typesupport_fastrtps_cpp;rosidl_typesupport_introspection_cpp
[3.220s] -- Found TinyXML2 via Config file: /usr/lib/x86_64-linux-gnu/cmake/tinyxml2
[3.404s] -- Found rmw_implementation_cmake: 7.3.2 (/opt/ros/jazzy/share/rmw_implementation_cmake/cmake)
[3.418s] -- Found rmw_fastrtps_cpp: 8.4.3 (/opt/ros/jazzy/share/rmw_fastrtps_cpp/cmake)
[3.515s] -- Found TinyXML2 via Config file: /usr/lib/x86_64-linux-gnu/cmake/tinyxml2
[3.646s] -- Found OpenSSL: /usr/lib/x86_64-linux-gnu/libcrypto.so (found version "3.0.13")  
[3.655s] -- Found TinyXML2 via Config file: /usr/lib/x86_64-linux-gnu/cmake/tinyxml2
[3.694s] -- Found FastRTPS: /opt/ros/jazzy/include (Required is at least version "2.13") 
[3.704s] -- Found TinyXML2 via Config file: /usr/lib/x86_64-linux-gnu/cmake/tinyxml2
[3.722s] -- Found TinyXML2 via Config file: /usr/lib/x86_64-linux-gnu/cmake/tinyxml2
[3.751s] -- Using RMW implementation 'rmw_fastrtps_cpp' as default
[4.582s] -- Found controller_manager_msgs: 4.35.0 (/opt/ros/jazzy/share/controller_manager_msgs/cmake)
[4.709s] -- Found xarm_msgs: 0.0.0 (/home/christian-pineda/Mobile-Robots-2026-1/install/xarm_msgs/share/xarm_msgs/cmake)
[4.905s] -- Found xarm_api: 0.0.0 (/home/christian-pineda/Mobile-Robots-2026-1/install/xarm_api/share/xarm_api/cmake)
[4.910s] -- Found xarm_sdk: 0.0.0 (/home/christian-pineda/Mobile-Robots-2026-1/install/xarm_sdk/share/xarm_sdk/cmake)
[4.944s] -- Added test 'copyright' to check source files copyright and LICENSE
[4.954s] -- Added test 'cppcheck' to perform static code analysis on C / C++ code
[4.954s] -- Configured cppcheck include dirs: /home/christian-pineda/Mobile-Robots-2026-1/ros2_ws/src/hardware/xarm_ros2/xarm_controller/include
[4.955s] -- Configured cppcheck exclude dirs and/or files: 
[4.960s] -- Added test 'cpplint' to check C / C++ code against the Google style
[4.960s] -- Configured cpplint exclude dirs and/or files: 
[4.963s] -- Added test 'flake8' to check Python code syntax and style conventions
[4.963s] -- Configured 'flake8' exclude dirs and/or files: 
[4.967s] -- Added test 'lint_cmake' to check CMake code style
[4.970s] -- Added test 'pep257' to check Python code against some of the docstring style conventions in PEP 257
[4.975s] -- Added test 'uncrustify' to check C / C++ code style
[4.975s] -- Configured uncrustify additional arguments: 
[4.978s] -- Added test 'xmllint' to check XML markup files
[4.992s] -- Configuring done (4.9s)
[5.070s] -- Generating done (0.1s)
[5.083s] -- Build files have been written to: /home/christian-pineda/Mobile-Robots-2026-1/build/xarm_controller
[5.102s] Invoked command in '/home/christian-pineda/Mobile-Robots-2026-1/build/xarm_controller' returned '0': AMENT_PREFIX_PATH=/home/christian-pineda/Mobile-Robots-2026-1/install/xarm_api:/home/christian-pineda/Mobile-Robots-2026-1/install/xarm_sdk:/home/christian-pineda/Mobile-Robots-2026-1/install/xarm_msgs:/home/christian-pineda/Mobile-Robots-2026-1/install/xarm_description:${AMENT_PREFIX_PATH} CMAKE_PREFIX_PATH=/home/christian-pineda/Mobile-Robots-2026-1/install/xarm_api:/home/christian-pineda/Mobile-Robots-2026-1/install/xarm_sdk:/home/christian-pineda/Mobile-Robots-2026-1/install/xarm_msgs:/home/christian-pineda/Mobile-Robots-2026-1/install/xarm_description:/home/christian-pineda/Mobile-Robots-2026-1/ros2_ws/install/xarm_controller:/home/christian-pineda/Mobile-Robots-2026-1/ros2_ws/install/xarm_api:/home/christian-pineda/Mobile-Robots-2026-1/ros2_ws/install/xarm_sdk:/home/christian-pineda/Mobile-Robots-2026-1/ros2_ws/install/xarm_msgs:/home/christian-pineda/Mobile-Robots-2026-1/ros2_ws/install/xarm_description:/home/christian-pineda/Mobile-Robots-2026-1/ros2_ws/install/justina_gui:/home/christian-pineda/Mobile-Robots-2026-1/ros2_ws/install/justina_description:/home/christian-pineda/Mobile-Robots-2026-1/ros2_ws/install/gazebo_envs:/home/christian-pineda/Mobile-Robots-2026-1/ros2_ws/install/config_files:/opt/ros/jazzy/opt/gz_sim_vendor:/opt/ros/jazzy/opt/gz_sensors_vendor:/opt/ros/jazzy/opt/gz_physics_vendor:/opt/ros/jazzy/opt/sdformat_vendor:/opt/ros/jazzy/opt/gz_gui_vendor:/opt/ros/jazzy/opt/gz_transport_vendor:/opt/ros/jazzy/opt/gz_rendering_vendor:/opt/ros/jazzy/opt/gz_plugin_vendor:/opt/ros/jazzy/opt/gz_fuel_tools_vendor:/opt/ros/jazzy/opt/gz_msgs_vendor:/opt/ros/jazzy/opt/gz_common_vendor:/opt/ros/jazzy/opt/gz_math_vendor:/opt/ros/jazzy/opt/gz_utils_vendor:/opt/ros/jazzy/opt/gz_tools_vendor:/opt/ros/jazzy/opt/gz_ogre_next_vendor:/opt/ros/jazzy/opt/gz_dartsim_vendor:/opt/ros/jazzy/opt/gz_cmake_vendor:/home/christian-pineda/Mobile-Robots-2026-1/ros2_ws/install/uf_ros_lib:/home/christian-pineda/Mobile-Robots-2026-1/ros2_ws/install/simple_move:/opt/ros/jazzy DEBUGINFOD_URLS=https://debuginfod.ubuntu.com LD_LIBRARY_PATH=/home/christian-pineda/Mobile-Robots-2026-1/install/xarm_api/lib:/home/christian-pineda/Mobile-Robots-2026-1/install/xarm_sdk/lib:/home/christian-pineda/Mobile-Robots-2026-1/install/xarm_msgs/lib:${LD_LIBRARY_PATH} PYTHONPATH=/home/christian-pineda/Mobile-Robots-2026-1/install/xarm_msgs/lib/python3.12/site-packages:${PYTHONPATH} /usr/bin/cmake /home/christian-pineda/Mobile-Robots-2026-1/ros2_ws/src/hardware/xarm_ros2/xarm_controller -DCMAKE_INSTALL_PREFIX=/home/christian-pineda/Mobile-Robots-2026-1/install/xarm_controller
[5.109s] Invoking command in '/home/christian-pineda/Mobile-Robots-2026-1/build/xarm_controller': AMENT_PREFIX_PATH=/home/christian-pineda/Mobile-Robots-2026-1/install/xarm_api:/home/christian-pineda/Mobile-Robots-2026-1/install/xarm_sdk:/home/christian-pineda/Mobile-Robots-2026-1/install/xarm_msgs:/home/christian-pineda/Mobile-Robots-2026-1/install/xarm_description:${AMENT_PREFIX_PATH} CMAKE_PREFIX_PATH=/home/christian-pineda/Mobile-Robots-2026-1/install/xarm_api:/home/christian-pineda/Mobile-Robots-2026-1/install/xarm_sdk:/home/christian-pineda/Mobile-Robots-2026-1/install/xarm_msgs:/home/christian-pineda/Mobile-Robots-2026-1/install/xarm_description:/home/christian-pineda/Mobile-Robots-2026-1/ros2_ws/install/xarm_controller:/home/christian-pineda/Mobile-Robots-2026-1/ros2_ws/install/xarm_api:/home/christian-pineda/Mobile-Robots-2026-1/ros2_ws/install/xarm_sdk:/home/christian-pineda/Mobile-Robots-2026-1/ros2_ws/install/xarm_msgs:/home/christian-pineda/Mobile-Robots-2026-1/ros2_ws/install/xarm_description:/home/christian-pineda/Mobile-Robots-2026-1/ros2_ws/install/justina_gui:/home/christian-pineda/Mobile-Robots-2026-1/ros2_ws/install/justina_description:/home/christian-pineda/Mobile-Robots-2026-1/ros2_ws/install/gazebo_envs:/home/christian-pineda/Mobile-Robots-2026-1/ros2_ws/install/config_files:/opt/ros/jazzy/opt/gz_sim_vendor:/opt/ros/jazzy/opt/gz_sensors_vendor:/opt/ros/jazzy/opt/gz_physics_vendor:/opt/ros/jazzy/opt/sdformat_vendor:/opt/ros/jazzy/opt/gz_gui_vendor:/opt/ros/jazzy/opt/gz_transport_vendor:/opt/ros/jazzy/opt/gz_rendering_vendor:/opt/ros/jazzy/opt/gz_plugin_vendor:/opt/ros/jazzy/opt/gz_fuel_tools_vendor:/opt/ros/jazzy/opt/gz_msgs_vendor:/opt/ros/jazzy/opt/gz_common_vendor:/opt/ros/jazzy/opt/gz_math_vendor:/opt/ros/jazzy/opt/gz_utils_vendor:/opt/ros/jazzy/opt/gz_tools_vendor:/opt/ros/jazzy/opt/gz_ogre_next_vendor:/opt/ros/jazzy/opt/gz_dartsim_vendor:/opt/ros/jazzy/opt/gz_cmake_vendor:/home/christian-pineda/Mobile-Robots-2026-1/ros2_ws/install/uf_ros_lib:/home/christian-pineda/Mobile-Robots-2026-1/ros2_ws/install/simple_move:/opt/ros/jazzy DEBUGINFOD_URLS=https://debuginfod.ubuntu.com LD_LIBRARY_PATH=/home/christian-pineda/Mobile-Robots-2026-1/install/xarm_api/lib:/home/christian-pineda/Mobile-Robots-2026-1/install/xarm_sdk/lib:/home/christian-pineda/Mobile-Robots-2026-1/install/xarm_msgs/lib:${LD_LIBRARY_PATH} PYTHONPATH=/home/christian-pineda/Mobile-Robots-2026-1/install/xarm_msgs/lib/python3.12/site-packages:${PYTHONPATH} /usr/bin/cmake --build /home/christian-pineda/Mobile-Robots-2026-1/build/xarm_controller -- -j4 -l4
[5.203s] [ 66%] [32mBuilding CXX object CMakeFiles/uf_robot_hardware.dir/src/hardware/uf_robot_fake_system_hardware.cpp.o[0m
[5.203s] [ 66%] [32mBuilding CXX object CMakeFiles/uf_robot_hardware.dir/src/hardware/uf_robot_system_hardware.cpp.o[0m
[17.082s] [01m[K/home/christian-pineda/Mobile-Robots-2026-1/ros2_ws/src/hardware/xarm_ros2/xarm_controller/src/hardware/uf_robot_system_hardware.cpp:[m[K In member function ‘[01m[Kvirtual uf_robot_hardware::CallbackReturn uf_robot_hardware::UFRobotSystemHardware::[01;32m[Kon_init[m[K(const hardware_interface::HardwareInfo&)[m[K’:
[17.083s] [01m[K/home/christian-pineda/Mobile-Robots-2026-1/ros2_ws/src/hardware/xarm_ros2/xarm_controller/src/hardware/uf_robot_system_hardware.cpp:163:57:[m[K [01;35m[Kwarning: [m[K‘[01m[Kvirtual rclcpp_lifecycle::node_interfaces::LifecycleNodeInterface::CallbackReturn hardware_interface::SystemInterface::[01;32m[Kon_init[m[K(const hardware_interface::HardwareInfo&)[m[K’ is deprecated: Use on_init(const HardwareComponentInterfaceParams & params) instead. [[01;35m[K]8;;https://gcc.gnu.org/onlinedocs/gcc/Warning-Options.html#index-Wdeprecated-declarations-Wdeprecated-declarations]8;;[m[K]
[17.083s]   163 |         if ([01;35m[Khardware_interface::SystemInterface::on_init(info)[m[K != CallbackReturn::SUCCESS) {
[17.083s]       |             [01;35m[K~~~~~~~~~~~~~~~~~~~~~~~~~~~~~~~~~~~~~~~~~~~~^~~~~~[m[K
[17.083s] In file included from [01m[K/home/christian-pineda/Mobile-Robots-2026-1/ros2_ws/src/hardware/xarm_ros2/xarm_controller/include/xarm_controller/hardware/uf_robot_system_hardware.h:22[m[K,
[17.083s]                  from [01m[K/home/christian-pineda/Mobile-Robots-2026-1/ros2_ws/src/hardware/xarm_ros2/xarm_controller/src/hardware/uf_robot_system_hardware.cpp:9[m[K:
[17.083s] [01m[K/opt/ros/jazzy/include/hardware_interface/hardware_interface/system_interface.hpp:243:26:[m[K [01;36m[Knote: [m[Kdeclared here
[17.083s]   243 |   virtual CallbackReturn [01;36m[Kon_init[m[K(const HardwareInfo & hardware_info)
[17.083s]       |                          [01;36m[K^~~~~~~[m[K
[28.915s] [100%] [32m[1mLinking CXX shared library libuf_robot_hardware.so[0m
[31.813s] [100%] Built target uf_robot_hardware
[31.837s] Invoked command in '/home/christian-pineda/Mobile-Robots-2026-1/build/xarm_controller' returned '0': AMENT_PREFIX_PATH=/home/christian-pineda/Mobile-Robots-2026-1/install/xarm_api:/home/christian-pineda/Mobile-Robots-2026-1/install/xarm_sdk:/home/christian-pineda/Mobile-Robots-2026-1/install/xarm_msgs:/home/christian-pineda/Mobile-Robots-2026-1/install/xarm_description:${AMENT_PREFIX_PATH} CMAKE_PREFIX_PATH=/home/christian-pineda/Mobile-Robots-2026-1/install/xarm_api:/home/christian-pineda/Mobile-Robots-2026-1/install/xarm_sdk:/home/christian-pineda/Mobile-Robots-2026-1/install/xarm_msgs:/home/christian-pineda/Mobile-Robots-2026-1/install/xarm_description:/home/christian-pineda/Mobile-Robots-2026-1/ros2_ws/install/xarm_controller:/home/christian-pineda/Mobile-Robots-2026-1/ros2_ws/install/xarm_api:/home/christian-pineda/Mobile-Robots-2026-1/ros2_ws/install/xarm_sdk:/home/christian-pineda/Mobile-Robots-2026-1/ros2_ws/install/xarm_msgs:/home/christian-pineda/Mobile-Robots-2026-1/ros2_ws/install/xarm_description:/home/christian-pineda/Mobile-Robots-2026-1/ros2_ws/install/justina_gui:/home/christian-pineda/Mobile-Robots-2026-1/ros2_ws/install/justina_description:/home/christian-pineda/Mobile-Robots-2026-1/ros2_ws/install/gazebo_envs:/home/christian-pineda/Mobile-Robots-2026-1/ros2_ws/install/config_files:/opt/ros/jazzy/opt/gz_sim_vendor:/opt/ros/jazzy/opt/gz_sensors_vendor:/opt/ros/jazzy/opt/gz_physics_vendor:/opt/ros/jazzy/opt/sdformat_vendor:/opt/ros/jazzy/opt/gz_gui_vendor:/opt/ros/jazzy/opt/gz_transport_vendor:/opt/ros/jazzy/opt/gz_rendering_vendor:/opt/ros/jazzy/opt/gz_plugin_vendor:/opt/ros/jazzy/opt/gz_fuel_tools_vendor:/opt/ros/jazzy/opt/gz_msgs_vendor:/opt/ros/jazzy/opt/gz_common_vendor:/opt/ros/jazzy/opt/gz_math_vendor:/opt/ros/jazzy/opt/gz_utils_vendor:/opt/ros/jazzy/opt/gz_tools_vendor:/opt/ros/jazzy/opt/gz_ogre_next_vendor:/opt/ros/jazzy/opt/gz_dartsim_vendor:/opt/ros/jazzy/opt/gz_cmake_vendor:/home/christian-pineda/Mobile-Robots-2026-1/ros2_ws/install/uf_ros_lib:/home/christian-pineda/Mobile-Robots-2026-1/ros2_ws/install/simple_move:/opt/ros/jazzy DEBUGINFOD_URLS=https://debuginfod.ubuntu.com LD_LIBRARY_PATH=/home/christian-pineda/Mobile-Robots-2026-1/install/xarm_api/lib:/home/christian-pineda/Mobile-Robots-2026-1/install/xarm_sdk/lib:/home/christian-pineda/Mobile-Robots-2026-1/install/xarm_msgs/lib:${LD_LIBRARY_PATH} PYTHONPATH=/home/christian-pineda/Mobile-Robots-2026-1/install/xarm_msgs/lib/python3.12/site-packages:${PYTHONPATH} /usr/bin/cmake --build /home/christian-pineda/Mobile-Robots-2026-1/build/xarm_controller -- -j4 -l4
[31.840s] Invoking command in '/home/christian-pineda/Mobile-Robots-2026-1/build/xarm_controller': AMENT_PREFIX_PATH=/home/christian-pineda/Mobile-Robots-2026-1/install/xarm_api:/home/christian-pineda/Mobile-Robots-2026-1/install/xarm_sdk:/home/christian-pineda/Mobile-Robots-2026-1/install/xarm_msgs:/home/christian-pineda/Mobile-Robots-2026-1/install/xarm_description:${AMENT_PREFIX_PATH} CMAKE_PREFIX_PATH=/home/christian-pineda/Mobile-Robots-2026-1/install/xarm_api:/home/christian-pineda/Mobile-Robots-2026-1/install/xarm_sdk:/home/christian-pineda/Mobile-Robots-2026-1/install/xarm_msgs:/home/christian-pineda/Mobile-Robots-2026-1/install/xarm_description:/home/christian-pineda/Mobile-Robots-2026-1/ros2_ws/install/xarm_controller:/home/christian-pineda/Mobile-Robots-2026-1/ros2_ws/install/xarm_api:/home/christian-pineda/Mobile-Robots-2026-1/ros2_ws/install/xarm_sdk:/home/christian-pineda/Mobile-Robots-2026-1/ros2_ws/install/xarm_msgs:/home/christian-pineda/Mobile-Robots-2026-1/ros2_ws/install/xarm_description:/home/christian-pineda/Mobile-Robots-2026-1/ros2_ws/install/justina_gui:/home/christian-pineda/Mobile-Robots-2026-1/ros2_ws/install/justina_description:/home/christian-pineda/Mobile-Robots-2026-1/ros2_ws/install/gazebo_envs:/home/christian-pineda/Mobile-Robots-2026-1/ros2_ws/install/config_files:/opt/ros/jazzy/opt/gz_sim_vendor:/opt/ros/jazzy/opt/gz_sensors_vendor:/opt/ros/jazzy/opt/gz_physics_vendor:/opt/ros/jazzy/opt/sdformat_vendor:/opt/ros/jazzy/opt/gz_gui_vendor:/opt/ros/jazzy/opt/gz_transport_vendor:/opt/ros/jazzy/opt/gz_rendering_vendor:/opt/ros/jazzy/opt/gz_plugin_vendor:/opt/ros/jazzy/opt/gz_fuel_tools_vendor:/opt/ros/jazzy/opt/gz_msgs_vendor:/opt/ros/jazzy/opt/gz_common_vendor:/opt/ros/jazzy/opt/gz_math_vendor:/opt/ros/jazzy/opt/gz_utils_vendor:/opt/ros/jazzy/opt/gz_tools_vendor:/opt/ros/jazzy/opt/gz_ogre_next_vendor:/opt/ros/jazzy/opt/gz_dartsim_vendor:/opt/ros/jazzy/opt/gz_cmake_vendor:/home/christian-pineda/Mobile-Robots-2026-1/ros2_ws/install/uf_ros_lib:/home/christian-pineda/Mobile-Robots-2026-1/ros2_ws/install/simple_move:/opt/ros/jazzy DEBUGINFOD_URLS=https://debuginfod.ubuntu.com LD_LIBRARY_PATH=/home/christian-pineda/Mobile-Robots-2026-1/install/xarm_api/lib:/home/christian-pineda/Mobile-Robots-2026-1/install/xarm_sdk/lib:/home/christian-pineda/Mobile-Robots-2026-1/install/xarm_msgs/lib:${LD_LIBRARY_PATH} PYTHONPATH=/home/christian-pineda/Mobile-Robots-2026-1/install/xarm_msgs/lib/python3.12/site-packages:${PYTHONPATH} /usr/bin/cmake --install /home/christian-pineda/Mobile-Robots-2026-1/build/xarm_controller
[31.853s] -- Install configuration: ""
[31.853s] -- Installing: /home/christian-pineda/Mobile-Robots-2026-1/install/xarm_controller/share/xarm_controller/uf_hardware_interface_plugins.xml
[31.854s] -- Installing: /home/christian-pineda/Mobile-Robots-2026-1/install/xarm_controller/include
[31.854s] -- Installing: /home/christian-pineda/Mobile-Robots-2026-1/install/xarm_controller/include/xarm_controller
[31.855s] -- Installing: /home/christian-pineda/Mobile-Robots-2026-1/install/xarm_controller/include/xarm_controller/hardware
[31.855s] -- Installing: /home/christian-pineda/Mobile-Robots-2026-1/install/xarm_controller/include/xarm_controller/hardware/uf_robot_fake_system_hardware.h
[31.855s] -- Installing: /home/christian-pineda/Mobile-Robots-2026-1/install/xarm_controller/include/xarm_controller/hardware/uf_robot_system_hardware.h
[31.855s] -- Installing: /home/christian-pineda/Mobile-Robots-2026-1/install/xarm_controller/include/xarm_controller/hardware/bak_uf_robot_fake_system_hardware.h
[31.855s] -- Installing: /home/christian-pineda/Mobile-Robots-2026-1/install/xarm_controller/lib/libuf_robot_hardware.so
[31.863s] -- Set non-toolchain portion of runtime path of "/home/christian-pineda/Mobile-Robots-2026-1/install/xarm_controller/lib/libuf_robot_hardware.so" to ""
[31.863s] -- Installing: /home/christian-pineda/Mobile-Robots-2026-1/install/xarm_controller/share/xarm_controller//launch
[31.863s] -- Installing: /home/christian-pineda/Mobile-Robots-2026-1/install/xarm_controller/share/xarm_controller//launch/_ros2_control.launch.py
[31.864s] -- Installing: /home/christian-pineda/Mobile-Robots-2026-1/install/xarm_controller/share/xarm_controller//launch/uf850_control_rviz_display.launch.py
[31.864s] -- Installing: /home/christian-pineda/Mobile-Robots-2026-1/install/xarm_controller/share/xarm_controller//launch/xarm7_mirror_control_rviz_display.launch.py
[31.865s] -- Installing: /home/christian-pineda/Mobile-Robots-2026-1/install/xarm_controller/share/xarm_controller//launch/lib
[31.865s] -- Installing: /home/christian-pineda/Mobile-Robots-2026-1/install/xarm_controller/share/xarm_controller//launch/lib/robot_controller_lib.py
[31.866s] -- Installing: /home/christian-pineda/Mobile-Robots-2026-1/install/xarm_controller/share/xarm_controller//launch/_robot_ros2_control.launch.py
[31.867s] -- Installing: /home/christian-pineda/Mobile-Robots-2026-1/install/xarm_controller/share/xarm_controller//launch/xarm7_control_rviz_display.launch.py
[31.867s] -- Installing: /home/christian-pineda/Mobile-Robots-2026-1/install/xarm_controller/share/xarm_controller//launch/_dual_ros2_control.launch.py
[31.868s] -- Installing: /home/christian-pineda/Mobile-Robots-2026-1/install/xarm_controller/share/xarm_controller//launch/xarm6_control_rviz_display.launch.py
[31.869s] -- Installing: /home/christian-pineda/Mobile-Robots-2026-1/install/xarm_controller/share/xarm_controller//launch/lite6_control_rviz_display.launch.py
[31.869s] -- Installing: /home/christian-pineda/Mobile-Robots-2026-1/install/xarm_controller/share/xarm_controller//launch/xarm5_control_rviz_display.launch.py
[31.870s] -- Installing: /home/christian-pineda/Mobile-Robots-2026-1/install/xarm_controller/share/xarm_controller//config
[31.870s] -- Installing: /home/christian-pineda/Mobile-Robots-2026-1/install/xarm_controller/share/xarm_controller//config/xarm6_controllers.yaml
[31.871s] -- Installing: /home/christian-pineda/Mobile-Robots-2026-1/install/xarm_controller/share/xarm_controller//config/xarm7_mirror_gripper_controllers.yaml
[31.871s] -- Installing: /home/christian-pineda/Mobile-Robots-2026-1/install/xarm_controller/share/xarm_controller//config/uf850_controllers.yaml
[31.872s] -- Installing: /home/christian-pineda/Mobile-Robots-2026-1/install/xarm_controller/share/xarm_controller//config/xarm5_controllers.yaml
[31.872s] -- Installing: /home/christian-pineda/Mobile-Robots-2026-1/install/xarm_controller/share/xarm_controller//config/xarm_gripper_controllers.yaml
[31.873s] -- Installing: /home/christian-pineda/Mobile-Robots-2026-1/install/xarm_controller/share/xarm_controller//config/xarm7_mirror_controllers.yaml
[31.873s] -- Installing: /home/christian-pineda/Mobile-Robots-2026-1/install/xarm_controller/share/xarm_controller//config/xarm7_controllers.yaml
[31.874s] -- Installing: /home/christian-pineda/Mobile-Robots-2026-1/install/xarm_controller/share/xarm_controller//config/uf850_gripper_controllers.yaml
[31.875s] -- Installing: /home/christian-pineda/Mobile-Robots-2026-1/install/xarm_controller/share/xarm_controller//config/bio_gripper_controllers.yaml
[31.875s] -- Installing: /home/christian-pineda/Mobile-Robots-2026-1/install/xarm_controller/share/xarm_controller//config/lite6_controllers.yaml
[31.876s] -- Installing: /home/christian-pineda/Mobile-Robots-2026-1/install/xarm_controller/share/xarm_controller/environment/library_path.sh
[31.876s] -- Installing: /home/christian-pineda/Mobile-Robots-2026-1/install/xarm_controller/share/xarm_controller/environment/library_path.dsv
[31.877s] -- Installing: /home/christian-pineda/Mobile-Robots-2026-1/install/xarm_controller/share/ament_index/resource_index/package_run_dependencies/xarm_controller
[31.877s] -- Installing: /home/christian-pineda/Mobile-Robots-2026-1/install/xarm_controller/share/ament_index/resource_index/parent_prefix_path/xarm_controller
[31.877s] -- Installing: /home/christian-pineda/Mobile-Robots-2026-1/install/xarm_controller/share/xarm_controller/environment/ament_prefix_path.sh
[31.877s] -- Installing: /home/christian-pineda/Mobile-Robots-2026-1/install/xarm_controller/share/xarm_controller/environment/ament_prefix_path.dsv
[31.878s] -- Installing: /home/christian-pineda/Mobile-Robots-2026-1/install/xarm_controller/share/xarm_controller/environment/path.sh
[31.878s] -- Installing: /home/christian-pineda/Mobile-Robots-2026-1/install/xarm_controller/share/xarm_controller/environment/path.dsv
[31.878s] -- Installing: /home/christian-pineda/Mobile-Robots-2026-1/install/xarm_controller/share/xarm_controller/local_setup.bash
[31.878s] -- Installing: /home/christian-pineda/Mobile-Robots-2026-1/install/xarm_controller/share/xarm_controller/local_setup.sh
[31.879s] -- Installing: /home/christian-pineda/Mobile-Robots-2026-1/install/xarm_controller/share/xarm_controller/local_setup.zsh
[31.879s] -- Installing: /home/christian-pineda/Mobile-Robots-2026-1/install/xarm_controller/share/xarm_controller/local_setup.dsv
[31.879s] -- Installing: /home/christian-pineda/Mobile-Robots-2026-1/install/xarm_controller/share/xarm_controller/package.dsv
[31.879s] -- Installing: /home/christian-pineda/Mobile-Robots-2026-1/install/xarm_controller/share/ament_index/resource_index/packages/xarm_controller
[31.880s] -- Installing: /home/christian-pineda/Mobile-Robots-2026-1/install/xarm_controller/share/ament_index/resource_index/hardware_interface__pluginlib__plugin/xarm_controller
[31.880s] -- Installing: /home/christian-pineda/Mobile-Robots-2026-1/install/xarm_controller/share/xarm_controller/cmake/ament_cmake_export_include_directories-extras.cmake
[31.880s] -- Installing: /home/christian-pineda/Mobile-Robots-2026-1/install/xarm_controller/share/xarm_controller/cmake/ament_cmake_export_libraries-extras.cmake
[31.880s] -- Installing: /home/christian-pineda/Mobile-Robots-2026-1/install/xarm_controller/share/xarm_controller/cmake/ament_cmake_export_dependencies-extras.cmake
[31.881s] -- Installing: /home/christian-pineda/Mobile-Robots-2026-1/install/xarm_controller/share/xarm_controller/cmake/xarm_controllerConfig.cmake
[31.881s] -- Installing: /home/christian-pineda/Mobile-Robots-2026-1/install/xarm_controller/share/xarm_controller/cmake/xarm_controllerConfig-version.cmake
[31.881s] -- Installing: /home/christian-pineda/Mobile-Robots-2026-1/install/xarm_controller/share/xarm_controller/package.xml
[31.885s] Invoked command in '/home/christian-pineda/Mobile-Robots-2026-1/build/xarm_controller' returned '0': AMENT_PREFIX_PATH=/home/christian-pineda/Mobile-Robots-2026-1/install/xarm_api:/home/christian-pineda/Mobile-Robots-2026-1/install/xarm_sdk:/home/christian-pineda/Mobile-Robots-2026-1/install/xarm_msgs:/home/christian-pineda/Mobile-Robots-2026-1/install/xarm_description:${AMENT_PREFIX_PATH} CMAKE_PREFIX_PATH=/home/christian-pineda/Mobile-Robots-2026-1/install/xarm_api:/home/christian-pineda/Mobile-Robots-2026-1/install/xarm_sdk:/home/christian-pineda/Mobile-Robots-2026-1/install/xarm_msgs:/home/christian-pineda/Mobile-Robots-2026-1/install/xarm_description:/home/christian-pineda/Mobile-Robots-2026-1/ros2_ws/install/xarm_controller:/home/christian-pineda/Mobile-Robots-2026-1/ros2_ws/install/xarm_api:/home/christian-pineda/Mobile-Robots-2026-1/ros2_ws/install/xarm_sdk:/home/christian-pineda/Mobile-Robots-2026-1/ros2_ws/install/xarm_msgs:/home/christian-pineda/Mobile-Robots-2026-1/ros2_ws/install/xarm_description:/home/christian-pineda/Mobile-Robots-2026-1/ros2_ws/install/justina_gui:/home/christian-pineda/Mobile-Robots-2026-1/ros2_ws/install/justina_description:/home/christian-pineda/Mobile-Robots-2026-1/ros2_ws/install/gazebo_envs:/home/christian-pineda/Mobile-Robots-2026-1/ros2_ws/install/config_files:/opt/ros/jazzy/opt/gz_sim_vendor:/opt/ros/jazzy/opt/gz_sensors_vendor:/opt/ros/jazzy/opt/gz_physics_vendor:/opt/ros/jazzy/opt/sdformat_vendor:/opt/ros/jazzy/opt/gz_gui_vendor:/opt/ros/jazzy/opt/gz_transport_vendor:/opt/ros/jazzy/opt/gz_rendering_vendor:/opt/ros/jazzy/opt/gz_plugin_vendor:/opt/ros/jazzy/opt/gz_fuel_tools_vendor:/opt/ros/jazzy/opt/gz_msgs_vendor:/opt/ros/jazzy/opt/gz_common_vendor:/opt/ros/jazzy/opt/gz_math_vendor:/opt/ros/jazzy/opt/gz_utils_vendor:/opt/ros/jazzy/opt/gz_tools_vendor:/opt/ros/jazzy/opt/gz_ogre_next_vendor:/opt/ros/jazzy/opt/gz_dartsim_vendor:/opt/ros/jazzy/opt/gz_cmake_vendor:/home/christian-pineda/Mobile-Robots-2026-1/ros2_ws/install/uf_ros_lib:/home/christian-pineda/Mobile-Robots-2026-1/ros2_ws/install/simple_move:/opt/ros/jazzy DEBUGINFOD_URLS=https://debuginfod.ubuntu.com LD_LIBRARY_PATH=/home/christian-pineda/Mobile-Robots-2026-1/install/xarm_api/lib:/home/christian-pineda/Mobile-Robots-2026-1/install/xarm_sdk/lib:/home/christian-pineda/Mobile-Robots-2026-1/install/xarm_msgs/lib:${LD_LIBRARY_PATH} PYTHONPATH=/home/christian-pineda/Mobile-Robots-2026-1/install/xarm_msgs/lib/python3.12/site-packages:${PYTHONPATH} /usr/bin/cmake --install /home/christian-pineda/Mobile-Robots-2026-1/build/xarm_controller
