[1.831s] Invoking command in '/home/christopher/Mobile-Robots-2026-1/ros2_ws/src/navigation/simple_move': DEBUGINFOD_URLS=https://debuginfod.ubuntu.com PYTHONPATH=/home/christopher/Mobile-Robots-2026-1/build/simple_move/prefix_override:/usr/lib/python3/dist-packages/colcon_core/task/python/colcon_distutils_commands:/home/christopher/Mobile-Robots-2026-1/install/simple_move/lib/python3.12/site-packages:${PYTHONPATH} /usr/bin/python3 -W ignore:setup.py install is deprecated -W ignore:easy_install command is deprecated setup.py egg_info --egg-base ../../../../build/simple_move build --build-base /home/christopher/Mobile-Robots-2026-1/build/simple_move/build install --record /home/christopher/Mobile-Robots-2026-1/build/simple_move/install.log --single-version-externally-managed install_data
[2.356s] running egg_info
[2.390s] writing ../../../../build/simple_move/simple_move.egg-info/PKG-INFO
[2.390s] writing dependency_links to ../../../../build/simple_move/simple_move.egg-info/dependency_links.txt
[2.390s] writing entry points to ../../../../build/simple_move/simple_move.egg-info/entry_points.txt
[2.393s] writing requirements to ../../../../build/simple_move/simple_move.egg-info/requires.txt
[2.393s] writing top-level names to ../../../../build/simple_move/simple_move.egg-info/top_level.txt
[2.461s] reading manifest file '../../../../build/simple_move/simple_move.egg-info/SOURCES.txt'
[2.461s] adding license file 'LICENSE'
[2.464s] writing manifest file '../../../../build/simple_move/simple_move.egg-info/SOURCES.txt'
[2.464s] running build
[2.464s] running build_py
[2.464s] copying simple_move/ros_basics.py -> /home/christopher/Mobile-Robots-2026-1/build/simple_move/build/lib/simple_move
[2.467s] running install
[2.481s] running install_lib
[2.531s] copying /home/christopher/Mobile-Robots-2026-1/build/simple_move/build/lib/simple_move/ros_basics.py -> /home/christopher/Mobile-Robots-2026-1/install/simple_move/lib/python3.12/site-packages/simple_move
[2.535s] byte-compiling /home/christopher/Mobile-Robots-2026-1/install/simple_move/lib/python3.12/site-packages/simple_move/ros_basics.py to ros_basics.cpython-312.pyc
[2.535s] running install_data
[2.535s] running install_egg_info
[2.588s] removing '/home/christopher/Mobile-Robots-2026-1/install/simple_move/lib/python3.12/site-packages/simple_move-0.0.0-py3.12.egg-info' (and everything under it)
[2.588s] Copying ../../../../build/simple_move/simple_move.egg-info to /home/christopher/Mobile-Robots-2026-1/install/simple_move/lib/python3.12/site-packages/simple_move-0.0.0-py3.12.egg-info
[2.592s] running install_scripts
[2.888s] Installing path_follower script to /home/christopher/Mobile-Robots-2026-1/install/simple_move/lib/simple_move
[2.888s] Installing ros_basics script to /home/christopher/Mobile-Robots-2026-1/install/simple_move/lib/simple_move
[2.888s] writing list of installed files to '/home/christopher/Mobile-Robots-2026-1/build/simple_move/install.log'
[2.936s] Invoked command in '/home/christopher/Mobile-Robots-2026-1/ros2_ws/src/navigation/simple_move' returned '0': DEBUGINFOD_URLS=https://debuginfod.ubuntu.com PYTHONPATH=/home/christopher/Mobile-Robots-2026-1/build/simple_move/prefix_override:/usr/lib/python3/dist-packages/colcon_core/task/python/colcon_distutils_commands:/home/christopher/Mobile-Robots-2026-1/install/simple_move/lib/python3.12/site-packages:${PYTHONPATH} /usr/bin/python3 -W ignore:setup.py install is deprecated -W ignore:easy_install command is deprecated setup.py egg_info --egg-base ../../../../build/simple_move build --build-base /home/christopher/Mobile-Robots-2026-1/build/simple_move/build install --record /home/christopher/Mobile-Robots-2026-1/build/simple_move/install.log --single-version-externally-managed install_data
