[0.009s] Invoking command in '/home/axel/Mobile-Robots-2026-1/build/xarm_api': AMENT_PREFIX_PATH=/home/axel/Mobile-Robots-2026-1/install/xarm_sdk:/home/axel/Mobile-Robots-2026-1/install/xarm_msgs:/home/axel/Mobile-Robots-2026-1/install/xarm_description CMAKE_PREFIX_PATH=/home/axel/Mobile-Robots-2026-1/install/xarm_sdk:/home/axel/Mobile-Robots-2026-1/install/xarm_msgs:/home/axel/Mobile-Robots-2026-1/install/xarm_description DEBUGINFOD_URLS=https://debuginfod.ubuntu.com LD_LIBRARY_PATH=/home/axel/Mobile-Robots-2026-1/install/xarm_sdk/lib:/home/axel/Mobile-Robots-2026-1/install/xarm_msgs/lib PYTHONPATH=/home/axel/Mobile-Robots-2026-1/install/xarm_msgs/lib/python3.12/site-packages /usr/bin/cmake --build /home/axel/Mobile-Robots-2026-1/build/xarm_api -- -j12 -l12
[0.055s] [ 15%] Built target xarm_ros_client
[0.055s] [ 30%] Built target test_robot_states
[0.061s] [ 53%] Built target xarm_ros_driver
[0.078s] [ 69%] Built target test_xarm_velo_move
[0.078s] [ 84%] Built target test_xarm_ros_client
[0.086s] [100%] Built target xarm_driver_node
[0.095s] Invoked command in '/home/axel/Mobile-Robots-2026-1/build/xarm_api' returned '0': AMENT_PREFIX_PATH=/home/axel/Mobile-Robots-2026-1/install/xarm_sdk:/home/axel/Mobile-Robots-2026-1/install/xarm_msgs:/home/axel/Mobile-Robots-2026-1/install/xarm_description CMAKE_PREFIX_PATH=/home/axel/Mobile-Robots-2026-1/install/xarm_sdk:/home/axel/Mobile-Robots-2026-1/install/xarm_msgs:/home/axel/Mobile-Robots-2026-1/install/xarm_description DEBUGINFOD_URLS=https://debuginfod.ubuntu.com LD_LIBRARY_PATH=/home/axel/Mobile-Robots-2026-1/install/xarm_sdk/lib:/home/axel/Mobile-Robots-2026-1/install/xarm_msgs/lib PYTHONPATH=/home/axel/Mobile-Robots-2026-1/install/xarm_msgs/lib/python3.12/site-packages /usr/bin/cmake --build /home/axel/Mobile-Robots-2026-1/build/xarm_api -- -j12 -l12
[0.096s] Invoking command in '/home/axel/Mobile-Robots-2026-1/build/xarm_api': AMENT_PREFIX_PATH=/home/axel/Mobile-Robots-2026-1/install/xarm_sdk:/home/axel/Mobile-Robots-2026-1/install/xarm_msgs:/home/axel/Mobile-Robots-2026-1/install/xarm_description CMAKE_PREFIX_PATH=/home/axel/Mobile-Robots-2026-1/install/xarm_sdk:/home/axel/Mobile-Robots-2026-1/install/xarm_msgs:/home/axel/Mobile-Robots-2026-1/install/xarm_description DEBUGINFOD_URLS=https://debuginfod.ubuntu.com LD_LIBRARY_PATH=/home/axel/Mobile-Robots-2026-1/install/xarm_sdk/lib:/home/axel/Mobile-Robots-2026-1/install/xarm_msgs/lib PYTHONPATH=/home/axel/Mobile-Robots-2026-1/install/xarm_msgs/lib/python3.12/site-packages /usr/bin/cmake --install /home/axel/Mobile-Robots-2026-1/build/xarm_api
[0.102s] -- Install configuration: ""
[0.102s] -- Up-to-date: /home/axel/Mobile-Robots-2026-1/install/xarm_api/share/xarm_api/environment/library_path.sh
[0.102s] -- Up-to-date: /home/axel/Mobile-Robots-2026-1/install/xarm_api/share/xarm_api/environment/library_path.dsv
[0.102s] -- Up-to-date: /home/axel/Mobile-Robots-2026-1/install/xarm_api/include
[0.102s] -- Up-to-date: /home/axel/Mobile-Robots-2026-1/install/xarm_api/include/xarm_api
[0.103s] -- Up-to-date: /home/axel/Mobile-Robots-2026-1/install/xarm_api/include/xarm_api/visibility_control.h
[0.103s] -- Up-to-date: /home/axel/Mobile-Robots-2026-1/install/xarm_api/include/xarm_api/xarm_msgs.h
[0.103s] -- Up-to-date: /home/axel/Mobile-Robots-2026-1/install/xarm_api/include/xarm_api/xarm_driver.h
[0.103s] -- Up-to-date: /home/axel/Mobile-Robots-2026-1/install/xarm_api/include/xarm_api/xarm_ros_client.h
[0.103s] -- Up-to-date: /home/axel/Mobile-Robots-2026-1/install/xarm_api/lib/libxarm_ros_driver.so
[0.103s] -- Up-to-date: /home/axel/Mobile-Robots-2026-1/install/xarm_api/lib/libxarm_ros_client.so
[0.103s] -- Up-to-date: /home/axel/Mobile-Robots-2026-1/install/xarm_api/lib/xarm_api/xarm_driver_node
[0.103s] -- Up-to-date: /home/axel/Mobile-Robots-2026-1/install/xarm_api/lib/xarm_api/test_xarm_ros_client
[0.103s] -- Up-to-date: /home/axel/Mobile-Robots-2026-1/install/xarm_api/lib/xarm_api/test_xarm_velo_move
[0.103s] -- Up-to-date: /home/axel/Mobile-Robots-2026-1/install/xarm_api/lib/xarm_api/test_robot_states
[0.103s] -- Up-to-date: /home/axel/Mobile-Robots-2026-1/install/xarm_api/share/xarm_api//launch
[0.104s] -- Up-to-date: /home/axel/Mobile-Robots-2026-1/install/xarm_api/share/xarm_api//launch/xarm7_driver.launch.py
[0.104s] -- Up-to-date: /home/axel/Mobile-Robots-2026-1/install/xarm_api/share/xarm_api//launch/lib
[0.104s] -- Up-to-date: /home/axel/Mobile-Robots-2026-1/install/xarm_api/share/xarm_api//launch/lib/robot_api_lib.py
[0.104s] -- Up-to-date: /home/axel/Mobile-Robots-2026-1/install/xarm_api/share/xarm_api//launch/uf850_driver.launch.py
[0.104s] -- Up-to-date: /home/axel/Mobile-Robots-2026-1/install/xarm_api/share/xarm_api//launch/xarm6_driver.launch.py
[0.104s] -- Up-to-date: /home/axel/Mobile-Robots-2026-1/install/xarm_api/share/xarm_api//launch/xarm5_driver.launch.py
[0.104s] -- Up-to-date: /home/axel/Mobile-Robots-2026-1/install/xarm_api/share/xarm_api//launch/_robot_driver.launch.py
[0.104s] -- Up-to-date: /home/axel/Mobile-Robots-2026-1/install/xarm_api/share/xarm_api//launch/lite6_driver.launch.py
[0.104s] -- Up-to-date: /home/axel/Mobile-Robots-2026-1/install/xarm_api/share/xarm_api//config
[0.104s] -- Up-to-date: /home/axel/Mobile-Robots-2026-1/install/xarm_api/share/xarm_api//config/xarm_params.yaml
[0.105s] -- Up-to-date: /home/axel/Mobile-Robots-2026-1/install/xarm_api/share/ament_index/resource_index/package_run_dependencies/xarm_api
[0.105s] -- Up-to-date: /home/axel/Mobile-Robots-2026-1/install/xarm_api/share/ament_index/resource_index/parent_prefix_path/xarm_api
[0.105s] -- Up-to-date: /home/axel/Mobile-Robots-2026-1/install/xarm_api/share/xarm_api/environment/ament_prefix_path.sh
[0.105s] -- Up-to-date: /home/axel/Mobile-Robots-2026-1/install/xarm_api/share/xarm_api/environment/ament_prefix_path.dsv
[0.105s] -- Up-to-date: /home/axel/Mobile-Robots-2026-1/install/xarm_api/share/xarm_api/environment/path.sh
[0.105s] -- Up-to-date: /home/axel/Mobile-Robots-2026-1/install/xarm_api/share/xarm_api/environment/path.dsv
[0.105s] -- Up-to-date: /home/axel/Mobile-Robots-2026-1/install/xarm_api/share/xarm_api/local_setup.bash
[0.105s] -- Up-to-date: /home/axel/Mobile-Robots-2026-1/install/xarm_api/share/xarm_api/local_setup.sh
[0.105s] -- Up-to-date: /home/axel/Mobile-Robots-2026-1/install/xarm_api/share/xarm_api/local_setup.zsh
[0.105s] -- Up-to-date: /home/axel/Mobile-Robots-2026-1/install/xarm_api/share/xarm_api/local_setup.dsv
[0.105s] -- Installing: /home/axel/Mobile-Robots-2026-1/install/xarm_api/share/xarm_api/package.dsv
[0.106s] -- Up-to-date: /home/axel/Mobile-Robots-2026-1/install/xarm_api/share/ament_index/resource_index/packages/xarm_api
[0.106s] -- Up-to-date: /home/axel/Mobile-Robots-2026-1/install/xarm_api/share/xarm_api/cmake/ament_cmake_export_libraries-extras.cmake
[0.107s] -- Up-to-date: /home/axel/Mobile-Robots-2026-1/install/xarm_api/share/xarm_api/cmake/ament_cmake_export_include_directories-extras.cmake
[0.107s] -- Up-to-date: /home/axel/Mobile-Robots-2026-1/install/xarm_api/share/xarm_api/cmake/xarm_apiConfig.cmake
[0.107s] -- Up-to-date: /home/axel/Mobile-Robots-2026-1/install/xarm_api/share/xarm_api/cmake/xarm_apiConfig-version.cmake
[0.107s] -- Up-to-date: /home/axel/Mobile-Robots-2026-1/install/xarm_api/share/xarm_api/package.xml
[0.107s] Invoked command in '/home/axel/Mobile-Robots-2026-1/build/xarm_api' returned '0': AMENT_PREFIX_PATH=/home/axel/Mobile-Robots-2026-1/install/xarm_sdk:/home/axel/Mobile-Robots-2026-1/install/xarm_msgs:/home/axel/Mobile-Robots-2026-1/install/xarm_description CMAKE_PREFIX_PATH=/home/axel/Mobile-Robots-2026-1/install/xarm_sdk:/home/axel/Mobile-Robots-2026-1/install/xarm_msgs:/home/axel/Mobile-Robots-2026-1/install/xarm_description DEBUGINFOD_URLS=https://debuginfod.ubuntu.com LD_LIBRARY_PATH=/home/axel/Mobile-Robots-2026-1/install/xarm_sdk/lib:/home/axel/Mobile-Robots-2026-1/install/xarm_msgs/lib PYTHONPATH=/home/axel/Mobile-Robots-2026-1/install/xarm_msgs/lib/python3.12/site-packages /usr/bin/cmake --install /home/axel/Mobile-Robots-2026-1/build/xarm_api
