[1.283s] Invoking command in '/home/christopher/Mobile-Robots-2026-1/ros2_ws/src/navigation/simple_move': DEBUGINFOD_URLS=https://debuginfod.ubuntu.com PYTHONPATH=/home/christopher/Mobile-Robots-2026-1/build/simple_move/prefix_override:/usr/lib/python3/dist-packages/colcon_core/task/python/colcon_distutils_commands:/home/christopher/Mobile-Robots-2026-1/install/simple_move/lib/python3.12/site-packages:${PYTHONPATH} /usr/bin/python3 -W ignore:setup.py install is deprecated -W ignore:easy_install command is deprecated setup.py egg_info --egg-base ../../../../build/simple_move build --build-base /home/christopher/Mobile-Robots-2026-1/build/simple_move/build install --record /home/christopher/Mobile-Robots-2026-1/build/simple_move/install.log --single-version-externally-managed install_data
[1.530s] running egg_info
[1.546s] writing ../../../../build/simple_move/simple_move.egg-info/PKG-INFO
[1.547s] writing dependency_links to ../../../../build/simple_move/simple_move.egg-info/dependency_links.txt
[1.547s] writing entry points to ../../../../build/simple_move/simple_move.egg-info/entry_points.txt
[1.547s] writing requirements to ../../../../build/simple_move/simple_move.egg-info/requires.txt
[1.547s] writing top-level names to ../../../../build/simple_move/simple_move.egg-info/top_level.txt
[1.580s] reading manifest file '../../../../build/simple_move/simple_move.egg-info/SOURCES.txt'
[1.580s] adding license file 'LICENSE'
[1.580s] writing manifest file '../../../../build/simple_move/simple_move.egg-info/SOURCES.txt'
[1.581s] running build
[1.581s] running build_py
[1.581s] running install
[1.586s] running install_lib
[1.603s] running install_data
[1.603s] running install_egg_info
[1.620s] removing '/home/christopher/Mobile-Robots-2026-1/install/simple_move/lib/python3.12/site-packages/simple_move-0.0.0-py3.12.egg-info' (and everything under it)
[1.621s] Copying ../../../../build/simple_move/simple_move.egg-info to /home/christopher/Mobile-Robots-2026-1/install/simple_move/lib/python3.12/site-packages/simple_move-0.0.0-py3.12.egg-info
[1.621s] running install_scripts
[1.773s] Installing path_follower script to /home/christopher/Mobile-Robots-2026-1/install/simple_move/lib/simple_move
[1.773s] Installing ros_basics script to /home/christopher/Mobile-Robots-2026-1/install/simple_move/lib/simple_move
[1.773s] writing list of installed files to '/home/christopher/Mobile-Robots-2026-1/build/simple_move/install.log'
[1.793s] Invoked command in '/home/christopher/Mobile-Robots-2026-1/ros2_ws/src/navigation/simple_move' returned '0': DEBUGINFOD_URLS=https://debuginfod.ubuntu.com PYTHONPATH=/home/christopher/Mobile-Robots-2026-1/build/simple_move/prefix_override:/usr/lib/python3/dist-packages/colcon_core/task/python/colcon_distutils_commands:/home/christopher/Mobile-Robots-2026-1/install/simple_move/lib/python3.12/site-packages:${PYTHONPATH} /usr/bin/python3 -W ignore:setup.py install is deprecated -W ignore:easy_install command is deprecated setup.py egg_info --egg-base ../../../../build/simple_move build --build-base /home/christopher/Mobile-Robots-2026-1/build/simple_move/build install --record /home/christopher/Mobile-Robots-2026-1/build/simple_move/install.log --single-version-externally-managed install_data
