[0.019s] Invoking command in '/home/christopher/Mobile-Robots-2026-1/build/config_files': CMAKE_PREFIX_PATH=${CMAKE_PREFIX_PATH}:/opt/ros/jazzy DEBUGINFOD_URLS=https://debuginfod.ubuntu.com /usr/bin/cmake --build /home/christopher/Mobile-Robots-2026-1/build/config_files -- -j2 -l2
[0.124s] Invoked command in '/home/christopher/Mobile-Robots-2026-1/build/config_files' returned '0': CMAKE_PREFIX_PATH=${CMAKE_PREFIX_PATH}:/opt/ros/jazzy DEBUGINFOD_URLS=https://debuginfod.ubuntu.com /usr/bin/cmake --build /home/christopher/Mobile-Robots-2026-1/build/config_files -- -j2 -l2
[0.125s] Invoking command in '/home/christopher/Mobile-Robots-2026-1/build/config_files': CMAKE_PREFIX_PATH=${CMAKE_PREFIX_PATH}:/opt/ros/jazzy DEBUGINFOD_URLS=https://debuginfod.ubuntu.com /usr/bin/cmake --install /home/christopher/Mobile-Robots-2026-1/build/config_files
[0.137s] -- Install configuration: ""
[0.137s] -- Up-to-date: /home/christopher/Mobile-Robots-2026-1/install/config_files/share/config_files/rviz
[0.137s] -- Up-to-date: /home/christopher/Mobile-Robots-2026-1/install/config_files/share/config_files/rviz/simple_house.rviz
[0.138s] -- Up-to-date: /home/christopher/Mobile-Robots-2026-1/install/config_files/share/config_files/navigation
[0.138s] -- Up-to-date: /home/christopher/Mobile-Robots-2026-1/install/config_files/share/config_files/navigation/simple_house.pgm
[0.138s] -- Up-to-date: /home/christopher/Mobile-Robots-2026-1/install/config_files/share/config_files/navigation/mapper_params.yaml
[0.138s] -- Up-to-date: /home/christopher/Mobile-Robots-2026-1/install/config_files/share/config_files/navigation/simple_house.yaml
[0.139s] -- Up-to-date: /home/christopher/Mobile-Robots-2026-1/install/config_files/share/ament_index/resource_index/package_run_dependencies/config_files
[0.139s] -- Up-to-date: /home/christopher/Mobile-Robots-2026-1/install/config_files/share/ament_index/resource_index/parent_prefix_path/config_files
[0.140s] -- Up-to-date: /home/christopher/Mobile-Robots-2026-1/install/config_files/share/config_files/environment/ament_prefix_path.sh
[0.140s] -- Up-to-date: /home/christopher/Mobile-Robots-2026-1/install/config_files/share/config_files/environment/ament_prefix_path.dsv
[0.140s] -- Up-to-date: /home/christopher/Mobile-Robots-2026-1/install/config_files/share/config_files/environment/path.sh
[0.140s] -- Up-to-date: /home/christopher/Mobile-Robots-2026-1/install/config_files/share/config_files/environment/path.dsv
[0.141s] -- Up-to-date: /home/christopher/Mobile-Robots-2026-1/install/config_files/share/config_files/local_setup.bash
[0.141s] -- Up-to-date: /home/christopher/Mobile-Robots-2026-1/install/config_files/share/config_files/local_setup.sh
[0.141s] -- Up-to-date: /home/christopher/Mobile-Robots-2026-1/install/config_files/share/config_files/local_setup.zsh
[0.141s] -- Up-to-date: /home/christopher/Mobile-Robots-2026-1/install/config_files/share/config_files/local_setup.dsv
[0.144s] -- Up-to-date: /home/christopher/Mobile-Robots-2026-1/install/config_files/share/config_files/package.dsv
[0.144s] -- Up-to-date: /home/christopher/Mobile-Robots-2026-1/install/config_files/share/ament_index/resource_index/packages/config_files
[0.144s] -- Up-to-date: /home/christopher/Mobile-Robots-2026-1/install/config_files/share/config_files/cmake/config_filesConfig.cmake
[0.145s] -- Up-to-date: /home/christopher/Mobile-Robots-2026-1/install/config_files/share/config_files/cmake/config_filesConfig-version.cmake
[0.145s] -- Up-to-date: /home/christopher/Mobile-Robots-2026-1/install/config_files/share/config_files/package.xml
[0.150s] Invoked command in '/home/christopher/Mobile-Robots-2026-1/build/config_files' returned '0': CMAKE_PREFIX_PATH=${CMAKE_PREFIX_PATH}:/opt/ros/jazzy DEBUGINFOD_URLS=https://debuginfod.ubuntu.com /usr/bin/cmake --install /home/christopher/Mobile-Robots-2026-1/build/config_files
