[6.021s] Invoking command in '/home/christian-pineda/Mobile-Robots-2026-1/ros2_ws/src/navigation/simple_move': DEBUGINFOD_URLS=https://debuginfod.ubuntu.com PYTHONPATH=/home/christian-pineda/Mobile-Robots-2026-1/build/simple_move/prefix_override:/usr/lib/python3/dist-packages/colcon_core/task/python/colcon_distutils_commands:/home/christian-pineda/Mobile-Robots-2026-1/install/simple_move/lib/python3.12/site-packages:${PYTHONPATH} /usr/bin/python3 -W ignore:setup.py install is deprecated -W ignore:easy_install command is deprecated setup.py egg_info --egg-base ../../../../build/simple_move build --build-base /home/christian-pineda/Mobile-Robots-2026-1/build/simple_move/build install --record /home/christian-pineda/Mobile-Robots-2026-1/build/simple_move/install.log --single-version-externally-managed install_data
[9.446s] running egg_info
[9.446s] creating ../../../../build/simple_move/simple_move.egg-info
[9.582s] writing ../../../../build/simple_move/simple_move.egg-info/PKG-INFO
[9.582s] writing dependency_links to ../../../../build/simple_move/simple_move.egg-info/dependency_links.txt
[9.583s] writing entry points to ../../../../build/simple_move/simple_move.egg-info/entry_points.txt
[9.587s] writing requirements to ../../../../build/simple_move/simple_move.egg-info/requires.txt
[9.587s] writing top-level names to ../../../../build/simple_move/simple_move.egg-info/top_level.txt
[9.587s] writing manifest file '../../../../build/simple_move/simple_move.egg-info/SOURCES.txt'
[9.830s] reading manifest file '../../../../build/simple_move/simple_move.egg-info/SOURCES.txt'
[9.831s] adding license file 'LICENSE'
[9.835s] writing manifest file '../../../../build/simple_move/simple_move.egg-info/SOURCES.txt'
[9.836s] running build
[9.836s] running build_py
[9.837s] creating /home/christian-pineda/Mobile-Robots-2026-1/build/simple_move/build
[9.837s] creating /home/christian-pineda/Mobile-Robots-2026-1/build/simple_move/build/lib
[9.837s] creating /home/christian-pineda/Mobile-Robots-2026-1/build/simple_move/build/lib/simple_move
[9.841s] copying simple_move/path_follower.py -> /home/christian-pineda/Mobile-Robots-2026-1/build/simple_move/build/lib/simple_move
[9.842s] copying simple_move/__init__.py -> /home/christian-pineda/Mobile-Robots-2026-1/build/simple_move/build/lib/simple_move
[9.842s] copying simple_move/ros_basics.py -> /home/christian-pineda/Mobile-Robots-2026-1/build/simple_move/build/lib/simple_move
[9.845s] running install
[9.885s] running install_lib
[9.979s] creating /home/christian-pineda/Mobile-Robots-2026-1/install/simple_move/lib/python3.12/site-packages/simple_move
[9.979s] copying /home/christian-pineda/Mobile-Robots-2026-1/build/simple_move/build/lib/simple_move/path_follower.py -> /home/christian-pineda/Mobile-Robots-2026-1/install/simple_move/lib/python3.12/site-packages/simple_move
[9.979s] copying /home/christian-pineda/Mobile-Robots-2026-1/build/simple_move/build/lib/simple_move/__init__.py -> /home/christian-pineda/Mobile-Robots-2026-1/install/simple_move/lib/python3.12/site-packages/simple_move
[9.979s] copying /home/christian-pineda/Mobile-Robots-2026-1/build/simple_move/build/lib/simple_move/ros_basics.py -> /home/christian-pineda/Mobile-Robots-2026-1/install/simple_move/lib/python3.12/site-packages/simple_move
[9.980s] byte-compiling /home/christian-pineda/Mobile-Robots-2026-1/install/simple_move/lib/python3.12/site-packages/simple_move/path_follower.py to path_follower.cpython-312.pyc
[9.981s] byte-compiling /home/christian-pineda/Mobile-Robots-2026-1/install/simple_move/lib/python3.12/site-packages/simple_move/__init__.py to __init__.cpython-312.pyc
[9.986s] byte-compiling /home/christian-pineda/Mobile-Robots-2026-1/install/simple_move/lib/python3.12/site-packages/simple_move/ros_basics.py to ros_basics.cpython-312.pyc
[9.986s] running install_data
[9.986s] creating /home/christian-pineda/Mobile-Robots-2026-1/install/simple_move/share/ament_index
[9.986s] creating /home/christian-pineda/Mobile-Robots-2026-1/install/simple_move/share/ament_index/resource_index
[9.986s] creating /home/christian-pineda/Mobile-Robots-2026-1/install/simple_move/share/ament_index/resource_index/packages
[9.986s] copying resource/simple_move -> /home/christian-pineda/Mobile-Robots-2026-1/install/simple_move/share/ament_index/resource_index/packages
[9.987s] copying package.xml -> /home/christian-pineda/Mobile-Robots-2026-1/install/simple_move/share/simple_move
[9.987s] running install_egg_info
[10.047s] Copying ../../../../build/simple_move/simple_move.egg-info to /home/christian-pineda/Mobile-Robots-2026-1/install/simple_move/lib/python3.12/site-packages/simple_move-0.0.0-py3.12.egg-info
[10.053s] running install_scripts
[10.738s] Installing path_follower script to /home/christian-pineda/Mobile-Robots-2026-1/install/simple_move/lib/simple_move
[10.741s] Installing ros_basics script to /home/christian-pineda/Mobile-Robots-2026-1/install/simple_move/lib/simple_move
[10.741s] writing list of installed files to '/home/christian-pineda/Mobile-Robots-2026-1/build/simple_move/install.log'
[10.832s] Invoked command in '/home/christian-pineda/Mobile-Robots-2026-1/ros2_ws/src/navigation/simple_move' returned '0': DEBUGINFOD_URLS=https://debuginfod.ubuntu.com PYTHONPATH=/home/christian-pineda/Mobile-Robots-2026-1/build/simple_move/prefix_override:/usr/lib/python3/dist-packages/colcon_core/task/python/colcon_distutils_commands:/home/christian-pineda/Mobile-Robots-2026-1/install/simple_move/lib/python3.12/site-packages:${PYTHONPATH} /usr/bin/python3 -W ignore:setup.py install is deprecated -W ignore:easy_install command is deprecated setup.py egg_info --egg-base ../../../../build/simple_move build --build-base /home/christian-pineda/Mobile-Robots-2026-1/build/simple_move/build install --record /home/christian-pineda/Mobile-Robots-2026-1/build/simple_move/install.log --single-version-externally-managed install_data
