-- The CXX compiler identification is GNU 13.3.0
-- Detecting CXX compiler ABI info
-- Detecting CXX compiler ABI info - done
-- Check for working CXX compiler: /usr/bin/c++ - skipped
-- Detecting CXX compile features
-- Detecting CXX compile features - done
-- Found ament_cmake: 2.5.4 (/opt/ros/jazzy/share/ament_cmake/cmake)
-- Found Python3: /usr/bin/python3 (found version "3.12.3") found components: Interpreter 
-- Found rclcpp: 28.1.11 (/opt/ros/jazzy/share/rclcpp/cmake)
-- Found rosidl_generator_c: 4.6.6 (/opt/ros/jazzy/share/rosidl_generator_c/cmake)
-- Found rosidl_generator_cpp: 4.6.6 (/opt/ros/jazzy/share/rosidl_generator_cpp/cmake)
-- Using all available rosidl_typesupport_c: rosidl_typesupport_fastrtps_c;rosidl_typesupport_introspection_c
-- Using all available rosidl_typesupport_cpp: rosidl_typesupport_fastrtps_cpp;rosidl_typesupport_introspection_cpp
-- Found rmw_implementation_cmake: 7.3.2 (/opt/ros/jazzy/share/rmw_implementation_cmake/cmake)
-- Found rmw_fastrtps_cpp: 8.4.3 (/opt/ros/jazzy/share/rmw_fastrtps_cpp/cmake)
-- Found OpenSSL: /usr/lib/x86_64-linux-gnu/libcrypto.so (found version "3.0.13")  
-- Found FastRTPS: /opt/ros/jazzy/include (Required is at least version "2.13") 
-- Using RMW implementation 'rmw_fastrtps_cpp' as default
-- Found std_msgs: 5.3.6 (/opt/ros/jazzy/share/std_msgs/cmake)
-- Found geometry_msgs: 5.3.6 (/opt/ros/jazzy/share/geometry_msgs/cmake)
-- Found sensor_msgs: 5.3.6 (/opt/ros/jazzy/share/sensor_msgs/cmake)
-- Found ament_lint_auto: 0.17.3 (/opt/ros/jazzy/share/ament_lint_auto/cmake)
-- Added test 'cppcheck' to perform static code analysis on C / C++ code
-- Configured cppcheck include dirs: /home/christian-pineda/Mobile-Robots-2026-1/ros2_ws/src/hri/justina_gui/include
-- Configured cppcheck exclude dirs and/or files: 
-- Added test 'lint_cmake' to check CMake code style
-- Added test 'uncrustify' to check C / C++ code style
-- Configured uncrustify additional arguments: 
-- Added test 'xmllint' to check XML markup files
-- Configuring done (7.5s)
-- Generating done (0.5s)
-- Build files have been written to: /home/christian-pineda/Mobile-Robots-2026-1/build/justina_gui
[  0%] Built target justina_gui_node_autogen_timestamp_deps
[  7%] [34m[1mAutomatic MOC for target justina_gui_node[0m
[  7%] Built target justina_gui_node_autogen
[ 14%] [34m[1mGenerating include/moc_mainwindow.cpp[0m
[ 21%] [34m[1mGenerating ui_mainwindow.h[0m
[ 35%] [34m[1mGenerating include/moc_rclcomm.cpp[0m
[ 35%] [34m[1mGenerating qrc_resource.cpp[0m
[ 42%] [32mBuilding CXX object CMakeFiles/justina_gui_node.dir/src/justina_gui_node.cpp.o[0m
[ 50%] [32mBuilding CXX object CMakeFiles/justina_gui_node.dir/justina_gui_node_autogen/mocs_compilation.cpp.o[0m
[ 57%] [32mBuilding CXX object CMakeFiles/justina_gui_node.dir/src/mainwindow.cpp.o[0m
[ 64%] [32mBuilding CXX object CMakeFiles/justina_gui_node.dir/src/rclcomm.cpp.o[0m
[ 71%] [32mBuilding CXX object CMakeFiles/justina_gui_node.dir/qrc_resource.cpp.o[0m
[ 78%] [32mBuilding CXX object CMakeFiles/justina_gui_node.dir/include/moc_mainwindow.cpp.o[0m
[ 85%] [32mBuilding CXX object CMakeFiles/justina_gui_node.dir/include/moc_rclcomm.cpp.o[0m
[ 92%] [32m[1mLinking CXX executable justina_gui_node[0m
[100%] Built target justina_gui_node
-- Install configuration: ""
-- Installing: /home/christian-pineda/Mobile-Robots-2026-1/install/justina_gui/lib/justina_gui/justina_gui_node
-- Set non-toolchain portion of runtime path of "/home/christian-pineda/Mobile-Robots-2026-1/install/justina_gui/lib/justina_gui/justina_gui_node" to ""
-- Installing: /home/christian-pineda/Mobile-Robots-2026-1/install/justina_gui/share/ament_index/resource_index/package_run_dependencies/justina_gui
-- Installing: /home/christian-pineda/Mobile-Robots-2026-1/install/justina_gui/share/ament_index/resource_index/parent_prefix_path/justina_gui
-- Installing: /home/christian-pineda/Mobile-Robots-2026-1/install/justina_gui/share/justina_gui/environment/ament_prefix_path.sh
-- Installing: /home/christian-pineda/Mobile-Robots-2026-1/install/justina_gui/share/justina_gui/environment/ament_prefix_path.dsv
-- Installing: /home/christian-pineda/Mobile-Robots-2026-1/install/justina_gui/share/justina_gui/environment/path.sh
-- Installing: /home/christian-pineda/Mobile-Robots-2026-1/install/justina_gui/share/justina_gui/environment/path.dsv
-- Installing: /home/christian-pineda/Mobile-Robots-2026-1/install/justina_gui/share/justina_gui/local_setup.bash
-- Installing: /home/christian-pineda/Mobile-Robots-2026-1/install/justina_gui/share/justina_gui/local_setup.sh
-- Installing: /home/christian-pineda/Mobile-Robots-2026-1/install/justina_gui/share/justina_gui/local_setup.zsh
-- Installing: /home/christian-pineda/Mobile-Robots-2026-1/install/justina_gui/share/justina_gui/local_setup.dsv
-- Installing: /home/christian-pineda/Mobile-Robots-2026-1/install/justina_gui/share/justina_gui/package.dsv
-- Installing: /home/christian-pineda/Mobile-Robots-2026-1/install/justina_gui/share/ament_index/resource_index/packages/justina_gui
-- Installing: /home/christian-pineda/Mobile-Robots-2026-1/install/justina_gui/share/justina_gui/cmake/justina_guiConfig.cmake
-- Installing: /home/christian-pineda/Mobile-Robots-2026-1/install/justina_gui/share/justina_gui/cmake/justina_guiConfig-version.cmake
-- Installing: /home/christian-pineda/Mobile-Robots-2026-1/install/justina_gui/share/justina_gui/package.xml
