[0.047s] Invoking command in '/home/christopher/Mobile-Robots-2026-1/build/xarm_api': CMAKE_PREFIX_PATH=/home/christopher/Mobile-Robots-2026-1/install/xarm_sdk:/home/christopher/Mobile-Robots-2026-1/install/xarm_msgs:/home/christopher/Mobile-Robots-2026-1/install/xarm_description:/home/christopher/Mobile-Robots-2026-1/install/xarm_controller:/home/christopher/Mobile-Robots-2026-1/install/xarm_api:/home/christopher/Mobile-Robots-2026-1/install/justina_gui:/home/christopher/Mobile-Robots-2026-1/install/justina_description:/home/christopher/Mobile-Robots-2026-1/install/gazebo_envs:/home/christopher/Mobile-Robots-2026-1/install/config_files:/opt/ros/jazzy/opt/gz_sim_vendor:/opt/ros/jazzy/opt/gz_sensors_vendor:/opt/ros/jazzy/opt/gz_physics_vendor:/opt/ros/jazzy/opt/sdformat_vendor:/opt/ros/jazzy/opt/gz_gui_vendor:/opt/ros/jazzy/opt/gz_transport_vendor:/opt/ros/jazzy/opt/gz_rendering_vendor:/opt/ros/jazzy/opt/gz_plugin_vendor:/opt/ros/jazzy/opt/gz_fuel_tools_vendor:/opt/ros/jazzy/opt/gz_msgs_vendor:/opt/ros/jazzy/opt/gz_common_vendor:/opt/ros/jazzy/opt/gz_math_vendor:/opt/ros/jazzy/opt/gz_utils_vendor:/opt/ros/jazzy/opt/gz_tools_vendor:/opt/ros/jazzy/opt/gz_ogre_next_vendor:/opt/ros/jazzy/opt/gz_dartsim_vendor:/opt/ros/jazzy/opt/gz_cmake_vendor:/home/christopher/Mobile-Robots-2026-1/install/uf_ros_lib:/home/christopher/Mobile-Robots-2026-1/install/simple_move:/opt/ros/jazzy DEBUGINFOD_URLS=https://debuginfod.ubuntu.com LD_LIBRARY_PATH=/home/christopher/Mobile-Robots-2026-1/install/xarm_sdk/lib:/home/christopher/Mobile-Robots-2026-1/install/xarm_msgs/lib:/home/christopher/Mobile-Robots-2026-1/install/xarm_controller/lib:/home/christopher/Mobile-Robots-2026-1/install/xarm_api/lib:/opt/ros/jazzy/opt/gz_sim_vendor/lib:/opt/ros/jazzy/opt/gz_sensors_vendor/lib:/opt/ros/jazzy/opt/gz_physics_vendor/lib:/opt/ros/jazzy/opt/sdformat_vendor/lib:/opt/ros/jazzy/opt/rviz_ogre_vendor/lib:/opt/ros/jazzy/lib/x86_64-linux-gnu:/opt/ros/jazzy/opt/gz_gui_vendor/lib:/opt/ros/jazzy/opt/gz_transport_vendor/lib:/opt/ros/jazzy/opt/gz_rendering_vendor/lib:/opt/ros/jazzy/opt/gz_plugin_vendor/lib:/opt/ros/jazzy/opt/gz_fuel_tools_vendor/lib:/opt/ros/jazzy/opt/gz_msgs_vendor/lib:/opt/ros/jazzy/opt/gz_common_vendor/lib:/opt/ros/jazzy/opt/gz_math_vendor/lib:/opt/ros/jazzy/opt/gz_utils_vendor/lib:/opt/ros/jazzy/opt/gz_tools_vendor/lib:/opt/ros/jazzy/opt/gz_ogre_next_vendor/lib:/opt/ros/jazzy/opt/gz_dartsim_vendor/lib:/opt/ros/jazzy/opt/gz_cmake_vendor/lib:/opt/ros/jazzy/lib /usr/bin/cmake --build /home/christopher/Mobile-Robots-2026-1/build/xarm_api -- -j2 -l2
[0.240s] [ 23%] Built target xarm_ros_driver
[0.348s] [ 38%] Built target xarm_ros_client
[0.447s] [ 53%] Built target test_robot_states
[0.554s] [ 69%] Built target xarm_driver_node
[0.636s] [ 84%] Built target test_xarm_ros_client
[0.701s] [100%] Built target test_xarm_velo_move
[0.740s] Invoked command in '/home/christopher/Mobile-Robots-2026-1/build/xarm_api' returned '0': CMAKE_PREFIX_PATH=/home/christopher/Mobile-Robots-2026-1/install/xarm_sdk:/home/christopher/Mobile-Robots-2026-1/install/xarm_msgs:/home/christopher/Mobile-Robots-2026-1/install/xarm_description:/home/christopher/Mobile-Robots-2026-1/install/xarm_controller:/home/christopher/Mobile-Robots-2026-1/install/xarm_api:/home/christopher/Mobile-Robots-2026-1/install/justina_gui:/home/christopher/Mobile-Robots-2026-1/install/justina_description:/home/christopher/Mobile-Robots-2026-1/install/gazebo_envs:/home/christopher/Mobile-Robots-2026-1/install/config_files:/opt/ros/jazzy/opt/gz_sim_vendor:/opt/ros/jazzy/opt/gz_sensors_vendor:/opt/ros/jazzy/opt/gz_physics_vendor:/opt/ros/jazzy/opt/sdformat_vendor:/opt/ros/jazzy/opt/gz_gui_vendor:/opt/ros/jazzy/opt/gz_transport_vendor:/opt/ros/jazzy/opt/gz_rendering_vendor:/opt/ros/jazzy/opt/gz_plugin_vendor:/opt/ros/jazzy/opt/gz_fuel_tools_vendor:/opt/ros/jazzy/opt/gz_msgs_vendor:/opt/ros/jazzy/opt/gz_common_vendor:/opt/ros/jazzy/opt/gz_math_vendor:/opt/ros/jazzy/opt/gz_utils_vendor:/opt/ros/jazzy/opt/gz_tools_vendor:/opt/ros/jazzy/opt/gz_ogre_next_vendor:/opt/ros/jazzy/opt/gz_dartsim_vendor:/opt/ros/jazzy/opt/gz_cmake_vendor:/home/christopher/Mobile-Robots-2026-1/install/uf_ros_lib:/home/christopher/Mobile-Robots-2026-1/install/simple_move:/opt/ros/jazzy DEBUGINFOD_URLS=https://debuginfod.ubuntu.com LD_LIBRARY_PATH=/home/christopher/Mobile-Robots-2026-1/install/xarm_sdk/lib:/home/christopher/Mobile-Robots-2026-1/install/xarm_msgs/lib:/home/christopher/Mobile-Robots-2026-1/install/xarm_controller/lib:/home/christopher/Mobile-Robots-2026-1/install/xarm_api/lib:/opt/ros/jazzy/opt/gz_sim_vendor/lib:/opt/ros/jazzy/opt/gz_sensors_vendor/lib:/opt/ros/jazzy/opt/gz_physics_vendor/lib:/opt/ros/jazzy/opt/sdformat_vendor/lib:/opt/ros/jazzy/opt/rviz_ogre_vendor/lib:/opt/ros/jazzy/lib/x86_64-linux-gnu:/opt/ros/jazzy/opt/gz_gui_vendor/lib:/opt/ros/jazzy/opt/gz_transport_vendor/lib:/opt/ros/jazzy/opt/gz_rendering_vendor/lib:/opt/ros/jazzy/opt/gz_plugin_vendor/lib:/opt/ros/jazzy/opt/gz_fuel_tools_vendor/lib:/opt/ros/jazzy/opt/gz_msgs_vendor/lib:/opt/ros/jazzy/opt/gz_common_vendor/lib:/opt/ros/jazzy/opt/gz_math_vendor/lib:/opt/ros/jazzy/opt/gz_utils_vendor/lib:/opt/ros/jazzy/opt/gz_tools_vendor/lib:/opt/ros/jazzy/opt/gz_ogre_next_vendor/lib:/opt/ros/jazzy/opt/gz_dartsim_vendor/lib:/opt/ros/jazzy/opt/gz_cmake_vendor/lib:/opt/ros/jazzy/lib /usr/bin/cmake --build /home/christopher/Mobile-Robots-2026-1/build/xarm_api -- -j2 -l2
[0.740s] Invoking command in '/home/christopher/Mobile-Robots-2026-1/build/xarm_api': CMAKE_PREFIX_PATH=/home/christopher/Mobile-Robots-2026-1/install/xarm_sdk:/home/christopher/Mobile-Robots-2026-1/install/xarm_msgs:/home/christopher/Mobile-Robots-2026-1/install/xarm_description:/home/christopher/Mobile-Robots-2026-1/install/xarm_controller:/home/christopher/Mobile-Robots-2026-1/install/xarm_api:/home/christopher/Mobile-Robots-2026-1/install/justina_gui:/home/christopher/Mobile-Robots-2026-1/install/justina_description:/home/christopher/Mobile-Robots-2026-1/install/gazebo_envs:/home/christopher/Mobile-Robots-2026-1/install/config_files:/opt/ros/jazzy/opt/gz_sim_vendor:/opt/ros/jazzy/opt/gz_sensors_vendor:/opt/ros/jazzy/opt/gz_physics_vendor:/opt/ros/jazzy/opt/sdformat_vendor:/opt/ros/jazzy/opt/gz_gui_vendor:/opt/ros/jazzy/opt/gz_transport_vendor:/opt/ros/jazzy/opt/gz_rendering_vendor:/opt/ros/jazzy/opt/gz_plugin_vendor:/opt/ros/jazzy/opt/gz_fuel_tools_vendor:/opt/ros/jazzy/opt/gz_msgs_vendor:/opt/ros/jazzy/opt/gz_common_vendor:/opt/ros/jazzy/opt/gz_math_vendor:/opt/ros/jazzy/opt/gz_utils_vendor:/opt/ros/jazzy/opt/gz_tools_vendor:/opt/ros/jazzy/opt/gz_ogre_next_vendor:/opt/ros/jazzy/opt/gz_dartsim_vendor:/opt/ros/jazzy/opt/gz_cmake_vendor:/home/christopher/Mobile-Robots-2026-1/install/uf_ros_lib:/home/christopher/Mobile-Robots-2026-1/install/simple_move:/opt/ros/jazzy DEBUGINFOD_URLS=https://debuginfod.ubuntu.com LD_LIBRARY_PATH=/home/christopher/Mobile-Robots-2026-1/install/xarm_sdk/lib:/home/christopher/Mobile-Robots-2026-1/install/xarm_msgs/lib:/home/christopher/Mobile-Robots-2026-1/install/xarm_controller/lib:/home/christopher/Mobile-Robots-2026-1/install/xarm_api/lib:/opt/ros/jazzy/opt/gz_sim_vendor/lib:/opt/ros/jazzy/opt/gz_sensors_vendor/lib:/opt/ros/jazzy/opt/gz_physics_vendor/lib:/opt/ros/jazzy/opt/sdformat_vendor/lib:/opt/ros/jazzy/opt/rviz_ogre_vendor/lib:/opt/ros/jazzy/lib/x86_64-linux-gnu:/opt/ros/jazzy/opt/gz_gui_vendor/lib:/opt/ros/jazzy/opt/gz_transport_vendor/lib:/opt/ros/jazzy/opt/gz_rendering_vendor/lib:/opt/ros/jazzy/opt/gz_plugin_vendor/lib:/opt/ros/jazzy/opt/gz_fuel_tools_vendor/lib:/opt/ros/jazzy/opt/gz_msgs_vendor/lib:/opt/ros/jazzy/opt/gz_common_vendor/lib:/opt/ros/jazzy/opt/gz_math_vendor/lib:/opt/ros/jazzy/opt/gz_utils_vendor/lib:/opt/ros/jazzy/opt/gz_tools_vendor/lib:/opt/ros/jazzy/opt/gz_ogre_next_vendor/lib:/opt/ros/jazzy/opt/gz_dartsim_vendor/lib:/opt/ros/jazzy/opt/gz_cmake_vendor/lib:/opt/ros/jazzy/lib /usr/bin/cmake --install /home/christopher/Mobile-Robots-2026-1/build/xarm_api
[0.766s] -- Install configuration: ""
[0.768s] -- Up-to-date: /home/christopher/Mobile-Robots-2026-1/install/xarm_api/share/xarm_api/environment/library_path.sh
[0.769s] -- Up-to-date: /home/christopher/Mobile-Robots-2026-1/install/xarm_api/share/xarm_api/environment/library_path.dsv
[0.769s] -- Up-to-date: /home/christopher/Mobile-Robots-2026-1/install/xarm_api/include
[0.769s] -- Up-to-date: /home/christopher/Mobile-Robots-2026-1/install/xarm_api/include/xarm_api
[0.769s] -- Up-to-date: /home/christopher/Mobile-Robots-2026-1/install/xarm_api/include/xarm_api/xarm_msgs.h
[0.769s] -- Up-to-date: /home/christopher/Mobile-Robots-2026-1/install/xarm_api/include/xarm_api/xarm_driver.h
[0.769s] -- Up-to-date: /home/christopher/Mobile-Robots-2026-1/install/xarm_api/include/xarm_api/visibility_control.h
[0.769s] -- Up-to-date: /home/christopher/Mobile-Robots-2026-1/install/xarm_api/include/xarm_api/xarm_ros_client.h
[0.769s] -- Up-to-date: /home/christopher/Mobile-Robots-2026-1/install/xarm_api/lib/libxarm_ros_driver.so
[0.770s] -- Up-to-date: /home/christopher/Mobile-Robots-2026-1/install/xarm_api/lib/libxarm_ros_client.so
[0.770s] -- Up-to-date: /home/christopher/Mobile-Robots-2026-1/install/xarm_api/lib/xarm_api/xarm_driver_node
[0.775s] -- Up-to-date: /home/christopher/Mobile-Robots-2026-1/install/xarm_api/lib/xarm_api/test_xarm_ros_client
[0.776s] -- Up-to-date: /home/christopher/Mobile-Robots-2026-1/install/xarm_api/lib/xarm_api/test_xarm_velo_move
[0.776s] -- Up-to-date: /home/christopher/Mobile-Robots-2026-1/install/xarm_api/lib/xarm_api/test_robot_states
[0.776s] -- Up-to-date: /home/christopher/Mobile-Robots-2026-1/install/xarm_api/share/xarm_api//launch
[0.776s] -- Up-to-date: /home/christopher/Mobile-Robots-2026-1/install/xarm_api/share/xarm_api//launch/uf850_driver.launch.py
[0.776s] -- Up-to-date: /home/christopher/Mobile-Robots-2026-1/install/xarm_api/share/xarm_api//launch/lite6_driver.launch.py
[0.776s] -- Up-to-date: /home/christopher/Mobile-Robots-2026-1/install/xarm_api/share/xarm_api//launch/_robot_driver.launch.py
[0.776s] -- Up-to-date: /home/christopher/Mobile-Robots-2026-1/install/xarm_api/share/xarm_api//launch/xarm6_driver.launch.py
[0.776s] -- Up-to-date: /home/christopher/Mobile-Robots-2026-1/install/xarm_api/share/xarm_api//launch/lib
[0.776s] -- Up-to-date: /home/christopher/Mobile-Robots-2026-1/install/xarm_api/share/xarm_api//launch/lib/robot_api_lib.py
[0.782s] -- Up-to-date: /home/christopher/Mobile-Robots-2026-1/install/xarm_api/share/xarm_api//launch/xarm7_driver.launch.py
[0.782s] -- Up-to-date: /home/christopher/Mobile-Robots-2026-1/install/xarm_api/share/xarm_api//launch/xarm5_driver.launch.py
[0.782s] -- Up-to-date: /home/christopher/Mobile-Robots-2026-1/install/xarm_api/share/xarm_api//config
[0.782s] -- Up-to-date: /home/christopher/Mobile-Robots-2026-1/install/xarm_api/share/xarm_api//config/xarm_params.yaml
[0.782s] -- Up-to-date: /home/christopher/Mobile-Robots-2026-1/install/xarm_api/share/ament_index/resource_index/package_run_dependencies/xarm_api
[0.782s] -- Up-to-date: /home/christopher/Mobile-Robots-2026-1/install/xarm_api/share/ament_index/resource_index/parent_prefix_path/xarm_api
[0.782s] -- Up-to-date: /home/christopher/Mobile-Robots-2026-1/install/xarm_api/share/xarm_api/environment/ament_prefix_path.sh
[0.782s] -- Up-to-date: /home/christopher/Mobile-Robots-2026-1/install/xarm_api/share/xarm_api/environment/ament_prefix_path.dsv
[0.783s] -- Up-to-date: /home/christopher/Mobile-Robots-2026-1/install/xarm_api/share/xarm_api/environment/path.sh
[0.783s] -- Up-to-date: /home/christopher/Mobile-Robots-2026-1/install/xarm_api/share/xarm_api/environment/path.dsv
[0.783s] -- Up-to-date: /home/christopher/Mobile-Robots-2026-1/install/xarm_api/share/xarm_api/local_setup.bash
[0.783s] -- Up-to-date: /home/christopher/Mobile-Robots-2026-1/install/xarm_api/share/xarm_api/local_setup.sh
[0.783s] -- Up-to-date: /home/christopher/Mobile-Robots-2026-1/install/xarm_api/share/xarm_api/local_setup.zsh
[0.783s] -- Up-to-date: /home/christopher/Mobile-Robots-2026-1/install/xarm_api/share/xarm_api/local_setup.dsv
[0.785s] -- Installing: /home/christopher/Mobile-Robots-2026-1/install/xarm_api/share/xarm_api/package.dsv
[0.785s] -- Up-to-date: /home/christopher/Mobile-Robots-2026-1/install/xarm_api/share/ament_index/resource_index/packages/xarm_api
[0.785s] -- Up-to-date: /home/christopher/Mobile-Robots-2026-1/install/xarm_api/share/xarm_api/cmake/ament_cmake_export_libraries-extras.cmake
[0.785s] -- Up-to-date: /home/christopher/Mobile-Robots-2026-1/install/xarm_api/share/xarm_api/cmake/ament_cmake_export_include_directories-extras.cmake
[0.785s] -- Up-to-date: /home/christopher/Mobile-Robots-2026-1/install/xarm_api/share/xarm_api/cmake/xarm_apiConfig.cmake
[0.785s] -- Up-to-date: /home/christopher/Mobile-Robots-2026-1/install/xarm_api/share/xarm_api/cmake/xarm_apiConfig-version.cmake
[0.785s] -- Up-to-date: /home/christopher/Mobile-Robots-2026-1/install/xarm_api/share/xarm_api/package.xml
[0.792s] Invoked command in '/home/christopher/Mobile-Robots-2026-1/build/xarm_api' returned '0': CMAKE_PREFIX_PATH=/home/christopher/Mobile-Robots-2026-1/install/xarm_sdk:/home/christopher/Mobile-Robots-2026-1/install/xarm_msgs:/home/christopher/Mobile-Robots-2026-1/install/xarm_description:/home/christopher/Mobile-Robots-2026-1/install/xarm_controller:/home/christopher/Mobile-Robots-2026-1/install/xarm_api:/home/christopher/Mobile-Robots-2026-1/install/justina_gui:/home/christopher/Mobile-Robots-2026-1/install/justina_description:/home/christopher/Mobile-Robots-2026-1/install/gazebo_envs:/home/christopher/Mobile-Robots-2026-1/install/config_files:/opt/ros/jazzy/opt/gz_sim_vendor:/opt/ros/jazzy/opt/gz_sensors_vendor:/opt/ros/jazzy/opt/gz_physics_vendor:/opt/ros/jazzy/opt/sdformat_vendor:/opt/ros/jazzy/opt/gz_gui_vendor:/opt/ros/jazzy/opt/gz_transport_vendor:/opt/ros/jazzy/opt/gz_rendering_vendor:/opt/ros/jazzy/opt/gz_plugin_vendor:/opt/ros/jazzy/opt/gz_fuel_tools_vendor:/opt/ros/jazzy/opt/gz_msgs_vendor:/opt/ros/jazzy/opt/gz_common_vendor:/opt/ros/jazzy/opt/gz_math_vendor:/opt/ros/jazzy/opt/gz_utils_vendor:/opt/ros/jazzy/opt/gz_tools_vendor:/opt/ros/jazzy/opt/gz_ogre_next_vendor:/opt/ros/jazzy/opt/gz_dartsim_vendor:/opt/ros/jazzy/opt/gz_cmake_vendor:/home/christopher/Mobile-Robots-2026-1/install/uf_ros_lib:/home/christopher/Mobile-Robots-2026-1/install/simple_move:/opt/ros/jazzy DEBUGINFOD_URLS=https://debuginfod.ubuntu.com LD_LIBRARY_PATH=/home/christopher/Mobile-Robots-2026-1/install/xarm_sdk/lib:/home/christopher/Mobile-Robots-2026-1/install/xarm_msgs/lib:/home/christopher/Mobile-Robots-2026-1/install/xarm_controller/lib:/home/christopher/Mobile-Robots-2026-1/install/xarm_api/lib:/opt/ros/jazzy/opt/gz_sim_vendor/lib:/opt/ros/jazzy/opt/gz_sensors_vendor/lib:/opt/ros/jazzy/opt/gz_physics_vendor/lib:/opt/ros/jazzy/opt/sdformat_vendor/lib:/opt/ros/jazzy/opt/rviz_ogre_vendor/lib:/opt/ros/jazzy/lib/x86_64-linux-gnu:/opt/ros/jazzy/opt/gz_gui_vendor/lib:/opt/ros/jazzy/opt/gz_transport_vendor/lib:/opt/ros/jazzy/opt/gz_rendering_vendor/lib:/opt/ros/jazzy/opt/gz_plugin_vendor/lib:/opt/ros/jazzy/opt/gz_fuel_tools_vendor/lib:/opt/ros/jazzy/opt/gz_msgs_vendor/lib:/opt/ros/jazzy/opt/gz_common_vendor/lib:/opt/ros/jazzy/opt/gz_math_vendor/lib:/opt/ros/jazzy/opt/gz_utils_vendor/lib:/opt/ros/jazzy/opt/gz_tools_vendor/lib:/opt/ros/jazzy/opt/gz_ogre_next_vendor/lib:/opt/ros/jazzy/opt/gz_dartsim_vendor/lib:/opt/ros/jazzy/opt/gz_cmake_vendor/lib:/opt/ros/jazzy/lib /usr/bin/cmake --install /home/christopher/Mobile-Robots-2026-1/build/xarm_api
