[0.010s] Invoking command in '/home/axel/Mobile-Robots-2026-1/build/xarm_controller': AMENT_PREFIX_PATH=/home/axel/Mobile-Robots-2026-1/install/xarm_api:/home/axel/Mobile-Robots-2026-1/install/xarm_sdk:/home/axel/Mobile-Robots-2026-1/install/xarm_msgs:/home/axel/Mobile-Robots-2026-1/install/xarm_description CMAKE_PREFIX_PATH=/home/axel/Mobile-Robots-2026-1/install/xarm_api:/home/axel/Mobile-Robots-2026-1/install/xarm_sdk:/home/axel/Mobile-Robots-2026-1/install/xarm_msgs:/home/axel/Mobile-Robots-2026-1/install/xarm_description DEBUGINFOD_URLS=https://debuginfod.ubuntu.com LD_LIBRARY_PATH=/home/axel/Mobile-Robots-2026-1/install/xarm_api/lib:/home/axel/Mobile-Robots-2026-1/install/xarm_sdk/lib:/home/axel/Mobile-Robots-2026-1/install/xarm_msgs/lib PYTHONPATH=/home/axel/Mobile-Robots-2026-1/install/xarm_msgs/lib/python3.12/site-packages /usr/bin/cmake --build /home/axel/Mobile-Robots-2026-1/build/xarm_controller -- -j12 -l12
[0.062s] [100%] Built target uf_robot_hardware
[0.071s] Invoked command in '/home/axel/Mobile-Robots-2026-1/build/xarm_controller' returned '0': AMENT_PREFIX_PATH=/home/axel/Mobile-Robots-2026-1/install/xarm_api:/home/axel/Mobile-Robots-2026-1/install/xarm_sdk:/home/axel/Mobile-Robots-2026-1/install/xarm_msgs:/home/axel/Mobile-Robots-2026-1/install/xarm_description CMAKE_PREFIX_PATH=/home/axel/Mobile-Robots-2026-1/install/xarm_api:/home/axel/Mobile-Robots-2026-1/install/xarm_sdk:/home/axel/Mobile-Robots-2026-1/install/xarm_msgs:/home/axel/Mobile-Robots-2026-1/install/xarm_description DEBUGINFOD_URLS=https://debuginfod.ubuntu.com LD_LIBRARY_PATH=/home/axel/Mobile-Robots-2026-1/install/xarm_api/lib:/home/axel/Mobile-Robots-2026-1/install/xarm_sdk/lib:/home/axel/Mobile-Robots-2026-1/install/xarm_msgs/lib PYTHONPATH=/home/axel/Mobile-Robots-2026-1/install/xarm_msgs/lib/python3.12/site-packages /usr/bin/cmake --build /home/axel/Mobile-Robots-2026-1/build/xarm_controller -- -j12 -l12
[0.072s] Invoking command in '/home/axel/Mobile-Robots-2026-1/build/xarm_controller': AMENT_PREFIX_PATH=/home/axel/Mobile-Robots-2026-1/install/xarm_api:/home/axel/Mobile-Robots-2026-1/install/xarm_sdk:/home/axel/Mobile-Robots-2026-1/install/xarm_msgs:/home/axel/Mobile-Robots-2026-1/install/xarm_description CMAKE_PREFIX_PATH=/home/axel/Mobile-Robots-2026-1/install/xarm_api:/home/axel/Mobile-Robots-2026-1/install/xarm_sdk:/home/axel/Mobile-Robots-2026-1/install/xarm_msgs:/home/axel/Mobile-Robots-2026-1/install/xarm_description DEBUGINFOD_URLS=https://debuginfod.ubuntu.com LD_LIBRARY_PATH=/home/axel/Mobile-Robots-2026-1/install/xarm_api/lib:/home/axel/Mobile-Robots-2026-1/install/xarm_sdk/lib:/home/axel/Mobile-Robots-2026-1/install/xarm_msgs/lib PYTHONPATH=/home/axel/Mobile-Robots-2026-1/install/xarm_msgs/lib/python3.12/site-packages /usr/bin/cmake --install /home/axel/Mobile-Robots-2026-1/build/xarm_controller
[0.077s] -- Install configuration: ""
[0.078s] -- Up-to-date: /home/axel/Mobile-Robots-2026-1/install/xarm_controller/share/xarm_controller/uf_hardware_interface_plugins.xml
[0.078s] -- Up-to-date: /home/axel/Mobile-Robots-2026-1/install/xarm_controller/include
[0.078s] -- Up-to-date: /home/axel/Mobile-Robots-2026-1/install/xarm_controller/include/xarm_controller
[0.078s] -- Up-to-date: /home/axel/Mobile-Robots-2026-1/install/xarm_controller/include/xarm_controller/hardware
[0.078s] -- Up-to-date: /home/axel/Mobile-Robots-2026-1/install/xarm_controller/include/xarm_controller/hardware/uf_robot_fake_system_hardware.h
[0.078s] -- Up-to-date: /home/axel/Mobile-Robots-2026-1/install/xarm_controller/include/xarm_controller/hardware/bak_uf_robot_fake_system_hardware.h
[0.078s] -- Up-to-date: /home/axel/Mobile-Robots-2026-1/install/xarm_controller/include/xarm_controller/hardware/uf_robot_system_hardware.h
[0.079s] -- Up-to-date: /home/axel/Mobile-Robots-2026-1/install/xarm_controller/lib/libuf_robot_hardware.so
[0.079s] -- Up-to-date: /home/axel/Mobile-Robots-2026-1/install/xarm_controller/share/xarm_controller//launch
[0.079s] -- Up-to-date: /home/axel/Mobile-Robots-2026-1/install/xarm_controller/share/xarm_controller//launch/xarm6_control_rviz_display.launch.py
[0.079s] -- Up-to-date: /home/axel/Mobile-Robots-2026-1/install/xarm_controller/share/xarm_controller//launch/lite6_control_rviz_display.launch.py
[0.079s] -- Up-to-date: /home/axel/Mobile-Robots-2026-1/install/xarm_controller/share/xarm_controller//launch/xarm5_control_rviz_display.launch.py
[0.079s] -- Up-to-date: /home/axel/Mobile-Robots-2026-1/install/xarm_controller/share/xarm_controller//launch/lib
[0.079s] -- Up-to-date: /home/axel/Mobile-Robots-2026-1/install/xarm_controller/share/xarm_controller//launch/lib/robot_controller_lib.py
[0.079s] -- Up-to-date: /home/axel/Mobile-Robots-2026-1/install/xarm_controller/share/xarm_controller//launch/_ros2_control.launch.py
[0.080s] -- Up-to-date: /home/axel/Mobile-Robots-2026-1/install/xarm_controller/share/xarm_controller//launch/_robot_ros2_control.launch.py
[0.080s] -- Up-to-date: /home/axel/Mobile-Robots-2026-1/install/xarm_controller/share/xarm_controller//launch/xarm7_mirror_control_rviz_display.launch.py
[0.080s] -- Up-to-date: /home/axel/Mobile-Robots-2026-1/install/xarm_controller/share/xarm_controller//launch/_dual_ros2_control.launch.py
[0.080s] -- Up-to-date: /home/axel/Mobile-Robots-2026-1/install/xarm_controller/share/xarm_controller//launch/xarm7_control_rviz_display.launch.py
[0.080s] -- Up-to-date: /home/axel/Mobile-Robots-2026-1/install/xarm_controller/share/xarm_controller//launch/uf850_control_rviz_display.launch.py
[0.080s] -- Up-to-date: /home/axel/Mobile-Robots-2026-1/install/xarm_controller/share/xarm_controller//config
[0.081s] -- Up-to-date: /home/axel/Mobile-Robots-2026-1/install/xarm_controller/share/xarm_controller//config/lite6_controllers.yaml
[0.081s] -- Up-to-date: /home/axel/Mobile-Robots-2026-1/install/xarm_controller/share/xarm_controller//config/xarm_gripper_controllers.yaml
[0.081s] -- Up-to-date: /home/axel/Mobile-Robots-2026-1/install/xarm_controller/share/xarm_controller//config/uf850_gripper_controllers.yaml
[0.081s] -- Up-to-date: /home/axel/Mobile-Robots-2026-1/install/xarm_controller/share/xarm_controller//config/xarm7_controllers.yaml
[0.081s] -- Up-to-date: /home/axel/Mobile-Robots-2026-1/install/xarm_controller/share/xarm_controller//config/uf850_controllers.yaml
[0.082s] -- Up-to-date: /home/axel/Mobile-Robots-2026-1/install/xarm_controller/share/xarm_controller//config/xarm7_mirror_gripper_controllers.yaml
[0.082s] -- Up-to-date: /home/axel/Mobile-Robots-2026-1/install/xarm_controller/share/xarm_controller//config/xarm7_mirror_controllers.yaml
[0.082s] -- Up-to-date: /home/axel/Mobile-Robots-2026-1/install/xarm_controller/share/xarm_controller//config/xarm5_controllers.yaml
[0.082s] -- Up-to-date: /home/axel/Mobile-Robots-2026-1/install/xarm_controller/share/xarm_controller//config/bio_gripper_controllers.yaml
[0.082s] -- Up-to-date: /home/axel/Mobile-Robots-2026-1/install/xarm_controller/share/xarm_controller//config/xarm6_controllers.yaml
[0.082s] -- Up-to-date: /home/axel/Mobile-Robots-2026-1/install/xarm_controller/share/xarm_controller/environment/library_path.sh
[0.082s] -- Up-to-date: /home/axel/Mobile-Robots-2026-1/install/xarm_controller/share/xarm_controller/environment/library_path.dsv
[0.082s] -- Up-to-date: /home/axel/Mobile-Robots-2026-1/install/xarm_controller/share/ament_index/resource_index/package_run_dependencies/xarm_controller
[0.082s] -- Up-to-date: /home/axel/Mobile-Robots-2026-1/install/xarm_controller/share/ament_index/resource_index/parent_prefix_path/xarm_controller
[0.082s] -- Up-to-date: /home/axel/Mobile-Robots-2026-1/install/xarm_controller/share/xarm_controller/environment/ament_prefix_path.sh
[0.082s] -- Up-to-date: /home/axel/Mobile-Robots-2026-1/install/xarm_controller/share/xarm_controller/environment/ament_prefix_path.dsv
[0.082s] -- Up-to-date: /home/axel/Mobile-Robots-2026-1/install/xarm_controller/share/xarm_controller/environment/path.sh
[0.083s] -- Up-to-date: /home/axel/Mobile-Robots-2026-1/install/xarm_controller/share/xarm_controller/environment/path.dsv
[0.083s] -- Up-to-date: /home/axel/Mobile-Robots-2026-1/install/xarm_controller/share/xarm_controller/local_setup.bash
[0.083s] -- Up-to-date: /home/axel/Mobile-Robots-2026-1/install/xarm_controller/share/xarm_controller/local_setup.sh
[0.083s] -- Up-to-date: /home/axel/Mobile-Robots-2026-1/install/xarm_controller/share/xarm_controller/local_setup.zsh
[0.083s] -- Up-to-date: /home/axel/Mobile-Robots-2026-1/install/xarm_controller/share/xarm_controller/local_setup.dsv
[0.083s] -- Installing: /home/axel/Mobile-Robots-2026-1/install/xarm_controller/share/xarm_controller/package.dsv
[0.083s] -- Up-to-date: /home/axel/Mobile-Robots-2026-1/install/xarm_controller/share/ament_index/resource_index/packages/xarm_controller
[0.084s] -- Up-to-date: /home/axel/Mobile-Robots-2026-1/install/xarm_controller/share/ament_index/resource_index/hardware_interface__pluginlib__plugin/xarm_controller
[0.084s] -- Up-to-date: /home/axel/Mobile-Robots-2026-1/install/xarm_controller/share/xarm_controller/cmake/ament_cmake_export_include_directories-extras.cmake
[0.084s] -- Up-to-date: /home/axel/Mobile-Robots-2026-1/install/xarm_controller/share/xarm_controller/cmake/ament_cmake_export_libraries-extras.cmake
[0.084s] -- Up-to-date: /home/axel/Mobile-Robots-2026-1/install/xarm_controller/share/xarm_controller/cmake/ament_cmake_export_dependencies-extras.cmake
[0.084s] -- Up-to-date: /home/axel/Mobile-Robots-2026-1/install/xarm_controller/share/xarm_controller/cmake/xarm_controllerConfig.cmake
[0.084s] -- Up-to-date: /home/axel/Mobile-Robots-2026-1/install/xarm_controller/share/xarm_controller/cmake/xarm_controllerConfig-version.cmake
[0.084s] -- Up-to-date: /home/axel/Mobile-Robots-2026-1/install/xarm_controller/share/xarm_controller/package.xml
[0.084s] Invoked command in '/home/axel/Mobile-Robots-2026-1/build/xarm_controller' returned '0': AMENT_PREFIX_PATH=/home/axel/Mobile-Robots-2026-1/install/xarm_api:/home/axel/Mobile-Robots-2026-1/install/xarm_sdk:/home/axel/Mobile-Robots-2026-1/install/xarm_msgs:/home/axel/Mobile-Robots-2026-1/install/xarm_description CMAKE_PREFIX_PATH=/home/axel/Mobile-Robots-2026-1/install/xarm_api:/home/axel/Mobile-Robots-2026-1/install/xarm_sdk:/home/axel/Mobile-Robots-2026-1/install/xarm_msgs:/home/axel/Mobile-Robots-2026-1/install/xarm_description DEBUGINFOD_URLS=https://debuginfod.ubuntu.com LD_LIBRARY_PATH=/home/axel/Mobile-Robots-2026-1/install/xarm_api/lib:/home/axel/Mobile-Robots-2026-1/install/xarm_sdk/lib:/home/axel/Mobile-Robots-2026-1/install/xarm_msgs/lib PYTHONPATH=/home/axel/Mobile-Robots-2026-1/install/xarm_msgs/lib/python3.12/site-packages /usr/bin/cmake --install /home/axel/Mobile-Robots-2026-1/build/xarm_controller
