[0.034s] Invoking command in '/home/christian-pineda/Mobile-Robots-2026-1/build/xarm_api': AMENT_PREFIX_PATH=/home/christian-pineda/Mobile-Robots-2026-1/install/xarm_sdk:/home/christian-pineda/Mobile-Robots-2026-1/install/xarm_msgs:/home/christian-pineda/Mobile-Robots-2026-1/install/xarm_description:${AMENT_PREFIX_PATH} CMAKE_PREFIX_PATH=/home/christian-pineda/Mobile-Robots-2026-1/install/xarm_sdk:/home/christian-pineda/Mobile-Robots-2026-1/install/xarm_msgs:/home/christian-pineda/Mobile-Robots-2026-1/install/xarm_description:/home/christian-pineda/Mobile-Robots-2026-1/ros2_ws/install/xarm_controller:/home/christian-pineda/Mobile-Robots-2026-1/ros2_ws/install/xarm_api:/home/christian-pineda/Mobile-Robots-2026-1/ros2_ws/install/xarm_sdk:/home/christian-pineda/Mobile-Robots-2026-1/ros2_ws/install/xarm_msgs:/home/christian-pineda/Mobile-Robots-2026-1/ros2_ws/install/xarm_description:/home/christian-pineda/Mobile-Robots-2026-1/ros2_ws/install/justina_gui:/home/christian-pineda/Mobile-Robots-2026-1/ros2_ws/install/justina_description:/home/christian-pineda/Mobile-Robots-2026-1/ros2_ws/install/gazebo_envs:/home/christian-pineda/Mobile-Robots-2026-1/ros2_ws/install/config_files:/opt/ros/jazzy/opt/gz_sim_vendor:/opt/ros/jazzy/opt/gz_sensors_vendor:/opt/ros/jazzy/opt/gz_physics_vendor:/opt/ros/jazzy/opt/sdformat_vendor:/opt/ros/jazzy/opt/gz_gui_vendor:/opt/ros/jazzy/opt/gz_transport_vendor:/opt/ros/jazzy/opt/gz_rendering_vendor:/opt/ros/jazzy/opt/gz_plugin_vendor:/opt/ros/jazzy/opt/gz_fuel_tools_vendor:/opt/ros/jazzy/opt/gz_msgs_vendor:/opt/ros/jazzy/opt/gz_common_vendor:/opt/ros/jazzy/opt/gz_math_vendor:/opt/ros/jazzy/opt/gz_utils_vendor:/opt/ros/jazzy/opt/gz_tools_vendor:/opt/ros/jazzy/opt/gz_ogre_next_vendor:/opt/ros/jazzy/opt/gz_dartsim_vendor:/opt/ros/jazzy/opt/gz_cmake_vendor:/home/christian-pineda/Mobile-Robots-2026-1/ros2_ws/install/uf_ros_lib:/home/christian-pineda/Mobile-Robots-2026-1/ros2_ws/install/simple_move:/opt/ros/jazzy DEBUGINFOD_URLS=https://debuginfod.ubuntu.com LD_LIBRARY_PATH=/home/christian-pineda/Mobile-Robots-2026-1/install/xarm_sdk/lib:/home/christian-pineda/Mobile-Robots-2026-1/install/xarm_msgs/lib:${LD_LIBRARY_PATH} PYTHONPATH=/home/christian-pineda/Mobile-Robots-2026-1/install/xarm_msgs/lib/python3.12/site-packages:${PYTHONPATH} /usr/bin/cmake /home/christian-pineda/Mobile-Robots-2026-1/ros2_ws/src/hardware/xarm_ros2/xarm_api -DCMAKE_INSTALL_PREFIX=/home/christian-pineda/Mobile-Robots-2026-1/install/xarm_api
[0.145s] -- The C compiler identification is GNU 13.3.0
[0.248s] -- The CXX compiler identification is GNU 13.3.0
[0.276s] -- Detecting C compiler ABI info
[0.498s] -- Detecting C compiler ABI info - done
[0.551s] -- Check for working C compiler: /usr/bin/cc - skipped
[0.553s] -- Detecting C compile features
[0.557s] -- Detecting C compile features - done
[0.595s] -- Detecting CXX compiler ABI info
[0.987s] -- Detecting CXX compiler ABI info - done
[1.052s] -- Check for working CXX compiler: /usr/bin/c++ - skipped
[1.054s] -- Detecting CXX compile features
[1.057s] -- Detecting CXX compile features - done
[1.076s] -- Found ament_cmake: 2.5.4 (/opt/ros/jazzy/share/ament_cmake/cmake)
[1.795s] -- Found Python3: /usr/bin/python3 (found version "3.12.3") found components: Interpreter 
[2.354s] -- Found ament_lint_auto: 0.17.3 (/opt/ros/jazzy/share/ament_lint_auto/cmake)
[2.668s] -- Found rclcpp: 28.1.11 (/opt/ros/jazzy/share/rclcpp/cmake)
[2.810s] -- Found rosidl_generator_c: 4.6.6 (/opt/ros/jazzy/share/rosidl_generator_c/cmake)
[2.857s] -- Found rosidl_generator_cpp: 4.6.6 (/opt/ros/jazzy/share/rosidl_generator_cpp/cmake)
[2.919s] -- Using all available rosidl_typesupport_c: rosidl_typesupport_fastrtps_c;rosidl_typesupport_introspection_c
[2.982s] -- Using all available rosidl_typesupport_cpp: rosidl_typesupport_fastrtps_cpp;rosidl_typesupport_introspection_cpp
[3.260s] -- Found rmw_implementation_cmake: 7.3.2 (/opt/ros/jazzy/share/rmw_implementation_cmake/cmake)
[3.275s] -- Found rmw_fastrtps_cpp: 8.4.3 (/opt/ros/jazzy/share/rmw_fastrtps_cpp/cmake)
[3.479s] -- Found OpenSSL: /usr/lib/x86_64-linux-gnu/libcrypto.so (found version "3.0.13")  
[3.532s] -- Found FastRTPS: /opt/ros/jazzy/include (Required is at least version "2.13") 
[3.582s] -- Using RMW implementation 'rmw_fastrtps_cpp' as default
[3.844s] -- Found rclcpp_action: 28.1.11 (/opt/ros/jazzy/share/rclcpp_action/cmake)
[4.005s] -- Found std_msgs: 5.3.6 (/opt/ros/jazzy/share/std_msgs/cmake)
[4.054s] -- Found sensor_msgs: 5.3.6 (/opt/ros/jazzy/share/sensor_msgs/cmake)
[4.190s] -- Found control_msgs: 5.5.0 (/opt/ros/jazzy/share/control_msgs/cmake)
[4.390s] -- Found xarm_msgs: 0.0.0 (/home/christian-pineda/Mobile-Robots-2026-1/install/xarm_msgs/share/xarm_msgs/cmake)
[4.562s] -- Found xarm_sdk: 0.0.0 (/home/christian-pineda/Mobile-Robots-2026-1/install/xarm_sdk/share/xarm_sdk/cmake)
[4.638s] -- Added test 'copyright' to check source files copyright and LICENSE
[4.644s] -- Added test 'cppcheck' to perform static code analysis on C / C++ code
[4.645s] -- Configured cppcheck include dirs: /home/christian-pineda/Mobile-Robots-2026-1/ros2_ws/src/hardware/xarm_ros2/xarm_api/include
[4.647s] -- Configured cppcheck exclude dirs and/or files: 
[4.650s] -- Added test 'cpplint' to check C / C++ code against the Google style
[4.651s] -- Configured cpplint exclude dirs and/or files: 
[4.653s] -- Added test 'flake8' to check Python code syntax and style conventions
[4.653s] -- Configured 'flake8' exclude dirs and/or files: 
[4.655s] -- Added test 'lint_cmake' to check CMake code style
[4.658s] -- Added test 'pep257' to check Python code against some of the docstring style conventions in PEP 257
[4.662s] -- Added test 'uncrustify' to check C / C++ code style
[4.662s] -- Configured uncrustify additional arguments: 
[4.664s] -- Added test 'xmllint' to check XML markup files
[4.673s] -- Configuring done (4.6s)
[4.767s] -- Generating done (0.1s)
[4.799s] -- Build files have been written to: /home/christian-pineda/Mobile-Robots-2026-1/build/xarm_api
[4.818s] Invoked command in '/home/christian-pineda/Mobile-Robots-2026-1/build/xarm_api' returned '0': AMENT_PREFIX_PATH=/home/christian-pineda/Mobile-Robots-2026-1/install/xarm_sdk:/home/christian-pineda/Mobile-Robots-2026-1/install/xarm_msgs:/home/christian-pineda/Mobile-Robots-2026-1/install/xarm_description:${AMENT_PREFIX_PATH} CMAKE_PREFIX_PATH=/home/christian-pineda/Mobile-Robots-2026-1/install/xarm_sdk:/home/christian-pineda/Mobile-Robots-2026-1/install/xarm_msgs:/home/christian-pineda/Mobile-Robots-2026-1/install/xarm_description:/home/christian-pineda/Mobile-Robots-2026-1/ros2_ws/install/xarm_controller:/home/christian-pineda/Mobile-Robots-2026-1/ros2_ws/install/xarm_api:/home/christian-pineda/Mobile-Robots-2026-1/ros2_ws/install/xarm_sdk:/home/christian-pineda/Mobile-Robots-2026-1/ros2_ws/install/xarm_msgs:/home/christian-pineda/Mobile-Robots-2026-1/ros2_ws/install/xarm_description:/home/christian-pineda/Mobile-Robots-2026-1/ros2_ws/install/justina_gui:/home/christian-pineda/Mobile-Robots-2026-1/ros2_ws/install/justina_description:/home/christian-pineda/Mobile-Robots-2026-1/ros2_ws/install/gazebo_envs:/home/christian-pineda/Mobile-Robots-2026-1/ros2_ws/install/config_files:/opt/ros/jazzy/opt/gz_sim_vendor:/opt/ros/jazzy/opt/gz_sensors_vendor:/opt/ros/jazzy/opt/gz_physics_vendor:/opt/ros/jazzy/opt/sdformat_vendor:/opt/ros/jazzy/opt/gz_gui_vendor:/opt/ros/jazzy/opt/gz_transport_vendor:/opt/ros/jazzy/opt/gz_rendering_vendor:/opt/ros/jazzy/opt/gz_plugin_vendor:/opt/ros/jazzy/opt/gz_fuel_tools_vendor:/opt/ros/jazzy/opt/gz_msgs_vendor:/opt/ros/jazzy/opt/gz_common_vendor:/opt/ros/jazzy/opt/gz_math_vendor:/opt/ros/jazzy/opt/gz_utils_vendor:/opt/ros/jazzy/opt/gz_tools_vendor:/opt/ros/jazzy/opt/gz_ogre_next_vendor:/opt/ros/jazzy/opt/gz_dartsim_vendor:/opt/ros/jazzy/opt/gz_cmake_vendor:/home/christian-pineda/Mobile-Robots-2026-1/ros2_ws/install/uf_ros_lib:/home/christian-pineda/Mobile-Robots-2026-1/ros2_ws/install/simple_move:/opt/ros/jazzy DEBUGINFOD_URLS=https://debuginfod.ubuntu.com LD_LIBRARY_PATH=/home/christian-pineda/Mobile-Robots-2026-1/install/xarm_sdk/lib:/home/christian-pineda/Mobile-Robots-2026-1/install/xarm_msgs/lib:${LD_LIBRARY_PATH} PYTHONPATH=/home/christian-pineda/Mobile-Robots-2026-1/install/xarm_msgs/lib/python3.12/site-packages:${PYTHONPATH} /usr/bin/cmake /home/christian-pineda/Mobile-Robots-2026-1/ros2_ws/src/hardware/xarm_ros2/xarm_api -DCMAKE_INSTALL_PREFIX=/home/christian-pineda/Mobile-Robots-2026-1/install/xarm_api
[4.819s] Invoking command in '/home/christian-pineda/Mobile-Robots-2026-1/build/xarm_api': AMENT_PREFIX_PATH=/home/christian-pineda/Mobile-Robots-2026-1/install/xarm_sdk:/home/christian-pineda/Mobile-Robots-2026-1/install/xarm_msgs:/home/christian-pineda/Mobile-Robots-2026-1/install/xarm_description:${AMENT_PREFIX_PATH} CMAKE_PREFIX_PATH=/home/christian-pineda/Mobile-Robots-2026-1/install/xarm_sdk:/home/christian-pineda/Mobile-Robots-2026-1/install/xarm_msgs:/home/christian-pineda/Mobile-Robots-2026-1/install/xarm_description:/home/christian-pineda/Mobile-Robots-2026-1/ros2_ws/install/xarm_controller:/home/christian-pineda/Mobile-Robots-2026-1/ros2_ws/install/xarm_api:/home/christian-pineda/Mobile-Robots-2026-1/ros2_ws/install/xarm_sdk:/home/christian-pineda/Mobile-Robots-2026-1/ros2_ws/install/xarm_msgs:/home/christian-pineda/Mobile-Robots-2026-1/ros2_ws/install/xarm_description:/home/christian-pineda/Mobile-Robots-2026-1/ros2_ws/install/justina_gui:/home/christian-pineda/Mobile-Robots-2026-1/ros2_ws/install/justina_description:/home/christian-pineda/Mobile-Robots-2026-1/ros2_ws/install/gazebo_envs:/home/christian-pineda/Mobile-Robots-2026-1/ros2_ws/install/config_files:/opt/ros/jazzy/opt/gz_sim_vendor:/opt/ros/jazzy/opt/gz_sensors_vendor:/opt/ros/jazzy/opt/gz_physics_vendor:/opt/ros/jazzy/opt/sdformat_vendor:/opt/ros/jazzy/opt/gz_gui_vendor:/opt/ros/jazzy/opt/gz_transport_vendor:/opt/ros/jazzy/opt/gz_rendering_vendor:/opt/ros/jazzy/opt/gz_plugin_vendor:/opt/ros/jazzy/opt/gz_fuel_tools_vendor:/opt/ros/jazzy/opt/gz_msgs_vendor:/opt/ros/jazzy/opt/gz_common_vendor:/opt/ros/jazzy/opt/gz_math_vendor:/opt/ros/jazzy/opt/gz_utils_vendor:/opt/ros/jazzy/opt/gz_tools_vendor:/opt/ros/jazzy/opt/gz_ogre_next_vendor:/opt/ros/jazzy/opt/gz_dartsim_vendor:/opt/ros/jazzy/opt/gz_cmake_vendor:/home/christian-pineda/Mobile-Robots-2026-1/ros2_ws/install/uf_ros_lib:/home/christian-pineda/Mobile-Robots-2026-1/ros2_ws/install/simple_move:/opt/ros/jazzy DEBUGINFOD_URLS=https://debuginfod.ubuntu.com LD_LIBRARY_PATH=/home/christian-pineda/Mobile-Robots-2026-1/install/xarm_sdk/lib:/home/christian-pineda/Mobile-Robots-2026-1/install/xarm_msgs/lib:${LD_LIBRARY_PATH} PYTHONPATH=/home/christian-pineda/Mobile-Robots-2026-1/install/xarm_msgs/lib/python3.12/site-packages:${PYTHONPATH} /usr/bin/cmake --build /home/christian-pineda/Mobile-Robots-2026-1/build/xarm_api -- -j4 -l4
[4.909s] [ 15%] [32mBuilding CXX object CMakeFiles/test_robot_states.dir/test/test_robot_states.cpp.o[0m
[4.909s] [ 15%] [32mBuilding CXX object CMakeFiles/xarm_ros_driver.dir/src/xarm_driver_service.cpp.o[0m
[4.915s] [ 30%] [32mBuilding CXX object CMakeFiles/xarm_ros_client.dir/src/xarm_ros_client.cpp.o[0m
[4.917s] [ 30%] [32mBuilding CXX object CMakeFiles/xarm_ros_driver.dir/src/xarm_driver.cpp.o[0m
[68.286s] [ 38%] [32m[1mLinking CXX executable test_robot_states[0m
[69.779s] [ 38%] Built target test_robot_states
[104.694s] [ 46%] [32m[1mLinking CXX shared library libxarm_ros_client.so[0m
[107.956s] [ 46%] Built target xarm_ros_client
[108.018s] [ 53%] [32mBuilding CXX object CMakeFiles/test_xarm_ros_client.dir/test/test_xarm_ros_client.cpp.o[0m
[108.018s] [ 61%] [32mBuilding CXX object CMakeFiles/test_xarm_velo_move.dir/test/test_xarm_velo_move.cpp.o[0m
[124.048s] [ 69%] [32m[1mLinking CXX executable test_xarm_ros_client[0m
[124.208s] [ 76%] [32m[1mLinking CXX executable test_xarm_velo_move[0m
[126.911s] [ 76%] Built target test_xarm_ros_client
[127.203s] [ 76%] Built target test_xarm_velo_move
[133.066s] [ 84%] [32m[1mLinking CXX shared library libxarm_ros_driver.so[0m
[137.123s] [ 84%] Built target xarm_ros_driver
[137.164s] [ 92%] [32mBuilding CXX object CMakeFiles/xarm_driver_node.dir/src/xarm_driver_node.cpp.o[0m
[148.982s] [100%] [32m[1mLinking CXX executable xarm_driver_node[0m
[150.812s] [100%] Built target xarm_driver_node
[150.999s] Invoked command in '/home/christian-pineda/Mobile-Robots-2026-1/build/xarm_api' returned '0': AMENT_PREFIX_PATH=/home/christian-pineda/Mobile-Robots-2026-1/install/xarm_sdk:/home/christian-pineda/Mobile-Robots-2026-1/install/xarm_msgs:/home/christian-pineda/Mobile-Robots-2026-1/install/xarm_description:${AMENT_PREFIX_PATH} CMAKE_PREFIX_PATH=/home/christian-pineda/Mobile-Robots-2026-1/install/xarm_sdk:/home/christian-pineda/Mobile-Robots-2026-1/install/xarm_msgs:/home/christian-pineda/Mobile-Robots-2026-1/install/xarm_description:/home/christian-pineda/Mobile-Robots-2026-1/ros2_ws/install/xarm_controller:/home/christian-pineda/Mobile-Robots-2026-1/ros2_ws/install/xarm_api:/home/christian-pineda/Mobile-Robots-2026-1/ros2_ws/install/xarm_sdk:/home/christian-pineda/Mobile-Robots-2026-1/ros2_ws/install/xarm_msgs:/home/christian-pineda/Mobile-Robots-2026-1/ros2_ws/install/xarm_description:/home/christian-pineda/Mobile-Robots-2026-1/ros2_ws/install/justina_gui:/home/christian-pineda/Mobile-Robots-2026-1/ros2_ws/install/justina_description:/home/christian-pineda/Mobile-Robots-2026-1/ros2_ws/install/gazebo_envs:/home/christian-pineda/Mobile-Robots-2026-1/ros2_ws/install/config_files:/opt/ros/jazzy/opt/gz_sim_vendor:/opt/ros/jazzy/opt/gz_sensors_vendor:/opt/ros/jazzy/opt/gz_physics_vendor:/opt/ros/jazzy/opt/sdformat_vendor:/opt/ros/jazzy/opt/gz_gui_vendor:/opt/ros/jazzy/opt/gz_transport_vendor:/opt/ros/jazzy/opt/gz_rendering_vendor:/opt/ros/jazzy/opt/gz_plugin_vendor:/opt/ros/jazzy/opt/gz_fuel_tools_vendor:/opt/ros/jazzy/opt/gz_msgs_vendor:/opt/ros/jazzy/opt/gz_common_vendor:/opt/ros/jazzy/opt/gz_math_vendor:/opt/ros/jazzy/opt/gz_utils_vendor:/opt/ros/jazzy/opt/gz_tools_vendor:/opt/ros/jazzy/opt/gz_ogre_next_vendor:/opt/ros/jazzy/opt/gz_dartsim_vendor:/opt/ros/jazzy/opt/gz_cmake_vendor:/home/christian-pineda/Mobile-Robots-2026-1/ros2_ws/install/uf_ros_lib:/home/christian-pineda/Mobile-Robots-2026-1/ros2_ws/install/simple_move:/opt/ros/jazzy DEBUGINFOD_URLS=https://debuginfod.ubuntu.com LD_LIBRARY_PATH=/home/christian-pineda/Mobile-Robots-2026-1/install/xarm_sdk/lib:/home/christian-pineda/Mobile-Robots-2026-1/install/xarm_msgs/lib:${LD_LIBRARY_PATH} PYTHONPATH=/home/christian-pineda/Mobile-Robots-2026-1/install/xarm_msgs/lib/python3.12/site-packages:${PYTHONPATH} /usr/bin/cmake --build /home/christian-pineda/Mobile-Robots-2026-1/build/xarm_api -- -j4 -l4
[151.097s] Invoking command in '/home/christian-pineda/Mobile-Robots-2026-1/build/xarm_api': AMENT_PREFIX_PATH=/home/christian-pineda/Mobile-Robots-2026-1/install/xarm_sdk:/home/christian-pineda/Mobile-Robots-2026-1/install/xarm_msgs:/home/christian-pineda/Mobile-Robots-2026-1/install/xarm_description:${AMENT_PREFIX_PATH} CMAKE_PREFIX_PATH=/home/christian-pineda/Mobile-Robots-2026-1/install/xarm_sdk:/home/christian-pineda/Mobile-Robots-2026-1/install/xarm_msgs:/home/christian-pineda/Mobile-Robots-2026-1/install/xarm_description:/home/christian-pineda/Mobile-Robots-2026-1/ros2_ws/install/xarm_controller:/home/christian-pineda/Mobile-Robots-2026-1/ros2_ws/install/xarm_api:/home/christian-pineda/Mobile-Robots-2026-1/ros2_ws/install/xarm_sdk:/home/christian-pineda/Mobile-Robots-2026-1/ros2_ws/install/xarm_msgs:/home/christian-pineda/Mobile-Robots-2026-1/ros2_ws/install/xarm_description:/home/christian-pineda/Mobile-Robots-2026-1/ros2_ws/install/justina_gui:/home/christian-pineda/Mobile-Robots-2026-1/ros2_ws/install/justina_description:/home/christian-pineda/Mobile-Robots-2026-1/ros2_ws/install/gazebo_envs:/home/christian-pineda/Mobile-Robots-2026-1/ros2_ws/install/config_files:/opt/ros/jazzy/opt/gz_sim_vendor:/opt/ros/jazzy/opt/gz_sensors_vendor:/opt/ros/jazzy/opt/gz_physics_vendor:/opt/ros/jazzy/opt/sdformat_vendor:/opt/ros/jazzy/opt/gz_gui_vendor:/opt/ros/jazzy/opt/gz_transport_vendor:/opt/ros/jazzy/opt/gz_rendering_vendor:/opt/ros/jazzy/opt/gz_plugin_vendor:/opt/ros/jazzy/opt/gz_fuel_tools_vendor:/opt/ros/jazzy/opt/gz_msgs_vendor:/opt/ros/jazzy/opt/gz_common_vendor:/opt/ros/jazzy/opt/gz_math_vendor:/opt/ros/jazzy/opt/gz_utils_vendor:/opt/ros/jazzy/opt/gz_tools_vendor:/opt/ros/jazzy/opt/gz_ogre_next_vendor:/opt/ros/jazzy/opt/gz_dartsim_vendor:/opt/ros/jazzy/opt/gz_cmake_vendor:/home/christian-pineda/Mobile-Robots-2026-1/ros2_ws/install/uf_ros_lib:/home/christian-pineda/Mobile-Robots-2026-1/ros2_ws/install/simple_move:/opt/ros/jazzy DEBUGINFOD_URLS=https://debuginfod.ubuntu.com LD_LIBRARY_PATH=/home/christian-pineda/Mobile-Robots-2026-1/install/xarm_sdk/lib:/home/christian-pineda/Mobile-Robots-2026-1/install/xarm_msgs/lib:${LD_LIBRARY_PATH} PYTHONPATH=/home/christian-pineda/Mobile-Robots-2026-1/install/xarm_msgs/lib/python3.12/site-packages:${PYTHONPATH} /usr/bin/cmake --install /home/christian-pineda/Mobile-Robots-2026-1/build/xarm_api
[151.141s] -- Install configuration: ""
[151.141s] -- Installing: /home/christian-pineda/Mobile-Robots-2026-1/install/xarm_api/share/xarm_api/environment/library_path.sh
[151.141s] -- Installing: /home/christian-pineda/Mobile-Robots-2026-1/install/xarm_api/share/xarm_api/environment/library_path.dsv
[151.141s] -- Installing: /home/christian-pineda/Mobile-Robots-2026-1/install/xarm_api/include
[151.141s] -- Installing: /home/christian-pineda/Mobile-Robots-2026-1/install/xarm_api/include/xarm_api
[151.141s] -- Installing: /home/christian-pineda/Mobile-Robots-2026-1/install/xarm_api/include/xarm_api/xarm_ros_client.h
[151.141s] -- Installing: /home/christian-pineda/Mobile-Robots-2026-1/install/xarm_api/include/xarm_api/xarm_driver.h
[151.141s] -- Installing: /home/christian-pineda/Mobile-Robots-2026-1/install/xarm_api/include/xarm_api/visibility_control.h
[151.141s] -- Installing: /home/christian-pineda/Mobile-Robots-2026-1/install/xarm_api/include/xarm_api/xarm_msgs.h
[151.141s] -- Installing: /home/christian-pineda/Mobile-Robots-2026-1/install/xarm_api/lib/libxarm_ros_driver.so
[151.172s] -- Set non-toolchain portion of runtime path of "/home/christian-pineda/Mobile-Robots-2026-1/install/xarm_api/lib/libxarm_ros_driver.so" to ""
[151.172s] -- Installing: /home/christian-pineda/Mobile-Robots-2026-1/install/xarm_api/lib/libxarm_ros_client.so
[151.256s] -- Set non-toolchain portion of runtime path of "/home/christian-pineda/Mobile-Robots-2026-1/install/xarm_api/lib/libxarm_ros_client.so" to ""
[151.257s] -- Installing: /home/christian-pineda/Mobile-Robots-2026-1/install/xarm_api/lib/xarm_api/xarm_driver_node
[151.257s] -- Set non-toolchain portion of runtime path of "/home/christian-pineda/Mobile-Robots-2026-1/install/xarm_api/lib/xarm_api/xarm_driver_node" to ""
[151.258s] -- Installing: /home/christian-pineda/Mobile-Robots-2026-1/install/xarm_api/lib/xarm_api/test_xarm_ros_client
[151.259s] -- Set non-toolchain portion of runtime path of "/home/christian-pineda/Mobile-Robots-2026-1/install/xarm_api/lib/xarm_api/test_xarm_ros_client" to ""
[151.259s] -- Installing: /home/christian-pineda/Mobile-Robots-2026-1/install/xarm_api/lib/xarm_api/test_xarm_velo_move
[151.260s] -- Set non-toolchain portion of runtime path of "/home/christian-pineda/Mobile-Robots-2026-1/install/xarm_api/lib/xarm_api/test_xarm_velo_move" to ""
[151.261s] -- Installing: /home/christian-pineda/Mobile-Robots-2026-1/install/xarm_api/lib/xarm_api/test_robot_states
[151.271s] -- Set non-toolchain portion of runtime path of "/home/christian-pineda/Mobile-Robots-2026-1/install/xarm_api/lib/xarm_api/test_robot_states" to ""
[151.271s] -- Installing: /home/christian-pineda/Mobile-Robots-2026-1/install/xarm_api/share/xarm_api//launch
[151.272s] -- Installing: /home/christian-pineda/Mobile-Robots-2026-1/install/xarm_api/share/xarm_api//launch/xarm6_driver.launch.py
[151.273s] -- Installing: /home/christian-pineda/Mobile-Robots-2026-1/install/xarm_api/share/xarm_api//launch/lib
[151.274s] -- Installing: /home/christian-pineda/Mobile-Robots-2026-1/install/xarm_api/share/xarm_api//launch/lib/robot_api_lib.py
[151.274s] -- Installing: /home/christian-pineda/Mobile-Robots-2026-1/install/xarm_api/share/xarm_api//launch/xarm7_driver.launch.py
[151.275s] -- Installing: /home/christian-pineda/Mobile-Robots-2026-1/install/xarm_api/share/xarm_api//launch/uf850_driver.launch.py
[151.276s] -- Installing: /home/christian-pineda/Mobile-Robots-2026-1/install/xarm_api/share/xarm_api//launch/_robot_driver.launch.py
[151.276s] -- Installing: /home/christian-pineda/Mobile-Robots-2026-1/install/xarm_api/share/xarm_api//launch/xarm5_driver.launch.py
[151.277s] -- Installing: /home/christian-pineda/Mobile-Robots-2026-1/install/xarm_api/share/xarm_api//launch/lite6_driver.launch.py
[151.278s] -- Installing: /home/christian-pineda/Mobile-Robots-2026-1/install/xarm_api/share/xarm_api//config
[151.278s] -- Installing: /home/christian-pineda/Mobile-Robots-2026-1/install/xarm_api/share/xarm_api//config/xarm_params.yaml
[151.279s] -- Installing: /home/christian-pineda/Mobile-Robots-2026-1/install/xarm_api/share/ament_index/resource_index/package_run_dependencies/xarm_api
[151.279s] -- Installing: /home/christian-pineda/Mobile-Robots-2026-1/install/xarm_api/share/ament_index/resource_index/parent_prefix_path/xarm_api
[151.280s] -- Installing: /home/christian-pineda/Mobile-Robots-2026-1/install/xarm_api/share/xarm_api/environment/ament_prefix_path.sh
[151.280s] -- Installing: /home/christian-pineda/Mobile-Robots-2026-1/install/xarm_api/share/xarm_api/environment/ament_prefix_path.dsv
[151.281s] -- Installing: /home/christian-pineda/Mobile-Robots-2026-1/install/xarm_api/share/xarm_api/environment/path.sh
[151.282s] -- Installing: /home/christian-pineda/Mobile-Robots-2026-1/install/xarm_api/share/xarm_api/environment/path.dsv
[151.282s] -- Installing: /home/christian-pineda/Mobile-Robots-2026-1/install/xarm_api/share/xarm_api/local_setup.bash
[151.283s] -- Installing: /home/christian-pineda/Mobile-Robots-2026-1/install/xarm_api/share/xarm_api/local_setup.sh
[151.283s] -- Installing: /home/christian-pineda/Mobile-Robots-2026-1/install/xarm_api/share/xarm_api/local_setup.zsh
[151.284s] -- Installing: /home/christian-pineda/Mobile-Robots-2026-1/install/xarm_api/share/xarm_api/local_setup.dsv
[151.284s] -- Installing: /home/christian-pineda/Mobile-Robots-2026-1/install/xarm_api/share/xarm_api/package.dsv
[151.285s] -- Installing: /home/christian-pineda/Mobile-Robots-2026-1/install/xarm_api/share/ament_index/resource_index/packages/xarm_api
[151.285s] -- Installing: /home/christian-pineda/Mobile-Robots-2026-1/install/xarm_api/share/xarm_api/cmake/ament_cmake_export_libraries-extras.cmake
[151.286s] -- Installing: /home/christian-pineda/Mobile-Robots-2026-1/install/xarm_api/share/xarm_api/cmake/ament_cmake_export_include_directories-extras.cmake
[151.286s] -- Installing: /home/christian-pineda/Mobile-Robots-2026-1/install/xarm_api/share/xarm_api/cmake/xarm_apiConfig.cmake
[151.287s] -- Installing: /home/christian-pineda/Mobile-Robots-2026-1/install/xarm_api/share/xarm_api/cmake/xarm_apiConfig-version.cmake
[151.287s] -- Installing: /home/christian-pineda/Mobile-Robots-2026-1/install/xarm_api/share/xarm_api/package.xml
[151.308s] Invoked command in '/home/christian-pineda/Mobile-Robots-2026-1/build/xarm_api' returned '0': AMENT_PREFIX_PATH=/home/christian-pineda/Mobile-Robots-2026-1/install/xarm_sdk:/home/christian-pineda/Mobile-Robots-2026-1/install/xarm_msgs:/home/christian-pineda/Mobile-Robots-2026-1/install/xarm_description:${AMENT_PREFIX_PATH} CMAKE_PREFIX_PATH=/home/christian-pineda/Mobile-Robots-2026-1/install/xarm_sdk:/home/christian-pineda/Mobile-Robots-2026-1/install/xarm_msgs:/home/christian-pineda/Mobile-Robots-2026-1/install/xarm_description:/home/christian-pineda/Mobile-Robots-2026-1/ros2_ws/install/xarm_controller:/home/christian-pineda/Mobile-Robots-2026-1/ros2_ws/install/xarm_api:/home/christian-pineda/Mobile-Robots-2026-1/ros2_ws/install/xarm_sdk:/home/christian-pineda/Mobile-Robots-2026-1/ros2_ws/install/xarm_msgs:/home/christian-pineda/Mobile-Robots-2026-1/ros2_ws/install/xarm_description:/home/christian-pineda/Mobile-Robots-2026-1/ros2_ws/install/justina_gui:/home/christian-pineda/Mobile-Robots-2026-1/ros2_ws/install/justina_description:/home/christian-pineda/Mobile-Robots-2026-1/ros2_ws/install/gazebo_envs:/home/christian-pineda/Mobile-Robots-2026-1/ros2_ws/install/config_files:/opt/ros/jazzy/opt/gz_sim_vendor:/opt/ros/jazzy/opt/gz_sensors_vendor:/opt/ros/jazzy/opt/gz_physics_vendor:/opt/ros/jazzy/opt/sdformat_vendor:/opt/ros/jazzy/opt/gz_gui_vendor:/opt/ros/jazzy/opt/gz_transport_vendor:/opt/ros/jazzy/opt/gz_rendering_vendor:/opt/ros/jazzy/opt/gz_plugin_vendor:/opt/ros/jazzy/opt/gz_fuel_tools_vendor:/opt/ros/jazzy/opt/gz_msgs_vendor:/opt/ros/jazzy/opt/gz_common_vendor:/opt/ros/jazzy/opt/gz_math_vendor:/opt/ros/jazzy/opt/gz_utils_vendor:/opt/ros/jazzy/opt/gz_tools_vendor:/opt/ros/jazzy/opt/gz_ogre_next_vendor:/opt/ros/jazzy/opt/gz_dartsim_vendor:/opt/ros/jazzy/opt/gz_cmake_vendor:/home/christian-pineda/Mobile-Robots-2026-1/ros2_ws/install/uf_ros_lib:/home/christian-pineda/Mobile-Robots-2026-1/ros2_ws/install/simple_move:/opt/ros/jazzy DEBUGINFOD_URLS=https://debuginfod.ubuntu.com LD_LIBRARY_PATH=/home/christian-pineda/Mobile-Robots-2026-1/install/xarm_sdk/lib:/home/christian-pineda/Mobile-Robots-2026-1/install/xarm_msgs/lib:${LD_LIBRARY_PATH} PYTHONPATH=/home/christian-pineda/Mobile-Robots-2026-1/install/xarm_msgs/lib/python3.12/site-packages:${PYTHONPATH} /usr/bin/cmake --install /home/christian-pineda/Mobile-Robots-2026-1/build/xarm_api
