[0.020s] Invoking command in '/home/axel/Mobile-Robots-2026-1/build/xarm_sdk': CMAKE_PREFIX_PATH=${CMAKE_PREFIX_PATH}:/opt/ros/jazzy DEBUGINFOD_URLS=https://debuginfod.ubuntu.com /usr/bin/cmake /home/axel/Mobile-Robots-2026-1/ros2_ws/src/hardware/xarm_ros2/xarm_sdk -DCMAKE_INSTALL_PREFIX=/home/axel/Mobile-Robots-2026-1/install/xarm_sdk
[0.266s] -- Found ament_cmake: 2.5.4 (/opt/ros/jazzy/share/ament_cmake/cmake)
[0.266s] -- Found Python3: /usr/bin/python3 (found version "3.12.3") found components: Interpreter 
[0.266s] -- Found ament_lint_auto: 0.17.3 (/opt/ros/jazzy/share/ament_lint_auto/cmake)
[0.355s] -- Added test 'copyright' to check source files copyright and LICENSE
[0.368s] -- Added test 'cppcheck' to perform static code analysis on C / C++ code
[0.368s] -- Configured cppcheck include dirs: /home/axel/Mobile-Robots-2026-1/ros2_ws/src/hardware/xarm_ros2/xarm_sdk/cxx/include
[0.368s] -- Configured cppcheck exclude dirs and/or files: 
[0.380s] -- Added test 'cpplint' to check C / C++ code against the Google style
[0.380s] -- Configured cpplint exclude dirs and/or files: 
[0.385s] -- Added test 'lint_cmake' to check CMake code style
[0.398s] -- Added test 'uncrustify' to check C / C++ code style
[0.398s] -- Configured uncrustify additional arguments: 
[0.401s] -- Added test 'xmllint' to check XML markup files
[0.403s] -- Configuring done (0.4s)
[0.412s] -- Generating done (0.0s)
[0.414s] -- Build files have been written to: /home/axel/Mobile-Robots-2026-1/build/xarm_sdk
[0.423s] Invoked command in '/home/axel/Mobile-Robots-2026-1/build/xarm_sdk' returned '0': CMAKE_PREFIX_PATH=${CMAKE_PREFIX_PATH}:/opt/ros/jazzy DEBUGINFOD_URLS=https://debuginfod.ubuntu.com /usr/bin/cmake /home/axel/Mobile-Robots-2026-1/ros2_ws/src/hardware/xarm_ros2/xarm_sdk -DCMAKE_INSTALL_PREFIX=/home/axel/Mobile-Robots-2026-1/install/xarm_sdk
[0.424s] Invoking command in '/home/axel/Mobile-Robots-2026-1/build/xarm_sdk': CMAKE_PREFIX_PATH=${CMAKE_PREFIX_PATH}:/opt/ros/jazzy DEBUGINFOD_URLS=https://debuginfod.ubuntu.com /usr/bin/cmake --build /home/axel/Mobile-Robots-2026-1/build/xarm_sdk -- -j12 -l12
[0.467s] [  6%] [32mBuilding CXX object CMakeFiles/xarm_cxx_sdk.dir/cxx/src/serial/impl/list_ports/list_ports_osx.cc.o[0m
[0.467s] [  6%] [32mBuilding CXX object CMakeFiles/xarm_cxx_sdk.dir/cxx/src/serial/impl/unix.cc.o[0m
[0.468s] [  9%] [32mBuilding CXX object CMakeFiles/xarm_cxx_sdk.dir/cxx/src/serial/impl/list_ports/list_ports_linux.cc.o[0m
[0.468s] [ 12%] [32mBuilding CXX object CMakeFiles/xarm_cxx_sdk.dir/cxx/src/serial/impl/list_ports/list_ports_win.cc.o[0m
[0.472s] [ 15%] [32mBuilding CXX object CMakeFiles/xarm_cxx_sdk.dir/cxx/src/serial/impl/win.cc.o[0m
[0.474s] [ 18%] [32mBuilding CXX object CMakeFiles/xarm_cxx_sdk.dir/cxx/src/serial/serial.cc.o[0m
[0.478s] [ 21%] [32mBuilding CXX object CMakeFiles/xarm_cxx_sdk.dir/cxx/src/xarm/core/common/crc16.cc.o[0m
[0.479s] [ 25%] [32mBuilding CXX object CMakeFiles/xarm_cxx_sdk.dir/cxx/src/xarm/core/common/queue_memcpy.cc.o[0m
[0.481s] [ 28%] [32mBuilding CXX object CMakeFiles/xarm_cxx_sdk.dir/cxx/src/xarm/core/connect.cc.o[0m
[0.482s] [ 31%] [32mBuilding CXX object CMakeFiles/xarm_cxx_sdk.dir/cxx/src/xarm/core/debug/debug_print.cc.o[0m
[0.485s] [ 34%] [32mBuilding CXX object CMakeFiles/xarm_cxx_sdk.dir/cxx/src/xarm/core/instruction/uxbus_cmd_ser.cc.o[0m
[0.485s] [ 37%] [32mBuilding CXX object CMakeFiles/xarm_cxx_sdk.dir/cxx/src/xarm/core/instruction/uxbus_cmd.cc.o[0m
[0.520s] [ 40%] [32mBuilding CXX object CMakeFiles/xarm_cxx_sdk.dir/cxx/src/xarm/core/instruction/uxbus_cmd_tcp.cc.o[0m
[0.520s] [ 43%] [32mBuilding CXX object CMakeFiles/xarm_cxx_sdk.dir/cxx/src/xarm/core/port/ser.cc.o[0m
[0.529s] [ 46%] [32mBuilding CXX object CMakeFiles/xarm_cxx_sdk.dir/cxx/src/xarm/core/os/network.cc.o[0m
[0.552s] [ 50%] [32mBuilding CXX object CMakeFiles/xarm_cxx_sdk.dir/cxx/src/xarm/core/port/socket.cc.o[0m
[0.554s] [ 53%] [32mBuilding CXX object CMakeFiles/xarm_cxx_sdk.dir/cxx/src/xarm/core/report_data.cc.o[0m
[0.771s] [ 56%] [32mBuilding CXX object CMakeFiles/xarm_cxx_sdk.dir/cxx/src/xarm/wrapper/xarm_api.cc.o[0m
[0.895s] [ 59%] [32mBuilding CXX object CMakeFiles/xarm_cxx_sdk.dir/cxx/src/xarm/wrapper/xarm_bio.cc.o[0m
[1.016s] [ 62%] [32mBuilding CXX object CMakeFiles/xarm_cxx_sdk.dir/cxx/src/xarm/wrapper/xarm_events.cc.o[0m
[1.059s] [ 65%] [32mBuilding CXX object CMakeFiles/xarm_cxx_sdk.dir/cxx/src/xarm/wrapper/xarm_ft_sensor.cc.o[0m
[1.126s] [ 68%] [32mBuilding CXX object CMakeFiles/xarm_cxx_sdk.dir/cxx/src/xarm/wrapper/xarm_gpio.cc.o[0m
[1.165s] [ 71%] [32mBuilding CXX object CMakeFiles/xarm_cxx_sdk.dir/cxx/src/xarm/wrapper/xarm_gripper.cc.o[0m
[1.188s] [ 75%] [32mBuilding CXX object CMakeFiles/xarm_cxx_sdk.dir/cxx/src/xarm/wrapper/xarm_linear_motor.cc.o[0m
[1.188s] [ 78%] [32mBuilding CXX object CMakeFiles/xarm_cxx_sdk.dir/cxx/src/xarm/wrapper/xarm_modbus_tcp.cc.o[0m
[1.225s] [ 81%] [32mBuilding CXX object CMakeFiles/xarm_cxx_sdk.dir/cxx/src/xarm/wrapper/xarm_motion.cc.o[0m
[1.283s] [ 84%] [32mBuilding CXX object CMakeFiles/xarm_cxx_sdk.dir/cxx/src/xarm/wrapper/xarm_params.cc.o[0m
[1.550s] [ 87%] [32mBuilding CXX object CMakeFiles/xarm_cxx_sdk.dir/cxx/src/xarm/wrapper/xarm_record.cc.o[0m
[1.550s] [ 90%] [32mBuilding CXX object CMakeFiles/xarm_cxx_sdk.dir/cxx/src/xarm/wrapper/xarm_report.cc.o[0m
[2.307s] [ 93%] [32mBuilding CXX object CMakeFiles/xarm_cxx_sdk.dir/cxx/src/xarm/wrapper/xarm_robotiq.cc.o[0m
[2.351s] [ 96%] [32mBuilding CXX object CMakeFiles/xarm_cxx_sdk.dir/cxx/src/xarm/wrapper/xarm_servo.cc.o[0m
[4.284s] [100%] [32m[1mLinking CXX shared library libxarm_cxx_sdk.so[0m
[4.432s] [100%] Built target xarm_cxx_sdk
[4.442s] Invoked command in '/home/axel/Mobile-Robots-2026-1/build/xarm_sdk' returned '0': CMAKE_PREFIX_PATH=${CMAKE_PREFIX_PATH}:/opt/ros/jazzy DEBUGINFOD_URLS=https://debuginfod.ubuntu.com /usr/bin/cmake --build /home/axel/Mobile-Robots-2026-1/build/xarm_sdk -- -j12 -l12
[4.443s] Invoking command in '/home/axel/Mobile-Robots-2026-1/build/xarm_sdk': CMAKE_PREFIX_PATH=${CMAKE_PREFIX_PATH}:/opt/ros/jazzy DEBUGINFOD_URLS=https://debuginfod.ubuntu.com /usr/bin/cmake --install /home/axel/Mobile-Robots-2026-1/build/xarm_sdk
[4.451s] -- Install configuration: ""
[4.452s] -- Installing: /home/axel/Mobile-Robots-2026-1/install/xarm_sdk/share/xarm_sdk/environment/library_path.sh
[4.452s] -- Installing: /home/axel/Mobile-Robots-2026-1/install/xarm_sdk/share/xarm_sdk/environment/library_path.dsv
[4.452s] -- Installing: /home/axel/Mobile-Robots-2026-1/install/xarm_sdk/cxx/include
[4.452s] -- Installing: /home/axel/Mobile-Robots-2026-1/install/xarm_sdk/cxx/include/xarm
[4.452s] -- Installing: /home/axel/Mobile-Robots-2026-1/install/xarm_sdk/cxx/include/xarm/core
[4.452s] -- Installing: /home/axel/Mobile-Robots-2026-1/install/xarm_sdk/cxx/include/xarm/core/debug
[4.452s] -- Installing: /home/axel/Mobile-Robots-2026-1/install/xarm_sdk/cxx/include/xarm/core/debug/debug_print.h
[4.452s] -- Installing: /home/axel/Mobile-Robots-2026-1/install/xarm_sdk/cxx/include/xarm/core/xarm_config.h
[4.452s] -- Installing: /home/axel/Mobile-Robots-2026-1/install/xarm_sdk/cxx/include/xarm/core/common
[4.452s] -- Installing: /home/axel/Mobile-Robots-2026-1/install/xarm_sdk/cxx/include/xarm/core/common/queue_memcpy.h
[4.452s] -- Installing: /home/axel/Mobile-Robots-2026-1/install/xarm_sdk/cxx/include/xarm/core/common/crc16.h
[4.453s] -- Installing: /home/axel/Mobile-Robots-2026-1/install/xarm_sdk/cxx/include/xarm/core/common/data_type.h
[4.453s] -- Installing: /home/axel/Mobile-Robots-2026-1/install/xarm_sdk/cxx/include/xarm/core/connect.h
[4.453s] -- Installing: /home/axel/Mobile-Robots-2026-1/install/xarm_sdk/cxx/include/xarm/core/report_data.h
[4.453s] -- Installing: /home/axel/Mobile-Robots-2026-1/install/xarm_sdk/cxx/include/xarm/core/os
[4.453s] -- Installing: /home/axel/Mobile-Robots-2026-1/install/xarm_sdk/cxx/include/xarm/core/os/network.h
[4.453s] -- Installing: /home/axel/Mobile-Robots-2026-1/install/xarm_sdk/cxx/include/xarm/core/os/bak
[4.453s] -- Installing: /home/axel/Mobile-Robots-2026-1/install/xarm_sdk/cxx/include/xarm/core/os/bak/thread.h
[4.453s] -- Installing: /home/axel/Mobile-Robots-2026-1/install/xarm_sdk/cxx/include/xarm/core/port
[4.453s] -- Installing: /home/axel/Mobile-Robots-2026-1/install/xarm_sdk/cxx/include/xarm/core/port/socket.h
[4.453s] -- Installing: /home/axel/Mobile-Robots-2026-1/install/xarm_sdk/cxx/include/xarm/core/port/ser.h
[4.453s] -- Installing: /home/axel/Mobile-Robots-2026-1/install/xarm_sdk/cxx/include/xarm/core/instruction
[4.453s] -- Installing: /home/axel/Mobile-Robots-2026-1/install/xarm_sdk/cxx/include/xarm/core/instruction/uxbus_cmd_tcp.h
[4.453s] -- Installing: /home/axel/Mobile-Robots-2026-1/install/xarm_sdk/cxx/include/xarm/core/instruction/uxbus_cmd_config.h
[4.454s] -- Installing: /home/axel/Mobile-Robots-2026-1/install/xarm_sdk/cxx/include/xarm/core/instruction/uxbus_cmd_ser.h
[4.454s] -- Installing: /home/axel/Mobile-Robots-2026-1/install/xarm_sdk/cxx/include/xarm/core/instruction/servo3_config.h
[4.454s] -- Installing: /home/axel/Mobile-Robots-2026-1/install/xarm_sdk/cxx/include/xarm/core/instruction/uxbus_cmd.h
[4.454s] -- Installing: /home/axel/Mobile-Robots-2026-1/install/xarm_sdk/cxx/include/xarm/wrapper
[4.454s] -- Installing: /home/axel/Mobile-Robots-2026-1/install/xarm_sdk/cxx/include/xarm/wrapper/common
[4.454s] -- Installing: /home/axel/Mobile-Robots-2026-1/install/xarm_sdk/cxx/include/xarm/wrapper/common/timer.h
[4.454s] -- Installing: /home/axel/Mobile-Robots-2026-1/install/xarm_sdk/cxx/include/xarm/wrapper/common/utils.h
[4.454s] -- Installing: /home/axel/Mobile-Robots-2026-1/install/xarm_sdk/cxx/include/xarm/wrapper/xarm_api.h
[4.454s] -- Installing: /home/axel/Mobile-Robots-2026-1/install/xarm_sdk/cxx/include/serial
[4.454s] -- Installing: /home/axel/Mobile-Robots-2026-1/install/xarm_sdk/cxx/include/serial/serial.h
[4.454s] -- Installing: /home/axel/Mobile-Robots-2026-1/install/xarm_sdk/cxx/include/serial/v8stdint.h
[4.455s] -- Installing: /home/axel/Mobile-Robots-2026-1/install/xarm_sdk/cxx/include/serial/impl
[4.455s] -- Installing: /home/axel/Mobile-Robots-2026-1/install/xarm_sdk/cxx/include/serial/impl/unix.h
[4.455s] -- Installing: /home/axel/Mobile-Robots-2026-1/install/xarm_sdk/cxx/include/serial/impl/win.h
[4.455s] -- Installing: /home/axel/Mobile-Robots-2026-1/install/xarm_sdk/lib/libxarm_cxx_sdk.so
[4.457s] -- Installing: /home/axel/Mobile-Robots-2026-1/install/xarm_sdk/share/ament_index/resource_index/package_run_dependencies/xarm_sdk
[4.458s] -- Installing: /home/axel/Mobile-Robots-2026-1/install/xarm_sdk/share/ament_index/resource_index/parent_prefix_path/xarm_sdk
[4.458s] -- Installing: /home/axel/Mobile-Robots-2026-1/install/xarm_sdk/share/xarm_sdk/environment/ament_prefix_path.sh
[4.458s] -- Installing: /home/axel/Mobile-Robots-2026-1/install/xarm_sdk/share/xarm_sdk/environment/ament_prefix_path.dsv
[4.458s] -- Installing: /home/axel/Mobile-Robots-2026-1/install/xarm_sdk/share/xarm_sdk/environment/path.sh
[4.458s] -- Installing: /home/axel/Mobile-Robots-2026-1/install/xarm_sdk/share/xarm_sdk/environment/path.dsv
[4.458s] -- Installing: /home/axel/Mobile-Robots-2026-1/install/xarm_sdk/share/xarm_sdk/local_setup.bash
[4.458s] -- Installing: /home/axel/Mobile-Robots-2026-1/install/xarm_sdk/share/xarm_sdk/local_setup.sh
[4.458s] -- Installing: /home/axel/Mobile-Robots-2026-1/install/xarm_sdk/share/xarm_sdk/local_setup.zsh
[4.459s] -- Installing: /home/axel/Mobile-Robots-2026-1/install/xarm_sdk/share/xarm_sdk/local_setup.dsv
[4.459s] -- Installing: /home/axel/Mobile-Robots-2026-1/install/xarm_sdk/share/xarm_sdk/package.dsv
[4.459s] -- Installing: /home/axel/Mobile-Robots-2026-1/install/xarm_sdk/share/ament_index/resource_index/packages/xarm_sdk
[4.459s] -- Installing: /home/axel/Mobile-Robots-2026-1/install/xarm_sdk/share/xarm_sdk/cmake/ament_cmake_export_libraries-extras.cmake
[4.459s] -- Installing: /home/axel/Mobile-Robots-2026-1/install/xarm_sdk/share/xarm_sdk/cmake/ament_cmake_export_include_directories-extras.cmake
[4.459s] -- Installing: /home/axel/Mobile-Robots-2026-1/install/xarm_sdk/share/xarm_sdk/cmake/xarm_sdkConfig.cmake
[4.459s] -- Installing: /home/axel/Mobile-Robots-2026-1/install/xarm_sdk/share/xarm_sdk/cmake/xarm_sdkConfig-version.cmake
[4.459s] -- Installing: /home/axel/Mobile-Robots-2026-1/install/xarm_sdk/share/xarm_sdk/package.xml
[4.462s] Invoked command in '/home/axel/Mobile-Robots-2026-1/build/xarm_sdk' returned '0': CMAKE_PREFIX_PATH=${CMAKE_PREFIX_PATH}:/opt/ros/jazzy DEBUGINFOD_URLS=https://debuginfod.ubuntu.com /usr/bin/cmake --install /home/axel/Mobile-Robots-2026-1/build/xarm_sdk
