[0.040s] Invoking command in '/home/christian-pineda/Mobile-Robots-2026-1/build/xarm_sdk': CMAKE_PREFIX_PATH=${CMAKE_PREFIX_PATH}:/home/christian-pineda/Mobile-Robots-2026-1/ros2_ws/install/uf_ros_lib:/home/christian-pineda/Mobile-Robots-2026-1/ros2_ws/install/simple_move:/opt/ros/jazzy DEBUGINFOD_URLS=https://debuginfod.ubuntu.com /usr/bin/cmake /home/christian-pineda/Mobile-Robots-2026-1/ros2_ws/src/hardware/xarm_ros2/xarm_sdk -DCMAKE_INSTALL_PREFIX=/home/christian-pineda/Mobile-Robots-2026-1/install/xarm_sdk
[0.207s] -- The C compiler identification is GNU 13.3.0
[0.343s] -- The CXX compiler identification is GNU 13.3.0
[0.378s] -- Detecting C compiler ABI info
[0.569s] -- Detecting C compiler ABI info - done
[0.596s] -- Check for working C compiler: /usr/bin/cc - skipped
[0.599s] -- Detecting C compile features
[0.600s] -- Detecting C compile features - done
[0.622s] -- Detecting CXX compiler ABI info
[0.814s] -- Detecting CXX compiler ABI info - done
[0.841s] -- Check for working CXX compiler: /usr/bin/c++ - skipped
[0.841s] -- Detecting CXX compile features
[0.842s] -- Detecting CXX compile features - done
[0.886s] -- Found ament_cmake: 2.5.4 (/opt/ros/jazzy/share/ament_cmake/cmake)
[1.245s] -- Found Python3: /usr/bin/python3 (found version "3.12.3") found components: Interpreter 
[1.550s] -- Found ament_lint_auto: 0.17.3 (/opt/ros/jazzy/share/ament_lint_auto/cmake)
[1.864s] -- Added test 'copyright' to check source files copyright and LICENSE
[1.888s] -- Added test 'cppcheck' to perform static code analysis on C / C++ code
[1.889s] -- Configured cppcheck include dirs: /home/christian-pineda/Mobile-Robots-2026-1/ros2_ws/src/hardware/xarm_ros2/xarm_sdk/cxx/include
[1.890s] -- Configured cppcheck exclude dirs and/or files: 
[1.924s] -- Added test 'cpplint' to check C / C++ code against the Google style
[1.924s] -- Configured cpplint exclude dirs and/or files: 
[1.935s] -- Added test 'lint_cmake' to check CMake code style
[1.965s] -- Added test 'uncrustify' to check C / C++ code style
[1.966s] -- Configured uncrustify additional arguments: 
[1.970s] -- Added test 'xmllint' to check XML markup files
[1.981s] -- Configuring done (1.9s)
[2.000s] -- Generating done (0.0s)
[2.006s] -- Build files have been written to: /home/christian-pineda/Mobile-Robots-2026-1/build/xarm_sdk
[2.019s] Invoked command in '/home/christian-pineda/Mobile-Robots-2026-1/build/xarm_sdk' returned '0': CMAKE_PREFIX_PATH=${CMAKE_PREFIX_PATH}:/home/christian-pineda/Mobile-Robots-2026-1/ros2_ws/install/uf_ros_lib:/home/christian-pineda/Mobile-Robots-2026-1/ros2_ws/install/simple_move:/opt/ros/jazzy DEBUGINFOD_URLS=https://debuginfod.ubuntu.com /usr/bin/cmake /home/christian-pineda/Mobile-Robots-2026-1/ros2_ws/src/hardware/xarm_ros2/xarm_sdk -DCMAKE_INSTALL_PREFIX=/home/christian-pineda/Mobile-Robots-2026-1/install/xarm_sdk
[2.022s] Invoking command in '/home/christian-pineda/Mobile-Robots-2026-1/build/xarm_sdk': CMAKE_PREFIX_PATH=${CMAKE_PREFIX_PATH}:/home/christian-pineda/Mobile-Robots-2026-1/ros2_ws/install/uf_ros_lib:/home/christian-pineda/Mobile-Robots-2026-1/ros2_ws/install/simple_move:/opt/ros/jazzy DEBUGINFOD_URLS=https://debuginfod.ubuntu.com /usr/bin/cmake --build /home/christian-pineda/Mobile-Robots-2026-1/build/xarm_sdk -- -j4 -l4
[2.145s] [  3%] [32mBuilding CXX object CMakeFiles/xarm_cxx_sdk.dir/cxx/src/serial/impl/list_ports/list_ports_osx.cc.o[0m
[2.161s] [  6%] [32mBuilding CXX object CMakeFiles/xarm_cxx_sdk.dir/cxx/src/serial/impl/list_ports/list_ports_win.cc.o[0m
[2.162s] [  9%] [32mBuilding CXX object CMakeFiles/xarm_cxx_sdk.dir/cxx/src/serial/impl/list_ports/list_ports_linux.cc.o[0m
[2.167s] [ 12%] [32mBuilding CXX object CMakeFiles/xarm_cxx_sdk.dir/cxx/src/serial/impl/unix.cc.o[0m
[2.206s] [ 15%] [32mBuilding CXX object CMakeFiles/xarm_cxx_sdk.dir/cxx/src/serial/serial.cc.o[0m
[2.206s] [ 18%] [32mBuilding CXX object CMakeFiles/xarm_cxx_sdk.dir/cxx/src/serial/impl/win.cc.o[0m
[2.301s] [ 21%] [32mBuilding CXX object CMakeFiles/xarm_cxx_sdk.dir/cxx/src/xarm/core/common/crc16.cc.o[0m
[2.405s] [ 25%] [32mBuilding CXX object CMakeFiles/xarm_cxx_sdk.dir/cxx/src/xarm/core/common/queue_memcpy.cc.o[0m
[2.940s] [ 28%] [32mBuilding CXX object CMakeFiles/xarm_cxx_sdk.dir/cxx/src/xarm/core/connect.cc.o[0m
[3.495s] [ 31%] [32mBuilding CXX object CMakeFiles/xarm_cxx_sdk.dir/cxx/src/xarm/core/debug/debug_print.cc.o[0m
[3.608s] [ 34%] [32mBuilding CXX object CMakeFiles/xarm_cxx_sdk.dir/cxx/src/xarm/core/instruction/uxbus_cmd.cc.o[0m
[3.631s] [ 37%] [32mBuilding CXX object CMakeFiles/xarm_cxx_sdk.dir/cxx/src/xarm/core/instruction/uxbus_cmd_ser.cc.o[0m
[3.786s] [ 40%] [32mBuilding CXX object CMakeFiles/xarm_cxx_sdk.dir/cxx/src/xarm/core/instruction/uxbus_cmd_tcp.cc.o[0m
[4.526s] [ 43%] [32mBuilding CXX object CMakeFiles/xarm_cxx_sdk.dir/cxx/src/xarm/core/os/network.cc.o[0m
[5.510s] [ 46%] [32mBuilding CXX object CMakeFiles/xarm_cxx_sdk.dir/cxx/src/xarm/core/port/ser.cc.o[0m
[5.710s] [ 50%] [32mBuilding CXX object CMakeFiles/xarm_cxx_sdk.dir/cxx/src/xarm/core/port/socket.cc.o[0m
[6.063s] [ 53%] [32mBuilding CXX object CMakeFiles/xarm_cxx_sdk.dir/cxx/src/xarm/core/report_data.cc.o[0m
[6.602s] [ 56%] [32mBuilding CXX object CMakeFiles/xarm_cxx_sdk.dir/cxx/src/xarm/wrapper/xarm_api.cc.o[0m
[6.724s] [ 59%] [32mBuilding CXX object CMakeFiles/xarm_cxx_sdk.dir/cxx/src/xarm/wrapper/xarm_bio.cc.o[0m
[6.824s] [ 62%] [32mBuilding CXX object CMakeFiles/xarm_cxx_sdk.dir/cxx/src/xarm/wrapper/xarm_events.cc.o[0m
[7.134s] [ 65%] [32mBuilding CXX object CMakeFiles/xarm_cxx_sdk.dir/cxx/src/xarm/wrapper/xarm_ft_sensor.cc.o[0m
[10.175s] [ 68%] [32mBuilding CXX object CMakeFiles/xarm_cxx_sdk.dir/cxx/src/xarm/wrapper/xarm_gpio.cc.o[0m
[11.007s] [ 71%] [32mBuilding CXX object CMakeFiles/xarm_cxx_sdk.dir/cxx/src/xarm/wrapper/xarm_gripper.cc.o[0m
[13.714s] [ 75%] [32mBuilding CXX object CMakeFiles/xarm_cxx_sdk.dir/cxx/src/xarm/wrapper/xarm_linear_motor.cc.o[0m
[14.487s] [ 78%] [32mBuilding CXX object CMakeFiles/xarm_cxx_sdk.dir/cxx/src/xarm/wrapper/xarm_modbus_tcp.cc.o[0m
[16.415s] [ 81%] [32mBuilding CXX object CMakeFiles/xarm_cxx_sdk.dir/cxx/src/xarm/wrapper/xarm_motion.cc.o[0m
[17.719s] [ 84%] [32mBuilding CXX object CMakeFiles/xarm_cxx_sdk.dir/cxx/src/xarm/wrapper/xarm_params.cc.o[0m
[18.253s] [ 87%] [32mBuilding CXX object CMakeFiles/xarm_cxx_sdk.dir/cxx/src/xarm/wrapper/xarm_record.cc.o[0m
[19.738s] [ 90%] [32mBuilding CXX object CMakeFiles/xarm_cxx_sdk.dir/cxx/src/xarm/wrapper/xarm_report.cc.o[0m
[20.147s] [ 93%] [32mBuilding CXX object CMakeFiles/xarm_cxx_sdk.dir/cxx/src/xarm/wrapper/xarm_robotiq.cc.o[0m
[22.574s] [ 96%] [32mBuilding CXX object CMakeFiles/xarm_cxx_sdk.dir/cxx/src/xarm/wrapper/xarm_servo.cc.o[0m
[27.248s] [100%] [32m[1mLinking CXX shared library libxarm_cxx_sdk.so[0m
[28.506s] [100%] Built target xarm_cxx_sdk
[29.762s] Invoked command in '/home/christian-pineda/Mobile-Robots-2026-1/build/xarm_sdk' returned '0': CMAKE_PREFIX_PATH=${CMAKE_PREFIX_PATH}:/home/christian-pineda/Mobile-Robots-2026-1/ros2_ws/install/uf_ros_lib:/home/christian-pineda/Mobile-Robots-2026-1/ros2_ws/install/simple_move:/opt/ros/jazzy DEBUGINFOD_URLS=https://debuginfod.ubuntu.com /usr/bin/cmake --build /home/christian-pineda/Mobile-Robots-2026-1/build/xarm_sdk -- -j4 -l4
[29.766s] Invoking command in '/home/christian-pineda/Mobile-Robots-2026-1/build/xarm_sdk': CMAKE_PREFIX_PATH=${CMAKE_PREFIX_PATH}:/home/christian-pineda/Mobile-Robots-2026-1/ros2_ws/install/uf_ros_lib:/home/christian-pineda/Mobile-Robots-2026-1/ros2_ws/install/simple_move:/opt/ros/jazzy DEBUGINFOD_URLS=https://debuginfod.ubuntu.com /usr/bin/cmake --install /home/christian-pineda/Mobile-Robots-2026-1/build/xarm_sdk
[29.805s] -- Install configuration: ""
[29.805s] -- Installing: /home/christian-pineda/Mobile-Robots-2026-1/install/xarm_sdk/share/xarm_sdk/environment/library_path.sh
[29.806s] -- Installing: /home/christian-pineda/Mobile-Robots-2026-1/install/xarm_sdk/share/xarm_sdk/environment/library_path.dsv
[29.806s] -- Installing: /home/christian-pineda/Mobile-Robots-2026-1/install/xarm_sdk/cxx/include
[29.806s] -- Installing: /home/christian-pineda/Mobile-Robots-2026-1/install/xarm_sdk/cxx/include/serial
[29.807s] -- Installing: /home/christian-pineda/Mobile-Robots-2026-1/install/xarm_sdk/cxx/include/serial/impl
[29.809s] -- Installing: /home/christian-pineda/Mobile-Robots-2026-1/install/xarm_sdk/cxx/include/serial/impl/win.h
[29.810s] -- Installing: /home/christian-pineda/Mobile-Robots-2026-1/install/xarm_sdk/cxx/include/serial/impl/unix.h
[29.810s] -- Installing: /home/christian-pineda/Mobile-Robots-2026-1/install/xarm_sdk/cxx/include/serial/serial.h
[29.810s] -- Installing: /home/christian-pineda/Mobile-Robots-2026-1/install/xarm_sdk/cxx/include/serial/v8stdint.h
[29.810s] -- Installing: /home/christian-pineda/Mobile-Robots-2026-1/install/xarm_sdk/cxx/include/xarm
[29.811s] -- Installing: /home/christian-pineda/Mobile-Robots-2026-1/install/xarm_sdk/cxx/include/xarm/core
[29.811s] -- Installing: /home/christian-pineda/Mobile-Robots-2026-1/install/xarm_sdk/cxx/include/xarm/core/xarm_config.h
[29.811s] -- Installing: /home/christian-pineda/Mobile-Robots-2026-1/install/xarm_sdk/cxx/include/xarm/core/connect.h
[29.811s] -- Installing: /home/christian-pineda/Mobile-Robots-2026-1/install/xarm_sdk/cxx/include/xarm/core/debug
[29.812s] -- Installing: /home/christian-pineda/Mobile-Robots-2026-1/install/xarm_sdk/cxx/include/xarm/core/debug/debug_print.h
[29.812s] -- Installing: /home/christian-pineda/Mobile-Robots-2026-1/install/xarm_sdk/cxx/include/xarm/core/common
[29.812s] -- Installing: /home/christian-pineda/Mobile-Robots-2026-1/install/xarm_sdk/cxx/include/xarm/core/common/queue_memcpy.h
[29.813s] -- Installing: /home/christian-pineda/Mobile-Robots-2026-1/install/xarm_sdk/cxx/include/xarm/core/common/data_type.h
[29.813s] -- Installing: /home/christian-pineda/Mobile-Robots-2026-1/install/xarm_sdk/cxx/include/xarm/core/common/crc16.h
[29.814s] -- Installing: /home/christian-pineda/Mobile-Robots-2026-1/install/xarm_sdk/cxx/include/xarm/core/port
[29.815s] -- Installing: /home/christian-pineda/Mobile-Robots-2026-1/install/xarm_sdk/cxx/include/xarm/core/port/ser.h
[29.815s] -- Installing: /home/christian-pineda/Mobile-Robots-2026-1/install/xarm_sdk/cxx/include/xarm/core/port/socket.h
[29.815s] -- Installing: /home/christian-pineda/Mobile-Robots-2026-1/install/xarm_sdk/cxx/include/xarm/core/report_data.h
[29.815s] -- Installing: /home/christian-pineda/Mobile-Robots-2026-1/install/xarm_sdk/cxx/include/xarm/core/instruction
[29.815s] -- Installing: /home/christian-pineda/Mobile-Robots-2026-1/install/xarm_sdk/cxx/include/xarm/core/instruction/uxbus_cmd.h
[29.818s] -- Installing: /home/christian-pineda/Mobile-Robots-2026-1/install/xarm_sdk/cxx/include/xarm/core/instruction/uxbus_cmd_tcp.h
[29.819s] -- Installing: /home/christian-pineda/Mobile-Robots-2026-1/install/xarm_sdk/cxx/include/xarm/core/instruction/servo3_config.h
[29.819s] -- Installing: /home/christian-pineda/Mobile-Robots-2026-1/install/xarm_sdk/cxx/include/xarm/core/instruction/uxbus_cmd_config.h
[29.819s] -- Installing: /home/christian-pineda/Mobile-Robots-2026-1/install/xarm_sdk/cxx/include/xarm/core/instruction/uxbus_cmd_ser.h
[29.819s] -- Installing: /home/christian-pineda/Mobile-Robots-2026-1/install/xarm_sdk/cxx/include/xarm/core/os
[29.820s] -- Installing: /home/christian-pineda/Mobile-Robots-2026-1/install/xarm_sdk/cxx/include/xarm/core/os/bak
[29.820s] -- Installing: /home/christian-pineda/Mobile-Robots-2026-1/install/xarm_sdk/cxx/include/xarm/core/os/bak/thread.h
[29.820s] -- Installing: /home/christian-pineda/Mobile-Robots-2026-1/install/xarm_sdk/cxx/include/xarm/core/os/network.h
[29.820s] -- Installing: /home/christian-pineda/Mobile-Robots-2026-1/install/xarm_sdk/cxx/include/xarm/wrapper
[29.820s] -- Installing: /home/christian-pineda/Mobile-Robots-2026-1/install/xarm_sdk/cxx/include/xarm/wrapper/common
[29.821s] -- Installing: /home/christian-pineda/Mobile-Robots-2026-1/install/xarm_sdk/cxx/include/xarm/wrapper/common/timer.h
[29.821s] -- Installing: /home/christian-pineda/Mobile-Robots-2026-1/install/xarm_sdk/cxx/include/xarm/wrapper/common/utils.h
[29.824s] -- Installing: /home/christian-pineda/Mobile-Robots-2026-1/install/xarm_sdk/cxx/include/xarm/wrapper/xarm_api.h
[29.824s] -- Installing: /home/christian-pineda/Mobile-Robots-2026-1/install/xarm_sdk/lib/libxarm_cxx_sdk.so
[29.832s] -- Installing: /home/christian-pineda/Mobile-Robots-2026-1/install/xarm_sdk/share/ament_index/resource_index/package_run_dependencies/xarm_sdk
[29.832s] -- Installing: /home/christian-pineda/Mobile-Robots-2026-1/install/xarm_sdk/share/ament_index/resource_index/parent_prefix_path/xarm_sdk
[29.833s] -- Installing: /home/christian-pineda/Mobile-Robots-2026-1/install/xarm_sdk/share/xarm_sdk/environment/ament_prefix_path.sh
[29.837s] -- Installing: /home/christian-pineda/Mobile-Robots-2026-1/install/xarm_sdk/share/xarm_sdk/environment/ament_prefix_path.dsv
[29.839s] -- Installing: /home/christian-pineda/Mobile-Robots-2026-1/install/xarm_sdk/share/xarm_sdk/environment/path.sh
[29.839s] -- Installing: /home/christian-pineda/Mobile-Robots-2026-1/install/xarm_sdk/share/xarm_sdk/environment/path.dsv
[29.840s] -- Installing: /home/christian-pineda/Mobile-Robots-2026-1/install/xarm_sdk/share/xarm_sdk/local_setup.bash
[29.840s] -- Installing: /home/christian-pineda/Mobile-Robots-2026-1/install/xarm_sdk/share/xarm_sdk/local_setup.sh
[29.840s] -- Installing: /home/christian-pineda/Mobile-Robots-2026-1/install/xarm_sdk/share/xarm_sdk/local_setup.zsh
[29.840s] -- Installing: /home/christian-pineda/Mobile-Robots-2026-1/install/xarm_sdk/share/xarm_sdk/local_setup.dsv
[29.840s] -- Installing: /home/christian-pineda/Mobile-Robots-2026-1/install/xarm_sdk/share/xarm_sdk/package.dsv
[29.840s] -- Installing: /home/christian-pineda/Mobile-Robots-2026-1/install/xarm_sdk/share/ament_index/resource_index/packages/xarm_sdk
[29.840s] -- Installing: /home/christian-pineda/Mobile-Robots-2026-1/install/xarm_sdk/share/xarm_sdk/cmake/ament_cmake_export_libraries-extras.cmake
[29.841s] -- Installing: /home/christian-pineda/Mobile-Robots-2026-1/install/xarm_sdk/share/xarm_sdk/cmake/ament_cmake_export_include_directories-extras.cmake
[29.841s] -- Installing: /home/christian-pineda/Mobile-Robots-2026-1/install/xarm_sdk/share/xarm_sdk/cmake/xarm_sdkConfig.cmake
[29.841s] -- Installing: /home/christian-pineda/Mobile-Robots-2026-1/install/xarm_sdk/share/xarm_sdk/cmake/xarm_sdkConfig-version.cmake
[29.841s] -- Installing: /home/christian-pineda/Mobile-Robots-2026-1/install/xarm_sdk/share/xarm_sdk/package.xml
[29.845s] Invoked command in '/home/christian-pineda/Mobile-Robots-2026-1/build/xarm_sdk' returned '0': CMAKE_PREFIX_PATH=${CMAKE_PREFIX_PATH}:/home/christian-pineda/Mobile-Robots-2026-1/ros2_ws/install/uf_ros_lib:/home/christian-pineda/Mobile-Robots-2026-1/ros2_ws/install/simple_move:/opt/ros/jazzy DEBUGINFOD_URLS=https://debuginfod.ubuntu.com /usr/bin/cmake --install /home/christian-pineda/Mobile-Robots-2026-1/build/xarm_sdk
