[0.016s] Invoking command in '/home/angel-anduaga/Mobile-Robots-2026-1/build/xarm_description': CMAKE_PREFIX_PATH=${CMAKE_PREFIX_PATH}:/home/angel-anduaga/Mobile-Robots-2026-1/ros2_ws/install/uf_ros_lib:/home/angel-anduaga/Mobile-Robots-2026-1/ros2_ws/install/simple_move DEBUGINFOD_URLS=https://debuginfod.ubuntu.com /usr/bin/cmake /home/angel-anduaga/Mobile-Robots-2026-1/ros2_ws/src/hardware/xarm_ros2/xarm_description -DCMAKE_INSTALL_PREFIX=/home/angel-anduaga/Mobile-Robots-2026-1/install/xarm_description
[0.124s] -- The C compiler identification is GNU 13.3.0
[0.218s] -- The CXX compiler identification is GNU 13.3.0
[0.246s] -- Detecting C compiler ABI info
[0.380s] -- Detecting C compiler ABI info - done
[0.393s] -- Check for working C compiler: /usr/bin/cc - skipped
[0.394s] -- Detecting C compile features
[0.394s] -- Detecting C compile features - done
[0.418s] -- Detecting CXX compiler ABI info
[0.555s] -- Detecting CXX compiler ABI info - done
[0.565s] -- Check for working CXX compiler: /usr/bin/c++ - skipped
[0.566s] -- Detecting CXX compile features
[0.566s] -- Detecting CXX compile features - done
[0.585s] [31mCMake Error at CMakeLists.txt:19 (find_package):
[0.585s]   By not providing "Findament_cmake.cmake" in CMAKE_MODULE_PATH this project
[0.585s]   has asked CMake to find a package configuration file provided by
[0.585s]   "ament_cmake", but CMake did not find one.
[0.586s] 
[0.586s]   Could not find a package configuration file provided by "ament_cmake" with
[0.586s]   any of the following names:
[0.586s] 
[0.586s]     ament_cmakeConfig.cmake
[0.586s]     ament_cmake-config.cmake
[0.586s] 
[0.586s]   Add the installation prefix of "ament_cmake" to CMAKE_PREFIX_PATH or set
[0.586s]   "ament_cmake_DIR" to a directory containing one of the above files.  If
[0.586s]   "ament_cmake" provides a separate development package or SDK, be sure it
[0.588s] -- Configuring incomplete, errors occurred!
[0.588s]   has been installed.
[0.588s] 
[0.588s] [0m
[0.595s] Invoked command in '/home/angel-anduaga/Mobile-Robots-2026-1/build/xarm_description' returned '1': CMAKE_PREFIX_PATH=${CMAKE_PREFIX_PATH}:/home/angel-anduaga/Mobile-Robots-2026-1/ros2_ws/install/uf_ros_lib:/home/angel-anduaga/Mobile-Robots-2026-1/ros2_ws/install/simple_move DEBUGINFOD_URLS=https://debuginfod.ubuntu.com /usr/bin/cmake /home/angel-anduaga/Mobile-Robots-2026-1/ros2_ws/src/hardware/xarm_ros2/xarm_description -DCMAKE_INSTALL_PREFIX=/home/angel-anduaga/Mobile-Robots-2026-1/install/xarm_description
