[6.330s] Invoking command in '/home/christian-pineda/Mobile-Robots-2026-1/ros2_ws/src/hardware/xarm_ros2/uf_ros_lib': DEBUGINFOD_URLS=https://debuginfod.ubuntu.com PYTHONPATH=/home/christian-pineda/Mobile-Robots-2026-1/build/uf_ros_lib/prefix_override:/usr/lib/python3/dist-packages/colcon_core/task/python/colcon_distutils_commands:/home/christian-pineda/Mobile-Robots-2026-1/install/uf_ros_lib/lib/python3.12/site-packages:${PYTHONPATH} /usr/bin/python3 -W ignore:setup.py install is deprecated -W ignore:easy_install command is deprecated setup.py egg_info --egg-base ../../../../../build/uf_ros_lib build --build-base /home/christian-pineda/Mobile-Robots-2026-1/build/uf_ros_lib/build install --record /home/christian-pineda/Mobile-Robots-2026-1/build/uf_ros_lib/install.log --single-version-externally-managed install_data
[8.028s] running egg_info
[8.029s] creating ../../../../../build/uf_ros_lib/uf_ros_lib.egg-info
[8.076s] writing ../../../../../build/uf_ros_lib/uf_ros_lib.egg-info/PKG-INFO
[8.077s] writing dependency_links to ../../../../../build/uf_ros_lib/uf_ros_lib.egg-info/dependency_links.txt
[8.082s] writing requirements to ../../../../../build/uf_ros_lib/uf_ros_lib.egg-info/requires.txt
[8.082s] writing top-level names to ../../../../../build/uf_ros_lib/uf_ros_lib.egg-info/top_level.txt
[8.083s] writing manifest file '../../../../../build/uf_ros_lib/uf_ros_lib.egg-info/SOURCES.txt'
[8.227s] reading manifest file '../../../../../build/uf_ros_lib/uf_ros_lib.egg-info/SOURCES.txt'
[8.233s] writing manifest file '../../../../../build/uf_ros_lib/uf_ros_lib.egg-info/SOURCES.txt'
[8.233s] running build
[8.233s] running build_py
[8.234s] creating /home/christian-pineda/Mobile-Robots-2026-1/build/uf_ros_lib/build
[8.234s] creating /home/christian-pineda/Mobile-Robots-2026-1/build/uf_ros_lib/build/lib
[8.235s] creating /home/christian-pineda/Mobile-Robots-2026-1/build/uf_ros_lib/build/lib/uf_ros_lib
[8.235s] copying uf_ros_lib/parameter_descriptions.py -> /home/christian-pineda/Mobile-Robots-2026-1/build/uf_ros_lib/build/lib/uf_ros_lib
[8.239s] copying uf_ros_lib/moveit_configs_builder.py -> /home/christian-pineda/Mobile-Robots-2026-1/build/uf_ros_lib/build/lib/uf_ros_lib
[8.240s] copying uf_ros_lib/__init__.py -> /home/christian-pineda/Mobile-Robots-2026-1/build/uf_ros_lib/build/lib/uf_ros_lib
[8.240s] copying uf_ros_lib/uf_robot_utils.py -> /home/christian-pineda/Mobile-Robots-2026-1/build/uf_ros_lib/build/lib/uf_ros_lib
[8.240s] creating /home/christian-pineda/Mobile-Robots-2026-1/build/uf_ros_lib/build/lib/uf_ros_lib/substitutions
[8.240s] copying uf_ros_lib/substitutions/joint_limits.py -> /home/christian-pineda/Mobile-Robots-2026-1/build/uf_ros_lib/build/lib/uf_ros_lib/substitutions
[8.241s] copying uf_ros_lib/substitutions/kinematics.py -> /home/christian-pineda/Mobile-Robots-2026-1/build/uf_ros_lib/build/lib/uf_ros_lib/substitutions
[8.241s] copying uf_ros_lib/substitutions/common.py -> /home/christian-pineda/Mobile-Robots-2026-1/build/uf_ros_lib/build/lib/uf_ros_lib/substitutions
[8.241s] copying uf_ros_lib/substitutions/controllers.py -> /home/christian-pineda/Mobile-Robots-2026-1/build/uf_ros_lib/build/lib/uf_ros_lib/substitutions
[8.242s] copying uf_ros_lib/substitutions/__init__.py -> /home/christian-pineda/Mobile-Robots-2026-1/build/uf_ros_lib/build/lib/uf_ros_lib/substitutions
[8.253s] copying uf_ros_lib/substitutions/planning_pipelines.py -> /home/christian-pineda/Mobile-Robots-2026-1/build/uf_ros_lib/build/lib/uf_ros_lib/substitutions
[8.253s] running install
[8.269s] running install_lib
[8.373s] creating /home/christian-pineda/Mobile-Robots-2026-1/install/uf_ros_lib/lib/python3.12/site-packages/uf_ros_lib
[8.374s] creating /home/christian-pineda/Mobile-Robots-2026-1/install/uf_ros_lib/lib/python3.12/site-packages/uf_ros_lib/substitutions
[8.374s] copying /home/christian-pineda/Mobile-Robots-2026-1/build/uf_ros_lib/build/lib/uf_ros_lib/substitutions/joint_limits.py -> /home/christian-pineda/Mobile-Robots-2026-1/install/uf_ros_lib/lib/python3.12/site-packages/uf_ros_lib/substitutions
[8.374s] copying /home/christian-pineda/Mobile-Robots-2026-1/build/uf_ros_lib/build/lib/uf_ros_lib/substitutions/kinematics.py -> /home/christian-pineda/Mobile-Robots-2026-1/install/uf_ros_lib/lib/python3.12/site-packages/uf_ros_lib/substitutions
[8.374s] copying /home/christian-pineda/Mobile-Robots-2026-1/build/uf_ros_lib/build/lib/uf_ros_lib/substitutions/common.py -> /home/christian-pineda/Mobile-Robots-2026-1/install/uf_ros_lib/lib/python3.12/site-packages/uf_ros_lib/substitutions
[8.374s] copying /home/christian-pineda/Mobile-Robots-2026-1/build/uf_ros_lib/build/lib/uf_ros_lib/substitutions/controllers.py -> /home/christian-pineda/Mobile-Robots-2026-1/install/uf_ros_lib/lib/python3.12/site-packages/uf_ros_lib/substitutions
[8.374s] copying /home/christian-pineda/Mobile-Robots-2026-1/build/uf_ros_lib/build/lib/uf_ros_lib/substitutions/__init__.py -> /home/christian-pineda/Mobile-Robots-2026-1/install/uf_ros_lib/lib/python3.12/site-packages/uf_ros_lib/substitutions
[8.375s] copying /home/christian-pineda/Mobile-Robots-2026-1/build/uf_ros_lib/build/lib/uf_ros_lib/substitutions/planning_pipelines.py -> /home/christian-pineda/Mobile-Robots-2026-1/install/uf_ros_lib/lib/python3.12/site-packages/uf_ros_lib/substitutions
[8.376s] copying /home/christian-pineda/Mobile-Robots-2026-1/build/uf_ros_lib/build/lib/uf_ros_lib/parameter_descriptions.py -> /home/christian-pineda/Mobile-Robots-2026-1/install/uf_ros_lib/lib/python3.12/site-packages/uf_ros_lib
[8.377s] copying /home/christian-pineda/Mobile-Robots-2026-1/build/uf_ros_lib/build/lib/uf_ros_lib/moveit_configs_builder.py -> /home/christian-pineda/Mobile-Robots-2026-1/install/uf_ros_lib/lib/python3.12/site-packages/uf_ros_lib
[8.377s] copying /home/christian-pineda/Mobile-Robots-2026-1/build/uf_ros_lib/build/lib/uf_ros_lib/__init__.py -> /home/christian-pineda/Mobile-Robots-2026-1/install/uf_ros_lib/lib/python3.12/site-packages/uf_ros_lib
[8.379s] copying /home/christian-pineda/Mobile-Robots-2026-1/build/uf_ros_lib/build/lib/uf_ros_lib/uf_robot_utils.py -> /home/christian-pineda/Mobile-Robots-2026-1/install/uf_ros_lib/lib/python3.12/site-packages/uf_ros_lib
[8.379s] byte-compiling /home/christian-pineda/Mobile-Robots-2026-1/install/uf_ros_lib/lib/python3.12/site-packages/uf_ros_lib/substitutions/joint_limits.py to joint_limits.cpython-312.pyc
[8.384s] byte-compiling /home/christian-pineda/Mobile-Robots-2026-1/install/uf_ros_lib/lib/python3.12/site-packages/uf_ros_lib/substitutions/kinematics.py to kinematics.cpython-312.pyc
[8.387s] byte-compiling /home/christian-pineda/Mobile-Robots-2026-1/install/uf_ros_lib/lib/python3.12/site-packages/uf_ros_lib/substitutions/common.py to common.cpython-312.pyc
[8.390s] byte-compiling /home/christian-pineda/Mobile-Robots-2026-1/install/uf_ros_lib/lib/python3.12/site-packages/uf_ros_lib/substitutions/controllers.py to controllers.cpython-312.pyc
[8.396s] byte-compiling /home/christian-pineda/Mobile-Robots-2026-1/install/uf_ros_lib/lib/python3.12/site-packages/uf_ros_lib/substitutions/__init__.py to __init__.cpython-312.pyc
[8.404s] byte-compiling /home/christian-pineda/Mobile-Robots-2026-1/install/uf_ros_lib/lib/python3.12/site-packages/uf_ros_lib/substitutions/planning_pipelines.py to planning_pipelines.cpython-312.pyc
[8.404s] byte-compiling /home/christian-pineda/Mobile-Robots-2026-1/install/uf_ros_lib/lib/python3.12/site-packages/uf_ros_lib/parameter_descriptions.py to parameter_descriptions.cpython-312.pyc
[8.404s] byte-compiling /home/christian-pineda/Mobile-Robots-2026-1/install/uf_ros_lib/lib/python3.12/site-packages/uf_ros_lib/moveit_configs_builder.py to moveit_configs_builder.cpython-312.pyc
[8.431s] byte-compiling /home/christian-pineda/Mobile-Robots-2026-1/install/uf_ros_lib/lib/python3.12/site-packages/uf_ros_lib/__init__.py to __init__.cpython-312.pyc
[8.431s] byte-compiling /home/christian-pineda/Mobile-Robots-2026-1/install/uf_ros_lib/lib/python3.12/site-packages/uf_ros_lib/uf_robot_utils.py to uf_robot_utils.cpython-312.pyc
[8.436s] running install_data
[8.438s] creating /home/christian-pineda/Mobile-Robots-2026-1/install/uf_ros_lib/share/ament_index
[8.438s] creating /home/christian-pineda/Mobile-Robots-2026-1/install/uf_ros_lib/share/ament_index/resource_index
[8.439s] creating /home/christian-pineda/Mobile-Robots-2026-1/install/uf_ros_lib/share/ament_index/resource_index/packages
[8.439s] copying resource/uf_ros_lib -> /home/christian-pineda/Mobile-Robots-2026-1/install/uf_ros_lib/share/ament_index/resource_index/packages
[8.439s] copying package.xml -> /home/christian-pineda/Mobile-Robots-2026-1/install/uf_ros_lib/share/uf_ros_lib
[8.439s] running install_egg_info
[8.488s] Copying ../../../../../build/uf_ros_lib/uf_ros_lib.egg-info to /home/christian-pineda/Mobile-Robots-2026-1/install/uf_ros_lib/lib/python3.12/site-packages/uf_ros_lib-0.0.0-py3.12.egg-info
[8.488s] running install_scripts
[9.229s] writing list of installed files to '/home/christian-pineda/Mobile-Robots-2026-1/build/uf_ros_lib/install.log'
[9.372s] Invoked command in '/home/christian-pineda/Mobile-Robots-2026-1/ros2_ws/src/hardware/xarm_ros2/uf_ros_lib' returned '0': DEBUGINFOD_URLS=https://debuginfod.ubuntu.com PYTHONPATH=/home/christian-pineda/Mobile-Robots-2026-1/build/uf_ros_lib/prefix_override:/usr/lib/python3/dist-packages/colcon_core/task/python/colcon_distutils_commands:/home/christian-pineda/Mobile-Robots-2026-1/install/uf_ros_lib/lib/python3.12/site-packages:${PYTHONPATH} /usr/bin/python3 -W ignore:setup.py install is deprecated -W ignore:easy_install command is deprecated setup.py egg_info --egg-base ../../../../../build/uf_ros_lib build --build-base /home/christian-pineda/Mobile-Robots-2026-1/build/uf_ros_lib/build install --record /home/christian-pineda/Mobile-Robots-2026-1/build/uf_ros_lib/install.log --single-version-externally-managed install_data
