[0.013s] Invoking command in '/home/christopher/Mobile-Robots-2026-1/build/config_files': CMAKE_PREFIX_PATH=${CMAKE_PREFIX_PATH}:/opt/ros/jazzy DEBUGINFOD_URLS=https://debuginfod.ubuntu.com /usr/bin/cmake /home/christopher/Mobile-Robots-2026-1/ros2_ws/src/config_files -DCMAKE_INSTALL_PREFIX=/home/christopher/Mobile-Robots-2026-1/install/config_files
[0.116s] -- The C compiler identification is GNU 13.3.0
[0.220s] -- The CXX compiler identification is GNU 13.3.0
[0.260s] -- Detecting C compiler ABI info
[0.512s] -- Detecting C compiler ABI info - done
[0.527s] -- Check for working C compiler: /usr/bin/cc - skipped
[0.527s] -- Detecting C compile features
[0.528s] -- Detecting C compile features - done
[0.553s] -- Detecting CXX compiler ABI info
[0.918s] -- Detecting CXX compiler ABI info - done
[0.953s] -- Check for working CXX compiler: /usr/bin/c++ - skipped
[0.955s] -- Detecting CXX compile features
[0.955s] -- Detecting CXX compile features - done
[0.975s] -- Found ament_cmake: 2.5.4 (/opt/ros/jazzy/share/ament_cmake/cmake)
[1.470s] -- Found Python3: /usr/bin/python3 (found version "3.12.3") found components: Interpreter 
[1.897s] -- Found rclcpp: 28.1.11 (/opt/ros/jazzy/share/rclcpp/cmake)
[1.981s] -- Found rosidl_generator_c: 4.6.6 (/opt/ros/jazzy/share/rosidl_generator_c/cmake)
[2.013s] -- Found rosidl_generator_cpp: 4.6.6 (/opt/ros/jazzy/share/rosidl_generator_cpp/cmake)
[2.039s] -- Using all available rosidl_typesupport_c: rosidl_typesupport_fastrtps_c;rosidl_typesupport_introspection_c
[2.083s] -- Using all available rosidl_typesupport_cpp: rosidl_typesupport_fastrtps_cpp;rosidl_typesupport_introspection_cpp
[2.313s] -- Found rmw_implementation_cmake: 7.3.2 (/opt/ros/jazzy/share/rmw_implementation_cmake/cmake)
[2.321s] -- Found rmw_fastrtps_cpp: 8.4.3 (/opt/ros/jazzy/share/rmw_fastrtps_cpp/cmake)
[2.634s] -- Found OpenSSL: /usr/lib/x86_64-linux-gnu/libcrypto.so (found version "3.0.13")  
[2.749s] -- Found FastRTPS: /opt/ros/jazzy/include (Required is at least version "2.13") 
[2.835s] -- Using RMW implementation 'rmw_fastrtps_cpp' as default
[3.208s] -- Found ament_lint_auto: 0.17.3 (/opt/ros/jazzy/share/ament_lint_auto/cmake)
[3.567s] -- Added test 'lint_cmake' to check CMake code style
[3.567s] -- Added test 'xmllint' to check XML markup files
[3.586s] -- Configuring done (3.5s)
[3.606s] -- Generating done (0.0s)
[3.612s] -- Build files have been written to: /home/christopher/Mobile-Robots-2026-1/build/config_files
[3.634s] Invoked command in '/home/christopher/Mobile-Robots-2026-1/build/config_files' returned '0': CMAKE_PREFIX_PATH=${CMAKE_PREFIX_PATH}:/opt/ros/jazzy DEBUGINFOD_URLS=https://debuginfod.ubuntu.com /usr/bin/cmake /home/christopher/Mobile-Robots-2026-1/ros2_ws/src/config_files -DCMAKE_INSTALL_PREFIX=/home/christopher/Mobile-Robots-2026-1/install/config_files
[3.636s] Invoking command in '/home/christopher/Mobile-Robots-2026-1/build/config_files': CMAKE_PREFIX_PATH=${CMAKE_PREFIX_PATH}:/opt/ros/jazzy DEBUGINFOD_URLS=https://debuginfod.ubuntu.com /usr/bin/cmake --build /home/christopher/Mobile-Robots-2026-1/build/config_files -- -j2 -l2
[3.789s] Invoked command in '/home/christopher/Mobile-Robots-2026-1/build/config_files' returned '0': CMAKE_PREFIX_PATH=${CMAKE_PREFIX_PATH}:/opt/ros/jazzy DEBUGINFOD_URLS=https://debuginfod.ubuntu.com /usr/bin/cmake --build /home/christopher/Mobile-Robots-2026-1/build/config_files -- -j2 -l2
[3.789s] Invoking command in '/home/christopher/Mobile-Robots-2026-1/build/config_files': CMAKE_PREFIX_PATH=${CMAKE_PREFIX_PATH}:/opt/ros/jazzy DEBUGINFOD_URLS=https://debuginfod.ubuntu.com /usr/bin/cmake --install /home/christopher/Mobile-Robots-2026-1/build/config_files
[3.813s] -- Install configuration: ""
[3.813s] -- Installing: /home/christopher/Mobile-Robots-2026-1/install/config_files/share/config_files/rviz
[3.818s] -- Installing: /home/christopher/Mobile-Robots-2026-1/install/config_files/share/config_files/rviz/simple_house.rviz
[3.818s] -- Installing: /home/christopher/Mobile-Robots-2026-1/install/config_files/share/config_files/navigation
[3.818s] -- Installing: /home/christopher/Mobile-Robots-2026-1/install/config_files/share/config_files/navigation/simple_house.pgm
[3.820s] -- Installing: /home/christopher/Mobile-Robots-2026-1/install/config_files/share/config_files/navigation/mapper_params.yaml
[3.822s] -- Installing: /home/christopher/Mobile-Robots-2026-1/install/config_files/share/config_files/navigation/simple_house.yaml
[3.823s] -- Installing: /home/christopher/Mobile-Robots-2026-1/install/config_files/share/ament_index/resource_index/package_run_dependencies/config_files
[3.823s] -- Installing: /home/christopher/Mobile-Robots-2026-1/install/config_files/share/ament_index/resource_index/parent_prefix_path/config_files
[3.824s] -- Installing: /home/christopher/Mobile-Robots-2026-1/install/config_files/share/config_files/environment/ament_prefix_path.sh
[3.826s] -- Installing: /home/christopher/Mobile-Robots-2026-1/install/config_files/share/config_files/environment/ament_prefix_path.dsv
[3.826s] -- Installing: /home/christopher/Mobile-Robots-2026-1/install/config_files/share/config_files/environment/path.sh
[3.826s] -- Installing: /home/christopher/Mobile-Robots-2026-1/install/config_files/share/config_files/environment/path.dsv
[3.826s] -- Installing: /home/christopher/Mobile-Robots-2026-1/install/config_files/share/config_files/local_setup.bash
[3.832s] -- Installing: /home/christopher/Mobile-Robots-2026-1/install/config_files/share/config_files/local_setup.sh
[3.832s] -- Installing: /home/christopher/Mobile-Robots-2026-1/install/config_files/share/config_files/local_setup.zsh
[3.832s] -- Installing: /home/christopher/Mobile-Robots-2026-1/install/config_files/share/config_files/local_setup.dsv
[3.832s] -- Installing: /home/christopher/Mobile-Robots-2026-1/install/config_files/share/config_files/package.dsv
[3.832s] -- Installing: /home/christopher/Mobile-Robots-2026-1/install/config_files/share/ament_index/resource_index/packages/config_files
[3.832s] -- Installing: /home/christopher/Mobile-Robots-2026-1/install/config_files/share/config_files/cmake/config_filesConfig.cmake
[3.832s] -- Installing: /home/christopher/Mobile-Robots-2026-1/install/config_files/share/config_files/cmake/config_filesConfig-version.cmake
[3.834s] -- Installing: /home/christopher/Mobile-Robots-2026-1/install/config_files/share/config_files/package.xml
[3.839s] Invoked command in '/home/christopher/Mobile-Robots-2026-1/build/config_files' returned '0': CMAKE_PREFIX_PATH=${CMAKE_PREFIX_PATH}:/opt/ros/jazzy DEBUGINFOD_URLS=https://debuginfod.ubuntu.com /usr/bin/cmake --install /home/christopher/Mobile-Robots-2026-1/build/config_files
