[0.012s] Invoking command in '/home/christopher/Mobile-Robots-2026-1/build/xarm_description': CMAKE_PREFIX_PATH=${CMAKE_PREFIX_PATH}:/opt/ros/jazzy DEBUGINFOD_URLS=https://debuginfod.ubuntu.com /usr/bin/cmake /home/christopher/Mobile-Robots-2026-1/ros2_ws/src/hardware/xarm_ros2/xarm_description -DCMAKE_INSTALL_PREFIX=/home/christopher/Mobile-Robots-2026-1/install/xarm_description
[0.161s] -- The C compiler identification is GNU 13.3.0
[0.255s] -- The CXX compiler identification is GNU 13.3.0
[0.278s] -- Detecting C compiler ABI info
[0.363s] -- Detecting C compiler ABI info - done
[0.371s] -- Check for working C compiler: /usr/bin/cc - skipped
[0.371s] -- Detecting C compile features
[0.372s] -- Detecting C compile features - done
[0.381s] -- Detecting CXX compiler ABI info
[0.472s] -- Detecting CXX compiler ABI info - done
[0.482s] -- Check for working CXX compiler: /usr/bin/c++ - skipped
[0.482s] -- Detecting CXX compile features
[0.483s] -- Detecting CXX compile features - done
[0.490s] -- Found ament_cmake: 2.5.4 (/opt/ros/jazzy/share/ament_cmake/cmake)
[0.631s] -- Found Python3: /usr/bin/python3 (found version "3.12.3") found components: Interpreter 
[0.758s] -- Found ament_lint_auto: 0.17.3 (/opt/ros/jazzy/share/ament_lint_auto/cmake)
[0.872s] -- Added test 'copyright' to check source files copyright and LICENSE
[0.907s] -- Added test 'flake8' to check Python code syntax and style conventions
[0.907s] -- Configured 'flake8' exclude dirs and/or files: 
[0.911s] -- Added test 'lint_cmake' to check CMake code style
[0.913s] -- Added test 'pep257' to check Python code against some of the docstring style conventions in PEP 257
[0.932s] -- Added test 'xmllint' to check XML markup files
[0.934s] -- Configuring done (0.9s)
[0.937s] -- Generating done (0.0s)
[0.939s] -- Build files have been written to: /home/christopher/Mobile-Robots-2026-1/build/xarm_description
[0.945s] Invoked command in '/home/christopher/Mobile-Robots-2026-1/build/xarm_description' returned '0': CMAKE_PREFIX_PATH=${CMAKE_PREFIX_PATH}:/opt/ros/jazzy DEBUGINFOD_URLS=https://debuginfod.ubuntu.com /usr/bin/cmake /home/christopher/Mobile-Robots-2026-1/ros2_ws/src/hardware/xarm_ros2/xarm_description -DCMAKE_INSTALL_PREFIX=/home/christopher/Mobile-Robots-2026-1/install/xarm_description
[0.947s] Invoking command in '/home/christopher/Mobile-Robots-2026-1/build/xarm_description': CMAKE_PREFIX_PATH=${CMAKE_PREFIX_PATH}:/opt/ros/jazzy DEBUGINFOD_URLS=https://debuginfod.ubuntu.com /usr/bin/cmake --build /home/christopher/Mobile-Robots-2026-1/build/xarm_description -- -j2 -l2
[0.986s] Invoked command in '/home/christopher/Mobile-Robots-2026-1/build/xarm_description' returned '0': CMAKE_PREFIX_PATH=${CMAKE_PREFIX_PATH}:/opt/ros/jazzy DEBUGINFOD_URLS=https://debuginfod.ubuntu.com /usr/bin/cmake --build /home/christopher/Mobile-Robots-2026-1/build/xarm_description -- -j2 -l2
[0.995s] Invoking command in '/home/christopher/Mobile-Robots-2026-1/build/xarm_description': CMAKE_PREFIX_PATH=${CMAKE_PREFIX_PATH}:/opt/ros/jazzy DEBUGINFOD_URLS=https://debuginfod.ubuntu.com /usr/bin/cmake --install /home/christopher/Mobile-Robots-2026-1/build/xarm_description
[1.003s] -- Install configuration: ""
[1.003s] -- Installing: /home/christopher/Mobile-Robots-2026-1/install/xarm_description/share/xarm_description//rviz
[1.004s] -- Installing: /home/christopher/Mobile-Robots-2026-1/install/xarm_description/share/xarm_description//rviz/display.rviz
[1.004s] -- Installing: /home/christopher/Mobile-Robots-2026-1/install/xarm_description/share/xarm_description//urdf
[1.004s] -- Installing: /home/christopher/Mobile-Robots-2026-1/install/xarm_description/share/xarm_description//urdf/xarm6
[1.004s] -- Installing: /home/christopher/Mobile-Robots-2026-1/install/xarm_description/share/xarm_description//urdf/xarm6/xarm6.gazebo.xacro
[1.005s] -- Installing: /home/christopher/Mobile-Robots-2026-1/install/xarm_description/share/xarm_description//urdf/xarm6/xarm6_robot_macro.xacro
[1.006s] -- Installing: /home/christopher/Mobile-Robots-2026-1/install/xarm_description/share/xarm_description//urdf/xarm6/xarm6.ros2_control.xacro
[1.007s] -- Installing: /home/christopher/Mobile-Robots-2026-1/install/xarm_description/share/xarm_description//urdf/xarm6/xarm6.urdf.xacro
[1.008s] -- Installing: /home/christopher/Mobile-Robots-2026-1/install/xarm_description/share/xarm_description//urdf/xarm6/xarm6.transmission.xacro
[1.009s] -- Installing: /home/christopher/Mobile-Robots-2026-1/install/xarm_description/share/xarm_description//urdf/xarm_device.urdf.xacro
[1.009s] -- Installing: /home/christopher/Mobile-Robots-2026-1/install/xarm_description/share/xarm_description//urdf/other
[1.009s] -- Installing: /home/christopher/Mobile-Robots-2026-1/install/xarm_description/share/xarm_description//urdf/other/other_geometry.urdf.xacro
[1.009s] -- Installing: /home/christopher/Mobile-Robots-2026-1/install/xarm_description/share/xarm_description//urdf/xarm5
[1.009s] -- Installing: /home/christopher/Mobile-Robots-2026-1/install/xarm_description/share/xarm_description//urdf/xarm5/xarm5_robot_macro.xacro
[1.010s] -- Installing: /home/christopher/Mobile-Robots-2026-1/install/xarm_description/share/xarm_description//urdf/xarm5/xarm5.ros2_control.xacro
[1.010s] -- Installing: /home/christopher/Mobile-Robots-2026-1/install/xarm_description/share/xarm_description//urdf/xarm5/xarm5.gazebo.xacro
[1.010s] -- Installing: /home/christopher/Mobile-Robots-2026-1/install/xarm_description/share/xarm_description//urdf/xarm5/xarm5.urdf.xacro
[1.011s] -- Installing: /home/christopher/Mobile-Robots-2026-1/install/xarm_description/share/xarm_description//urdf/xarm5/xarm5.transmission.xacro
[1.011s] -- Installing: /home/christopher/Mobile-Robots-2026-1/install/xarm_description/share/xarm_description//urdf/vacuum_gripper
[1.011s] -- Installing: /home/christopher/Mobile-Robots-2026-1/install/xarm_description/share/xarm_description//urdf/vacuum_gripper/vacuum_gripper_macro.xacro
[1.012s] -- Installing: /home/christopher/Mobile-Robots-2026-1/install/xarm_description/share/xarm_description//urdf/vacuum_gripper/lite_vacuum_gripper.urdf.xacro
[1.012s] -- Installing: /home/christopher/Mobile-Robots-2026-1/install/xarm_description/share/xarm_description//urdf/vacuum_gripper/vacuum_gripper.urdf.xacro
[1.013s] -- Installing: /home/christopher/Mobile-Robots-2026-1/install/xarm_description/share/xarm_description//urdf/vacuum_gripper/xarm_vacuum_gripper.urdf.xacro
[1.013s] -- Installing: /home/christopher/Mobile-Robots-2026-1/install/xarm_description/share/xarm_description//urdf/gripper
[1.013s] -- Installing: /home/christopher/Mobile-Robots-2026-1/install/xarm_description/share/xarm_description//urdf/gripper/xarm_gripper.gazebo.xacro
[1.013s] -- Installing: /home/christopher/Mobile-Robots-2026-1/install/xarm_description/share/xarm_description//urdf/gripper/gripper.urdf.xacro
[1.014s] -- Installing: /home/christopher/Mobile-Robots-2026-1/install/xarm_description/share/xarm_description//urdf/gripper/xarm_gripper_macro.xacro
[1.014s] -- Installing: /home/christopher/Mobile-Robots-2026-1/install/xarm_description/share/xarm_description//urdf/gripper/gripper_macro.xacro
[1.015s] -- Installing: /home/christopher/Mobile-Robots-2026-1/install/xarm_description/share/xarm_description//urdf/gripper/bio_gripper.urdf.xacro
[1.015s] -- Installing: /home/christopher/Mobile-Robots-2026-1/install/xarm_description/share/xarm_description//urdf/gripper/lite_gripper.urdf.xacro
[1.016s] -- Installing: /home/christopher/Mobile-Robots-2026-1/install/xarm_description/share/xarm_description//urdf/gripper/bio_gripper_macro.xacro
[1.016s] -- Installing: /home/christopher/Mobile-Robots-2026-1/install/xarm_description/share/xarm_description//urdf/gripper/bio_gripper.transmission.xacro
[1.016s] -- Installing: /home/christopher/Mobile-Robots-2026-1/install/xarm_description/share/xarm_description//urdf/gripper/xarm_gripper.ros2_control.xacro
[1.017s] -- Installing: /home/christopher/Mobile-Robots-2026-1/install/xarm_description/share/xarm_description//urdf/gripper/xarm_gripper.transmission.xacro
[1.017s] -- Installing: /home/christopher/Mobile-Robots-2026-1/install/xarm_description/share/xarm_description//urdf/gripper/bio_gripper.ros2_control.xacro
[1.017s] -- Installing: /home/christopher/Mobile-Robots-2026-1/install/xarm_description/share/xarm_description//urdf/gripper/xarm_gripper.urdf.xacro
[1.018s] -- Installing: /home/christopher/Mobile-Robots-2026-1/install/xarm_description/share/xarm_description//urdf/gripper/bio_gripper.gazebo.xacro
[1.018s] -- Installing: /home/christopher/Mobile-Robots-2026-1/install/xarm_description/share/xarm_description//urdf/xarm7_mirror
[1.018s] -- Installing: /home/christopher/Mobile-Robots-2026-1/install/xarm_description/share/xarm_description//urdf/xarm7_mirror/xarm7_mirror_robot_macro.xacro
[1.019s] -- Installing: /home/christopher/Mobile-Robots-2026-1/install/xarm_description/share/xarm_description//urdf/xarm7_mirror/xarm7_mirror.urdf.xacro
[1.019s] -- Installing: /home/christopher/Mobile-Robots-2026-1/install/xarm_description/share/xarm_description//urdf/xarm7_mirror/xarm7_mirror.gazebo.xacro
[1.020s] -- Installing: /home/christopher/Mobile-Robots-2026-1/install/xarm_description/share/xarm_description//urdf/xarm7_mirror/xarm7_mirror.transmission.xacro
[1.020s] -- Installing: /home/christopher/Mobile-Robots-2026-1/install/xarm_description/share/xarm_description//urdf/xarm7_mirror/xarm7_mirror.ros2_control.xacro
[1.020s] -- Installing: /home/christopher/Mobile-Robots-2026-1/install/xarm_description/share/xarm_description//urdf/lite6
[1.020s] -- Installing: /home/christopher/Mobile-Robots-2026-1/install/xarm_description/share/xarm_description//urdf/lite6/lite6.gazebo.xacro
[1.021s] -- Installing: /home/christopher/Mobile-Robots-2026-1/install/xarm_description/share/xarm_description//urdf/lite6/lite6.transmission.xacro
[1.021s] -- Installing: /home/christopher/Mobile-Robots-2026-1/install/xarm_description/share/xarm_description//urdf/lite6/lite6.urdf.xacro
[1.021s] -- Installing: /home/christopher/Mobile-Robots-2026-1/install/xarm_description/share/xarm_description//urdf/lite6/lite6_robot_macro.xacro
[1.022s] -- Installing: /home/christopher/Mobile-Robots-2026-1/install/xarm_description/share/xarm_description//urdf/lite6/lite6.ros2_control.xacro
[1.022s] -- Installing: /home/christopher/Mobile-Robots-2026-1/install/xarm_description/share/xarm_description//urdf/_private_macro.xacro
[1.023s] -- Installing: /home/christopher/Mobile-Robots-2026-1/install/xarm_description/share/xarm_description//urdf/xarm_device_macro.xacro
[1.023s] -- Installing: /home/christopher/Mobile-Robots-2026-1/install/xarm_description/share/xarm_description//urdf/xarm7
[1.023s] -- Installing: /home/christopher/Mobile-Robots-2026-1/install/xarm_description/share/xarm_description//urdf/xarm7/xarm7.gazebo.xacro
[1.024s] -- Installing: /home/christopher/Mobile-Robots-2026-1/install/xarm_description/share/xarm_description//urdf/xarm7/xarm7.urdf.xacro
[1.024s] -- Installing: /home/christopher/Mobile-Robots-2026-1/install/xarm_description/share/xarm_description//urdf/xarm7/xarm7_robot_macro.xacro
[1.024s] -- Installing: /home/christopher/Mobile-Robots-2026-1/install/xarm_description/share/xarm_description//urdf/xarm7/xarm7.transmission.xacro
[1.024s] -- Installing: /home/christopher/Mobile-Robots-2026-1/install/xarm_description/share/xarm_description//urdf/xarm7/xarm7.ros2_control.xacro
[1.025s] -- Installing: /home/christopher/Mobile-Robots-2026-1/install/xarm_description/share/xarm_description//urdf/camera
[1.025s] -- Installing: /home/christopher/Mobile-Robots-2026-1/install/xarm_description/share/xarm_description//urdf/camera/realsense.gazebo.xacro
[1.026s] -- Installing: /home/christopher/Mobile-Robots-2026-1/install/xarm_description/share/xarm_description//urdf/camera/camera.gazebo.xacro
[1.026s] -- Installing: /home/christopher/Mobile-Robots-2026-1/install/xarm_description/share/xarm_description//urdf/camera/realsense_d435i.urdf.xacro
[1.026s] -- Installing: /home/christopher/Mobile-Robots-2026-1/install/xarm_description/share/xarm_description//urdf/uf850
[1.026s] -- Installing: /home/christopher/Mobile-Robots-2026-1/install/xarm_description/share/xarm_description//urdf/uf850/uf850.transmission.xacro
[1.027s] -- Installing: /home/christopher/Mobile-Robots-2026-1/install/xarm_description/share/xarm_description//urdf/uf850/uf850.urdf.xacro
[1.027s] -- Installing: /home/christopher/Mobile-Robots-2026-1/install/xarm_description/share/xarm_description//urdf/uf850/uf850.gazebo.xacro
[1.028s] -- Installing: /home/christopher/Mobile-Robots-2026-1/install/xarm_description/share/xarm_description//urdf/uf850/uf850_robot_macro.xacro
[1.028s] -- Installing: /home/christopher/Mobile-Robots-2026-1/install/xarm_description/share/xarm_description//urdf/uf850/uf850.ros2_control.xacro
[1.028s] -- Installing: /home/christopher/Mobile-Robots-2026-1/install/xarm_description/share/xarm_description//urdf/dual_xarm_device.urdf.xacro
[1.029s] -- Installing: /home/christopher/Mobile-Robots-2026-1/install/xarm_description/share/xarm_description//urdf/common
[1.029s] -- Installing: /home/christopher/Mobile-Robots-2026-1/install/xarm_description/share/xarm_description//urdf/common/common.gazebo.xacro
[1.030s] -- Installing: /home/christopher/Mobile-Robots-2026-1/install/xarm_description/share/xarm_description//urdf/common/common.material.xacro
[1.030s] -- Installing: /home/christopher/Mobile-Robots-2026-1/install/xarm_description/share/xarm_description//urdf/common/common.link.xacro
[1.030s] -- Installing: /home/christopher/Mobile-Robots-2026-1/install/xarm_description/share/xarm_description//config
[1.030s] -- Installing: /home/christopher/Mobile-Robots-2026-1/install/xarm_description/share/xarm_description//config/link_inertial
[1.031s] -- Installing: /home/christopher/Mobile-Robots-2026-1/install/xarm_description/share/xarm_description//config/link_inertial/xarm7_type13_HT_BR2.yaml
[1.031s] -- Installing: /home/christopher/Mobile-Robots-2026-1/install/xarm_description/share/xarm_description//config/link_inertial/xarm7_type3_YT_SP.yaml
[1.031s] -- Installing: /home/christopher/Mobile-Robots-2026-1/install/xarm_description/share/xarm_description//config/link_inertial/xarm5_type5_HT_BR.yaml
[1.032s] -- Installing: /home/christopher/Mobile-Robots-2026-1/install/xarm_description/share/xarm_description//config/link_inertial/xarm5_type5_HT_LD.yaml
[1.032s] -- Installing: /home/christopher/Mobile-Robots-2026-1/install/xarm_description/share/xarm_description//config/link_inertial/xarm6_type6_HT_BR2.yaml
[1.033s] -- Installing: /home/christopher/Mobile-Robots-2026-1/install/xarm_description/share/xarm_description//config/link_inertial/xarm6_type11_HT_LD.yaml
[1.033s] -- Installing: /home/christopher/Mobile-Robots-2026-1/install/xarm_description/share/xarm_description//config/link_inertial/xarm6_type6_UJ_BR_2403.yaml
[1.033s] -- Installing: /home/christopher/Mobile-Robots-2026-1/install/xarm_description/share/xarm_description//config/link_inertial/gen_link_inertial_params.py
[1.034s] -- Installing: /home/christopher/Mobile-Robots-2026-1/install/xarm_description/share/xarm_description//config/link_inertial/xarm6_type6_HT2_LD.yaml
[1.034s] -- Installing: /home/christopher/Mobile-Robots-2026-1/install/xarm_description/share/xarm_description//config/link_inertial/xarm6_type9_HT_BR2.yaml
[1.034s] -- Installing: /home/christopher/Mobile-Robots-2026-1/install/xarm_description/share/xarm_description//config/link_inertial/xarm7_type7_HT_LD.yaml
[1.035s] -- Installing: /home/christopher/Mobile-Robots-2026-1/install/xarm_description/share/xarm_description//config/link_inertial/xarm6_type8_HT2_BR2.yaml
[1.035s] -- Installing: /home/christopher/Mobile-Robots-2026-1/install/xarm_description/share/xarm_description//config/link_inertial/xarm6_type12_HT_LDBR2.yaml
[1.036s] -- Installing: /home/christopher/Mobile-Robots-2026-1/install/xarm_description/share/xarm_description//config/link_inertial/xarm7_type7_UJ_BR_2403.yaml
[1.036s] -- Installing: /home/christopher/Mobile-Robots-2026-1/install/xarm_description/share/xarm_description//config/link_inertial/xarm5_type5_UJ_BR_2403.yaml
[1.036s] -- Installing: /home/christopher/Mobile-Robots-2026-1/install/xarm_description/share/xarm_description//config/link_inertial/xarm5_type5_HT_BR2.yaml
[1.037s] -- Installing: /home/christopher/Mobile-Robots-2026-1/install/xarm_description/share/xarm_description//config/link_inertial/xarm6_type6_HT_LD.yaml
[1.037s] -- Installing: /home/christopher/Mobile-Robots-2026-1/install/xarm_description/share/xarm_description//config/link_inertial/xarm6_type6_HT_BR.yaml
[1.038s] -- Installing: /home/christopher/Mobile-Robots-2026-1/install/xarm_description/share/xarm_description//config/link_inertial/xarm7_type7_HT_BR2.yaml
[1.038s] -- Installing: /home/christopher/Mobile-Robots-2026-1/install/xarm_description/share/xarm_description//config/link_inertial/xarm7_type7_HT_BR.yaml
[1.038s] -- Installing: /home/christopher/Mobile-Robots-2026-1/install/xarm_description/share/xarm_description//config/kinematics
[1.038s] -- Installing: /home/christopher/Mobile-Robots-2026-1/install/xarm_description/share/xarm_description//config/kinematics/default
[1.039s] -- Installing: /home/christopher/Mobile-Robots-2026-1/install/xarm_description/share/xarm_description//config/kinematics/default/xarm7_default_kinematics.yaml
[1.039s] -- Installing: /home/christopher/Mobile-Robots-2026-1/install/xarm_description/share/xarm_description//config/kinematics/default/xarm6_default_kinematics.yaml
[1.040s] -- Installing: /home/christopher/Mobile-Robots-2026-1/install/xarm_description/share/xarm_description//config/kinematics/default/uf850_default_kinematics.yaml
[1.040s] -- Installing: /home/christopher/Mobile-Robots-2026-1/install/xarm_description/share/xarm_description//config/kinematics/default/lite6_default_kinematics.yaml
[1.040s] -- Installing: /home/christopher/Mobile-Robots-2026-1/install/xarm_description/share/xarm_description//config/kinematics/default/xarm5_default_kinematics.yaml
[1.040s] -- Installing: /home/christopher/Mobile-Robots-2026-1/install/xarm_description/share/xarm_description//config/kinematics/default/xarm7_mirror_default_kinematics.yaml
[1.041s] -- Installing: /home/christopher/Mobile-Robots-2026-1/install/xarm_description/share/xarm_description//config/kinematics/gen_kinematics_params.py
[1.041s] -- Installing: /home/christopher/Mobile-Robots-2026-1/install/xarm_description/share/xarm_description//meshes
[1.041s] -- Installing: /home/christopher/Mobile-Robots-2026-1/install/xarm_description/share/xarm_description//meshes/xarm6
[1.042s] -- Installing: /home/christopher/Mobile-Robots-2026-1/install/xarm_description/share/xarm_description//meshes/xarm6/visual
[1.042s] -- Installing: /home/christopher/Mobile-Robots-2026-1/install/xarm_description/share/xarm_description//meshes/xarm6/visual/link_base.stl
[1.043s] -- Installing: /home/christopher/Mobile-Robots-2026-1/install/xarm_description/share/xarm_description//meshes/xarm6/visual/link6.stl
[1.043s] -- Installing: /home/christopher/Mobile-Robots-2026-1/install/xarm_description/share/xarm_description//meshes/xarm6/visual/link5.stl
[1.045s] -- Installing: /home/christopher/Mobile-Robots-2026-1/install/xarm_description/share/xarm_description//meshes/xarm6/visual/link4.stl
[1.046s] -- Installing: /home/christopher/Mobile-Robots-2026-1/install/xarm_description/share/xarm_description//meshes/xarm6/visual/link1.stl
[1.047s] -- Installing: /home/christopher/Mobile-Robots-2026-1/install/xarm_description/share/xarm_description//meshes/xarm6/visual/link3.stl
[1.048s] -- Installing: /home/christopher/Mobile-Robots-2026-1/install/xarm_description/share/xarm_description//meshes/xarm6/visual/link2.stl
[1.050s] -- Installing: /home/christopher/Mobile-Robots-2026-1/install/xarm_description/share/xarm_description//meshes/end_tool
[1.051s] -- Installing: /home/christopher/Mobile-Robots-2026-1/install/xarm_description/share/xarm_description//meshes/end_tool/visual
[1.051s] -- Installing: /home/christopher/Mobile-Robots-2026-1/install/xarm_description/share/xarm_description//meshes/end_tool/visual/end_tool_1300.stl
[1.052s] -- Installing: /home/christopher/Mobile-Robots-2026-1/install/xarm_description/share/xarm_description//meshes/end_tool/collision
[1.052s] -- Installing: /home/christopher/Mobile-Robots-2026-1/install/xarm_description/share/xarm_description//meshes/end_tool/collision/end_tool.stl
[1.052s] -- Installing: /home/christopher/Mobile-Robots-2026-1/install/xarm_description/share/xarm_description//meshes/end_tool/collision/end_tool_1300.stl
[1.053s] -- Installing: /home/christopher/Mobile-Robots-2026-1/install/xarm_description/share/xarm_description//meshes/xarm5
[1.053s] -- Installing: /home/christopher/Mobile-Robots-2026-1/install/xarm_description/share/xarm_description//meshes/xarm5/visual
[1.054s] -- Installing: /home/christopher/Mobile-Robots-2026-1/install/xarm_description/share/xarm_description//meshes/xarm5/visual/link_base.stl
[1.054s] -- Installing: /home/christopher/Mobile-Robots-2026-1/install/xarm_description/share/xarm_description//meshes/xarm5/visual/link5.stl
[1.055s] -- Installing: /home/christopher/Mobile-Robots-2026-1/install/xarm_description/share/xarm_description//meshes/xarm5/visual/link4.stl
[1.057s] -- Installing: /home/christopher/Mobile-Robots-2026-1/install/xarm_description/share/xarm_description//meshes/xarm5/visual/link1.stl
[1.058s] -- Installing: /home/christopher/Mobile-Robots-2026-1/install/xarm_description/share/xarm_description//meshes/xarm5/visual/link3.stl
[1.059s] -- Installing: /home/christopher/Mobile-Robots-2026-1/install/xarm_description/share/xarm_description//meshes/xarm5/visual/link2.stl
[1.062s] -- Installing: /home/christopher/Mobile-Robots-2026-1/install/xarm_description/share/xarm_description//meshes/vacuum_gripper
[1.062s] -- Installing: /home/christopher/Mobile-Robots-2026-1/install/xarm_description/share/xarm_description//meshes/vacuum_gripper/lite
[1.062s] -- Installing: /home/christopher/Mobile-Robots-2026-1/install/xarm_description/share/xarm_description//meshes/vacuum_gripper/lite/visual
[1.062s] -- Installing: /home/christopher/Mobile-Robots-2026-1/install/xarm_description/share/xarm_description//meshes/vacuum_gripper/lite/visual/vacuum_gripper_lite.stl
[1.063s] -- Installing: /home/christopher/Mobile-Robots-2026-1/install/xarm_description/share/xarm_description//meshes/vacuum_gripper/lite/collision
[1.064s] -- Installing: /home/christopher/Mobile-Robots-2026-1/install/xarm_description/share/xarm_description//meshes/vacuum_gripper/lite/collision/vacuum_gripper_lite.stl
[1.064s] -- Installing: /home/christopher/Mobile-Robots-2026-1/install/xarm_description/share/xarm_description//meshes/vacuum_gripper/xarm
[1.064s] -- Installing: /home/christopher/Mobile-Robots-2026-1/install/xarm_description/share/xarm_description//meshes/vacuum_gripper/xarm/visual
[1.065s] -- Installing: /home/christopher/Mobile-Robots-2026-1/install/xarm_description/share/xarm_description//meshes/vacuum_gripper/xarm/visual/vacuum_gripper.stl
[1.067s] -- Installing: /home/christopher/Mobile-Robots-2026-1/install/xarm_description/share/xarm_description//meshes/vacuum_gripper/xarm/collision
[1.067s] -- Installing: /home/christopher/Mobile-Robots-2026-1/install/xarm_description/share/xarm_description//meshes/vacuum_gripper/xarm/collision/vacuum_gripper.stl
[1.067s] -- Installing: /home/christopher/Mobile-Robots-2026-1/install/xarm_description/share/xarm_description//meshes/xarm5_1305
[1.068s] -- Installing: /home/christopher/Mobile-Robots-2026-1/install/xarm_description/share/xarm_description//meshes/xarm5_1305/visual
[1.068s] -- Installing: /home/christopher/Mobile-Robots-2026-1/install/xarm_description/share/xarm_description//meshes/xarm5_1305/visual/link_base.stl
[1.069s] -- Installing: /home/christopher/Mobile-Robots-2026-1/install/xarm_description/share/xarm_description//meshes/xarm5_1305/visual/link5.stl
[1.069s] -- Installing: /home/christopher/Mobile-Robots-2026-1/install/xarm_description/share/xarm_description//meshes/xarm5_1305/visual/link4.stl
[1.071s] -- Installing: /home/christopher/Mobile-Robots-2026-1/install/xarm_description/share/xarm_description//meshes/xarm5_1305/visual/link1.stl
[1.072s] -- Installing: /home/christopher/Mobile-Robots-2026-1/install/xarm_description/share/xarm_description//meshes/xarm5_1305/visual/link3.stl
[1.074s] -- Installing: /home/christopher/Mobile-Robots-2026-1/install/xarm_description/share/xarm_description//meshes/xarm5_1305/visual/link2.stl
[1.075s] -- Installing: /home/christopher/Mobile-Robots-2026-1/install/xarm_description/share/xarm_description//meshes/xarm5_1305/collision
[1.075s] -- Installing: /home/christopher/Mobile-Robots-2026-1/install/xarm_description/share/xarm_description//meshes/xarm5_1305/collision/link4.obj
[1.076s] -- Installing: /home/christopher/Mobile-Robots-2026-1/install/xarm_description/share/xarm_description//meshes/xarm5_1305/collision/link1.obj
[1.077s] -- Installing: /home/christopher/Mobile-Robots-2026-1/install/xarm_description/share/xarm_description//meshes/xarm5_1305/collision/link5.obj
[1.077s] -- Installing: /home/christopher/Mobile-Robots-2026-1/install/xarm_description/share/xarm_description//meshes/xarm5_1305/collision/link3.obj
[1.078s] -- Installing: /home/christopher/Mobile-Robots-2026-1/install/xarm_description/share/xarm_description//meshes/xarm5_1305/collision/link2.obj
[1.079s] -- Installing: /home/christopher/Mobile-Robots-2026-1/install/xarm_description/share/xarm_description//meshes/xarm5_1305/collision/link_base.obj
[1.079s] -- Installing: /home/christopher/Mobile-Robots-2026-1/install/xarm_description/share/xarm_description//meshes/gripper
[1.080s] -- Installing: /home/christopher/Mobile-Robots-2026-1/install/xarm_description/share/xarm_description//meshes/gripper/bio
[1.080s] -- Installing: /home/christopher/Mobile-Robots-2026-1/install/xarm_description/share/xarm_description//meshes/gripper/bio/link_base.stl
[1.081s] -- Installing: /home/christopher/Mobile-Robots-2026-1/install/xarm_description/share/xarm_description//meshes/gripper/bio/right_finger.stl
[1.081s] -- Installing: /home/christopher/Mobile-Robots-2026-1/install/xarm_description/share/xarm_description//meshes/gripper/bio/left_finger.stl
[1.082s] -- Installing: /home/christopher/Mobile-Robots-2026-1/install/xarm_description/share/xarm_description//meshes/gripper/lite
[1.082s] -- Installing: /home/christopher/Mobile-Robots-2026-1/install/xarm_description/share/xarm_description//meshes/gripper/lite/visual
[1.082s] -- Installing: /home/christopher/Mobile-Robots-2026-1/install/xarm_description/share/xarm_description//meshes/gripper/lite/visual/gripper_lite.stl
[1.083s] -- Installing: /home/christopher/Mobile-Robots-2026-1/install/xarm_description/share/xarm_description//meshes/gripper/lite/collision
[1.083s] -- Installing: /home/christopher/Mobile-Robots-2026-1/install/xarm_description/share/xarm_description//meshes/gripper/lite/collision/gripper_lite.stl
[1.084s] -- Installing: /home/christopher/Mobile-Robots-2026-1/install/xarm_description/share/xarm_description//meshes/gripper/xarm
[1.084s] -- Installing: /home/christopher/Mobile-Robots-2026-1/install/xarm_description/share/xarm_description//meshes/gripper/xarm/left_outer_knuckle.stl
[1.085s] -- Installing: /home/christopher/Mobile-Robots-2026-1/install/xarm_description/share/xarm_description//meshes/gripper/xarm/base_link.stl
[1.087s] -- Installing: /home/christopher/Mobile-Robots-2026-1/install/xarm_description/share/xarm_description//meshes/gripper/xarm/right_finger.stl
[1.088s] -- Installing: /home/christopher/Mobile-Robots-2026-1/install/xarm_description/share/xarm_description//meshes/gripper/xarm/right_inner_knuckle.stl
[1.090s] -- Installing: /home/christopher/Mobile-Robots-2026-1/install/xarm_description/share/xarm_description//meshes/gripper/xarm/left_finger.stl
[1.090s] -- Installing: /home/christopher/Mobile-Robots-2026-1/install/xarm_description/share/xarm_description//meshes/gripper/xarm/left_inner_knuckle.stl
[1.091s] -- Installing: /home/christopher/Mobile-Robots-2026-1/install/xarm_description/share/xarm_description//meshes/gripper/xarm/right_outer_knuckle.stl
[1.092s] -- Installing: /home/christopher/Mobile-Robots-2026-1/install/xarm_description/share/xarm_description//meshes/xarm7_mirror
[1.092s] -- Installing: /home/christopher/Mobile-Robots-2026-1/install/xarm_description/share/xarm_description//meshes/xarm7_mirror/visual
[1.092s] -- Installing: /home/christopher/Mobile-Robots-2026-1/install/xarm_description/share/xarm_description//meshes/xarm7_mirror/visual/link7.stl
[1.093s] -- Installing: /home/christopher/Mobile-Robots-2026-1/install/xarm_description/share/xarm_description//meshes/xarm7_mirror/visual/link_base.stl
[1.094s] -- Installing: /home/christopher/Mobile-Robots-2026-1/install/xarm_description/share/xarm_description//meshes/xarm7_mirror/visual/link6.stl
[1.096s] -- Installing: /home/christopher/Mobile-Robots-2026-1/install/xarm_description/share/xarm_description//meshes/xarm7_mirror/visual/link5.stl
[1.096s] -- Installing: /home/christopher/Mobile-Robots-2026-1/install/xarm_description/share/xarm_description//meshes/xarm7_mirror/visual/link4.stl
[1.097s] -- Installing: /home/christopher/Mobile-Robots-2026-1/install/xarm_description/share/xarm_description//meshes/xarm7_mirror/visual/link1.stl
[1.098s] -- Installing: /home/christopher/Mobile-Robots-2026-1/install/xarm_description/share/xarm_description//meshes/xarm7_mirror/visual/link3.stl
[1.099s] -- Installing: /home/christopher/Mobile-Robots-2026-1/install/xarm_description/share/xarm_description//meshes/xarm7_mirror/visual/link2.stl
[1.100s] -- Installing: /home/christopher/Mobile-Robots-2026-1/install/xarm_description/share/xarm_description//meshes/xarm7_mirror/collision
[1.100s] -- Installing: /home/christopher/Mobile-Robots-2026-1/install/xarm_description/share/xarm_description//meshes/xarm7_mirror/collision/link7.stl
[1.101s] -- Installing: /home/christopher/Mobile-Robots-2026-1/install/xarm_description/share/xarm_description//meshes/xarm7_mirror/collision/link_base.stl
[1.101s] -- Installing: /home/christopher/Mobile-Robots-2026-1/install/xarm_description/share/xarm_description//meshes/xarm7_mirror/collision/link6.stl
[1.102s] -- Installing: /home/christopher/Mobile-Robots-2026-1/install/xarm_description/share/xarm_description//meshes/xarm7_mirror/collision/link5.stl
[1.106s] -- Installing: /home/christopher/Mobile-Robots-2026-1/install/xarm_description/share/xarm_description//meshes/xarm7_mirror/collision/link4.stl
[1.106s] -- Installing: /home/christopher/Mobile-Robots-2026-1/install/xarm_description/share/xarm_description//meshes/xarm7_mirror/collision/link1.stl
[1.106s] -- Installing: /home/christopher/Mobile-Robots-2026-1/install/xarm_description/share/xarm_description//meshes/xarm7_mirror/collision/link3.stl
[1.106s] -- Installing: /home/christopher/Mobile-Robots-2026-1/install/xarm_description/share/xarm_description//meshes/xarm7_mirror/collision/link2.stl
[1.107s] -- Installing: /home/christopher/Mobile-Robots-2026-1/install/xarm_description/share/xarm_description//meshes/lite6
[1.107s] -- Installing: /home/christopher/Mobile-Robots-2026-1/install/xarm_description/share/xarm_description//meshes/lite6/visual
[1.108s] -- Installing: /home/christopher/Mobile-Robots-2026-1/install/xarm_description/share/xarm_description//meshes/lite6/visual/link_base.stl
[1.108s] -- Installing: /home/christopher/Mobile-Robots-2026-1/install/xarm_description/share/xarm_description//meshes/lite6/visual/link6.stl
[1.110s] -- Installing: /home/christopher/Mobile-Robots-2026-1/install/xarm_description/share/xarm_description//meshes/lite6/visual/link5.stl
[1.111s] -- Installing: /home/christopher/Mobile-Robots-2026-1/install/xarm_description/share/xarm_description//meshes/lite6/visual/link4.stl
[1.113s] -- Installing: /home/christopher/Mobile-Robots-2026-1/install/xarm_description/share/xarm_description//meshes/lite6/visual/link1.stl
[1.114s] -- Installing: /home/christopher/Mobile-Robots-2026-1/install/xarm_description/share/xarm_description//meshes/lite6/visual/link3.stl
[1.116s] -- Installing: /home/christopher/Mobile-Robots-2026-1/install/xarm_description/share/xarm_description//meshes/lite6/visual/link2.stl
[1.119s] -- Installing: /home/christopher/Mobile-Robots-2026-1/install/xarm_description/share/xarm_description//meshes/lite6/collision
[1.119s] -- Installing: /home/christopher/Mobile-Robots-2026-1/install/xarm_description/share/xarm_description//meshes/lite6/collision/link_base.stl
[1.119s] -- Installing: /home/christopher/Mobile-Robots-2026-1/install/xarm_description/share/xarm_description//meshes/lite6/collision/link6.stl
[1.119s] -- Installing: /home/christopher/Mobile-Robots-2026-1/install/xarm_description/share/xarm_description//meshes/lite6/collision/link5.stl
[1.121s] -- Installing: /home/christopher/Mobile-Robots-2026-1/install/xarm_description/share/xarm_description//meshes/lite6/collision/link4.stl
[1.122s] -- Installing: /home/christopher/Mobile-Robots-2026-1/install/xarm_description/share/xarm_description//meshes/lite6/collision/link1.stl
[1.122s] -- Installing: /home/christopher/Mobile-Robots-2026-1/install/xarm_description/share/xarm_description//meshes/lite6/collision/link3.stl
[1.123s] -- Installing: /home/christopher/Mobile-Robots-2026-1/install/xarm_description/share/xarm_description//meshes/lite6/collision/link2.stl
[1.124s] -- Installing: /home/christopher/Mobile-Robots-2026-1/install/xarm_description/share/xarm_description//meshes/xarm7_1305
[1.124s] -- Installing: /home/christopher/Mobile-Robots-2026-1/install/xarm_description/share/xarm_description//meshes/xarm7_1305/visual
[1.124s] -- Installing: /home/christopher/Mobile-Robots-2026-1/install/xarm_description/share/xarm_description//meshes/xarm7_1305/visual/link7.stl
[1.125s] -- Installing: /home/christopher/Mobile-Robots-2026-1/install/xarm_description/share/xarm_description//meshes/xarm7_1305/visual/link_base.stl
[1.125s] -- Installing: /home/christopher/Mobile-Robots-2026-1/install/xarm_description/share/xarm_description//meshes/xarm7_1305/visual/link6.stl
[1.127s] -- Installing: /home/christopher/Mobile-Robots-2026-1/install/xarm_description/share/xarm_description//meshes/xarm7_1305/visual/link5.stl
[1.128s] -- Installing: /home/christopher/Mobile-Robots-2026-1/install/xarm_description/share/xarm_description//meshes/xarm7_1305/visual/link4.stl
[1.129s] -- Installing: /home/christopher/Mobile-Robots-2026-1/install/xarm_description/share/xarm_description//meshes/xarm7_1305/visual/link1.stl
[1.130s] -- Installing: /home/christopher/Mobile-Robots-2026-1/install/xarm_description/share/xarm_description//meshes/xarm7_1305/visual/link3.stl
[1.131s] -- Installing: /home/christopher/Mobile-Robots-2026-1/install/xarm_description/share/xarm_description//meshes/xarm7_1305/visual/link2.stl
[1.132s] -- Installing: /home/christopher/Mobile-Robots-2026-1/install/xarm_description/share/xarm_description//meshes/xarm7_1305/collision
[1.132s] -- Installing: /home/christopher/Mobile-Robots-2026-1/install/xarm_description/share/xarm_description//meshes/xarm7_1305/collision/link4.obj
[1.132s] -- Installing: /home/christopher/Mobile-Robots-2026-1/install/xarm_description/share/xarm_description//meshes/xarm7_1305/collision/link7.obj
[1.133s] -- Installing: /home/christopher/Mobile-Robots-2026-1/install/xarm_description/share/xarm_description//meshes/xarm7_1305/collision/link1.obj
[1.134s] -- Installing: /home/christopher/Mobile-Robots-2026-1/install/xarm_description/share/xarm_description//meshes/xarm7_1305/collision/link5.obj
[1.134s] -- Installing: /home/christopher/Mobile-Robots-2026-1/install/xarm_description/share/xarm_description//meshes/xarm7_1305/collision/link3.obj
[1.135s] -- Installing: /home/christopher/Mobile-Robots-2026-1/install/xarm_description/share/xarm_description//meshes/xarm7_1305/collision/link2.obj
[1.135s] -- Installing: /home/christopher/Mobile-Robots-2026-1/install/xarm_description/share/xarm_description//meshes/xarm7_1305/collision/link6.obj
[1.136s] -- Installing: /home/christopher/Mobile-Robots-2026-1/install/xarm_description/share/xarm_description//meshes/xarm7_1305/collision/link_base.obj
[1.137s] -- Installing: /home/christopher/Mobile-Robots-2026-1/install/xarm_description/share/xarm_description//meshes/xarm6_1305
[1.137s] -- Installing: /home/christopher/Mobile-Robots-2026-1/install/xarm_description/share/xarm_description//meshes/xarm6_1305/visual
[1.137s] -- Installing: /home/christopher/Mobile-Robots-2026-1/install/xarm_description/share/xarm_description//meshes/xarm6_1305/visual/link_base.stl
[1.138s] -- Installing: /home/christopher/Mobile-Robots-2026-1/install/xarm_description/share/xarm_description//meshes/xarm6_1305/visual/link6.stl
[1.139s] -- Installing: /home/christopher/Mobile-Robots-2026-1/install/xarm_description/share/xarm_description//meshes/xarm6_1305/visual/link5.stl
[1.140s] -- Installing: /home/christopher/Mobile-Robots-2026-1/install/xarm_description/share/xarm_description//meshes/xarm6_1305/visual/link4.stl
[1.141s] -- Installing: /home/christopher/Mobile-Robots-2026-1/install/xarm_description/share/xarm_description//meshes/xarm6_1305/visual/link1.stl
[1.142s] -- Installing: /home/christopher/Mobile-Robots-2026-1/install/xarm_description/share/xarm_description//meshes/xarm6_1305/visual/link3.stl
[1.143s] -- Installing: /home/christopher/Mobile-Robots-2026-1/install/xarm_description/share/xarm_description//meshes/xarm6_1305/visual/link2.stl
[1.144s] -- Installing: /home/christopher/Mobile-Robots-2026-1/install/xarm_description/share/xarm_description//meshes/xarm6_1305/collision
[1.145s] -- Installing: /home/christopher/Mobile-Robots-2026-1/install/xarm_description/share/xarm_description//meshes/xarm6_1305/collision/link4.obj
[1.145s] -- Installing: /home/christopher/Mobile-Robots-2026-1/install/xarm_description/share/xarm_description//meshes/xarm6_1305/collision/link1.obj
[1.146s] -- Installing: /home/christopher/Mobile-Robots-2026-1/install/xarm_description/share/xarm_description//meshes/xarm6_1305/collision/link5.obj
[1.147s] -- Installing: /home/christopher/Mobile-Robots-2026-1/install/xarm_description/share/xarm_description//meshes/xarm6_1305/collision/link3.obj
[1.147s] -- Installing: /home/christopher/Mobile-Robots-2026-1/install/xarm_description/share/xarm_description//meshes/xarm6_1305/collision/link2.obj
[1.148s] -- Installing: /home/christopher/Mobile-Robots-2026-1/install/xarm_description/share/xarm_description//meshes/xarm6_1305/collision/link6.obj
[1.149s] -- Installing: /home/christopher/Mobile-Robots-2026-1/install/xarm_description/share/xarm_description//meshes/xarm6_1305/collision/link_base.obj
[1.149s] -- Installing: /home/christopher/Mobile-Robots-2026-1/install/xarm_description/share/xarm_description//meshes/xarm7
[1.150s] -- Installing: /home/christopher/Mobile-Robots-2026-1/install/xarm_description/share/xarm_description//meshes/xarm7/visual
[1.150s] -- Installing: /home/christopher/Mobile-Robots-2026-1/install/xarm_description/share/xarm_description//meshes/xarm7/visual/link7.stl
[1.151s] -- Installing: /home/christopher/Mobile-Robots-2026-1/install/xarm_description/share/xarm_description//meshes/xarm7/visual/link_base.stl
[1.152s] -- Installing: /home/christopher/Mobile-Robots-2026-1/install/xarm_description/share/xarm_description//meshes/xarm7/visual/link6.stl
[1.153s] -- Installing: /home/christopher/Mobile-Robots-2026-1/install/xarm_description/share/xarm_description//meshes/xarm7/visual/link5.stl
[1.154s] -- Installing: /home/christopher/Mobile-Robots-2026-1/install/xarm_description/share/xarm_description//meshes/xarm7/visual/link4.stl
[1.155s] -- Installing: /home/christopher/Mobile-Robots-2026-1/install/xarm_description/share/xarm_description//meshes/xarm7/visual/link1.stl
[1.156s] -- Installing: /home/christopher/Mobile-Robots-2026-1/install/xarm_description/share/xarm_description//meshes/xarm7/visual/link3.stl
[1.157s] -- Installing: /home/christopher/Mobile-Robots-2026-1/install/xarm_description/share/xarm_description//meshes/xarm7/visual/link2.stl
[1.158s] -- Installing: /home/christopher/Mobile-Robots-2026-1/install/xarm_description/share/xarm_description//meshes/camera
[1.158s] -- Installing: /home/christopher/Mobile-Robots-2026-1/install/xarm_description/share/xarm_description//meshes/camera/realsense
[1.158s] -- Installing: /home/christopher/Mobile-Robots-2026-1/install/xarm_description/share/xarm_description//meshes/camera/realsense/visual
[1.158s] -- Installing: /home/christopher/Mobile-Robots-2026-1/install/xarm_description/share/xarm_description//meshes/camera/realsense/visual/d435_with_cam_stand.stl
[1.161s] -- Installing: /home/christopher/Mobile-Robots-2026-1/install/xarm_description/share/xarm_description//meshes/camera/realsense/collision
[1.161s] -- Installing: /home/christopher/Mobile-Robots-2026-1/install/xarm_description/share/xarm_description//meshes/camera/realsense/collision/d435_with_cam_stand.stl
[1.162s] -- Installing: /home/christopher/Mobile-Robots-2026-1/install/xarm_description/share/xarm_description//meshes/uf850
[1.162s] -- Installing: /home/christopher/Mobile-Robots-2026-1/install/xarm_description/share/xarm_description//meshes/uf850/visual
[1.162s] -- Installing: /home/christopher/Mobile-Robots-2026-1/install/xarm_description/share/xarm_description//meshes/uf850/visual/link_base.stl
[1.164s] -- Installing: /home/christopher/Mobile-Robots-2026-1/install/xarm_description/share/xarm_description//meshes/uf850/visual/link6.stl
[1.166s] -- Installing: /home/christopher/Mobile-Robots-2026-1/install/xarm_description/share/xarm_description//meshes/uf850/visual/link5.stl
[1.167s] -- Installing: /home/christopher/Mobile-Robots-2026-1/install/xarm_description/share/xarm_description//meshes/uf850/visual/link4.stl
[1.168s] -- Installing: /home/christopher/Mobile-Robots-2026-1/install/xarm_description/share/xarm_description//meshes/uf850/visual/link1.stl
[1.169s] -- Installing: /home/christopher/Mobile-Robots-2026-1/install/xarm_description/share/xarm_description//meshes/uf850/visual/link3.stl
[1.170s] -- Installing: /home/christopher/Mobile-Robots-2026-1/install/xarm_description/share/xarm_description//meshes/uf850/visual/link2.stl
[1.171s] -- Installing: /home/christopher/Mobile-Robots-2026-1/install/xarm_description/share/xarm_description//meshes/uf850/collision
[1.171s] -- Installing: /home/christopher/Mobile-Robots-2026-1/install/xarm_description/share/xarm_description//meshes/uf850/collision/link_base.stl
[1.172s] -- Installing: /home/christopher/Mobile-Robots-2026-1/install/xarm_description/share/xarm_description//meshes/uf850/collision/link6.stl
[1.172s] -- Installing: /home/christopher/Mobile-Robots-2026-1/install/xarm_description/share/xarm_description//meshes/uf850/collision/link5.stl
[1.173s] -- Installing: /home/christopher/Mobile-Robots-2026-1/install/xarm_description/share/xarm_description//meshes/uf850/collision/link4.stl
[1.174s] -- Installing: /home/christopher/Mobile-Robots-2026-1/install/xarm_description/share/xarm_description//meshes/uf850/collision/link1.stl
[1.175s] -- Installing: /home/christopher/Mobile-Robots-2026-1/install/xarm_description/share/xarm_description//meshes/uf850/collision/link3.stl
[1.175s] -- Installing: /home/christopher/Mobile-Robots-2026-1/install/xarm_description/share/xarm_description//meshes/uf850/collision/link2.stl
[1.176s] -- Installing: /home/christopher/Mobile-Robots-2026-1/install/xarm_description/share/xarm_description//launch
[1.176s] -- Installing: /home/christopher/Mobile-Robots-2026-1/install/xarm_description/share/xarm_description//launch/_robot_rviz_display.launch.py
[1.177s] -- Installing: /home/christopher/Mobile-Robots-2026-1/install/xarm_description/share/xarm_description//launch/xarm7_rviz_display.launch.py
[1.177s] -- Installing: /home/christopher/Mobile-Robots-2026-1/install/xarm_description/share/xarm_description//launch/_robot_description.launch.py
[1.178s] -- Installing: /home/christopher/Mobile-Robots-2026-1/install/xarm_description/share/xarm_description//launch/lite6_rviz_display.launch.py
[1.178s] -- Installing: /home/christopher/Mobile-Robots-2026-1/install/xarm_description/share/xarm_description//launch/xarm7_mirror_rviz_display.launch.py
[1.178s] -- Installing: /home/christopher/Mobile-Robots-2026-1/install/xarm_description/share/xarm_description//launch/_rviz_display.launch.py
[1.179s] -- Installing: /home/christopher/Mobile-Robots-2026-1/install/xarm_description/share/xarm_description//launch/xarm5_rviz_display.launch.py
[1.179s] -- Installing: /home/christopher/Mobile-Robots-2026-1/install/xarm_description/share/xarm_description//launch/_robot_joint_state.launch.py
[1.179s] -- Installing: /home/christopher/Mobile-Robots-2026-1/install/xarm_description/share/xarm_description//launch/uf850_rviz_display.launch.py
[1.180s] -- Installing: /home/christopher/Mobile-Robots-2026-1/install/xarm_description/share/xarm_description//launch/lib
[1.180s] -- Installing: /home/christopher/Mobile-Robots-2026-1/install/xarm_description/share/xarm_description//launch/lib/robot_description_lib.py
[1.180s] -- Installing: /home/christopher/Mobile-Robots-2026-1/install/xarm_description/share/xarm_description//launch/xarm6_rviz_display.launch.py
[1.180s] -- Installing: /home/christopher/Mobile-Robots-2026-1/install/xarm_description/share/ament_index/resource_index/package_run_dependencies/xarm_description
[1.181s] -- Installing: /home/christopher/Mobile-Robots-2026-1/install/xarm_description/share/ament_index/resource_index/parent_prefix_path/xarm_description
[1.181s] -- Installing: /home/christopher/Mobile-Robots-2026-1/install/xarm_description/share/xarm_description/environment/ament_prefix_path.sh
[1.181s] -- Installing: /home/christopher/Mobile-Robots-2026-1/install/xarm_description/share/xarm_description/environment/ament_prefix_path.dsv
[1.182s] -- Installing: /home/christopher/Mobile-Robots-2026-1/install/xarm_description/share/xarm_description/environment/path.sh
[1.182s] -- Installing: /home/christopher/Mobile-Robots-2026-1/install/xarm_description/share/xarm_description/environment/path.dsv
[1.182s] -- Installing: /home/christopher/Mobile-Robots-2026-1/install/xarm_description/share/xarm_description/local_setup.bash
[1.183s] -- Installing: /home/christopher/Mobile-Robots-2026-1/install/xarm_description/share/xarm_description/local_setup.sh
[1.183s] -- Installing: /home/christopher/Mobile-Robots-2026-1/install/xarm_description/share/xarm_description/local_setup.zsh
[1.183s] -- Installing: /home/christopher/Mobile-Robots-2026-1/install/xarm_description/share/xarm_description/local_setup.dsv
[1.183s] -- Installing: /home/christopher/Mobile-Robots-2026-1/install/xarm_description/share/xarm_description/package.dsv
[1.184s] -- Installing: /home/christopher/Mobile-Robots-2026-1/install/xarm_description/share/ament_index/resource_index/packages/xarm_description
[1.184s] -- Installing: /home/christopher/Mobile-Robots-2026-1/install/xarm_description/share/xarm_description/cmake/xarm_descriptionConfig.cmake
[1.184s] -- Installing: /home/christopher/Mobile-Robots-2026-1/install/xarm_description/share/xarm_description/cmake/xarm_descriptionConfig-version.cmake
[1.185s] -- Installing: /home/christopher/Mobile-Robots-2026-1/install/xarm_description/share/xarm_description/package.xml
[1.187s] Invoked command in '/home/christopher/Mobile-Robots-2026-1/build/xarm_description' returned '0': CMAKE_PREFIX_PATH=${CMAKE_PREFIX_PATH}:/opt/ros/jazzy DEBUGINFOD_URLS=https://debuginfod.ubuntu.com /usr/bin/cmake --install /home/christopher/Mobile-Robots-2026-1/build/xarm_description
