[0.012s] Invoking command in '/home/christopher/Mobile-Robots-2026-1/build/xarm_sdk': CMAKE_PREFIX_PATH=${CMAKE_PREFIX_PATH}:/opt/ros/jazzy DEBUGINFOD_URLS=https://debuginfod.ubuntu.com /usr/bin/cmake /home/christopher/Mobile-Robots-2026-1/ros2_ws/src/hardware/xarm_ros2/xarm_sdk -DCMAKE_INSTALL_PREFIX=/home/christopher/Mobile-Robots-2026-1/install/xarm_sdk
[0.177s] -- The C compiler identification is GNU 13.3.0
[0.289s] -- The CXX compiler identification is GNU 13.3.0
[0.326s] -- Detecting C compiler ABI info
[0.597s] -- Detecting C compiler ABI info - done
[0.615s] -- Check for working C compiler: /usr/bin/cc - skipped
[0.618s] -- Detecting C compile features
[0.619s] -- Detecting C compile features - done
[0.652s] -- Detecting CXX compiler ABI info
[1.002s] -- Detecting CXX compiler ABI info - done
[1.032s] -- Check for working CXX compiler: /usr/bin/c++ - skipped
[1.032s] -- Detecting CXX compile features
[1.033s] -- Detecting CXX compile features - done
[1.049s] -- Found ament_cmake: 2.5.4 (/opt/ros/jazzy/share/ament_cmake/cmake)
[1.449s] -- Found Python3: /usr/bin/python3 (found version "3.12.3") found components: Interpreter 
[1.764s] -- Found ament_lint_auto: 0.17.3 (/opt/ros/jazzy/share/ament_lint_auto/cmake)
[2.168s] -- Added test 'copyright' to check source files copyright and LICENSE
[2.222s] -- Added test 'cppcheck' to perform static code analysis on C / C++ code
[2.222s] -- Configured cppcheck include dirs: /home/christopher/Mobile-Robots-2026-1/ros2_ws/src/hardware/xarm_ros2/xarm_sdk/cxx/include
[2.222s] -- Configured cppcheck exclude dirs and/or files: 
[2.251s] -- Added test 'cpplint' to check C / C++ code against the Google style
[2.251s] -- Configured cpplint exclude dirs and/or files: 
[2.264s] -- Added test 'lint_cmake' to check CMake code style
[2.301s] -- Added test 'uncrustify' to check C / C++ code style
[2.301s] -- Configured uncrustify additional arguments: 
[2.312s] -- Added test 'xmllint' to check XML markup files
[2.316s] -- Configuring done (2.3s)
[2.341s] -- Generating done (0.0s)
[2.349s] -- Build files have been written to: /home/christopher/Mobile-Robots-2026-1/build/xarm_sdk
[2.379s] Invoked command in '/home/christopher/Mobile-Robots-2026-1/build/xarm_sdk' returned '0': CMAKE_PREFIX_PATH=${CMAKE_PREFIX_PATH}:/opt/ros/jazzy DEBUGINFOD_URLS=https://debuginfod.ubuntu.com /usr/bin/cmake /home/christopher/Mobile-Robots-2026-1/ros2_ws/src/hardware/xarm_ros2/xarm_sdk -DCMAKE_INSTALL_PREFIX=/home/christopher/Mobile-Robots-2026-1/install/xarm_sdk
[2.379s] Invoking command in '/home/christopher/Mobile-Robots-2026-1/build/xarm_sdk': CMAKE_PREFIX_PATH=${CMAKE_PREFIX_PATH}:/opt/ros/jazzy DEBUGINFOD_URLS=https://debuginfod.ubuntu.com /usr/bin/cmake --build /home/christopher/Mobile-Robots-2026-1/build/xarm_sdk -- -j2 -l2
[2.722s] [  3%] [32mBuilding CXX object CMakeFiles/xarm_cxx_sdk.dir/cxx/src/serial/impl/list_ports/list_ports_linux.cc.o[0m
[3.219s] [  6%] [32mBuilding CXX object CMakeFiles/xarm_cxx_sdk.dir/cxx/src/serial/impl/list_ports/list_ports_osx.cc.o[0m
[3.240s] [  9%] [32mBuilding CXX object CMakeFiles/xarm_cxx_sdk.dir/cxx/src/serial/impl/list_ports/list_ports_win.cc.o[0m
[3.303s] [ 12%] [32mBuilding CXX object CMakeFiles/xarm_cxx_sdk.dir/cxx/src/serial/impl/unix.cc.o[0m
[4.485s] [ 15%] [32mBuilding CXX object CMakeFiles/xarm_cxx_sdk.dir/cxx/src/serial/impl/win.cc.o[0m
[4.601s] [ 18%] [32mBuilding CXX object CMakeFiles/xarm_cxx_sdk.dir/cxx/src/serial/serial.cc.o[0m
[5.694s] [ 21%] [32mBuilding CXX object CMakeFiles/xarm_cxx_sdk.dir/cxx/src/xarm/core/common/crc16.cc.o[0m
[5.846s] [ 25%] [32mBuilding CXX object CMakeFiles/xarm_cxx_sdk.dir/cxx/src/xarm/core/common/queue_memcpy.cc.o[0m
[6.370s] [ 28%] [32mBuilding CXX object CMakeFiles/xarm_cxx_sdk.dir/cxx/src/xarm/core/connect.cc.o[0m
[7.213s] [ 31%] [32mBuilding CXX object CMakeFiles/xarm_cxx_sdk.dir/cxx/src/xarm/core/debug/debug_print.cc.o[0m
[7.328s] [ 34%] [32mBuilding CXX object CMakeFiles/xarm_cxx_sdk.dir/cxx/src/xarm/core/instruction/uxbus_cmd.cc.o[0m
[8.454s] [ 37%] [32mBuilding CXX object CMakeFiles/xarm_cxx_sdk.dir/cxx/src/xarm/core/instruction/uxbus_cmd_ser.cc.o[0m
[9.160s] [ 40%] [32mBuilding CXX object CMakeFiles/xarm_cxx_sdk.dir/cxx/src/xarm/core/instruction/uxbus_cmd_tcp.cc.o[0m
[9.584s] [ 43%] [32mBuilding CXX object CMakeFiles/xarm_cxx_sdk.dir/cxx/src/xarm/core/os/network.cc.o[0m
[10.077s] [ 46%] [32mBuilding CXX object CMakeFiles/xarm_cxx_sdk.dir/cxx/src/xarm/core/port/ser.cc.o[0m
[10.571s] [ 50%] [32mBuilding CXX object CMakeFiles/xarm_cxx_sdk.dir/cxx/src/xarm/core/port/socket.cc.o[0m
[10.918s] [ 53%] [32mBuilding CXX object CMakeFiles/xarm_cxx_sdk.dir/cxx/src/xarm/core/report_data.cc.o[0m
[11.593s] [ 56%] [32mBuilding CXX object CMakeFiles/xarm_cxx_sdk.dir/cxx/src/xarm/wrapper/xarm_api.cc.o[0m
[16.861s] [ 59%] [32mBuilding CXX object CMakeFiles/xarm_cxx_sdk.dir/cxx/src/xarm/wrapper/xarm_bio.cc.o[0m
[19.287s] [ 62%] [32mBuilding CXX object CMakeFiles/xarm_cxx_sdk.dir/cxx/src/xarm/wrapper/xarm_events.cc.o[0m
[24.042s] [ 65%] [32mBuilding CXX object CMakeFiles/xarm_cxx_sdk.dir/cxx/src/xarm/wrapper/xarm_ft_sensor.cc.o[0m
[25.750s] [ 68%] [32mBuilding CXX object CMakeFiles/xarm_cxx_sdk.dir/cxx/src/xarm/wrapper/xarm_gpio.cc.o[0m
[26.716s] [ 71%] [32mBuilding CXX object CMakeFiles/xarm_cxx_sdk.dir/cxx/src/xarm/wrapper/xarm_gripper.cc.o[0m
[27.497s] [ 75%] [32mBuilding CXX object CMakeFiles/xarm_cxx_sdk.dir/cxx/src/xarm/wrapper/xarm_linear_motor.cc.o[0m
[29.623s] [ 78%] [32mBuilding CXX object CMakeFiles/xarm_cxx_sdk.dir/cxx/src/xarm/wrapper/xarm_modbus_tcp.cc.o[0m
[30.669s] [ 81%] [32mBuilding CXX object CMakeFiles/xarm_cxx_sdk.dir/cxx/src/xarm/wrapper/xarm_motion.cc.o[0m
[31.663s] [ 84%] [32mBuilding CXX object CMakeFiles/xarm_cxx_sdk.dir/cxx/src/xarm/wrapper/xarm_params.cc.o[0m
[32.611s] [ 87%] [32mBuilding CXX object CMakeFiles/xarm_cxx_sdk.dir/cxx/src/xarm/wrapper/xarm_record.cc.o[0m
[33.263s] [ 90%] [32mBuilding CXX object CMakeFiles/xarm_cxx_sdk.dir/cxx/src/xarm/wrapper/xarm_report.cc.o[0m
[34.273s] [ 93%] [32mBuilding CXX object CMakeFiles/xarm_cxx_sdk.dir/cxx/src/xarm/wrapper/xarm_robotiq.cc.o[0m
[35.129s] [ 96%] [32mBuilding CXX object CMakeFiles/xarm_cxx_sdk.dir/cxx/src/xarm/wrapper/xarm_servo.cc.o[0m
[35.744s] [100%] [32m[1mLinking CXX shared library libxarm_cxx_sdk.so[0m
[36.251s] [100%] Built target xarm_cxx_sdk
[36.312s] Invoked command in '/home/christopher/Mobile-Robots-2026-1/build/xarm_sdk' returned '0': CMAKE_PREFIX_PATH=${CMAKE_PREFIX_PATH}:/opt/ros/jazzy DEBUGINFOD_URLS=https://debuginfod.ubuntu.com /usr/bin/cmake --build /home/christopher/Mobile-Robots-2026-1/build/xarm_sdk -- -j2 -l2
[36.312s] Invoking command in '/home/christopher/Mobile-Robots-2026-1/build/xarm_sdk': CMAKE_PREFIX_PATH=${CMAKE_PREFIX_PATH}:/opt/ros/jazzy DEBUGINFOD_URLS=https://debuginfod.ubuntu.com /usr/bin/cmake --install /home/christopher/Mobile-Robots-2026-1/build/xarm_sdk
[36.375s] -- Install configuration: ""
[36.375s] -- Installing: /home/christopher/Mobile-Robots-2026-1/install/xarm_sdk/share/xarm_sdk/environment/library_path.sh
[36.377s] -- Installing: /home/christopher/Mobile-Robots-2026-1/install/xarm_sdk/share/xarm_sdk/environment/library_path.dsv
[36.377s] -- Installing: /home/christopher/Mobile-Robots-2026-1/install/xarm_sdk/cxx/include
[36.381s] -- Installing: /home/christopher/Mobile-Robots-2026-1/install/xarm_sdk/cxx/include/serial
[36.381s] -- Installing: /home/christopher/Mobile-Robots-2026-1/install/xarm_sdk/cxx/include/serial/serial.h
[36.382s] -- Installing: /home/christopher/Mobile-Robots-2026-1/install/xarm_sdk/cxx/include/serial/v8stdint.h
[36.382s] -- Installing: /home/christopher/Mobile-Robots-2026-1/install/xarm_sdk/cxx/include/serial/impl
[36.382s] -- Installing: /home/christopher/Mobile-Robots-2026-1/install/xarm_sdk/cxx/include/serial/impl/unix.h
[36.389s] -- Installing: /home/christopher/Mobile-Robots-2026-1/install/xarm_sdk/cxx/include/serial/impl/win.h
[36.389s] -- Installing: /home/christopher/Mobile-Robots-2026-1/install/xarm_sdk/cxx/include/xarm
[36.389s] -- Installing: /home/christopher/Mobile-Robots-2026-1/install/xarm_sdk/cxx/include/xarm/core
[36.389s] -- Installing: /home/christopher/Mobile-Robots-2026-1/install/xarm_sdk/cxx/include/xarm/core/os
[36.392s] -- Installing: /home/christopher/Mobile-Robots-2026-1/install/xarm_sdk/cxx/include/xarm/core/os/network.h
[36.392s] -- Installing: /home/christopher/Mobile-Robots-2026-1/install/xarm_sdk/cxx/include/xarm/core/os/bak
[36.392s] -- Installing: /home/christopher/Mobile-Robots-2026-1/install/xarm_sdk/cxx/include/xarm/core/os/bak/thread.h
[36.392s] -- Installing: /home/christopher/Mobile-Robots-2026-1/install/xarm_sdk/cxx/include/xarm/core/instruction
[36.392s] -- Installing: /home/christopher/Mobile-Robots-2026-1/install/xarm_sdk/cxx/include/xarm/core/instruction/servo3_config.h
[36.396s] -- Installing: /home/christopher/Mobile-Robots-2026-1/install/xarm_sdk/cxx/include/xarm/core/instruction/uxbus_cmd.h
[36.396s] -- Installing: /home/christopher/Mobile-Robots-2026-1/install/xarm_sdk/cxx/include/xarm/core/instruction/uxbus_cmd_config.h
[36.396s] -- Installing: /home/christopher/Mobile-Robots-2026-1/install/xarm_sdk/cxx/include/xarm/core/instruction/uxbus_cmd_ser.h
[36.399s] -- Installing: /home/christopher/Mobile-Robots-2026-1/install/xarm_sdk/cxx/include/xarm/core/instruction/uxbus_cmd_tcp.h
[36.399s] -- Installing: /home/christopher/Mobile-Robots-2026-1/install/xarm_sdk/cxx/include/xarm/core/port
[36.400s] -- Installing: /home/christopher/Mobile-Robots-2026-1/install/xarm_sdk/cxx/include/xarm/core/port/ser.h
[36.400s] -- Installing: /home/christopher/Mobile-Robots-2026-1/install/xarm_sdk/cxx/include/xarm/core/port/socket.h
[36.404s] -- Installing: /home/christopher/Mobile-Robots-2026-1/install/xarm_sdk/cxx/include/xarm/core/report_data.h
[36.404s] -- Installing: /home/christopher/Mobile-Robots-2026-1/install/xarm_sdk/cxx/include/xarm/core/connect.h
[36.404s] -- Installing: /home/christopher/Mobile-Robots-2026-1/install/xarm_sdk/cxx/include/xarm/core/xarm_config.h
[36.406s] -- Installing: /home/christopher/Mobile-Robots-2026-1/install/xarm_sdk/cxx/include/xarm/core/debug
[36.406s] -- Installing: /home/christopher/Mobile-Robots-2026-1/install/xarm_sdk/cxx/include/xarm/core/debug/debug_print.h
[36.407s] -- Installing: /home/christopher/Mobile-Robots-2026-1/install/xarm_sdk/cxx/include/xarm/core/common
[36.407s] -- Installing: /home/christopher/Mobile-Robots-2026-1/install/xarm_sdk/cxx/include/xarm/core/common/queue_memcpy.h
[36.410s] -- Installing: /home/christopher/Mobile-Robots-2026-1/install/xarm_sdk/cxx/include/xarm/core/common/data_type.h
[36.410s] -- Installing: /home/christopher/Mobile-Robots-2026-1/install/xarm_sdk/cxx/include/xarm/core/common/crc16.h
[36.412s] -- Installing: /home/christopher/Mobile-Robots-2026-1/install/xarm_sdk/cxx/include/xarm/wrapper
[36.412s] -- Installing: /home/christopher/Mobile-Robots-2026-1/install/xarm_sdk/cxx/include/xarm/wrapper/xarm_api.h
[36.412s] -- Installing: /home/christopher/Mobile-Robots-2026-1/install/xarm_sdk/cxx/include/xarm/wrapper/common
[36.415s] -- Installing: /home/christopher/Mobile-Robots-2026-1/install/xarm_sdk/cxx/include/xarm/wrapper/common/timer.h
[36.416s] -- Installing: /home/christopher/Mobile-Robots-2026-1/install/xarm_sdk/cxx/include/xarm/wrapper/common/utils.h
[36.419s] -- Installing: /home/christopher/Mobile-Robots-2026-1/install/xarm_sdk/lib/libxarm_cxx_sdk.so
[36.439s] -- Installing: /home/christopher/Mobile-Robots-2026-1/install/xarm_sdk/share/ament_index/resource_index/package_run_dependencies/xarm_sdk
[36.439s] -- Installing: /home/christopher/Mobile-Robots-2026-1/install/xarm_sdk/share/ament_index/resource_index/parent_prefix_path/xarm_sdk
[36.440s] -- Installing: /home/christopher/Mobile-Robots-2026-1/install/xarm_sdk/share/xarm_sdk/environment/ament_prefix_path.sh
[36.442s] -- Installing: /home/christopher/Mobile-Robots-2026-1/install/xarm_sdk/share/xarm_sdk/environment/ament_prefix_path.dsv
[36.442s] -- Installing: /home/christopher/Mobile-Robots-2026-1/install/xarm_sdk/share/xarm_sdk/environment/path.sh
[36.442s] -- Installing: /home/christopher/Mobile-Robots-2026-1/install/xarm_sdk/share/xarm_sdk/environment/path.dsv
[36.449s] -- Installing: /home/christopher/Mobile-Robots-2026-1/install/xarm_sdk/share/xarm_sdk/local_setup.bash
[36.450s] -- Installing: /home/christopher/Mobile-Robots-2026-1/install/xarm_sdk/share/xarm_sdk/local_setup.sh
[36.451s] -- Installing: /home/christopher/Mobile-Robots-2026-1/install/xarm_sdk/share/xarm_sdk/local_setup.zsh
[36.452s] -- Installing: /home/christopher/Mobile-Robots-2026-1/install/xarm_sdk/share/xarm_sdk/local_setup.dsv
[36.456s] -- Installing: /home/christopher/Mobile-Robots-2026-1/install/xarm_sdk/share/xarm_sdk/package.dsv
[36.456s] -- Installing: /home/christopher/Mobile-Robots-2026-1/install/xarm_sdk/share/ament_index/resource_index/packages/xarm_sdk
[36.456s] -- Installing: /home/christopher/Mobile-Robots-2026-1/install/xarm_sdk/share/xarm_sdk/cmake/ament_cmake_export_libraries-extras.cmake
[36.456s] -- Installing: /home/christopher/Mobile-Robots-2026-1/install/xarm_sdk/share/xarm_sdk/cmake/ament_cmake_export_include_directories-extras.cmake
[36.456s] -- Installing: /home/christopher/Mobile-Robots-2026-1/install/xarm_sdk/share/xarm_sdk/cmake/xarm_sdkConfig.cmake
[36.456s] -- Installing: /home/christopher/Mobile-Robots-2026-1/install/xarm_sdk/share/xarm_sdk/cmake/xarm_sdkConfig-version.cmake
[36.467s] -- Installing: /home/christopher/Mobile-Robots-2026-1/install/xarm_sdk/share/xarm_sdk/package.xml
[36.477s] Invoked command in '/home/christopher/Mobile-Robots-2026-1/build/xarm_sdk' returned '0': CMAKE_PREFIX_PATH=${CMAKE_PREFIX_PATH}:/opt/ros/jazzy DEBUGINFOD_URLS=https://debuginfod.ubuntu.com /usr/bin/cmake --install /home/christopher/Mobile-Robots-2026-1/build/xarm_sdk
