[0.013s] Invoking command in '/home/axel/Mobile-Robots-2026-1/build/justina_description': DEBUGINFOD_URLS=https://debuginfod.ubuntu.com /usr/bin/cmake /home/axel/Mobile-Robots-2026-1/ros2_ws/src/hardware/justina_description -DCMAKE_INSTALL_PREFIX=/home/axel/Mobile-Robots-2026-1/install/justina_description
[0.166s] -- The C compiler identification is GNU 13.3.0
[0.167s] -- The CXX compiler identification is GNU 13.3.0
[0.167s] -- Detecting C compiler ABI info
[0.172s] -- Detecting C compiler ABI info - done
[0.182s] -- Check for working C compiler: /usr/bin/cc - skipped
[0.182s] -- Detecting C compile features
[0.182s] -- Detecting C compile features - done
[0.189s] -- Detecting CXX compiler ABI info
[0.252s] -- Detecting CXX compiler ABI info - done
[0.265s] -- Check for working CXX compiler: /usr/bin/c++ - skipped
[0.265s] -- Detecting CXX compile features
[0.266s] -- Detecting CXX compile features - done
[0.276s] [31mCMake Error at CMakeLists.txt:8 (find_package):
[0.276s]   By not providing "Findament_cmake.cmake" in CMAKE_MODULE_PATH this project
[0.276s]   has asked CMake to find a package configuration file provided by
[0.276s]   "ament_cmake", but CMake did not find one.
[0.276s] 
[0.276s]   Could not find a package configuration file provided by "ament_cmake" with
[0.276s]   any of the following names:
[0.276s] 
[0.276s]     ament_cmakeConfig.cmake
[0.276s]     ament_cmake-config.cmake
[0.276s] 
[0.276s]   Add the installation prefix of "ament_cmake" to CMAKE_PREFIX_PATH or set
[0.276s]   "ament_cmake_DIR" to a directory containing one of the above files.  If
[0.277s]   "ament_cmake" provides a separate development package or SDK, be sure it
[0.277s]   has been installed.
[0.277s] 
[0.277s] [0m
[0.277s] -- Configuring incomplete, errors occurred!
[0.311s] Invoked command in '/home/axel/Mobile-Robots-2026-1/build/justina_description' returned '1': DEBUGINFOD_URLS=https://debuginfod.ubuntu.com /usr/bin/cmake /home/axel/Mobile-Robots-2026-1/ros2_ws/src/hardware/justina_description -DCMAKE_INSTALL_PREFIX=/home/axel/Mobile-Robots-2026-1/install/justina_description
