[0.017s] Invoking command in '/home/christopher/Mobile-Robots-2026-1/build/justina_description': CMAKE_PREFIX_PATH=${CMAKE_PREFIX_PATH}:/opt/ros/jazzy DEBUGINFOD_URLS=https://debuginfod.ubuntu.com /usr/bin/cmake --build /home/christopher/Mobile-Robots-2026-1/build/justina_description -- -j2 -l2
[0.101s] Invoked command in '/home/christopher/Mobile-Robots-2026-1/build/justina_description' returned '0': CMAKE_PREFIX_PATH=${CMAKE_PREFIX_PATH}:/opt/ros/jazzy DEBUGINFOD_URLS=https://debuginfod.ubuntu.com /usr/bin/cmake --build /home/christopher/Mobile-Robots-2026-1/build/justina_description -- -j2 -l2
[0.102s] Invoking command in '/home/christopher/Mobile-Robots-2026-1/build/justina_description': CMAKE_PREFIX_PATH=${CMAKE_PREFIX_PATH}:/opt/ros/jazzy DEBUGINFOD_URLS=https://debuginfod.ubuntu.com /usr/bin/cmake --install /home/christopher/Mobile-Robots-2026-1/build/justina_description
[0.110s] -- Install configuration: ""
[0.113s] -- Up-to-date: /home/christopher/Mobile-Robots-2026-1/install/justina_description/share/justina_description/urdf
[0.113s] -- Up-to-date: /home/christopher/Mobile-Robots-2026-1/install/justina_description/share/justina_description/urdf/justina.xacro
[0.113s] -- Up-to-date: /home/christopher/Mobile-Robots-2026-1/install/justina_description/share/justina_description/urdf/justina_base.xacro
[0.113s] -- Up-to-date: /home/christopher/Mobile-Robots-2026-1/install/justina_description/share/ament_index/resource_index/package_run_dependencies/justina_description
[0.113s] -- Up-to-date: /home/christopher/Mobile-Robots-2026-1/install/justina_description/share/ament_index/resource_index/parent_prefix_path/justina_description
[0.113s] -- Up-to-date: /home/christopher/Mobile-Robots-2026-1/install/justina_description/share/justina_description/environment/ament_prefix_path.sh
[0.113s] -- Up-to-date: /home/christopher/Mobile-Robots-2026-1/install/justina_description/share/justina_description/environment/ament_prefix_path.dsv
[0.113s] -- Up-to-date: /home/christopher/Mobile-Robots-2026-1/install/justina_description/share/justina_description/environment/path.sh
[0.113s] -- Up-to-date: /home/christopher/Mobile-Robots-2026-1/install/justina_description/share/justina_description/environment/path.dsv
[0.113s] -- Up-to-date: /home/christopher/Mobile-Robots-2026-1/install/justina_description/share/justina_description/local_setup.bash
[0.114s] -- Up-to-date: /home/christopher/Mobile-Robots-2026-1/install/justina_description/share/justina_description/local_setup.sh
[0.114s] -- Up-to-date: /home/christopher/Mobile-Robots-2026-1/install/justina_description/share/justina_description/local_setup.zsh
[0.114s] -- Up-to-date: /home/christopher/Mobile-Robots-2026-1/install/justina_description/share/justina_description/local_setup.dsv
[0.114s] -- Up-to-date: /home/christopher/Mobile-Robots-2026-1/install/justina_description/share/justina_description/package.dsv
[0.114s] -- Up-to-date: /home/christopher/Mobile-Robots-2026-1/install/justina_description/share/ament_index/resource_index/packages/justina_description
[0.114s] -- Up-to-date: /home/christopher/Mobile-Robots-2026-1/install/justina_description/share/justina_description/cmake/justina_descriptionConfig.cmake
[0.114s] -- Up-to-date: /home/christopher/Mobile-Robots-2026-1/install/justina_description/share/justina_description/cmake/justina_descriptionConfig-version.cmake
[0.114s] -- Up-to-date: /home/christopher/Mobile-Robots-2026-1/install/justina_description/share/justina_description/package.xml
[0.116s] Invoked command in '/home/christopher/Mobile-Robots-2026-1/build/justina_description' returned '0': CMAKE_PREFIX_PATH=${CMAKE_PREFIX_PATH}:/opt/ros/jazzy DEBUGINFOD_URLS=https://debuginfod.ubuntu.com /usr/bin/cmake --install /home/christopher/Mobile-Robots-2026-1/build/justina_description
