running egg_info
writing ../../../../build/simple_move/simple_move.egg-info/PKG-INFO
writing dependency_links to ../../../../build/simple_move/simple_move.egg-info/dependency_links.txt
writing entry points to ../../../../build/simple_move/simple_move.egg-info/entry_points.txt
writing requirements to ../../../../build/simple_move/simple_move.egg-info/requires.txt
writing top-level names to ../../../../build/simple_move/simple_move.egg-info/top_level.txt
reading manifest file '../../../../build/simple_move/simple_move.egg-info/SOURCES.txt'
adding license file 'LICENSE'
writing manifest file '../../../../build/simple_move/simple_move.egg-info/SOURCES.txt'
running build
running build_py
copying simple_move/ros_basics.py -> /home/christopher/Mobile-Robots-2026-1/build/simple_move/build/lib/simple_move
running install
running install_lib
copying /home/christopher/Mobile-Robots-2026-1/build/simple_move/build/lib/simple_move/ros_basics.py -> /home/christopher/Mobile-Robots-2026-1/install/simple_move/lib/python3.12/site-packages/simple_move
byte-compiling /home/christopher/Mobile-Robots-2026-1/install/simple_move/lib/python3.12/site-packages/simple_move/ros_basics.py to ros_basics.cpython-312.pyc
running install_data
running install_egg_info
removing '/home/christopher/Mobile-Robots-2026-1/install/simple_move/lib/python3.12/site-packages/simple_move-0.0.0-py3.12.egg-info' (and everything under it)
Copying ../../../../build/simple_move/simple_move.egg-info to /home/christopher/Mobile-Robots-2026-1/install/simple_move/lib/python3.12/site-packages/simple_move-0.0.0-py3.12.egg-info
running install_scripts
Installing path_follower script to /home/christopher/Mobile-Robots-2026-1/install/simple_move/lib/simple_move
Installing ros_basics script to /home/christopher/Mobile-Robots-2026-1/install/simple_move/lib/simple_move
writing list of installed files to '/home/christopher/Mobile-Robots-2026-1/build/simple_move/install.log'
