[0.008s] Invoking command in '/home/christopher/Mobile-Robots-2026-1/build/xarm_msgs': DEBUGINFOD_URLS=https://debuginfod.ubuntu.com /usr/bin/cmake /home/christopher/Mobile-Robots-2026-1/ros2_ws/src/hardware/xarm_ros2/xarm_msgs -DCMAKE_INSTALL_PREFIX=/home/christopher/Mobile-Robots-2026-1/install/xarm_msgs
[0.152s] -- The C compiler identification is GNU 13.3.0
[0.285s] -- The CXX compiler identification is GNU 13.3.0
[0.302s] -- Detecting C compiler ABI info
[0.407s] -- Detecting C compiler ABI info - done
[0.413s] -- Check for working C compiler: /usr/bin/cc - skipped
[0.413s] -- Detecting C compile features
[0.414s] -- Detecting C compile features - done
[0.429s] -- Detecting CXX compiler ABI info
[0.555s] -- Detecting CXX compiler ABI info - done
[0.562s] -- Check for working CXX compiler: /usr/bin/c++ - skipped
[0.562s] -- Detecting CXX compile features
[0.564s] -- Detecting CXX compile features - done
[0.575s] [31mCMake Error at CMakeLists.txt:19 (find_package):
[0.575s]   By not providing "Findament_cmake.cmake" in CMAKE_MODULE_PATH this project
[0.575s]   has asked CMake to find a package configuration file provided by
[0.575s]   "ament_cmake", but CMake did not find one.
[0.575s] 
[0.575s]   Could not find a package configuration file provided by "ament_cmake" with
[0.575s]   any of the following names:
[0.576s] 
[0.576s]     ament_cmakeConfig.cmake
[0.576s]     ament_cmake-config.cmake
[0.578s] 
[0.578s]   Add the installation prefix of "ament_cmake" to CMAKE_PREFIX_PATH or set
[0.578s]   "ament_cmake_DIR" to a directory containing one of the above files.  If
[0.578s]   "ament_cmake" provides a separate development package or SDK, be sure it
[0.578s]   has been installed.
[0.579s] 
[0.579s] [0m
[0.579s] -- Configuring incomplete, errors occurred!
[0.581s] Invoked command in '/home/christopher/Mobile-Robots-2026-1/build/xarm_msgs' returned '1': DEBUGINFOD_URLS=https://debuginfod.ubuntu.com /usr/bin/cmake /home/christopher/Mobile-Robots-2026-1/ros2_ws/src/hardware/xarm_ros2/xarm_msgs -DCMAKE_INSTALL_PREFIX=/home/christopher/Mobile-Robots-2026-1/install/xarm_msgs
