-- Install configuration: ""
-- Up-to-date: /home/axel/Mobile-Robots-2026-1/install/config_files/share/config_files/rviz
-- Up-to-date: /home/axel/Mobile-Robots-2026-1/install/config_files/share/config_files/rviz/simple_house.rviz
-- Up-to-date: /home/axel/Mobile-Robots-2026-1/install/config_files/share/config_files/navigation
-- Up-to-date: /home/axel/Mobile-Robots-2026-1/install/config_files/share/config_files/navigation/mapper_params.yaml
-- Up-to-date: /home/axel/Mobile-Robots-2026-1/install/config_files/share/config_files/navigation/simple_house.pgm
-- Up-to-date: /home/axel/Mobile-Robots-2026-1/install/config_files/share/config_files/navigation/simple_house.yaml
-- Up-to-date: /home/axel/Mobile-Robots-2026-1/install/config_files/share/ament_index/resource_index/package_run_dependencies/config_files
-- Up-to-date: /home/axel/Mobile-Robots-2026-1/install/config_files/share/ament_index/resource_index/parent_prefix_path/config_files
-- Up-to-date: /home/axel/Mobile-Robots-2026-1/install/config_files/share/config_files/environment/ament_prefix_path.sh
-- Up-to-date: /home/axel/Mobile-Robots-2026-1/install/config_files/share/config_files/environment/ament_prefix_path.dsv
-- Up-to-date: /home/axel/Mobile-Robots-2026-1/install/config_files/share/config_files/environment/path.sh
-- Up-to-date: /home/axel/Mobile-Robots-2026-1/install/config_files/share/config_files/environment/path.dsv
-- Up-to-date: /home/axel/Mobile-Robots-2026-1/install/config_files/share/config_files/local_setup.bash
-- Up-to-date: /home/axel/Mobile-Robots-2026-1/install/config_files/share/config_files/local_setup.sh
-- Up-to-date: /home/axel/Mobile-Robots-2026-1/install/config_files/share/config_files/local_setup.zsh
-- Up-to-date: /home/axel/Mobile-Robots-2026-1/install/config_files/share/config_files/local_setup.dsv
-- Installing: /home/axel/Mobile-Robots-2026-1/install/config_files/share/config_files/package.dsv
-- Up-to-date: /home/axel/Mobile-Robots-2026-1/install/config_files/share/ament_index/resource_index/packages/config_files
-- Up-to-date: /home/axel/Mobile-Robots-2026-1/install/config_files/share/config_files/cmake/config_filesConfig.cmake
-- Up-to-date: /home/axel/Mobile-Robots-2026-1/install/config_files/share/config_files/cmake/config_filesConfig-version.cmake
-- Up-to-date: /home/axel/Mobile-Robots-2026-1/install/config_files/share/config_files/package.xml
