[0.016s] Invoking command in '/home/axel/Mobile-Robots-2026-1/build/config_files': DEBUGINFOD_URLS=https://debuginfod.ubuntu.com /usr/bin/cmake --build /home/axel/Mobile-Robots-2026-1/build/config_files -- -j12 -l12
[0.317s] Invoked command in '/home/axel/Mobile-Robots-2026-1/build/config_files' returned '0': DEBUGINFOD_URLS=https://debuginfod.ubuntu.com /usr/bin/cmake --build /home/axel/Mobile-Robots-2026-1/build/config_files -- -j12 -l12
[0.318s] Invoking command in '/home/axel/Mobile-Robots-2026-1/build/config_files': DEBUGINFOD_URLS=https://debuginfod.ubuntu.com /usr/bin/cmake --install /home/axel/Mobile-Robots-2026-1/build/config_files
[0.343s] -- Install configuration: ""
[0.343s] -- Up-to-date: /home/axel/Mobile-Robots-2026-1/install/config_files/share/config_files/rviz
[0.343s] -- Up-to-date: /home/axel/Mobile-Robots-2026-1/install/config_files/share/config_files/rviz/simple_house.rviz
[0.343s] -- Up-to-date: /home/axel/Mobile-Robots-2026-1/install/config_files/share/config_files/navigation
[0.343s] -- Up-to-date: /home/axel/Mobile-Robots-2026-1/install/config_files/share/config_files/navigation/mapper_params.yaml
[0.343s] -- Up-to-date: /home/axel/Mobile-Robots-2026-1/install/config_files/share/config_files/navigation/simple_house.pgm
[0.343s] -- Up-to-date: /home/axel/Mobile-Robots-2026-1/install/config_files/share/config_files/navigation/simple_house.yaml
[0.343s] -- Up-to-date: /home/axel/Mobile-Robots-2026-1/install/config_files/share/ament_index/resource_index/package_run_dependencies/config_files
[0.343s] -- Up-to-date: /home/axel/Mobile-Robots-2026-1/install/config_files/share/ament_index/resource_index/parent_prefix_path/config_files
[0.343s] -- Up-to-date: /home/axel/Mobile-Robots-2026-1/install/config_files/share/config_files/environment/ament_prefix_path.sh
[0.343s] -- Up-to-date: /home/axel/Mobile-Robots-2026-1/install/config_files/share/config_files/environment/ament_prefix_path.dsv
[0.343s] -- Up-to-date: /home/axel/Mobile-Robots-2026-1/install/config_files/share/config_files/environment/path.sh
[0.344s] -- Up-to-date: /home/axel/Mobile-Robots-2026-1/install/config_files/share/config_files/environment/path.dsv
[0.344s] -- Up-to-date: /home/axel/Mobile-Robots-2026-1/install/config_files/share/config_files/local_setup.bash
[0.344s] -- Up-to-date: /home/axel/Mobile-Robots-2026-1/install/config_files/share/config_files/local_setup.sh
[0.344s] -- Up-to-date: /home/axel/Mobile-Robots-2026-1/install/config_files/share/config_files/local_setup.zsh
[0.344s] -- Up-to-date: /home/axel/Mobile-Robots-2026-1/install/config_files/share/config_files/local_setup.dsv
[0.344s] -- Installing: /home/axel/Mobile-Robots-2026-1/install/config_files/share/config_files/package.dsv
[0.344s] -- Up-to-date: /home/axel/Mobile-Robots-2026-1/install/config_files/share/ament_index/resource_index/packages/config_files
[0.344s] -- Up-to-date: /home/axel/Mobile-Robots-2026-1/install/config_files/share/config_files/cmake/config_filesConfig.cmake
[0.344s] -- Up-to-date: /home/axel/Mobile-Robots-2026-1/install/config_files/share/config_files/cmake/config_filesConfig-version.cmake
[0.344s] -- Up-to-date: /home/axel/Mobile-Robots-2026-1/install/config_files/share/config_files/package.xml
[0.481s] Invoked command in '/home/axel/Mobile-Robots-2026-1/build/config_files' returned '0': DEBUGINFOD_URLS=https://debuginfod.ubuntu.com /usr/bin/cmake --install /home/axel/Mobile-Robots-2026-1/build/config_files
