[0.018s] Invoking command in '/home/christopher/Mobile-Robots-2026-1/build/xarm_controller': AMENT_PREFIX_PATH=/home/christopher/Mobile-Robots-2026-1/install/xarm_api:/home/christopher/Mobile-Robots-2026-1/install/xarm_sdk:/home/christopher/Mobile-Robots-2026-1/install/xarm_msgs:/home/christopher/Mobile-Robots-2026-1/install/xarm_description:${AMENT_PREFIX_PATH} CMAKE_PREFIX_PATH=/home/christopher/Mobile-Robots-2026-1/install/xarm_api:/home/christopher/Mobile-Robots-2026-1/install/xarm_sdk:/home/christopher/Mobile-Robots-2026-1/install/xarm_msgs:/home/christopher/Mobile-Robots-2026-1/install/xarm_description:/opt/ros/jazzy/opt/gz_sim_vendor:/opt/ros/jazzy/opt/gz_sensors_vendor:/opt/ros/jazzy/opt/gz_physics_vendor:/opt/ros/jazzy/opt/sdformat_vendor:/opt/ros/jazzy/opt/gz_gui_vendor:/opt/ros/jazzy/opt/gz_transport_vendor:/opt/ros/jazzy/opt/gz_rendering_vendor:/opt/ros/jazzy/opt/gz_plugin_vendor:/opt/ros/jazzy/opt/gz_fuel_tools_vendor:/opt/ros/jazzy/opt/gz_msgs_vendor:/opt/ros/jazzy/opt/gz_common_vendor:/opt/ros/jazzy/opt/gz_math_vendor:/opt/ros/jazzy/opt/gz_utils_vendor:/opt/ros/jazzy/opt/gz_tools_vendor:/opt/ros/jazzy/opt/gz_ogre_next_vendor:/opt/ros/jazzy/opt/gz_dartsim_vendor:/opt/ros/jazzy/opt/gz_cmake_vendor:/opt/ros/jazzy DEBUGINFOD_URLS=https://debuginfod.ubuntu.com LD_LIBRARY_PATH=/home/christopher/Mobile-Robots-2026-1/install/xarm_api/lib:/home/christopher/Mobile-Robots-2026-1/install/xarm_sdk/lib:/home/christopher/Mobile-Robots-2026-1/install/xarm_msgs/lib:${LD_LIBRARY_PATH} PYTHONPATH=/home/christopher/Mobile-Robots-2026-1/install/xarm_msgs/lib/python3.12/site-packages:${PYTHONPATH} /usr/bin/cmake /home/christopher/Mobile-Robots-2026-1/ros2_ws/src/hardware/xarm_ros2/xarm_controller -DCMAKE_INSTALL_PREFIX=/home/christopher/Mobile-Robots-2026-1/install/xarm_controller
[0.068s] -- The C compiler identification is GNU 13.3.0
[0.114s] -- The CXX compiler identification is GNU 13.3.0
[0.130s] -- Detecting C compiler ABI info
[0.216s] -- Detecting C compiler ABI info - done
[0.223s] -- Check for working C compiler: /usr/bin/cc - skipped
[0.223s] -- Detecting C compile features
[0.224s] -- Detecting C compile features - done
[0.233s] -- Detecting CXX compiler ABI info
[0.325s] -- Detecting CXX compiler ABI info - done
[0.332s] -- Check for working CXX compiler: /usr/bin/c++ - skipped
[0.332s] -- Detecting CXX compile features
[0.334s] -- Detecting CXX compile features - done
[0.342s] -- Found ament_cmake: 2.5.4 (/opt/ros/jazzy/share/ament_cmake/cmake)
[0.493s] -- Found Python3: /usr/bin/python3 (found version "3.12.3") found components: Interpreter 
[0.624s] -- Found ament_lint_auto: 0.17.3 (/opt/ros/jazzy/share/ament_lint_auto/cmake)
[0.738s] -- Found hardware_interface: 4.35.0 (/opt/ros/jazzy/share/hardware_interface/cmake)
[0.803s] -- Found rosidl_generator_c: 4.6.6 (/opt/ros/jazzy/share/rosidl_generator_c/cmake)
[0.825s] -- Found rosidl_generator_cpp: 4.6.6 (/opt/ros/jazzy/share/rosidl_generator_cpp/cmake)
[0.844s] -- Using all available rosidl_typesupport_c: rosidl_typesupport_fastrtps_c;rosidl_typesupport_introspection_c
[0.866s] -- Using all available rosidl_typesupport_cpp: rosidl_typesupport_fastrtps_cpp;rosidl_typesupport_introspection_cpp
[1.100s] -- Found TinyXML2 via Config file: /usr/lib/x86_64-linux-gnu/cmake/tinyxml2
[1.158s] -- Found rmw_implementation_cmake: 7.3.2 (/opt/ros/jazzy/share/rmw_implementation_cmake/cmake)
[1.165s] -- Found rmw_fastrtps_cpp: 8.4.3 (/opt/ros/jazzy/share/rmw_fastrtps_cpp/cmake)
[1.191s] -- Found TinyXML2 via Config file: /usr/lib/x86_64-linux-gnu/cmake/tinyxml2
[1.253s] -- Found OpenSSL: /usr/lib/x86_64-linux-gnu/libcrypto.so (found version "3.0.13")  
[1.255s] -- Found TinyXML2 via Config file: /usr/lib/x86_64-linux-gnu/cmake/tinyxml2
[1.270s] -- Found FastRTPS: /opt/ros/jazzy/include (Required is at least version "2.13") 
[1.273s] -- Found TinyXML2 via Config file: /usr/lib/x86_64-linux-gnu/cmake/tinyxml2
[1.281s] -- Found TinyXML2 via Config file: /usr/lib/x86_64-linux-gnu/cmake/tinyxml2
[1.289s] -- Using RMW implementation 'rmw_fastrtps_cpp' as default
[1.587s] -- Found controller_manager_msgs: 4.35.0 (/opt/ros/jazzy/share/controller_manager_msgs/cmake)
[1.619s] -- Found xarm_msgs: 0.0.0 (/home/christopher/Mobile-Robots-2026-1/install/xarm_msgs/share/xarm_msgs/cmake)
[1.674s] -- Found xarm_api: 0.0.0 (/home/christopher/Mobile-Robots-2026-1/install/xarm_api/share/xarm_api/cmake)
[1.676s] -- Found xarm_sdk: 0.0.0 (/home/christopher/Mobile-Robots-2026-1/install/xarm_sdk/share/xarm_sdk/cmake)
[1.682s] -- Added test 'copyright' to check source files copyright and LICENSE
[1.686s] -- Added test 'cppcheck' to perform static code analysis on C / C++ code
[1.686s] -- Configured cppcheck include dirs: /home/christopher/Mobile-Robots-2026-1/ros2_ws/src/hardware/xarm_ros2/xarm_controller/include
[1.687s] -- Configured cppcheck exclude dirs and/or files: 
[1.689s] -- Added test 'cpplint' to check C / C++ code against the Google style
[1.690s] -- Configured cpplint exclude dirs and/or files: 
[1.690s] -- Added test 'flake8' to check Python code syntax and style conventions
[1.691s] -- Configured 'flake8' exclude dirs and/or files: 
[1.692s] -- Added test 'lint_cmake' to check CMake code style
[1.693s] -- Added test 'pep257' to check Python code against some of the docstring style conventions in PEP 257
[1.695s] -- Added test 'uncrustify' to check C / C++ code style
[1.695s] -- Configured uncrustify additional arguments: 
[1.696s] -- Added test 'xmllint' to check XML markup files
[1.700s] -- Configuring done (1.7s)
[1.729s] -- Generating done (0.0s)
[1.733s] -- Build files have been written to: /home/christopher/Mobile-Robots-2026-1/build/xarm_controller
[1.744s] Invoked command in '/home/christopher/Mobile-Robots-2026-1/build/xarm_controller' returned '0': AMENT_PREFIX_PATH=/home/christopher/Mobile-Robots-2026-1/install/xarm_api:/home/christopher/Mobile-Robots-2026-1/install/xarm_sdk:/home/christopher/Mobile-Robots-2026-1/install/xarm_msgs:/home/christopher/Mobile-Robots-2026-1/install/xarm_description:${AMENT_PREFIX_PATH} CMAKE_PREFIX_PATH=/home/christopher/Mobile-Robots-2026-1/install/xarm_api:/home/christopher/Mobile-Robots-2026-1/install/xarm_sdk:/home/christopher/Mobile-Robots-2026-1/install/xarm_msgs:/home/christopher/Mobile-Robots-2026-1/install/xarm_description:/opt/ros/jazzy/opt/gz_sim_vendor:/opt/ros/jazzy/opt/gz_sensors_vendor:/opt/ros/jazzy/opt/gz_physics_vendor:/opt/ros/jazzy/opt/sdformat_vendor:/opt/ros/jazzy/opt/gz_gui_vendor:/opt/ros/jazzy/opt/gz_transport_vendor:/opt/ros/jazzy/opt/gz_rendering_vendor:/opt/ros/jazzy/opt/gz_plugin_vendor:/opt/ros/jazzy/opt/gz_fuel_tools_vendor:/opt/ros/jazzy/opt/gz_msgs_vendor:/opt/ros/jazzy/opt/gz_common_vendor:/opt/ros/jazzy/opt/gz_math_vendor:/opt/ros/jazzy/opt/gz_utils_vendor:/opt/ros/jazzy/opt/gz_tools_vendor:/opt/ros/jazzy/opt/gz_ogre_next_vendor:/opt/ros/jazzy/opt/gz_dartsim_vendor:/opt/ros/jazzy/opt/gz_cmake_vendor:/opt/ros/jazzy DEBUGINFOD_URLS=https://debuginfod.ubuntu.com LD_LIBRARY_PATH=/home/christopher/Mobile-Robots-2026-1/install/xarm_api/lib:/home/christopher/Mobile-Robots-2026-1/install/xarm_sdk/lib:/home/christopher/Mobile-Robots-2026-1/install/xarm_msgs/lib:${LD_LIBRARY_PATH} PYTHONPATH=/home/christopher/Mobile-Robots-2026-1/install/xarm_msgs/lib/python3.12/site-packages:${PYTHONPATH} /usr/bin/cmake /home/christopher/Mobile-Robots-2026-1/ros2_ws/src/hardware/xarm_ros2/xarm_controller -DCMAKE_INSTALL_PREFIX=/home/christopher/Mobile-Robots-2026-1/install/xarm_controller
[1.745s] Invoking command in '/home/christopher/Mobile-Robots-2026-1/build/xarm_controller': AMENT_PREFIX_PATH=/home/christopher/Mobile-Robots-2026-1/install/xarm_api:/home/christopher/Mobile-Robots-2026-1/install/xarm_sdk:/home/christopher/Mobile-Robots-2026-1/install/xarm_msgs:/home/christopher/Mobile-Robots-2026-1/install/xarm_description:${AMENT_PREFIX_PATH} CMAKE_PREFIX_PATH=/home/christopher/Mobile-Robots-2026-1/install/xarm_api:/home/christopher/Mobile-Robots-2026-1/install/xarm_sdk:/home/christopher/Mobile-Robots-2026-1/install/xarm_msgs:/home/christopher/Mobile-Robots-2026-1/install/xarm_description:/opt/ros/jazzy/opt/gz_sim_vendor:/opt/ros/jazzy/opt/gz_sensors_vendor:/opt/ros/jazzy/opt/gz_physics_vendor:/opt/ros/jazzy/opt/sdformat_vendor:/opt/ros/jazzy/opt/gz_gui_vendor:/opt/ros/jazzy/opt/gz_transport_vendor:/opt/ros/jazzy/opt/gz_rendering_vendor:/opt/ros/jazzy/opt/gz_plugin_vendor:/opt/ros/jazzy/opt/gz_fuel_tools_vendor:/opt/ros/jazzy/opt/gz_msgs_vendor:/opt/ros/jazzy/opt/gz_common_vendor:/opt/ros/jazzy/opt/gz_math_vendor:/opt/ros/jazzy/opt/gz_utils_vendor:/opt/ros/jazzy/opt/gz_tools_vendor:/opt/ros/jazzy/opt/gz_ogre_next_vendor:/opt/ros/jazzy/opt/gz_dartsim_vendor:/opt/ros/jazzy/opt/gz_cmake_vendor:/opt/ros/jazzy DEBUGINFOD_URLS=https://debuginfod.ubuntu.com LD_LIBRARY_PATH=/home/christopher/Mobile-Robots-2026-1/install/xarm_api/lib:/home/christopher/Mobile-Robots-2026-1/install/xarm_sdk/lib:/home/christopher/Mobile-Robots-2026-1/install/xarm_msgs/lib:${LD_LIBRARY_PATH} PYTHONPATH=/home/christopher/Mobile-Robots-2026-1/install/xarm_msgs/lib/python3.12/site-packages:${PYTHONPATH} /usr/bin/cmake --build /home/christopher/Mobile-Robots-2026-1/build/xarm_controller -- -j2 -l2
[1.810s] [ 33%] [32mBuilding CXX object CMakeFiles/uf_robot_hardware.dir/src/hardware/uf_robot_system_hardware.cpp.o[0m
[6.076s] [01m[K/home/christopher/Mobile-Robots-2026-1/ros2_ws/src/hardware/xarm_ros2/xarm_controller/src/hardware/uf_robot_system_hardware.cpp:[m[K In member function ‘[01m[Kvirtual uf_robot_hardware::CallbackReturn uf_robot_hardware::UFRobotSystemHardware::[01;32m[Kon_init[m[K(const hardware_interface::HardwareInfo&)[m[K’:
[6.076s] [01m[K/home/christopher/Mobile-Robots-2026-1/ros2_ws/src/hardware/xarm_ros2/xarm_controller/src/hardware/uf_robot_system_hardware.cpp:163:57:[m[K [01;35m[Kwarning: [m[K‘[01m[Kvirtual rclcpp_lifecycle::node_interfaces::LifecycleNodeInterface::CallbackReturn hardware_interface::SystemInterface::[01;32m[Kon_init[m[K(const hardware_interface::HardwareInfo&)[m[K’ is deprecated: Use on_init(const HardwareComponentInterfaceParams & params) instead. [[01;35m[K]8;;https://gcc.gnu.org/onlinedocs/gcc/Warning-Options.html#index-Wdeprecated-declarations-Wdeprecated-declarations]8;;[m[K]
[6.076s]   163 |         if ([01;35m[Khardware_interface::SystemInterface::on_init(info)[m[K != CallbackReturn::SUCCESS) {
[6.076s]       |             [01;35m[K~~~~~~~~~~~~~~~~~~~~~~~~~~~~~~~~~~~~~~~~~~~~^~~~~~[m[K
[6.076s] In file included from [01m[K/home/christopher/Mobile-Robots-2026-1/ros2_ws/src/hardware/xarm_ros2/xarm_controller/include/xarm_controller/hardware/uf_robot_system_hardware.h:22[m[K,
[6.076s]                  from [01m[K/home/christopher/Mobile-Robots-2026-1/ros2_ws/src/hardware/xarm_ros2/xarm_controller/src/hardware/uf_robot_system_hardware.cpp:9[m[K:
[6.077s] [01m[K/opt/ros/jazzy/include/hardware_interface/hardware_interface/system_interface.hpp:243:26:[m[K [01;36m[Knote: [m[Kdeclared here
[6.077s]   243 |   virtual CallbackReturn [01;36m[Kon_init[m[K(const HardwareInfo & hardware_info)
[6.077s]       |                          [01;36m[K^~~~~~~[m[K
[10.956s] [ 66%] [32mBuilding CXX object CMakeFiles/uf_robot_hardware.dir/src/hardware/uf_robot_fake_system_hardware.cpp.o[0m
[14.959s] [100%] [32m[1mLinking CXX shared library libuf_robot_hardware.so[0m
[16.097s] [100%] Built target uf_robot_hardware
[16.108s] Invoked command in '/home/christopher/Mobile-Robots-2026-1/build/xarm_controller' returned '0': AMENT_PREFIX_PATH=/home/christopher/Mobile-Robots-2026-1/install/xarm_api:/home/christopher/Mobile-Robots-2026-1/install/xarm_sdk:/home/christopher/Mobile-Robots-2026-1/install/xarm_msgs:/home/christopher/Mobile-Robots-2026-1/install/xarm_description:${AMENT_PREFIX_PATH} CMAKE_PREFIX_PATH=/home/christopher/Mobile-Robots-2026-1/install/xarm_api:/home/christopher/Mobile-Robots-2026-1/install/xarm_sdk:/home/christopher/Mobile-Robots-2026-1/install/xarm_msgs:/home/christopher/Mobile-Robots-2026-1/install/xarm_description:/opt/ros/jazzy/opt/gz_sim_vendor:/opt/ros/jazzy/opt/gz_sensors_vendor:/opt/ros/jazzy/opt/gz_physics_vendor:/opt/ros/jazzy/opt/sdformat_vendor:/opt/ros/jazzy/opt/gz_gui_vendor:/opt/ros/jazzy/opt/gz_transport_vendor:/opt/ros/jazzy/opt/gz_rendering_vendor:/opt/ros/jazzy/opt/gz_plugin_vendor:/opt/ros/jazzy/opt/gz_fuel_tools_vendor:/opt/ros/jazzy/opt/gz_msgs_vendor:/opt/ros/jazzy/opt/gz_common_vendor:/opt/ros/jazzy/opt/gz_math_vendor:/opt/ros/jazzy/opt/gz_utils_vendor:/opt/ros/jazzy/opt/gz_tools_vendor:/opt/ros/jazzy/opt/gz_ogre_next_vendor:/opt/ros/jazzy/opt/gz_dartsim_vendor:/opt/ros/jazzy/opt/gz_cmake_vendor:/opt/ros/jazzy DEBUGINFOD_URLS=https://debuginfod.ubuntu.com LD_LIBRARY_PATH=/home/christopher/Mobile-Robots-2026-1/install/xarm_api/lib:/home/christopher/Mobile-Robots-2026-1/install/xarm_sdk/lib:/home/christopher/Mobile-Robots-2026-1/install/xarm_msgs/lib:${LD_LIBRARY_PATH} PYTHONPATH=/home/christopher/Mobile-Robots-2026-1/install/xarm_msgs/lib/python3.12/site-packages:${PYTHONPATH} /usr/bin/cmake --build /home/christopher/Mobile-Robots-2026-1/build/xarm_controller -- -j2 -l2
[16.109s] Invoking command in '/home/christopher/Mobile-Robots-2026-1/build/xarm_controller': AMENT_PREFIX_PATH=/home/christopher/Mobile-Robots-2026-1/install/xarm_api:/home/christopher/Mobile-Robots-2026-1/install/xarm_sdk:/home/christopher/Mobile-Robots-2026-1/install/xarm_msgs:/home/christopher/Mobile-Robots-2026-1/install/xarm_description:${AMENT_PREFIX_PATH} CMAKE_PREFIX_PATH=/home/christopher/Mobile-Robots-2026-1/install/xarm_api:/home/christopher/Mobile-Robots-2026-1/install/xarm_sdk:/home/christopher/Mobile-Robots-2026-1/install/xarm_msgs:/home/christopher/Mobile-Robots-2026-1/install/xarm_description:/opt/ros/jazzy/opt/gz_sim_vendor:/opt/ros/jazzy/opt/gz_sensors_vendor:/opt/ros/jazzy/opt/gz_physics_vendor:/opt/ros/jazzy/opt/sdformat_vendor:/opt/ros/jazzy/opt/gz_gui_vendor:/opt/ros/jazzy/opt/gz_transport_vendor:/opt/ros/jazzy/opt/gz_rendering_vendor:/opt/ros/jazzy/opt/gz_plugin_vendor:/opt/ros/jazzy/opt/gz_fuel_tools_vendor:/opt/ros/jazzy/opt/gz_msgs_vendor:/opt/ros/jazzy/opt/gz_common_vendor:/opt/ros/jazzy/opt/gz_math_vendor:/opt/ros/jazzy/opt/gz_utils_vendor:/opt/ros/jazzy/opt/gz_tools_vendor:/opt/ros/jazzy/opt/gz_ogre_next_vendor:/opt/ros/jazzy/opt/gz_dartsim_vendor:/opt/ros/jazzy/opt/gz_cmake_vendor:/opt/ros/jazzy DEBUGINFOD_URLS=https://debuginfod.ubuntu.com LD_LIBRARY_PATH=/home/christopher/Mobile-Robots-2026-1/install/xarm_api/lib:/home/christopher/Mobile-Robots-2026-1/install/xarm_sdk/lib:/home/christopher/Mobile-Robots-2026-1/install/xarm_msgs/lib:${LD_LIBRARY_PATH} PYTHONPATH=/home/christopher/Mobile-Robots-2026-1/install/xarm_msgs/lib/python3.12/site-packages:${PYTHONPATH} /usr/bin/cmake --install /home/christopher/Mobile-Robots-2026-1/build/xarm_controller
[16.116s] -- Install configuration: ""
[16.116s] -- Installing: /home/christopher/Mobile-Robots-2026-1/install/xarm_controller/share/xarm_controller/uf_hardware_interface_plugins.xml
[16.123s] -- Installing: /home/christopher/Mobile-Robots-2026-1/install/xarm_controller/include
[16.124s] -- Installing: /home/christopher/Mobile-Robots-2026-1/install/xarm_controller/include/xarm_controller
[16.124s] -- Installing: /home/christopher/Mobile-Robots-2026-1/install/xarm_controller/include/xarm_controller/hardware
[16.124s] -- Installing: /home/christopher/Mobile-Robots-2026-1/install/xarm_controller/include/xarm_controller/hardware/bak_uf_robot_fake_system_hardware.h
[16.124s] -- Installing: /home/christopher/Mobile-Robots-2026-1/install/xarm_controller/include/xarm_controller/hardware/uf_robot_system_hardware.h
[16.124s] -- Installing: /home/christopher/Mobile-Robots-2026-1/install/xarm_controller/include/xarm_controller/hardware/uf_robot_fake_system_hardware.h
[16.124s] -- Installing: /home/christopher/Mobile-Robots-2026-1/install/xarm_controller/lib/libuf_robot_hardware.so
[16.128s] -- Set non-toolchain portion of runtime path of "/home/christopher/Mobile-Robots-2026-1/install/xarm_controller/lib/libuf_robot_hardware.so" to ""
[16.128s] -- Installing: /home/christopher/Mobile-Robots-2026-1/install/xarm_controller/share/xarm_controller//launch
[16.129s] -- Installing: /home/christopher/Mobile-Robots-2026-1/install/xarm_controller/share/xarm_controller//launch/xarm6_control_rviz_display.launch.py
[16.129s] -- Installing: /home/christopher/Mobile-Robots-2026-1/install/xarm_controller/share/xarm_controller//launch/xarm5_control_rviz_display.launch.py
[16.129s] -- Installing: /home/christopher/Mobile-Robots-2026-1/install/xarm_controller/share/xarm_controller//launch/uf850_control_rviz_display.launch.py
[16.129s] -- Installing: /home/christopher/Mobile-Robots-2026-1/install/xarm_controller/share/xarm_controller//launch/_dual_ros2_control.launch.py
[16.130s] -- Installing: /home/christopher/Mobile-Robots-2026-1/install/xarm_controller/share/xarm_controller//launch/xarm7_mirror_control_rviz_display.launch.py
[16.130s] -- Installing: /home/christopher/Mobile-Robots-2026-1/install/xarm_controller/share/xarm_controller//launch/xarm7_control_rviz_display.launch.py
[16.130s] -- Installing: /home/christopher/Mobile-Robots-2026-1/install/xarm_controller/share/xarm_controller//launch/_ros2_control.launch.py
[16.131s] -- Installing: /home/christopher/Mobile-Robots-2026-1/install/xarm_controller/share/xarm_controller//launch/lib
[16.131s] -- Installing: /home/christopher/Mobile-Robots-2026-1/install/xarm_controller/share/xarm_controller//launch/lib/robot_controller_lib.py
[16.131s] -- Installing: /home/christopher/Mobile-Robots-2026-1/install/xarm_controller/share/xarm_controller//launch/_robot_ros2_control.launch.py
[16.131s] -- Installing: /home/christopher/Mobile-Robots-2026-1/install/xarm_controller/share/xarm_controller//launch/lite6_control_rviz_display.launch.py
[16.132s] -- Installing: /home/christopher/Mobile-Robots-2026-1/install/xarm_controller/share/xarm_controller//config
[16.132s] -- Installing: /home/christopher/Mobile-Robots-2026-1/install/xarm_controller/share/xarm_controller//config/xarm6_controllers.yaml
[16.132s] -- Installing: /home/christopher/Mobile-Robots-2026-1/install/xarm_controller/share/xarm_controller//config/xarm7_mirror_controllers.yaml
[16.132s] -- Installing: /home/christopher/Mobile-Robots-2026-1/install/xarm_controller/share/xarm_controller//config/bio_gripper_controllers.yaml
[16.133s] -- Installing: /home/christopher/Mobile-Robots-2026-1/install/xarm_controller/share/xarm_controller//config/xarm_gripper_controllers.yaml
[16.133s] -- Installing: /home/christopher/Mobile-Robots-2026-1/install/xarm_controller/share/xarm_controller//config/lite6_controllers.yaml
[16.133s] -- Installing: /home/christopher/Mobile-Robots-2026-1/install/xarm_controller/share/xarm_controller//config/xarm7_controllers.yaml
[16.134s] -- Installing: /home/christopher/Mobile-Robots-2026-1/install/xarm_controller/share/xarm_controller//config/xarm5_controllers.yaml
[16.134s] -- Installing: /home/christopher/Mobile-Robots-2026-1/install/xarm_controller/share/xarm_controller//config/xarm7_mirror_gripper_controllers.yaml
[16.134s] -- Installing: /home/christopher/Mobile-Robots-2026-1/install/xarm_controller/share/xarm_controller//config/uf850_gripper_controllers.yaml
[16.134s] -- Installing: /home/christopher/Mobile-Robots-2026-1/install/xarm_controller/share/xarm_controller//config/uf850_controllers.yaml
[16.135s] -- Installing: /home/christopher/Mobile-Robots-2026-1/install/xarm_controller/share/xarm_controller/environment/library_path.sh
[16.135s] -- Installing: /home/christopher/Mobile-Robots-2026-1/install/xarm_controller/share/xarm_controller/environment/library_path.dsv
[16.135s] -- Installing: /home/christopher/Mobile-Robots-2026-1/install/xarm_controller/share/ament_index/resource_index/package_run_dependencies/xarm_controller
[16.135s] -- Installing: /home/christopher/Mobile-Robots-2026-1/install/xarm_controller/share/ament_index/resource_index/parent_prefix_path/xarm_controller
[16.136s] -- Installing: /home/christopher/Mobile-Robots-2026-1/install/xarm_controller/share/xarm_controller/environment/ament_prefix_path.sh
[16.136s] -- Installing: /home/christopher/Mobile-Robots-2026-1/install/xarm_controller/share/xarm_controller/environment/ament_prefix_path.dsv
[16.136s] -- Installing: /home/christopher/Mobile-Robots-2026-1/install/xarm_controller/share/xarm_controller/environment/path.sh
[16.136s] -- Installing: /home/christopher/Mobile-Robots-2026-1/install/xarm_controller/share/xarm_controller/environment/path.dsv
[16.136s] -- Installing: /home/christopher/Mobile-Robots-2026-1/install/xarm_controller/share/xarm_controller/local_setup.bash
[16.136s] -- Installing: /home/christopher/Mobile-Robots-2026-1/install/xarm_controller/share/xarm_controller/local_setup.sh
[16.138s] -- Installing: /home/christopher/Mobile-Robots-2026-1/install/xarm_controller/share/xarm_controller/local_setup.zsh
[16.138s] -- Installing: /home/christopher/Mobile-Robots-2026-1/install/xarm_controller/share/xarm_controller/local_setup.dsv
[16.138s] -- Installing: /home/christopher/Mobile-Robots-2026-1/install/xarm_controller/share/xarm_controller/package.dsv
[16.138s] -- Installing: /home/christopher/Mobile-Robots-2026-1/install/xarm_controller/share/ament_index/resource_index/packages/xarm_controller
[16.138s] -- Installing: /home/christopher/Mobile-Robots-2026-1/install/xarm_controller/share/ament_index/resource_index/hardware_interface__pluginlib__plugin/xarm_controller
[16.138s] -- Installing: /home/christopher/Mobile-Robots-2026-1/install/xarm_controller/share/xarm_controller/cmake/ament_cmake_export_include_directories-extras.cmake
[16.138s] -- Installing: /home/christopher/Mobile-Robots-2026-1/install/xarm_controller/share/xarm_controller/cmake/ament_cmake_export_libraries-extras.cmake
[16.138s] -- Installing: /home/christopher/Mobile-Robots-2026-1/install/xarm_controller/share/xarm_controller/cmake/ament_cmake_export_dependencies-extras.cmake
[16.138s] -- Installing: /home/christopher/Mobile-Robots-2026-1/install/xarm_controller/share/xarm_controller/cmake/xarm_controllerConfig.cmake
[16.138s] -- Installing: /home/christopher/Mobile-Robots-2026-1/install/xarm_controller/share/xarm_controller/cmake/xarm_controllerConfig-version.cmake
[16.138s] -- Installing: /home/christopher/Mobile-Robots-2026-1/install/xarm_controller/share/xarm_controller/package.xml
[16.140s] Invoked command in '/home/christopher/Mobile-Robots-2026-1/build/xarm_controller' returned '0': AMENT_PREFIX_PATH=/home/christopher/Mobile-Robots-2026-1/install/xarm_api:/home/christopher/Mobile-Robots-2026-1/install/xarm_sdk:/home/christopher/Mobile-Robots-2026-1/install/xarm_msgs:/home/christopher/Mobile-Robots-2026-1/install/xarm_description:${AMENT_PREFIX_PATH} CMAKE_PREFIX_PATH=/home/christopher/Mobile-Robots-2026-1/install/xarm_api:/home/christopher/Mobile-Robots-2026-1/install/xarm_sdk:/home/christopher/Mobile-Robots-2026-1/install/xarm_msgs:/home/christopher/Mobile-Robots-2026-1/install/xarm_description:/opt/ros/jazzy/opt/gz_sim_vendor:/opt/ros/jazzy/opt/gz_sensors_vendor:/opt/ros/jazzy/opt/gz_physics_vendor:/opt/ros/jazzy/opt/sdformat_vendor:/opt/ros/jazzy/opt/gz_gui_vendor:/opt/ros/jazzy/opt/gz_transport_vendor:/opt/ros/jazzy/opt/gz_rendering_vendor:/opt/ros/jazzy/opt/gz_plugin_vendor:/opt/ros/jazzy/opt/gz_fuel_tools_vendor:/opt/ros/jazzy/opt/gz_msgs_vendor:/opt/ros/jazzy/opt/gz_common_vendor:/opt/ros/jazzy/opt/gz_math_vendor:/opt/ros/jazzy/opt/gz_utils_vendor:/opt/ros/jazzy/opt/gz_tools_vendor:/opt/ros/jazzy/opt/gz_ogre_next_vendor:/opt/ros/jazzy/opt/gz_dartsim_vendor:/opt/ros/jazzy/opt/gz_cmake_vendor:/opt/ros/jazzy DEBUGINFOD_URLS=https://debuginfod.ubuntu.com LD_LIBRARY_PATH=/home/christopher/Mobile-Robots-2026-1/install/xarm_api/lib:/home/christopher/Mobile-Robots-2026-1/install/xarm_sdk/lib:/home/christopher/Mobile-Robots-2026-1/install/xarm_msgs/lib:${LD_LIBRARY_PATH} PYTHONPATH=/home/christopher/Mobile-Robots-2026-1/install/xarm_msgs/lib/python3.12/site-packages:${PYTHONPATH} /usr/bin/cmake --install /home/christopher/Mobile-Robots-2026-1/build/xarm_controller
