[0.014s] Invoking command in '/home/axel/Mobile-Robots-2026-1/build/gazebo_envs': DEBUGINFOD_URLS=https://debuginfod.ubuntu.com /usr/bin/cmake /home/axel/Mobile-Robots-2026-1/ros2_ws/src/hardware/gazebo_envs -DCMAKE_INSTALL_PREFIX=/home/axel/Mobile-Robots-2026-1/install/gazebo_envs
[0.167s] -- The C compiler identification is GNU 13.3.0
[0.167s] -- The CXX compiler identification is GNU 13.3.0
[0.167s] -- Detecting C compiler ABI info
[0.193s] -- Detecting C compiler ABI info - done
[0.205s] -- Check for working C compiler: /usr/bin/cc - skipped
[0.205s] -- Detecting C compile features
[0.206s] -- Detecting C compile features - done
[0.213s] -- Detecting CXX compiler ABI info
[0.290s] -- Detecting CXX compiler ABI info - done
[0.298s] -- Check for working CXX compiler: /usr/bin/c++ - skipped
[0.299s] -- Detecting CXX compile features
[0.299s] -- Detecting CXX compile features - done
[0.305s] [31mCMake Error at CMakeLists.txt:9 (find_package):
[0.305s]   By not providing "Findament_cmake.cmake" in CMAKE_MODULE_PATH this project
[0.305s]   has asked CMake to find a package configuration file provided by
[0.305s]   "ament_cmake", but CMake did not find one.
[0.305s] 
[0.305s]   Could not find a package configuration file provided by "ament_cmake" with
[0.305s]   any of the following names:
[0.305s] 
[0.305s]     ament_cmakeConfig.cmake
[0.306s]     ament_cmake-config.cmake
[0.306s] 
[0.306s]   Add the installation prefix of "ament_cmake" to CMAKE_PREFIX_PATH or set
[0.306s]   "ament_cmake_DIR" to a directory containing one of the above files.  If
[0.306s]   "ament_cmake" provides a separate development package or SDK, be sure it
[0.306s]   has been installed.
[0.306s] 
[0.306s] [0m
[0.306s] -- Configuring incomplete, errors occurred!
[0.317s] Invoked command in '/home/axel/Mobile-Robots-2026-1/build/gazebo_envs' returned '1': DEBUGINFOD_URLS=https://debuginfod.ubuntu.com /usr/bin/cmake /home/axel/Mobile-Robots-2026-1/ros2_ws/src/hardware/gazebo_envs -DCMAKE_INSTALL_PREFIX=/home/axel/Mobile-Robots-2026-1/install/gazebo_envs
