[0.018s] Invoking command in '/home/christopher/Mobile-Robots-2026-1/build/xarm_api': AMENT_PREFIX_PATH=/home/christopher/Mobile-Robots-2026-1/install/xarm_sdk:/home/christopher/Mobile-Robots-2026-1/install/xarm_msgs:/home/christopher/Mobile-Robots-2026-1/install/xarm_description:${AMENT_PREFIX_PATH} CMAKE_PREFIX_PATH=/home/christopher/Mobile-Robots-2026-1/install/xarm_sdk:/home/christopher/Mobile-Robots-2026-1/install/xarm_msgs:/home/christopher/Mobile-Robots-2026-1/install/xarm_description:/opt/ros/jazzy/opt/gz_sim_vendor:/opt/ros/jazzy/opt/gz_sensors_vendor:/opt/ros/jazzy/opt/gz_physics_vendor:/opt/ros/jazzy/opt/sdformat_vendor:/opt/ros/jazzy/opt/gz_gui_vendor:/opt/ros/jazzy/opt/gz_transport_vendor:/opt/ros/jazzy/opt/gz_rendering_vendor:/opt/ros/jazzy/opt/gz_plugin_vendor:/opt/ros/jazzy/opt/gz_fuel_tools_vendor:/opt/ros/jazzy/opt/gz_msgs_vendor:/opt/ros/jazzy/opt/gz_common_vendor:/opt/ros/jazzy/opt/gz_math_vendor:/opt/ros/jazzy/opt/gz_utils_vendor:/opt/ros/jazzy/opt/gz_tools_vendor:/opt/ros/jazzy/opt/gz_ogre_next_vendor:/opt/ros/jazzy/opt/gz_dartsim_vendor:/opt/ros/jazzy/opt/gz_cmake_vendor:/opt/ros/jazzy DEBUGINFOD_URLS=https://debuginfod.ubuntu.com LD_LIBRARY_PATH=/home/christopher/Mobile-Robots-2026-1/install/xarm_sdk/lib:/home/christopher/Mobile-Robots-2026-1/install/xarm_msgs/lib:${LD_LIBRARY_PATH} PYTHONPATH=/home/christopher/Mobile-Robots-2026-1/install/xarm_msgs/lib/python3.12/site-packages:${PYTHONPATH} /usr/bin/cmake --build /home/christopher/Mobile-Robots-2026-1/build/xarm_api -- -j2 -l2
[0.246s] [ 23%] Built target xarm_ros_driver
[0.339s] [ 38%] Built target xarm_ros_client
[0.422s] [ 53%] Built target test_robot_states
[0.516s] [ 69%] Built target xarm_driver_node
[0.599s] [ 84%] Built target test_xarm_ros_client
[0.675s] [100%] Built target test_xarm_velo_move
[0.708s] Invoked command in '/home/christopher/Mobile-Robots-2026-1/build/xarm_api' returned '0': AMENT_PREFIX_PATH=/home/christopher/Mobile-Robots-2026-1/install/xarm_sdk:/home/christopher/Mobile-Robots-2026-1/install/xarm_msgs:/home/christopher/Mobile-Robots-2026-1/install/xarm_description:${AMENT_PREFIX_PATH} CMAKE_PREFIX_PATH=/home/christopher/Mobile-Robots-2026-1/install/xarm_sdk:/home/christopher/Mobile-Robots-2026-1/install/xarm_msgs:/home/christopher/Mobile-Robots-2026-1/install/xarm_description:/opt/ros/jazzy/opt/gz_sim_vendor:/opt/ros/jazzy/opt/gz_sensors_vendor:/opt/ros/jazzy/opt/gz_physics_vendor:/opt/ros/jazzy/opt/sdformat_vendor:/opt/ros/jazzy/opt/gz_gui_vendor:/opt/ros/jazzy/opt/gz_transport_vendor:/opt/ros/jazzy/opt/gz_rendering_vendor:/opt/ros/jazzy/opt/gz_plugin_vendor:/opt/ros/jazzy/opt/gz_fuel_tools_vendor:/opt/ros/jazzy/opt/gz_msgs_vendor:/opt/ros/jazzy/opt/gz_common_vendor:/opt/ros/jazzy/opt/gz_math_vendor:/opt/ros/jazzy/opt/gz_utils_vendor:/opt/ros/jazzy/opt/gz_tools_vendor:/opt/ros/jazzy/opt/gz_ogre_next_vendor:/opt/ros/jazzy/opt/gz_dartsim_vendor:/opt/ros/jazzy/opt/gz_cmake_vendor:/opt/ros/jazzy DEBUGINFOD_URLS=https://debuginfod.ubuntu.com LD_LIBRARY_PATH=/home/christopher/Mobile-Robots-2026-1/install/xarm_sdk/lib:/home/christopher/Mobile-Robots-2026-1/install/xarm_msgs/lib:${LD_LIBRARY_PATH} PYTHONPATH=/home/christopher/Mobile-Robots-2026-1/install/xarm_msgs/lib/python3.12/site-packages:${PYTHONPATH} /usr/bin/cmake --build /home/christopher/Mobile-Robots-2026-1/build/xarm_api -- -j2 -l2
[0.708s] Invoking command in '/home/christopher/Mobile-Robots-2026-1/build/xarm_api': AMENT_PREFIX_PATH=/home/christopher/Mobile-Robots-2026-1/install/xarm_sdk:/home/christopher/Mobile-Robots-2026-1/install/xarm_msgs:/home/christopher/Mobile-Robots-2026-1/install/xarm_description:${AMENT_PREFIX_PATH} CMAKE_PREFIX_PATH=/home/christopher/Mobile-Robots-2026-1/install/xarm_sdk:/home/christopher/Mobile-Robots-2026-1/install/xarm_msgs:/home/christopher/Mobile-Robots-2026-1/install/xarm_description:/opt/ros/jazzy/opt/gz_sim_vendor:/opt/ros/jazzy/opt/gz_sensors_vendor:/opt/ros/jazzy/opt/gz_physics_vendor:/opt/ros/jazzy/opt/sdformat_vendor:/opt/ros/jazzy/opt/gz_gui_vendor:/opt/ros/jazzy/opt/gz_transport_vendor:/opt/ros/jazzy/opt/gz_rendering_vendor:/opt/ros/jazzy/opt/gz_plugin_vendor:/opt/ros/jazzy/opt/gz_fuel_tools_vendor:/opt/ros/jazzy/opt/gz_msgs_vendor:/opt/ros/jazzy/opt/gz_common_vendor:/opt/ros/jazzy/opt/gz_math_vendor:/opt/ros/jazzy/opt/gz_utils_vendor:/opt/ros/jazzy/opt/gz_tools_vendor:/opt/ros/jazzy/opt/gz_ogre_next_vendor:/opt/ros/jazzy/opt/gz_dartsim_vendor:/opt/ros/jazzy/opt/gz_cmake_vendor:/opt/ros/jazzy DEBUGINFOD_URLS=https://debuginfod.ubuntu.com LD_LIBRARY_PATH=/home/christopher/Mobile-Robots-2026-1/install/xarm_sdk/lib:/home/christopher/Mobile-Robots-2026-1/install/xarm_msgs/lib:${LD_LIBRARY_PATH} PYTHONPATH=/home/christopher/Mobile-Robots-2026-1/install/xarm_msgs/lib/python3.12/site-packages:${PYTHONPATH} /usr/bin/cmake --install /home/christopher/Mobile-Robots-2026-1/build/xarm_api
[0.742s] -- Install configuration: ""
[0.742s] -- Up-to-date: /home/christopher/Mobile-Robots-2026-1/install/xarm_api/share/xarm_api/environment/library_path.sh
[0.743s] -- Up-to-date: /home/christopher/Mobile-Robots-2026-1/install/xarm_api/share/xarm_api/environment/library_path.dsv
[0.743s] -- Up-to-date: /home/christopher/Mobile-Robots-2026-1/install/xarm_api/include
[0.743s] -- Up-to-date: /home/christopher/Mobile-Robots-2026-1/install/xarm_api/include/xarm_api
[0.743s] -- Up-to-date: /home/christopher/Mobile-Robots-2026-1/install/xarm_api/include/xarm_api/xarm_msgs.h
[0.743s] -- Up-to-date: /home/christopher/Mobile-Robots-2026-1/install/xarm_api/include/xarm_api/xarm_driver.h
[0.743s] -- Up-to-date: /home/christopher/Mobile-Robots-2026-1/install/xarm_api/include/xarm_api/visibility_control.h
[0.743s] -- Up-to-date: /home/christopher/Mobile-Robots-2026-1/install/xarm_api/include/xarm_api/xarm_ros_client.h
[0.743s] -- Up-to-date: /home/christopher/Mobile-Robots-2026-1/install/xarm_api/lib/libxarm_ros_driver.so
[0.743s] -- Up-to-date: /home/christopher/Mobile-Robots-2026-1/install/xarm_api/lib/libxarm_ros_client.so
[0.743s] -- Up-to-date: /home/christopher/Mobile-Robots-2026-1/install/xarm_api/lib/xarm_api/xarm_driver_node
[0.743s] -- Up-to-date: /home/christopher/Mobile-Robots-2026-1/install/xarm_api/lib/xarm_api/test_xarm_ros_client
[0.744s] -- Up-to-date: /home/christopher/Mobile-Robots-2026-1/install/xarm_api/lib/xarm_api/test_xarm_velo_move
[0.746s] -- Up-to-date: /home/christopher/Mobile-Robots-2026-1/install/xarm_api/lib/xarm_api/test_robot_states
[0.746s] -- Up-to-date: /home/christopher/Mobile-Robots-2026-1/install/xarm_api/share/xarm_api//launch
[0.746s] -- Up-to-date: /home/christopher/Mobile-Robots-2026-1/install/xarm_api/share/xarm_api//launch/uf850_driver.launch.py
[0.746s] -- Up-to-date: /home/christopher/Mobile-Robots-2026-1/install/xarm_api/share/xarm_api//launch/lite6_driver.launch.py
[0.746s] -- Up-to-date: /home/christopher/Mobile-Robots-2026-1/install/xarm_api/share/xarm_api//launch/_robot_driver.launch.py
[0.746s] -- Up-to-date: /home/christopher/Mobile-Robots-2026-1/install/xarm_api/share/xarm_api//launch/xarm6_driver.launch.py
[0.747s] -- Up-to-date: /home/christopher/Mobile-Robots-2026-1/install/xarm_api/share/xarm_api//launch/lib
[0.748s] -- Up-to-date: /home/christopher/Mobile-Robots-2026-1/install/xarm_api/share/xarm_api//launch/lib/robot_api_lib.py
[0.748s] -- Up-to-date: /home/christopher/Mobile-Robots-2026-1/install/xarm_api/share/xarm_api//launch/xarm7_driver.launch.py
[0.748s] -- Up-to-date: /home/christopher/Mobile-Robots-2026-1/install/xarm_api/share/xarm_api//launch/xarm5_driver.launch.py
[0.748s] -- Up-to-date: /home/christopher/Mobile-Robots-2026-1/install/xarm_api/share/xarm_api//config
[0.748s] -- Up-to-date: /home/christopher/Mobile-Robots-2026-1/install/xarm_api/share/xarm_api//config/xarm_params.yaml
[0.748s] -- Up-to-date: /home/christopher/Mobile-Robots-2026-1/install/xarm_api/share/ament_index/resource_index/package_run_dependencies/xarm_api
[0.748s] -- Up-to-date: /home/christopher/Mobile-Robots-2026-1/install/xarm_api/share/ament_index/resource_index/parent_prefix_path/xarm_api
[0.753s] -- Up-to-date: /home/christopher/Mobile-Robots-2026-1/install/xarm_api/share/xarm_api/environment/ament_prefix_path.sh
[0.753s] -- Up-to-date: /home/christopher/Mobile-Robots-2026-1/install/xarm_api/share/xarm_api/environment/ament_prefix_path.dsv
[0.754s] -- Up-to-date: /home/christopher/Mobile-Robots-2026-1/install/xarm_api/share/xarm_api/environment/path.sh
[0.754s] -- Up-to-date: /home/christopher/Mobile-Robots-2026-1/install/xarm_api/share/xarm_api/environment/path.dsv
[0.754s] -- Up-to-date: /home/christopher/Mobile-Robots-2026-1/install/xarm_api/share/xarm_api/local_setup.bash
[0.754s] -- Up-to-date: /home/christopher/Mobile-Robots-2026-1/install/xarm_api/share/xarm_api/local_setup.sh
[0.754s] -- Up-to-date: /home/christopher/Mobile-Robots-2026-1/install/xarm_api/share/xarm_api/local_setup.zsh
[0.754s] -- Up-to-date: /home/christopher/Mobile-Robots-2026-1/install/xarm_api/share/xarm_api/local_setup.dsv
[0.754s] -- Installing: /home/christopher/Mobile-Robots-2026-1/install/xarm_api/share/xarm_api/package.dsv
[0.754s] -- Up-to-date: /home/christopher/Mobile-Robots-2026-1/install/xarm_api/share/ament_index/resource_index/packages/xarm_api
[0.754s] -- Up-to-date: /home/christopher/Mobile-Robots-2026-1/install/xarm_api/share/xarm_api/cmake/ament_cmake_export_libraries-extras.cmake
[0.754s] -- Up-to-date: /home/christopher/Mobile-Robots-2026-1/install/xarm_api/share/xarm_api/cmake/ament_cmake_export_include_directories-extras.cmake
[0.754s] -- Up-to-date: /home/christopher/Mobile-Robots-2026-1/install/xarm_api/share/xarm_api/cmake/xarm_apiConfig.cmake
[0.754s] -- Up-to-date: /home/christopher/Mobile-Robots-2026-1/install/xarm_api/share/xarm_api/cmake/xarm_apiConfig-version.cmake
[0.754s] -- Up-to-date: /home/christopher/Mobile-Robots-2026-1/install/xarm_api/share/xarm_api/package.xml
[0.758s] Invoked command in '/home/christopher/Mobile-Robots-2026-1/build/xarm_api' returned '0': AMENT_PREFIX_PATH=/home/christopher/Mobile-Robots-2026-1/install/xarm_sdk:/home/christopher/Mobile-Robots-2026-1/install/xarm_msgs:/home/christopher/Mobile-Robots-2026-1/install/xarm_description:${AMENT_PREFIX_PATH} CMAKE_PREFIX_PATH=/home/christopher/Mobile-Robots-2026-1/install/xarm_sdk:/home/christopher/Mobile-Robots-2026-1/install/xarm_msgs:/home/christopher/Mobile-Robots-2026-1/install/xarm_description:/opt/ros/jazzy/opt/gz_sim_vendor:/opt/ros/jazzy/opt/gz_sensors_vendor:/opt/ros/jazzy/opt/gz_physics_vendor:/opt/ros/jazzy/opt/sdformat_vendor:/opt/ros/jazzy/opt/gz_gui_vendor:/opt/ros/jazzy/opt/gz_transport_vendor:/opt/ros/jazzy/opt/gz_rendering_vendor:/opt/ros/jazzy/opt/gz_plugin_vendor:/opt/ros/jazzy/opt/gz_fuel_tools_vendor:/opt/ros/jazzy/opt/gz_msgs_vendor:/opt/ros/jazzy/opt/gz_common_vendor:/opt/ros/jazzy/opt/gz_math_vendor:/opt/ros/jazzy/opt/gz_utils_vendor:/opt/ros/jazzy/opt/gz_tools_vendor:/opt/ros/jazzy/opt/gz_ogre_next_vendor:/opt/ros/jazzy/opt/gz_dartsim_vendor:/opt/ros/jazzy/opt/gz_cmake_vendor:/opt/ros/jazzy DEBUGINFOD_URLS=https://debuginfod.ubuntu.com LD_LIBRARY_PATH=/home/christopher/Mobile-Robots-2026-1/install/xarm_sdk/lib:/home/christopher/Mobile-Robots-2026-1/install/xarm_msgs/lib:${LD_LIBRARY_PATH} PYTHONPATH=/home/christopher/Mobile-Robots-2026-1/install/xarm_msgs/lib/python3.12/site-packages:${PYTHONPATH} /usr/bin/cmake --install /home/christopher/Mobile-Robots-2026-1/build/xarm_api
