[1.514s] Invoking command in '/home/christopher/Mobile-Robots-2026-1/ros2_ws/src/navigation/simple_move': DEBUGINFOD_URLS=https://debuginfod.ubuntu.com PYTHONPATH=/home/christopher/Mobile-Robots-2026-1/build/simple_move/prefix_override:/usr/lib/python3/dist-packages/colcon_core/task/python/colcon_distutils_commands:/home/christopher/Mobile-Robots-2026-1/install/simple_move/lib/python3.12/site-packages:${PYTHONPATH} /usr/bin/python3 -W ignore:setup.py install is deprecated -W ignore:easy_install command is deprecated setup.py egg_info --egg-base ../../../../build/simple_move build --build-base /home/christopher/Mobile-Robots-2026-1/build/simple_move/build install --record /home/christopher/Mobile-Robots-2026-1/build/simple_move/install.log --single-version-externally-managed install_data
[1.861s] running egg_info
[1.881s] writing ../../../../build/simple_move/simple_move.egg-info/PKG-INFO
[1.881s] writing dependency_links to ../../../../build/simple_move/simple_move.egg-info/dependency_links.txt
[1.882s] writing entry points to ../../../../build/simple_move/simple_move.egg-info/entry_points.txt
[1.882s] writing requirements to ../../../../build/simple_move/simple_move.egg-info/requires.txt
[1.883s] writing top-level names to ../../../../build/simple_move/simple_move.egg-info/top_level.txt
[1.928s] reading manifest file '../../../../build/simple_move/simple_move.egg-info/SOURCES.txt'
[1.929s] adding license file 'LICENSE'
[1.929s] writing manifest file '../../../../build/simple_move/simple_move.egg-info/SOURCES.txt'
[1.929s] running build
[1.930s] running build_py
[1.931s] copying simple_move/ros_basics.py -> /home/christopher/Mobile-Robots-2026-1/build/simple_move/build/lib/simple_move
[1.931s] running install
[1.938s] running install_lib
[1.961s] copying /home/christopher/Mobile-Robots-2026-1/build/simple_move/build/lib/simple_move/ros_basics.py -> /home/christopher/Mobile-Robots-2026-1/install/simple_move/lib/python3.12/site-packages/simple_move
[1.963s] byte-compiling /home/christopher/Mobile-Robots-2026-1/install/simple_move/lib/python3.12/site-packages/simple_move/ros_basics.py to ros_basics.cpython-312.pyc
[1.965s]   File "/home/christopher/Mobile-Robots-2026-1/install/simple_move/lib/python3.12/site-packages/simple_move/ros_basics.py", line 44
[1.965s]     self.obstacle_detected = msg.ranges[len(msf.ranges)]//2]<1.0
[1.965s]                                                            ^
[1.965s] SyntaxError: unmatched ']'
[1.965s] 
[1.966s] running install_data
[1.966s] running install_egg_info
[2.021s] removing '/home/christopher/Mobile-Robots-2026-1/install/simple_move/lib/python3.12/site-packages/simple_move-0.0.0-py3.12.egg-info' (and everything under it)
[2.021s] Copying ../../../../build/simple_move/simple_move.egg-info to /home/christopher/Mobile-Robots-2026-1/install/simple_move/lib/python3.12/site-packages/simple_move-0.0.0-py3.12.egg-info
[2.021s] running install_scripts
[2.311s] Installing path_follower script to /home/christopher/Mobile-Robots-2026-1/install/simple_move/lib/simple_move
[2.313s] Installing ros_basics script to /home/christopher/Mobile-Robots-2026-1/install/simple_move/lib/simple_move
[2.314s] writing list of installed files to '/home/christopher/Mobile-Robots-2026-1/build/simple_move/install.log'
[2.420s] Invoked command in '/home/christopher/Mobile-Robots-2026-1/ros2_ws/src/navigation/simple_move' returned '0': DEBUGINFOD_URLS=https://debuginfod.ubuntu.com PYTHONPATH=/home/christopher/Mobile-Robots-2026-1/build/simple_move/prefix_override:/usr/lib/python3/dist-packages/colcon_core/task/python/colcon_distutils_commands:/home/christopher/Mobile-Robots-2026-1/install/simple_move/lib/python3.12/site-packages:${PYTHONPATH} /usr/bin/python3 -W ignore:setup.py install is deprecated -W ignore:easy_install command is deprecated setup.py egg_info --egg-base ../../../../build/simple_move build --build-base /home/christopher/Mobile-Robots-2026-1/build/simple_move/build install --record /home/christopher/Mobile-Robots-2026-1/build/simple_move/install.log --single-version-externally-managed install_data
