[0.018s] Invoking command in '/home/axel/Mobile-Robots-2026-1/build/justina_description': CMAKE_PREFIX_PATH=${CMAKE_PREFIX_PATH}:/opt/ros/jazzy DEBUGINFOD_URLS=https://debuginfod.ubuntu.com /usr/bin/cmake /home/axel/Mobile-Robots-2026-1/ros2_ws/src/hardware/justina_description -DCMAKE_INSTALL_PREFIX=/home/axel/Mobile-Robots-2026-1/install/justina_description
[0.261s] -- Found ament_cmake: 2.5.4 (/opt/ros/jazzy/share/ament_cmake/cmake)
[0.261s] -- Found Python3: /usr/bin/python3 (found version "3.12.3") found components: Interpreter 
[0.286s] -- Found ament_lint_auto: 0.17.3 (/opt/ros/jazzy/share/ament_lint_auto/cmake)
[0.382s] -- Added test 'lint_cmake' to check CMake code style
[0.383s] -- Added test 'xmllint' to check XML markup files
[0.385s] -- Configuring done (0.4s)
[0.388s] -- Generating done (0.0s)
[0.389s] -- Build files have been written to: /home/axel/Mobile-Robots-2026-1/build/justina_description
[0.414s] Invoked command in '/home/axel/Mobile-Robots-2026-1/build/justina_description' returned '0': CMAKE_PREFIX_PATH=${CMAKE_PREFIX_PATH}:/opt/ros/jazzy DEBUGINFOD_URLS=https://debuginfod.ubuntu.com /usr/bin/cmake /home/axel/Mobile-Robots-2026-1/ros2_ws/src/hardware/justina_description -DCMAKE_INSTALL_PREFIX=/home/axel/Mobile-Robots-2026-1/install/justina_description
[0.415s] Invoking command in '/home/axel/Mobile-Robots-2026-1/build/justina_description': CMAKE_PREFIX_PATH=${CMAKE_PREFIX_PATH}:/opt/ros/jazzy DEBUGINFOD_URLS=https://debuginfod.ubuntu.com /usr/bin/cmake --build /home/axel/Mobile-Robots-2026-1/build/justina_description -- -j12 -l12
[0.449s] Invoked command in '/home/axel/Mobile-Robots-2026-1/build/justina_description' returned '0': CMAKE_PREFIX_PATH=${CMAKE_PREFIX_PATH}:/opt/ros/jazzy DEBUGINFOD_URLS=https://debuginfod.ubuntu.com /usr/bin/cmake --build /home/axel/Mobile-Robots-2026-1/build/justina_description -- -j12 -l12
[0.466s] Invoking command in '/home/axel/Mobile-Robots-2026-1/build/justina_description': CMAKE_PREFIX_PATH=${CMAKE_PREFIX_PATH}:/opt/ros/jazzy DEBUGINFOD_URLS=https://debuginfod.ubuntu.com /usr/bin/cmake --install /home/axel/Mobile-Robots-2026-1/build/justina_description
[0.479s] -- Install configuration: ""
[0.481s] -- Installing: /home/axel/Mobile-Robots-2026-1/install/justina_description/share/justina_description/urdf
[0.481s] -- Installing: /home/axel/Mobile-Robots-2026-1/install/justina_description/share/justina_description/urdf/justina.xacro
[0.481s] -- Installing: /home/axel/Mobile-Robots-2026-1/install/justina_description/share/justina_description/urdf/justina_base.xacro
[0.482s] -- Installing: /home/axel/Mobile-Robots-2026-1/install/justina_description/share/ament_index/resource_index/package_run_dependencies/justina_description
[0.484s] -- Installing: /home/axel/Mobile-Robots-2026-1/install/justina_description/share/ament_index/resource_index/parent_prefix_path/justina_description
[0.485s] -- Installing: /home/axel/Mobile-Robots-2026-1/install/justina_description/share/justina_description/environment/ament_prefix_path.sh
[0.485s] -- Installing: /home/axel/Mobile-Robots-2026-1/install/justina_description/share/justina_description/environment/ament_prefix_path.dsv
[0.485s] -- Installing: /home/axel/Mobile-Robots-2026-1/install/justina_description/share/justina_description/environment/path.sh
[0.486s] -- Installing: /home/axel/Mobile-Robots-2026-1/install/justina_description/share/justina_description/environment/path.dsv
[0.486s] -- Installing: /home/axel/Mobile-Robots-2026-1/install/justina_description/share/justina_description/local_setup.bash
[0.486s] -- Installing: /home/axel/Mobile-Robots-2026-1/install/justina_description/share/justina_description/local_setup.sh
[0.486s] -- Installing: /home/axel/Mobile-Robots-2026-1/install/justina_description/share/justina_description/local_setup.zsh
[0.486s] -- Installing: /home/axel/Mobile-Robots-2026-1/install/justina_description/share/justina_description/local_setup.dsv
[0.486s] -- Installing: /home/axel/Mobile-Robots-2026-1/install/justina_description/share/justina_description/package.dsv
[0.486s] -- Installing: /home/axel/Mobile-Robots-2026-1/install/justina_description/share/ament_index/resource_index/packages/justina_description
[0.487s] -- Installing: /home/axel/Mobile-Robots-2026-1/install/justina_description/share/justina_description/cmake/justina_descriptionConfig.cmake
[0.488s] -- Installing: /home/axel/Mobile-Robots-2026-1/install/justina_description/share/justina_description/cmake/justina_descriptionConfig-version.cmake
[0.488s] -- Installing: /home/axel/Mobile-Robots-2026-1/install/justina_description/share/justina_description/package.xml
[0.513s] Invoked command in '/home/axel/Mobile-Robots-2026-1/build/justina_description' returned '0': CMAKE_PREFIX_PATH=${CMAKE_PREFIX_PATH}:/opt/ros/jazzy DEBUGINFOD_URLS=https://debuginfod.ubuntu.com /usr/bin/cmake --install /home/axel/Mobile-Robots-2026-1/build/justina_description
