[0.011s] Invoking command in '/home/christopher/Mobile-Robots-2026-1/build/xarm_description': DEBUGINFOD_URLS=https://debuginfod.ubuntu.com /usr/bin/cmake /home/christopher/Mobile-Robots-2026-1/ros2_ws/src/hardware/xarm_ros2/xarm_description -DCMAKE_INSTALL_PREFIX=/home/christopher/Mobile-Robots-2026-1/install/xarm_description
[0.160s] -- The C compiler identification is GNU 13.3.0
[0.290s] -- The CXX compiler identification is GNU 13.3.0
[0.310s] -- Detecting C compiler ABI info
[0.412s] -- Detecting C compiler ABI info - done
[0.420s] -- Check for working C compiler: /usr/bin/cc - skipped
[0.420s] -- Detecting C compile features
[0.421s] -- Detecting C compile features - done
[0.437s] -- Detecting CXX compiler ABI info
[0.559s] -- Detecting CXX compiler ABI info - done
[0.568s] -- Check for working CXX compiler: /usr/bin/c++ - skipped
[0.568s] -- Detecting CXX compile features
[0.569s] -- Detecting CXX compile features - done
[0.579s] [31mCMake Error at CMakeLists.txt:19 (find_package):
[0.579s]   By not providing "Findament_cmake.cmake" in CMAKE_MODULE_PATH this project
[0.579s]   has asked CMake to find a package configuration file provided by
[0.579s]   "ament_cmake", but CMake did not find one.
[0.579s] 
[0.582s]   Could not find a package configuration file provided by "ament_cmake" with
[0.582s]   any of the following names:
[0.582s] 
[0.583s]     ament_cmakeConfig.cmake
[0.583s]     ament_cmake-config.cmake
[0.583s] 
[0.583s]   Add the installation prefix of "ament_cmake" to CMAKE_PREFIX_PATH or set
[0.583s]   "ament_cmake_DIR" to a directory containing one of the above files.  If
[0.583s]   "ament_cmake" provides a separate development package or SDK, be sure it
[0.583s]   has been installed.
[0.583s] 
[0.587s] [0m
[0.587s] -- Configuring incomplete, errors occurred!
[0.595s] Invoked command in '/home/christopher/Mobile-Robots-2026-1/build/xarm_description' returned '1': DEBUGINFOD_URLS=https://debuginfod.ubuntu.com /usr/bin/cmake /home/christopher/Mobile-Robots-2026-1/ros2_ws/src/hardware/xarm_ros2/xarm_description -DCMAKE_INSTALL_PREFIX=/home/christopher/Mobile-Robots-2026-1/install/xarm_description
