[0.040s] Invoking command in '/home/christian-pineda/Mobile-Robots-2026-1/build/config_files': CMAKE_PREFIX_PATH=${CMAKE_PREFIX_PATH}:/home/christian-pineda/Mobile-Robots-2026-1/ros2_ws/install/uf_ros_lib:/home/christian-pineda/Mobile-Robots-2026-1/ros2_ws/install/simple_move:/opt/ros/jazzy DEBUGINFOD_URLS=https://debuginfod.ubuntu.com /usr/bin/cmake /home/christian-pineda/Mobile-Robots-2026-1/ros2_ws/src/config_files -DCMAKE_INSTALL_PREFIX=/home/christian-pineda/Mobile-Robots-2026-1/install/config_files
[0.205s] -- The C compiler identification is GNU 13.3.0
[0.322s] -- The CXX compiler identification is GNU 13.3.0
[0.371s] -- Detecting C compiler ABI info
[0.562s] -- Detecting C compiler ABI info - done
[0.603s] -- Check for working C compiler: /usr/bin/cc - skipped
[0.603s] -- Detecting C compile features
[0.604s] -- Detecting C compile features - done
[0.620s] -- Detecting CXX compiler ABI info
[0.828s] -- Detecting CXX compiler ABI info - done
[0.860s] -- Check for working CXX compiler: /usr/bin/c++ - skipped
[0.861s] -- Detecting CXX compile features
[0.862s] -- Detecting CXX compile features - done
[0.884s] -- Found ament_cmake: 2.5.4 (/opt/ros/jazzy/share/ament_cmake/cmake)
[1.250s] -- Found Python3: /usr/bin/python3 (found version "3.12.3") found components: Interpreter 
[1.569s] -- Found rclcpp: 28.1.11 (/opt/ros/jazzy/share/rclcpp/cmake)
[1.752s] -- Found rosidl_generator_c: 4.6.6 (/opt/ros/jazzy/share/rosidl_generator_c/cmake)
[1.809s] -- Found rosidl_generator_cpp: 4.6.6 (/opt/ros/jazzy/share/rosidl_generator_cpp/cmake)
[1.884s] -- Using all available rosidl_typesupport_c: rosidl_typesupport_fastrtps_c;rosidl_typesupport_introspection_c
[1.971s] -- Using all available rosidl_typesupport_cpp: rosidl_typesupport_fastrtps_cpp;rosidl_typesupport_introspection_cpp
[2.547s] -- Found rmw_implementation_cmake: 7.3.2 (/opt/ros/jazzy/share/rmw_implementation_cmake/cmake)
[2.584s] -- Found rmw_fastrtps_cpp: 8.4.3 (/opt/ros/jazzy/share/rmw_fastrtps_cpp/cmake)
[3.074s] -- Found OpenSSL: /usr/lib/x86_64-linux-gnu/libcrypto.so (found version "3.0.13")  
[3.196s] -- Found FastRTPS: /opt/ros/jazzy/include (Required is at least version "2.13") 
[3.315s] -- Using RMW implementation 'rmw_fastrtps_cpp' as default
[3.943s] -- Found ament_lint_auto: 0.17.3 (/opt/ros/jazzy/share/ament_lint_auto/cmake)
[4.689s] -- Added test 'lint_cmake' to check CMake code style
[4.716s] -- Added test 'xmllint' to check XML markup files
[4.754s] -- Configuring done (4.7s)
[4.786s] -- Generating done (0.0s)
[4.810s] -- Build files have been written to: /home/christian-pineda/Mobile-Robots-2026-1/build/config_files
[4.903s] Invoked command in '/home/christian-pineda/Mobile-Robots-2026-1/build/config_files' returned '0': CMAKE_PREFIX_PATH=${CMAKE_PREFIX_PATH}:/home/christian-pineda/Mobile-Robots-2026-1/ros2_ws/install/uf_ros_lib:/home/christian-pineda/Mobile-Robots-2026-1/ros2_ws/install/simple_move:/opt/ros/jazzy DEBUGINFOD_URLS=https://debuginfod.ubuntu.com /usr/bin/cmake /home/christian-pineda/Mobile-Robots-2026-1/ros2_ws/src/config_files -DCMAKE_INSTALL_PREFIX=/home/christian-pineda/Mobile-Robots-2026-1/install/config_files
[4.907s] Invoking command in '/home/christian-pineda/Mobile-Robots-2026-1/build/config_files': CMAKE_PREFIX_PATH=${CMAKE_PREFIX_PATH}:/home/christian-pineda/Mobile-Robots-2026-1/ros2_ws/install/uf_ros_lib:/home/christian-pineda/Mobile-Robots-2026-1/ros2_ws/install/simple_move:/opt/ros/jazzy DEBUGINFOD_URLS=https://debuginfod.ubuntu.com /usr/bin/cmake --build /home/christian-pineda/Mobile-Robots-2026-1/build/config_files -- -j4 -l4
[5.142s] Invoked command in '/home/christian-pineda/Mobile-Robots-2026-1/build/config_files' returned '0': CMAKE_PREFIX_PATH=${CMAKE_PREFIX_PATH}:/home/christian-pineda/Mobile-Robots-2026-1/ros2_ws/install/uf_ros_lib:/home/christian-pineda/Mobile-Robots-2026-1/ros2_ws/install/simple_move:/opt/ros/jazzy DEBUGINFOD_URLS=https://debuginfod.ubuntu.com /usr/bin/cmake --build /home/christian-pineda/Mobile-Robots-2026-1/build/config_files -- -j4 -l4
[5.150s] Invoking command in '/home/christian-pineda/Mobile-Robots-2026-1/build/config_files': CMAKE_PREFIX_PATH=${CMAKE_PREFIX_PATH}:/home/christian-pineda/Mobile-Robots-2026-1/ros2_ws/install/uf_ros_lib:/home/christian-pineda/Mobile-Robots-2026-1/ros2_ws/install/simple_move:/opt/ros/jazzy DEBUGINFOD_URLS=https://debuginfod.ubuntu.com /usr/bin/cmake --install /home/christian-pineda/Mobile-Robots-2026-1/build/config_files
[5.213s] -- Install configuration: ""
[5.213s] -- Installing: /home/christian-pineda/Mobile-Robots-2026-1/install/config_files/share/config_files/rviz
[5.215s] -- Installing: /home/christian-pineda/Mobile-Robots-2026-1/install/config_files/share/config_files/rviz/simple_house.rviz
[5.221s] -- Installing: /home/christian-pineda/Mobile-Robots-2026-1/install/config_files/share/config_files/navigation
[5.225s] -- Installing: /home/christian-pineda/Mobile-Robots-2026-1/install/config_files/share/config_files/navigation/simple_house.yaml
[5.225s] -- Installing: /home/christian-pineda/Mobile-Robots-2026-1/install/config_files/share/config_files/navigation/simple_house.pgm
[5.240s] -- Installing: /home/christian-pineda/Mobile-Robots-2026-1/install/config_files/share/config_files/navigation/mapper_params.yaml
[5.245s] -- Installing: /home/christian-pineda/Mobile-Robots-2026-1/install/config_files/share/ament_index/resource_index/package_run_dependencies/config_files
[5.246s] -- Installing: /home/christian-pineda/Mobile-Robots-2026-1/install/config_files/share/ament_index/resource_index/parent_prefix_path/config_files
[5.249s] -- Installing: /home/christian-pineda/Mobile-Robots-2026-1/install/config_files/share/config_files/environment/ament_prefix_path.sh
[5.260s] -- Installing: /home/christian-pineda/Mobile-Robots-2026-1/install/config_files/share/config_files/environment/ament_prefix_path.dsv
[5.266s] -- Installing: /home/christian-pineda/Mobile-Robots-2026-1/install/config_files/share/config_files/environment/path.sh
[5.267s] -- Installing: /home/christian-pineda/Mobile-Robots-2026-1/install/config_files/share/config_files/environment/path.dsv
[5.267s] -- Installing: /home/christian-pineda/Mobile-Robots-2026-1/install/config_files/share/config_files/local_setup.bash
[5.271s] -- Installing: /home/christian-pineda/Mobile-Robots-2026-1/install/config_files/share/config_files/local_setup.sh
[5.272s] -- Installing: /home/christian-pineda/Mobile-Robots-2026-1/install/config_files/share/config_files/local_setup.zsh
[5.273s] -- Installing: /home/christian-pineda/Mobile-Robots-2026-1/install/config_files/share/config_files/local_setup.dsv
[5.278s] -- Installing: /home/christian-pineda/Mobile-Robots-2026-1/install/config_files/share/config_files/package.dsv
[5.279s] -- Installing: /home/christian-pineda/Mobile-Robots-2026-1/install/config_files/share/ament_index/resource_index/packages/config_files
[5.280s] -- Installing: /home/christian-pineda/Mobile-Robots-2026-1/install/config_files/share/config_files/cmake/config_filesConfig.cmake
[5.286s] -- Installing: /home/christian-pineda/Mobile-Robots-2026-1/install/config_files/share/config_files/cmake/config_filesConfig-version.cmake
[5.287s] -- Installing: /home/christian-pineda/Mobile-Robots-2026-1/install/config_files/share/config_files/package.xml
[5.306s] Invoked command in '/home/christian-pineda/Mobile-Robots-2026-1/build/config_files' returned '0': CMAKE_PREFIX_PATH=${CMAKE_PREFIX_PATH}:/home/christian-pineda/Mobile-Robots-2026-1/ros2_ws/install/uf_ros_lib:/home/christian-pineda/Mobile-Robots-2026-1/ros2_ws/install/simple_move:/opt/ros/jazzy DEBUGINFOD_URLS=https://debuginfod.ubuntu.com /usr/bin/cmake --install /home/christian-pineda/Mobile-Robots-2026-1/build/config_files
