[1.748s] Invoking command in '/home/christopher/Mobile-Robots-2026-1/ros2_ws/src/hardware/xarm_ros2/uf_ros_lib': DEBUGINFOD_URLS=https://debuginfod.ubuntu.com PYTHONPATH=/home/christopher/Mobile-Robots-2026-1/build/uf_ros_lib/prefix_override:/usr/lib/python3/dist-packages/colcon_core/task/python/colcon_distutils_commands:/home/christopher/Mobile-Robots-2026-1/install/uf_ros_lib/lib/python3.12/site-packages:${PYTHONPATH} /usr/bin/python3 -W ignore:setup.py install is deprecated -W ignore:easy_install command is deprecated setup.py egg_info --egg-base ../../../../../build/uf_ros_lib build --build-base /home/christopher/Mobile-Robots-2026-1/build/uf_ros_lib/build install --record /home/christopher/Mobile-Robots-2026-1/build/uf_ros_lib/install.log --single-version-externally-managed install_data
[2.127s] running egg_info
[2.127s] creating ../../../../../build/uf_ros_lib/uf_ros_lib.egg-info
[2.150s] writing ../../../../../build/uf_ros_lib/uf_ros_lib.egg-info/PKG-INFO
[2.151s] writing dependency_links to ../../../../../build/uf_ros_lib/uf_ros_lib.egg-info/dependency_links.txt
[2.151s] writing requirements to ../../../../../build/uf_ros_lib/uf_ros_lib.egg-info/requires.txt
[2.151s] writing top-level names to ../../../../../build/uf_ros_lib/uf_ros_lib.egg-info/top_level.txt
[2.152s] writing manifest file '../../../../../build/uf_ros_lib/uf_ros_lib.egg-info/SOURCES.txt'
[2.188s] reading manifest file '../../../../../build/uf_ros_lib/uf_ros_lib.egg-info/SOURCES.txt'
[2.188s] writing manifest file '../../../../../build/uf_ros_lib/uf_ros_lib.egg-info/SOURCES.txt'
[2.188s] running build
[2.188s] running build_py
[2.189s] creating /home/christopher/Mobile-Robots-2026-1/build/uf_ros_lib/build
[2.189s] creating /home/christopher/Mobile-Robots-2026-1/build/uf_ros_lib/build/lib
[2.189s] creating /home/christopher/Mobile-Robots-2026-1/build/uf_ros_lib/build/lib/uf_ros_lib
[2.189s] copying uf_ros_lib/parameter_descriptions.py -> /home/christopher/Mobile-Robots-2026-1/build/uf_ros_lib/build/lib/uf_ros_lib
[2.190s] copying uf_ros_lib/uf_robot_utils.py -> /home/christopher/Mobile-Robots-2026-1/build/uf_ros_lib/build/lib/uf_ros_lib
[2.190s] copying uf_ros_lib/__init__.py -> /home/christopher/Mobile-Robots-2026-1/build/uf_ros_lib/build/lib/uf_ros_lib
[2.191s] copying uf_ros_lib/moveit_configs_builder.py -> /home/christopher/Mobile-Robots-2026-1/build/uf_ros_lib/build/lib/uf_ros_lib
[2.192s] creating /home/christopher/Mobile-Robots-2026-1/build/uf_ros_lib/build/lib/uf_ros_lib/substitutions
[2.192s] copying uf_ros_lib/substitutions/common.py -> /home/christopher/Mobile-Robots-2026-1/build/uf_ros_lib/build/lib/uf_ros_lib/substitutions
[2.192s] copying uf_ros_lib/substitutions/joint_limits.py -> /home/christopher/Mobile-Robots-2026-1/build/uf_ros_lib/build/lib/uf_ros_lib/substitutions
[2.193s] copying uf_ros_lib/substitutions/__init__.py -> /home/christopher/Mobile-Robots-2026-1/build/uf_ros_lib/build/lib/uf_ros_lib/substitutions
[2.193s] copying uf_ros_lib/substitutions/planning_pipelines.py -> /home/christopher/Mobile-Robots-2026-1/build/uf_ros_lib/build/lib/uf_ros_lib/substitutions
[2.194s] copying uf_ros_lib/substitutions/controllers.py -> /home/christopher/Mobile-Robots-2026-1/build/uf_ros_lib/build/lib/uf_ros_lib/substitutions
[2.194s] copying uf_ros_lib/substitutions/kinematics.py -> /home/christopher/Mobile-Robots-2026-1/build/uf_ros_lib/build/lib/uf_ros_lib/substitutions
[2.195s] running install
[2.201s] running install_lib
[2.218s] creating /home/christopher/Mobile-Robots-2026-1/install/uf_ros_lib/lib/python3.12/site-packages/uf_ros_lib
[2.218s] copying /home/christopher/Mobile-Robots-2026-1/build/uf_ros_lib/build/lib/uf_ros_lib/parameter_descriptions.py -> /home/christopher/Mobile-Robots-2026-1/install/uf_ros_lib/lib/python3.12/site-packages/uf_ros_lib
[2.219s] copying /home/christopher/Mobile-Robots-2026-1/build/uf_ros_lib/build/lib/uf_ros_lib/uf_robot_utils.py -> /home/christopher/Mobile-Robots-2026-1/install/uf_ros_lib/lib/python3.12/site-packages/uf_ros_lib
[2.219s] creating /home/christopher/Mobile-Robots-2026-1/install/uf_ros_lib/lib/python3.12/site-packages/uf_ros_lib/substitutions
[2.220s] copying /home/christopher/Mobile-Robots-2026-1/build/uf_ros_lib/build/lib/uf_ros_lib/substitutions/common.py -> /home/christopher/Mobile-Robots-2026-1/install/uf_ros_lib/lib/python3.12/site-packages/uf_ros_lib/substitutions
[2.220s] copying /home/christopher/Mobile-Robots-2026-1/build/uf_ros_lib/build/lib/uf_ros_lib/substitutions/joint_limits.py -> /home/christopher/Mobile-Robots-2026-1/install/uf_ros_lib/lib/python3.12/site-packages/uf_ros_lib/substitutions
[2.220s] copying /home/christopher/Mobile-Robots-2026-1/build/uf_ros_lib/build/lib/uf_ros_lib/substitutions/__init__.py -> /home/christopher/Mobile-Robots-2026-1/install/uf_ros_lib/lib/python3.12/site-packages/uf_ros_lib/substitutions
[2.220s] copying /home/christopher/Mobile-Robots-2026-1/build/uf_ros_lib/build/lib/uf_ros_lib/substitutions/planning_pipelines.py -> /home/christopher/Mobile-Robots-2026-1/install/uf_ros_lib/lib/python3.12/site-packages/uf_ros_lib/substitutions
[2.221s] copying /home/christopher/Mobile-Robots-2026-1/build/uf_ros_lib/build/lib/uf_ros_lib/substitutions/controllers.py -> /home/christopher/Mobile-Robots-2026-1/install/uf_ros_lib/lib/python3.12/site-packages/uf_ros_lib/substitutions
[2.221s] copying /home/christopher/Mobile-Robots-2026-1/build/uf_ros_lib/build/lib/uf_ros_lib/substitutions/kinematics.py -> /home/christopher/Mobile-Robots-2026-1/install/uf_ros_lib/lib/python3.12/site-packages/uf_ros_lib/substitutions
[2.221s] copying /home/christopher/Mobile-Robots-2026-1/build/uf_ros_lib/build/lib/uf_ros_lib/__init__.py -> /home/christopher/Mobile-Robots-2026-1/install/uf_ros_lib/lib/python3.12/site-packages/uf_ros_lib
[2.221s] copying /home/christopher/Mobile-Robots-2026-1/build/uf_ros_lib/build/lib/uf_ros_lib/moveit_configs_builder.py -> /home/christopher/Mobile-Robots-2026-1/install/uf_ros_lib/lib/python3.12/site-packages/uf_ros_lib
[2.222s] byte-compiling /home/christopher/Mobile-Robots-2026-1/install/uf_ros_lib/lib/python3.12/site-packages/uf_ros_lib/parameter_descriptions.py to parameter_descriptions.cpython-312.pyc
[2.223s] byte-compiling /home/christopher/Mobile-Robots-2026-1/install/uf_ros_lib/lib/python3.12/site-packages/uf_ros_lib/uf_robot_utils.py to uf_robot_utils.cpython-312.pyc
[2.225s] byte-compiling /home/christopher/Mobile-Robots-2026-1/install/uf_ros_lib/lib/python3.12/site-packages/uf_ros_lib/substitutions/common.py to common.cpython-312.pyc
[2.226s] byte-compiling /home/christopher/Mobile-Robots-2026-1/install/uf_ros_lib/lib/python3.12/site-packages/uf_ros_lib/substitutions/joint_limits.py to joint_limits.cpython-312.pyc
[2.227s] byte-compiling /home/christopher/Mobile-Robots-2026-1/install/uf_ros_lib/lib/python3.12/site-packages/uf_ros_lib/substitutions/__init__.py to __init__.cpython-312.pyc
[2.231s] byte-compiling /home/christopher/Mobile-Robots-2026-1/install/uf_ros_lib/lib/python3.12/site-packages/uf_ros_lib/substitutions/planning_pipelines.py to planning_pipelines.cpython-312.pyc
[2.231s] byte-compiling /home/christopher/Mobile-Robots-2026-1/install/uf_ros_lib/lib/python3.12/site-packages/uf_ros_lib/substitutions/controllers.py to controllers.cpython-312.pyc
[2.240s] byte-compiling /home/christopher/Mobile-Robots-2026-1/install/uf_ros_lib/lib/python3.12/site-packages/uf_ros_lib/substitutions/kinematics.py to kinematics.cpython-312.pyc
[2.244s] byte-compiling /home/christopher/Mobile-Robots-2026-1/install/uf_ros_lib/lib/python3.12/site-packages/uf_ros_lib/__init__.py to __init__.cpython-312.pyc
[2.244s] byte-compiling /home/christopher/Mobile-Robots-2026-1/install/uf_ros_lib/lib/python3.12/site-packages/uf_ros_lib/moveit_configs_builder.py to moveit_configs_builder.cpython-312.pyc
[2.253s] running install_data
[2.254s] creating /home/christopher/Mobile-Robots-2026-1/install/uf_ros_lib/share/ament_index
[2.254s] creating /home/christopher/Mobile-Robots-2026-1/install/uf_ros_lib/share/ament_index/resource_index
[2.254s] creating /home/christopher/Mobile-Robots-2026-1/install/uf_ros_lib/share/ament_index/resource_index/packages
[2.254s] copying resource/uf_ros_lib -> /home/christopher/Mobile-Robots-2026-1/install/uf_ros_lib/share/ament_index/resource_index/packages
[2.255s] copying package.xml -> /home/christopher/Mobile-Robots-2026-1/install/uf_ros_lib/share/uf_ros_lib
[2.255s] running install_egg_info
[2.279s] Copying ../../../../../build/uf_ros_lib/uf_ros_lib.egg-info to /home/christopher/Mobile-Robots-2026-1/install/uf_ros_lib/lib/python3.12/site-packages/uf_ros_lib-0.0.0-py3.12.egg-info
[2.280s] running install_scripts
[2.403s] writing list of installed files to '/home/christopher/Mobile-Robots-2026-1/build/uf_ros_lib/install.log'
[2.433s] Invoked command in '/home/christopher/Mobile-Robots-2026-1/ros2_ws/src/hardware/xarm_ros2/uf_ros_lib' returned '0': DEBUGINFOD_URLS=https://debuginfod.ubuntu.com PYTHONPATH=/home/christopher/Mobile-Robots-2026-1/build/uf_ros_lib/prefix_override:/usr/lib/python3/dist-packages/colcon_core/task/python/colcon_distutils_commands:/home/christopher/Mobile-Robots-2026-1/install/uf_ros_lib/lib/python3.12/site-packages:${PYTHONPATH} /usr/bin/python3 -W ignore:setup.py install is deprecated -W ignore:easy_install command is deprecated setup.py egg_info --egg-base ../../../../../build/uf_ros_lib build --build-base /home/christopher/Mobile-Robots-2026-1/build/uf_ros_lib/build install --record /home/christopher/Mobile-Robots-2026-1/build/uf_ros_lib/install.log --single-version-externally-managed install_data
