[1.802s] Invoking command in '/home/christopher/Mobile-Robots-2026-1/ros2_ws/src/navigation/simple_move': DEBUGINFOD_URLS=https://debuginfod.ubuntu.com PYTHONPATH=/home/christopher/Mobile-Robots-2026-1/build/simple_move/prefix_override:/usr/lib/python3/dist-packages/colcon_core/task/python/colcon_distutils_commands:/home/christopher/Mobile-Robots-2026-1/install/simple_move/lib/python3.12/site-packages:${PYTHONPATH} /usr/bin/python3 -W ignore:setup.py install is deprecated -W ignore:easy_install command is deprecated setup.py egg_info --egg-base ../../../../build/simple_move build --build-base /home/christopher/Mobile-Robots-2026-1/build/simple_move/build install --record /home/christopher/Mobile-Robots-2026-1/build/simple_move/install.log --single-version-externally-managed install_data
[2.294s] running egg_info
[2.339s] writing ../../../../build/simple_move/simple_move.egg-info/PKG-INFO
[2.339s] writing dependency_links to ../../../../build/simple_move/simple_move.egg-info/dependency_links.txt
[2.342s] writing entry points to ../../../../build/simple_move/simple_move.egg-info/entry_points.txt
[2.342s] writing requirements to ../../../../build/simple_move/simple_move.egg-info/requires.txt
[2.349s] writing top-level names to ../../../../build/simple_move/simple_move.egg-info/top_level.txt
[2.453s] reading manifest file '../../../../build/simple_move/simple_move.egg-info/SOURCES.txt'
[2.457s] adding license file 'LICENSE'
[2.458s] writing manifest file '../../../../build/simple_move/simple_move.egg-info/SOURCES.txt'
[2.460s] running build
[2.460s] running build_py
[2.463s] running install
[2.491s] running install_lib
[2.537s] byte-compiling /home/christopher/Mobile-Robots-2026-1/install/simple_move/lib/python3.12/site-packages/simple_move/ros_basics.py to ros_basics.cpython-312.pyc
[2.539s]   File "/home/christopher/Mobile-Robots-2026-1/install/simple_move/lib/python3.12/site-packages/simple_move/ros_basics.py", line 44
[2.539s]     self.obstacle_detected = msg.ranges[len(msg.ranges)]//2]<1.0
[2.539s]                                                            ^
[2.554s] SyntaxError: unmatched ']'
[2.554s] 
[2.554s] running install_data
[2.554s] running install_egg_info
[2.693s] removing '/home/christopher/Mobile-Robots-2026-1/install/simple_move/lib/python3.12/site-packages/simple_move-0.0.0-py3.12.egg-info' (and everything under it)
[2.693s] Copying ../../../../build/simple_move/simple_move.egg-info to /home/christopher/Mobile-Robots-2026-1/install/simple_move/lib/python3.12/site-packages/simple_move-0.0.0-py3.12.egg-info
[2.694s] running install_scripts
[2.997s] Installing path_follower script to /home/christopher/Mobile-Robots-2026-1/install/simple_move/lib/simple_move
[2.997s] Installing ros_basics script to /home/christopher/Mobile-Robots-2026-1/install/simple_move/lib/simple_move
[2.998s] writing list of installed files to '/home/christopher/Mobile-Robots-2026-1/build/simple_move/install.log'
[3.019s] Invoked command in '/home/christopher/Mobile-Robots-2026-1/ros2_ws/src/navigation/simple_move' returned '0': DEBUGINFOD_URLS=https://debuginfod.ubuntu.com PYTHONPATH=/home/christopher/Mobile-Robots-2026-1/build/simple_move/prefix_override:/usr/lib/python3/dist-packages/colcon_core/task/python/colcon_distutils_commands:/home/christopher/Mobile-Robots-2026-1/install/simple_move/lib/python3.12/site-packages:${PYTHONPATH} /usr/bin/python3 -W ignore:setup.py install is deprecated -W ignore:easy_install command is deprecated setup.py egg_info --egg-base ../../../../build/simple_move build --build-base /home/christopher/Mobile-Robots-2026-1/build/simple_move/build install --record /home/christopher/Mobile-Robots-2026-1/build/simple_move/install.log --single-version-externally-managed install_data
