[0.046s] Invoking command in '/home/christopher/Mobile-Robots-2026-1/build/xarm_description': CMAKE_PREFIX_PATH=${CMAKE_PREFIX_PATH}:/opt/ros/jazzy DEBUGINFOD_URLS=https://debuginfod.ubuntu.com /usr/bin/cmake /home/christopher/Mobile-Robots-2026-1/ros2_ws/src/hardware/xarm_ros2/xarm_description -DCMAKE_INSTALL_PREFIX=/home/christopher/Mobile-Robots-2026-1/install/xarm_description
[0.121s] -- Found ament_cmake: 2.5.4 (/opt/ros/jazzy/share/ament_cmake/cmake)
[0.587s] -- Found Python3: /usr/bin/python3 (found version "3.12.3") found components: Interpreter 
[0.852s] -- Found ament_lint_auto: 0.17.3 (/opt/ros/jazzy/share/ament_lint_auto/cmake)
[1.006s] -- Added test 'copyright' to check source files copyright and LICENSE
[1.042s] -- Added test 'flake8' to check Python code syntax and style conventions
[1.042s] -- Configured 'flake8' exclude dirs and/or files: 
[1.046s] -- Added test 'lint_cmake' to check CMake code style
[1.049s] -- Added test 'pep257' to check Python code against some of the docstring style conventions in PEP 257
[1.074s] -- Added test 'xmllint' to check XML markup files
[1.076s] -- Configuring done (1.0s)
[1.083s] -- Generating done (0.0s)
[1.084s] -- Build files have been written to: /home/christopher/Mobile-Robots-2026-1/build/xarm_description
[1.091s] Invoked command in '/home/christopher/Mobile-Robots-2026-1/build/xarm_description' returned '0': CMAKE_PREFIX_PATH=${CMAKE_PREFIX_PATH}:/opt/ros/jazzy DEBUGINFOD_URLS=https://debuginfod.ubuntu.com /usr/bin/cmake /home/christopher/Mobile-Robots-2026-1/ros2_ws/src/hardware/xarm_ros2/xarm_description -DCMAKE_INSTALL_PREFIX=/home/christopher/Mobile-Robots-2026-1/install/xarm_description
[1.091s] Invoking command in '/home/christopher/Mobile-Robots-2026-1/build/xarm_description': CMAKE_PREFIX_PATH=${CMAKE_PREFIX_PATH}:/opt/ros/jazzy DEBUGINFOD_URLS=https://debuginfod.ubuntu.com /usr/bin/cmake --build /home/christopher/Mobile-Robots-2026-1/build/xarm_description -- -j2 -l2
[1.333s] Invoked command in '/home/christopher/Mobile-Robots-2026-1/build/xarm_description' returned '0': CMAKE_PREFIX_PATH=${CMAKE_PREFIX_PATH}:/opt/ros/jazzy DEBUGINFOD_URLS=https://debuginfod.ubuntu.com /usr/bin/cmake --build /home/christopher/Mobile-Robots-2026-1/build/xarm_description -- -j2 -l2
[1.379s] Invoking command in '/home/christopher/Mobile-Robots-2026-1/build/xarm_description': CMAKE_PREFIX_PATH=${CMAKE_PREFIX_PATH}:/opt/ros/jazzy DEBUGINFOD_URLS=https://debuginfod.ubuntu.com /usr/bin/cmake --install /home/christopher/Mobile-Robots-2026-1/build/xarm_description
[1.417s] -- Install configuration: ""
[1.418s] -- Installing: /home/christopher/Mobile-Robots-2026-1/install/xarm_description/share/xarm_description//rviz
[1.419s] -- Installing: /home/christopher/Mobile-Robots-2026-1/install/xarm_description/share/xarm_description//rviz/display.rviz
[1.421s] -- Installing: /home/christopher/Mobile-Robots-2026-1/install/xarm_description/share/xarm_description//urdf
[1.421s] -- Installing: /home/christopher/Mobile-Robots-2026-1/install/xarm_description/share/xarm_description//urdf/xarm6
[1.421s] -- Installing: /home/christopher/Mobile-Robots-2026-1/install/xarm_description/share/xarm_description//urdf/xarm6/xarm6.gazebo.xacro
[1.421s] -- Installing: /home/christopher/Mobile-Robots-2026-1/install/xarm_description/share/xarm_description//urdf/xarm6/xarm6_robot_macro.xacro
[1.421s] -- Installing: /home/christopher/Mobile-Robots-2026-1/install/xarm_description/share/xarm_description//urdf/xarm6/xarm6.ros2_control.xacro
[1.421s] -- Installing: /home/christopher/Mobile-Robots-2026-1/install/xarm_description/share/xarm_description//urdf/xarm6/xarm6.urdf.xacro
[1.423s] -- Installing: /home/christopher/Mobile-Robots-2026-1/install/xarm_description/share/xarm_description//urdf/xarm6/xarm6.transmission.xacro
[1.423s] -- Installing: /home/christopher/Mobile-Robots-2026-1/install/xarm_description/share/xarm_description//urdf/xarm_device.urdf.xacro
[1.423s] -- Installing: /home/christopher/Mobile-Robots-2026-1/install/xarm_description/share/xarm_description//urdf/other
[1.424s] -- Installing: /home/christopher/Mobile-Robots-2026-1/install/xarm_description/share/xarm_description//urdf/other/other_geometry.urdf.xacro
[1.433s] -- Installing: /home/christopher/Mobile-Robots-2026-1/install/xarm_description/share/xarm_description//urdf/xarm5
[1.433s] -- Installing: /home/christopher/Mobile-Robots-2026-1/install/xarm_description/share/xarm_description//urdf/xarm5/xarm5_robot_macro.xacro
[1.433s] -- Installing: /home/christopher/Mobile-Robots-2026-1/install/xarm_description/share/xarm_description//urdf/xarm5/xarm5.ros2_control.xacro
[1.433s] -- Installing: /home/christopher/Mobile-Robots-2026-1/install/xarm_description/share/xarm_description//urdf/xarm5/xarm5.gazebo.xacro
[1.433s] -- Installing: /home/christopher/Mobile-Robots-2026-1/install/xarm_description/share/xarm_description//urdf/xarm5/xarm5.urdf.xacro
[1.433s] -- Installing: /home/christopher/Mobile-Robots-2026-1/install/xarm_description/share/xarm_description//urdf/xarm5/xarm5.transmission.xacro
[1.443s] -- Installing: /home/christopher/Mobile-Robots-2026-1/install/xarm_description/share/xarm_description//urdf/vacuum_gripper
[1.444s] -- Installing: /home/christopher/Mobile-Robots-2026-1/install/xarm_description/share/xarm_description//urdf/vacuum_gripper/vacuum_gripper_macro.xacro
[1.444s] -- Installing: /home/christopher/Mobile-Robots-2026-1/install/xarm_description/share/xarm_description//urdf/vacuum_gripper/lite_vacuum_gripper.urdf.xacro
[1.444s] -- Installing: /home/christopher/Mobile-Robots-2026-1/install/xarm_description/share/xarm_description//urdf/vacuum_gripper/vacuum_gripper.urdf.xacro
[1.444s] -- Installing: /home/christopher/Mobile-Robots-2026-1/install/xarm_description/share/xarm_description//urdf/vacuum_gripper/xarm_vacuum_gripper.urdf.xacro
[1.444s] -- Installing: /home/christopher/Mobile-Robots-2026-1/install/xarm_description/share/xarm_description//urdf/gripper
[1.444s] -- Installing: /home/christopher/Mobile-Robots-2026-1/install/xarm_description/share/xarm_description//urdf/gripper/xarm_gripper.gazebo.xacro
[1.444s] -- Installing: /home/christopher/Mobile-Robots-2026-1/install/xarm_description/share/xarm_description//urdf/gripper/gripper.urdf.xacro
[1.444s] -- Installing: /home/christopher/Mobile-Robots-2026-1/install/xarm_description/share/xarm_description//urdf/gripper/xarm_gripper_macro.xacro
[1.444s] -- Installing: /home/christopher/Mobile-Robots-2026-1/install/xarm_description/share/xarm_description//urdf/gripper/gripper_macro.xacro
[1.444s] -- Installing: /home/christopher/Mobile-Robots-2026-1/install/xarm_description/share/xarm_description//urdf/gripper/bio_gripper.urdf.xacro
[1.444s] -- Installing: /home/christopher/Mobile-Robots-2026-1/install/xarm_description/share/xarm_description//urdf/gripper/lite_gripper.urdf.xacro
[1.449s] -- Installing: /home/christopher/Mobile-Robots-2026-1/install/xarm_description/share/xarm_description//urdf/gripper/bio_gripper_macro.xacro
[1.449s] -- Installing: /home/christopher/Mobile-Robots-2026-1/install/xarm_description/share/xarm_description//urdf/gripper/bio_gripper.transmission.xacro
[1.452s] -- Installing: /home/christopher/Mobile-Robots-2026-1/install/xarm_description/share/xarm_description//urdf/gripper/xarm_gripper.ros2_control.xacro
[1.452s] -- Installing: /home/christopher/Mobile-Robots-2026-1/install/xarm_description/share/xarm_description//urdf/gripper/xarm_gripper.transmission.xacro
[1.452s] -- Installing: /home/christopher/Mobile-Robots-2026-1/install/xarm_description/share/xarm_description//urdf/gripper/bio_gripper.ros2_control.xacro
[1.453s] -- Installing: /home/christopher/Mobile-Robots-2026-1/install/xarm_description/share/xarm_description//urdf/gripper/xarm_gripper.urdf.xacro
[1.455s] -- Installing: /home/christopher/Mobile-Robots-2026-1/install/xarm_description/share/xarm_description//urdf/gripper/bio_gripper.gazebo.xacro
[1.455s] -- Installing: /home/christopher/Mobile-Robots-2026-1/install/xarm_description/share/xarm_description//urdf/xarm7_mirror
[1.455s] -- Installing: /home/christopher/Mobile-Robots-2026-1/install/xarm_description/share/xarm_description//urdf/xarm7_mirror/xarm7_mirror_robot_macro.xacro
[1.455s] -- Installing: /home/christopher/Mobile-Robots-2026-1/install/xarm_description/share/xarm_description//urdf/xarm7_mirror/xarm7_mirror.urdf.xacro
[1.457s] -- Installing: /home/christopher/Mobile-Robots-2026-1/install/xarm_description/share/xarm_description//urdf/xarm7_mirror/xarm7_mirror.gazebo.xacro
[1.457s] -- Installing: /home/christopher/Mobile-Robots-2026-1/install/xarm_description/share/xarm_description//urdf/xarm7_mirror/xarm7_mirror.transmission.xacro
[1.461s] -- Installing: /home/christopher/Mobile-Robots-2026-1/install/xarm_description/share/xarm_description//urdf/xarm7_mirror/xarm7_mirror.ros2_control.xacro
[1.461s] -- Installing: /home/christopher/Mobile-Robots-2026-1/install/xarm_description/share/xarm_description//urdf/lite6
[1.462s] -- Installing: /home/christopher/Mobile-Robots-2026-1/install/xarm_description/share/xarm_description//urdf/lite6/lite6.gazebo.xacro
[1.462s] -- Installing: /home/christopher/Mobile-Robots-2026-1/install/xarm_description/share/xarm_description//urdf/lite6/lite6.transmission.xacro
[1.462s] -- Installing: /home/christopher/Mobile-Robots-2026-1/install/xarm_description/share/xarm_description//urdf/lite6/lite6.urdf.xacro
[1.462s] -- Installing: /home/christopher/Mobile-Robots-2026-1/install/xarm_description/share/xarm_description//urdf/lite6/lite6_robot_macro.xacro
[1.463s] -- Installing: /home/christopher/Mobile-Robots-2026-1/install/xarm_description/share/xarm_description//urdf/lite6/lite6.ros2_control.xacro
[1.463s] -- Installing: /home/christopher/Mobile-Robots-2026-1/install/xarm_description/share/xarm_description//urdf/_private_macro.xacro
[1.467s] -- Installing: /home/christopher/Mobile-Robots-2026-1/install/xarm_description/share/xarm_description//urdf/xarm_device_macro.xacro
[1.467s] -- Installing: /home/christopher/Mobile-Robots-2026-1/install/xarm_description/share/xarm_description//urdf/xarm7
[1.467s] -- Installing: /home/christopher/Mobile-Robots-2026-1/install/xarm_description/share/xarm_description//urdf/xarm7/xarm7.gazebo.xacro
[1.467s] -- Installing: /home/christopher/Mobile-Robots-2026-1/install/xarm_description/share/xarm_description//urdf/xarm7/xarm7.urdf.xacro
[1.467s] -- Installing: /home/christopher/Mobile-Robots-2026-1/install/xarm_description/share/xarm_description//urdf/xarm7/xarm7_robot_macro.xacro
[1.468s] -- Installing: /home/christopher/Mobile-Robots-2026-1/install/xarm_description/share/xarm_description//urdf/xarm7/xarm7.transmission.xacro
[1.470s] -- Installing: /home/christopher/Mobile-Robots-2026-1/install/xarm_description/share/xarm_description//urdf/xarm7/xarm7.ros2_control.xacro
[1.470s] -- Installing: /home/christopher/Mobile-Robots-2026-1/install/xarm_description/share/xarm_description//urdf/camera
[1.470s] -- Installing: /home/christopher/Mobile-Robots-2026-1/install/xarm_description/share/xarm_description//urdf/camera/realsense.gazebo.xacro
[1.471s] -- Installing: /home/christopher/Mobile-Robots-2026-1/install/xarm_description/share/xarm_description//urdf/camera/camera.gazebo.xacro
[1.471s] -- Installing: /home/christopher/Mobile-Robots-2026-1/install/xarm_description/share/xarm_description//urdf/camera/realsense_d435i.urdf.xacro
[1.471s] -- Installing: /home/christopher/Mobile-Robots-2026-1/install/xarm_description/share/xarm_description//urdf/uf850
[1.471s] -- Installing: /home/christopher/Mobile-Robots-2026-1/install/xarm_description/share/xarm_description//urdf/uf850/uf850.transmission.xacro
[1.472s] -- Installing: /home/christopher/Mobile-Robots-2026-1/install/xarm_description/share/xarm_description//urdf/uf850/uf850.urdf.xacro
[1.473s] -- Installing: /home/christopher/Mobile-Robots-2026-1/install/xarm_description/share/xarm_description//urdf/uf850/uf850.gazebo.xacro
[1.473s] -- Installing: /home/christopher/Mobile-Robots-2026-1/install/xarm_description/share/xarm_description//urdf/uf850/uf850_robot_macro.xacro
[1.474s] -- Installing: /home/christopher/Mobile-Robots-2026-1/install/xarm_description/share/xarm_description//urdf/uf850/uf850.ros2_control.xacro
[1.475s] -- Installing: /home/christopher/Mobile-Robots-2026-1/install/xarm_description/share/xarm_description//urdf/dual_xarm_device.urdf.xacro
[1.478s] -- Installing: /home/christopher/Mobile-Robots-2026-1/install/xarm_description/share/xarm_description//urdf/common
[1.478s] -- Installing: /home/christopher/Mobile-Robots-2026-1/install/xarm_description/share/xarm_description//urdf/common/common.gazebo.xacro
[1.479s] -- Installing: /home/christopher/Mobile-Robots-2026-1/install/xarm_description/share/xarm_description//urdf/common/common.material.xacro
[1.480s] -- Installing: /home/christopher/Mobile-Robots-2026-1/install/xarm_description/share/xarm_description//urdf/common/common.link.xacro
[1.481s] -- Installing: /home/christopher/Mobile-Robots-2026-1/install/xarm_description/share/xarm_description//config
[1.482s] -- Installing: /home/christopher/Mobile-Robots-2026-1/install/xarm_description/share/xarm_description//config/link_inertial
[1.483s] -- Installing: /home/christopher/Mobile-Robots-2026-1/install/xarm_description/share/xarm_description//config/link_inertial/xarm7_type13_HT_BR2.yaml
[1.483s] -- Installing: /home/christopher/Mobile-Robots-2026-1/install/xarm_description/share/xarm_description//config/link_inertial/xarm7_type3_YT_SP.yaml
[1.484s] -- Installing: /home/christopher/Mobile-Robots-2026-1/install/xarm_description/share/xarm_description//config/link_inertial/xarm5_type5_HT_BR.yaml
[1.484s] -- Installing: /home/christopher/Mobile-Robots-2026-1/install/xarm_description/share/xarm_description//config/link_inertial/xarm5_type5_HT_LD.yaml
[1.485s] -- Installing: /home/christopher/Mobile-Robots-2026-1/install/xarm_description/share/xarm_description//config/link_inertial/xarm6_type6_HT_BR2.yaml
[1.488s] -- Installing: /home/christopher/Mobile-Robots-2026-1/install/xarm_description/share/xarm_description//config/link_inertial/xarm6_type11_HT_LD.yaml
[1.488s] -- Installing: /home/christopher/Mobile-Robots-2026-1/install/xarm_description/share/xarm_description//config/link_inertial/xarm6_type6_UJ_BR_2403.yaml
[1.488s] -- Installing: /home/christopher/Mobile-Robots-2026-1/install/xarm_description/share/xarm_description//config/link_inertial/gen_link_inertial_params.py
[1.488s] -- Installing: /home/christopher/Mobile-Robots-2026-1/install/xarm_description/share/xarm_description//config/link_inertial/xarm6_type6_HT2_LD.yaml
[1.490s] -- Installing: /home/christopher/Mobile-Robots-2026-1/install/xarm_description/share/xarm_description//config/link_inertial/xarm6_type9_HT_BR2.yaml
[1.490s] -- Installing: /home/christopher/Mobile-Robots-2026-1/install/xarm_description/share/xarm_description//config/link_inertial/xarm7_type7_HT_LD.yaml
[1.491s] -- Installing: /home/christopher/Mobile-Robots-2026-1/install/xarm_description/share/xarm_description//config/link_inertial/xarm6_type8_HT2_BR2.yaml
[1.491s] -- Installing: /home/christopher/Mobile-Robots-2026-1/install/xarm_description/share/xarm_description//config/link_inertial/xarm6_type12_HT_LDBR2.yaml
[1.492s] -- Installing: /home/christopher/Mobile-Robots-2026-1/install/xarm_description/share/xarm_description//config/link_inertial/xarm7_type7_UJ_BR_2403.yaml
[1.493s] -- Installing: /home/christopher/Mobile-Robots-2026-1/install/xarm_description/share/xarm_description//config/link_inertial/xarm5_type5_UJ_BR_2403.yaml
[1.498s] -- Installing: /home/christopher/Mobile-Robots-2026-1/install/xarm_description/share/xarm_description//config/link_inertial/xarm5_type5_HT_BR2.yaml
[1.498s] -- Installing: /home/christopher/Mobile-Robots-2026-1/install/xarm_description/share/xarm_description//config/link_inertial/xarm6_type6_HT_LD.yaml
[1.498s] -- Installing: /home/christopher/Mobile-Robots-2026-1/install/xarm_description/share/xarm_description//config/link_inertial/xarm6_type6_HT_BR.yaml
[1.498s] -- Installing: /home/christopher/Mobile-Robots-2026-1/install/xarm_description/share/xarm_description//config/link_inertial/xarm7_type7_HT_BR2.yaml
[1.499s] -- Installing: /home/christopher/Mobile-Robots-2026-1/install/xarm_description/share/xarm_description//config/link_inertial/xarm7_type7_HT_BR.yaml
[1.500s] -- Installing: /home/christopher/Mobile-Robots-2026-1/install/xarm_description/share/xarm_description//config/kinematics
[1.500s] -- Installing: /home/christopher/Mobile-Robots-2026-1/install/xarm_description/share/xarm_description//config/kinematics/default
[1.500s] -- Installing: /home/christopher/Mobile-Robots-2026-1/install/xarm_description/share/xarm_description//config/kinematics/default/xarm7_default_kinematics.yaml
[1.503s] -- Installing: /home/christopher/Mobile-Robots-2026-1/install/xarm_description/share/xarm_description//config/kinematics/default/xarm6_default_kinematics.yaml
[1.503s] -- Installing: /home/christopher/Mobile-Robots-2026-1/install/xarm_description/share/xarm_description//config/kinematics/default/uf850_default_kinematics.yaml
[1.503s] -- Installing: /home/christopher/Mobile-Robots-2026-1/install/xarm_description/share/xarm_description//config/kinematics/default/lite6_default_kinematics.yaml
[1.506s] -- Installing: /home/christopher/Mobile-Robots-2026-1/install/xarm_description/share/xarm_description//config/kinematics/default/xarm5_default_kinematics.yaml
[1.506s] -- Installing: /home/christopher/Mobile-Robots-2026-1/install/xarm_description/share/xarm_description//config/kinematics/default/xarm7_mirror_default_kinematics.yaml
[1.506s] -- Installing: /home/christopher/Mobile-Robots-2026-1/install/xarm_description/share/xarm_description//config/kinematics/gen_kinematics_params.py
[1.507s] -- Installing: /home/christopher/Mobile-Robots-2026-1/install/xarm_description/share/xarm_description//meshes
[1.507s] -- Installing: /home/christopher/Mobile-Robots-2026-1/install/xarm_description/share/xarm_description//meshes/xarm6
[1.507s] -- Installing: /home/christopher/Mobile-Robots-2026-1/install/xarm_description/share/xarm_description//meshes/xarm6/visual
[1.507s] -- Installing: /home/christopher/Mobile-Robots-2026-1/install/xarm_description/share/xarm_description//meshes/xarm6/visual/link_base.stl
[1.510s] -- Installing: /home/christopher/Mobile-Robots-2026-1/install/xarm_description/share/xarm_description//meshes/xarm6/visual/link6.stl
[1.514s] -- Installing: /home/christopher/Mobile-Robots-2026-1/install/xarm_description/share/xarm_description//meshes/xarm6/visual/link5.stl
[1.519s] -- Installing: /home/christopher/Mobile-Robots-2026-1/install/xarm_description/share/xarm_description//meshes/xarm6/visual/link4.stl
[1.521s] -- Installing: /home/christopher/Mobile-Robots-2026-1/install/xarm_description/share/xarm_description//meshes/xarm6/visual/link1.stl
[1.525s] -- Installing: /home/christopher/Mobile-Robots-2026-1/install/xarm_description/share/xarm_description//meshes/xarm6/visual/link3.stl
[1.530s] -- Installing: /home/christopher/Mobile-Robots-2026-1/install/xarm_description/share/xarm_description//meshes/xarm6/visual/link2.stl
[1.548s] -- Installing: /home/christopher/Mobile-Robots-2026-1/install/xarm_description/share/xarm_description//meshes/end_tool
[1.548s] -- Installing: /home/christopher/Mobile-Robots-2026-1/install/xarm_description/share/xarm_description//meshes/end_tool/visual
[1.549s] -- Installing: /home/christopher/Mobile-Robots-2026-1/install/xarm_description/share/xarm_description//meshes/end_tool/visual/end_tool_1300.stl
[1.549s] -- Installing: /home/christopher/Mobile-Robots-2026-1/install/xarm_description/share/xarm_description//meshes/end_tool/collision
[1.549s] -- Installing: /home/christopher/Mobile-Robots-2026-1/install/xarm_description/share/xarm_description//meshes/end_tool/collision/end_tool.stl
[1.549s] -- Installing: /home/christopher/Mobile-Robots-2026-1/install/xarm_description/share/xarm_description//meshes/end_tool/collision/end_tool_1300.stl
[1.552s] -- Installing: /home/christopher/Mobile-Robots-2026-1/install/xarm_description/share/xarm_description//meshes/xarm5
[1.552s] -- Installing: /home/christopher/Mobile-Robots-2026-1/install/xarm_description/share/xarm_description//meshes/xarm5/visual
[1.552s] -- Installing: /home/christopher/Mobile-Robots-2026-1/install/xarm_description/share/xarm_description//meshes/xarm5/visual/link_base.stl
[1.556s] -- Installing: /home/christopher/Mobile-Robots-2026-1/install/xarm_description/share/xarm_description//meshes/xarm5/visual/link5.stl
[1.557s] -- Installing: /home/christopher/Mobile-Robots-2026-1/install/xarm_description/share/xarm_description//meshes/xarm5/visual/link4.stl
[1.574s] -- Installing: /home/christopher/Mobile-Robots-2026-1/install/xarm_description/share/xarm_description//meshes/xarm5/visual/link1.stl
[1.574s] -- Installing: /home/christopher/Mobile-Robots-2026-1/install/xarm_description/share/xarm_description//meshes/xarm5/visual/link3.stl
[1.574s] -- Installing: /home/christopher/Mobile-Robots-2026-1/install/xarm_description/share/xarm_description//meshes/xarm5/visual/link2.stl
[1.593s] -- Installing: /home/christopher/Mobile-Robots-2026-1/install/xarm_description/share/xarm_description//meshes/vacuum_gripper
[1.593s] -- Installing: /home/christopher/Mobile-Robots-2026-1/install/xarm_description/share/xarm_description//meshes/vacuum_gripper/lite
[1.593s] -- Installing: /home/christopher/Mobile-Robots-2026-1/install/xarm_description/share/xarm_description//meshes/vacuum_gripper/lite/visual
[1.593s] -- Installing: /home/christopher/Mobile-Robots-2026-1/install/xarm_description/share/xarm_description//meshes/vacuum_gripper/lite/visual/vacuum_gripper_lite.stl
[1.598s] -- Installing: /home/christopher/Mobile-Robots-2026-1/install/xarm_description/share/xarm_description//meshes/vacuum_gripper/lite/collision
[1.598s] -- Installing: /home/christopher/Mobile-Robots-2026-1/install/xarm_description/share/xarm_description//meshes/vacuum_gripper/lite/collision/vacuum_gripper_lite.stl
[1.607s] -- Installing: /home/christopher/Mobile-Robots-2026-1/install/xarm_description/share/xarm_description//meshes/vacuum_gripper/xarm
[1.607s] -- Installing: /home/christopher/Mobile-Robots-2026-1/install/xarm_description/share/xarm_description//meshes/vacuum_gripper/xarm/visual
[1.607s] -- Installing: /home/christopher/Mobile-Robots-2026-1/install/xarm_description/share/xarm_description//meshes/vacuum_gripper/xarm/visual/vacuum_gripper.stl
[1.619s] -- Installing: /home/christopher/Mobile-Robots-2026-1/install/xarm_description/share/xarm_description//meshes/vacuum_gripper/xarm/collision
[1.619s] -- Installing: /home/christopher/Mobile-Robots-2026-1/install/xarm_description/share/xarm_description//meshes/vacuum_gripper/xarm/collision/vacuum_gripper.stl
[1.619s] -- Installing: /home/christopher/Mobile-Robots-2026-1/install/xarm_description/share/xarm_description//meshes/xarm5_1305
[1.619s] -- Installing: /home/christopher/Mobile-Robots-2026-1/install/xarm_description/share/xarm_description//meshes/xarm5_1305/visual
[1.619s] -- Installing: /home/christopher/Mobile-Robots-2026-1/install/xarm_description/share/xarm_description//meshes/xarm5_1305/visual/link_base.stl
[1.624s] -- Installing: /home/christopher/Mobile-Robots-2026-1/install/xarm_description/share/xarm_description//meshes/xarm5_1305/visual/link5.stl
[1.627s] -- Installing: /home/christopher/Mobile-Robots-2026-1/install/xarm_description/share/xarm_description//meshes/xarm5_1305/visual/link4.stl
[1.631s] -- Installing: /home/christopher/Mobile-Robots-2026-1/install/xarm_description/share/xarm_description//meshes/xarm5_1305/visual/link1.stl
[1.636s] -- Installing: /home/christopher/Mobile-Robots-2026-1/install/xarm_description/share/xarm_description//meshes/xarm5_1305/visual/link3.stl
[1.641s] -- Installing: /home/christopher/Mobile-Robots-2026-1/install/xarm_description/share/xarm_description//meshes/xarm5_1305/visual/link2.stl
[1.644s] -- Installing: /home/christopher/Mobile-Robots-2026-1/install/xarm_description/share/xarm_description//meshes/xarm5_1305/collision
[1.644s] -- Installing: /home/christopher/Mobile-Robots-2026-1/install/xarm_description/share/xarm_description//meshes/xarm5_1305/collision/link4.obj
[1.648s] -- Installing: /home/christopher/Mobile-Robots-2026-1/install/xarm_description/share/xarm_description//meshes/xarm5_1305/collision/link1.obj
[1.651s] -- Installing: /home/christopher/Mobile-Robots-2026-1/install/xarm_description/share/xarm_description//meshes/xarm5_1305/collision/link5.obj
[1.651s] -- Installing: /home/christopher/Mobile-Robots-2026-1/install/xarm_description/share/xarm_description//meshes/xarm5_1305/collision/link3.obj
[1.654s] -- Installing: /home/christopher/Mobile-Robots-2026-1/install/xarm_description/share/xarm_description//meshes/xarm5_1305/collision/link2.obj
[1.658s] -- Installing: /home/christopher/Mobile-Robots-2026-1/install/xarm_description/share/xarm_description//meshes/xarm5_1305/collision/link_base.obj
[1.660s] -- Installing: /home/christopher/Mobile-Robots-2026-1/install/xarm_description/share/xarm_description//meshes/gripper
[1.660s] -- Installing: /home/christopher/Mobile-Robots-2026-1/install/xarm_description/share/xarm_description//meshes/gripper/bio
[1.660s] -- Installing: /home/christopher/Mobile-Robots-2026-1/install/xarm_description/share/xarm_description//meshes/gripper/bio/link_base.stl
[1.667s] -- Installing: /home/christopher/Mobile-Robots-2026-1/install/xarm_description/share/xarm_description//meshes/gripper/bio/right_finger.stl
[1.668s] -- Installing: /home/christopher/Mobile-Robots-2026-1/install/xarm_description/share/xarm_description//meshes/gripper/bio/left_finger.stl
[1.669s] -- Installing: /home/christopher/Mobile-Robots-2026-1/install/xarm_description/share/xarm_description//meshes/gripper/lite
[1.669s] -- Installing: /home/christopher/Mobile-Robots-2026-1/install/xarm_description/share/xarm_description//meshes/gripper/lite/visual
[1.669s] -- Installing: /home/christopher/Mobile-Robots-2026-1/install/xarm_description/share/xarm_description//meshes/gripper/lite/visual/gripper_lite.stl
[1.671s] -- Installing: /home/christopher/Mobile-Robots-2026-1/install/xarm_description/share/xarm_description//meshes/gripper/lite/collision
[1.672s] -- Installing: /home/christopher/Mobile-Robots-2026-1/install/xarm_description/share/xarm_description//meshes/gripper/lite/collision/gripper_lite.stl
[1.674s] -- Installing: /home/christopher/Mobile-Robots-2026-1/install/xarm_description/share/xarm_description//meshes/gripper/xarm
[1.674s] -- Installing: /home/christopher/Mobile-Robots-2026-1/install/xarm_description/share/xarm_description//meshes/gripper/xarm/left_outer_knuckle.stl
[1.679s] -- Installing: /home/christopher/Mobile-Robots-2026-1/install/xarm_description/share/xarm_description//meshes/gripper/xarm/base_link.stl
[1.686s] -- Installing: /home/christopher/Mobile-Robots-2026-1/install/xarm_description/share/xarm_description//meshes/gripper/xarm/right_finger.stl
[1.700s] -- Installing: /home/christopher/Mobile-Robots-2026-1/install/xarm_description/share/xarm_description//meshes/gripper/xarm/right_inner_knuckle.stl
[1.700s] -- Installing: /home/christopher/Mobile-Robots-2026-1/install/xarm_description/share/xarm_description//meshes/gripper/xarm/left_finger.stl
[1.700s] -- Installing: /home/christopher/Mobile-Robots-2026-1/install/xarm_description/share/xarm_description//meshes/gripper/xarm/left_inner_knuckle.stl
[1.706s] -- Installing: /home/christopher/Mobile-Robots-2026-1/install/xarm_description/share/xarm_description//meshes/gripper/xarm/right_outer_knuckle.stl
[1.706s] -- Installing: /home/christopher/Mobile-Robots-2026-1/install/xarm_description/share/xarm_description//meshes/xarm7_mirror
[1.706s] -- Installing: /home/christopher/Mobile-Robots-2026-1/install/xarm_description/share/xarm_description//meshes/xarm7_mirror/visual
[1.706s] -- Installing: /home/christopher/Mobile-Robots-2026-1/install/xarm_description/share/xarm_description//meshes/xarm7_mirror/visual/link7.stl
[1.708s] -- Installing: /home/christopher/Mobile-Robots-2026-1/install/xarm_description/share/xarm_description//meshes/xarm7_mirror/visual/link_base.stl
[1.714s] -- Installing: /home/christopher/Mobile-Robots-2026-1/install/xarm_description/share/xarm_description//meshes/xarm7_mirror/visual/link6.stl
[1.722s] -- Installing: /home/christopher/Mobile-Robots-2026-1/install/xarm_description/share/xarm_description//meshes/xarm7_mirror/visual/link5.stl
[1.725s] -- Installing: /home/christopher/Mobile-Robots-2026-1/install/xarm_description/share/xarm_description//meshes/xarm7_mirror/visual/link4.stl
[1.726s] -- Installing: /home/christopher/Mobile-Robots-2026-1/install/xarm_description/share/xarm_description//meshes/xarm7_mirror/visual/link1.stl
[1.729s] -- Installing: /home/christopher/Mobile-Robots-2026-1/install/xarm_description/share/xarm_description//meshes/xarm7_mirror/visual/link3.stl
[1.735s] -- Installing: /home/christopher/Mobile-Robots-2026-1/install/xarm_description/share/xarm_description//meshes/xarm7_mirror/visual/link2.stl
[1.738s] -- Installing: /home/christopher/Mobile-Robots-2026-1/install/xarm_description/share/xarm_description//meshes/xarm7_mirror/collision
[1.738s] -- Installing: /home/christopher/Mobile-Robots-2026-1/install/xarm_description/share/xarm_description//meshes/xarm7_mirror/collision/link7.stl
[1.740s] -- Installing: /home/christopher/Mobile-Robots-2026-1/install/xarm_description/share/xarm_description//meshes/xarm7_mirror/collision/link_base.stl
[1.749s] -- Installing: /home/christopher/Mobile-Robots-2026-1/install/xarm_description/share/xarm_description//meshes/xarm7_mirror/collision/link6.stl
[1.750s] -- Installing: /home/christopher/Mobile-Robots-2026-1/install/xarm_description/share/xarm_description//meshes/xarm7_mirror/collision/link5.stl
[1.754s] -- Installing: /home/christopher/Mobile-Robots-2026-1/install/xarm_description/share/xarm_description//meshes/xarm7_mirror/collision/link4.stl
[1.755s] -- Installing: /home/christopher/Mobile-Robots-2026-1/install/xarm_description/share/xarm_description//meshes/xarm7_mirror/collision/link1.stl
[1.758s] -- Installing: /home/christopher/Mobile-Robots-2026-1/install/xarm_description/share/xarm_description//meshes/xarm7_mirror/collision/link3.stl
[1.759s] -- Installing: /home/christopher/Mobile-Robots-2026-1/install/xarm_description/share/xarm_description//meshes/xarm7_mirror/collision/link2.stl
[1.760s] -- Installing: /home/christopher/Mobile-Robots-2026-1/install/xarm_description/share/xarm_description//meshes/lite6
[1.760s] -- Installing: /home/christopher/Mobile-Robots-2026-1/install/xarm_description/share/xarm_description//meshes/lite6/visual
[1.760s] -- Installing: /home/christopher/Mobile-Robots-2026-1/install/xarm_description/share/xarm_description//meshes/lite6/visual/link_base.stl
[1.762s] -- Installing: /home/christopher/Mobile-Robots-2026-1/install/xarm_description/share/xarm_description//meshes/lite6/visual/link6.stl
[1.765s] -- Installing: /home/christopher/Mobile-Robots-2026-1/install/xarm_description/share/xarm_description//meshes/lite6/visual/link5.stl
[1.770s] -- Installing: /home/christopher/Mobile-Robots-2026-1/install/xarm_description/share/xarm_description//meshes/lite6/visual/link4.stl
[1.780s] -- Installing: /home/christopher/Mobile-Robots-2026-1/install/xarm_description/share/xarm_description//meshes/lite6/visual/link1.stl
[1.787s] -- Installing: /home/christopher/Mobile-Robots-2026-1/install/xarm_description/share/xarm_description//meshes/lite6/visual/link3.stl
[1.793s] -- Installing: /home/christopher/Mobile-Robots-2026-1/install/xarm_description/share/xarm_description//meshes/lite6/visual/link2.stl
[1.801s] -- Installing: /home/christopher/Mobile-Robots-2026-1/install/xarm_description/share/xarm_description//meshes/lite6/collision
[1.803s] -- Installing: /home/christopher/Mobile-Robots-2026-1/install/xarm_description/share/xarm_description//meshes/lite6/collision/link_base.stl
[1.805s] -- Installing: /home/christopher/Mobile-Robots-2026-1/install/xarm_description/share/xarm_description//meshes/lite6/collision/link6.stl
[1.807s] -- Installing: /home/christopher/Mobile-Robots-2026-1/install/xarm_description/share/xarm_description//meshes/lite6/collision/link5.stl
[1.811s] -- Installing: /home/christopher/Mobile-Robots-2026-1/install/xarm_description/share/xarm_description//meshes/lite6/collision/link4.stl
[1.815s] -- Installing: /home/christopher/Mobile-Robots-2026-1/install/xarm_description/share/xarm_description//meshes/lite6/collision/link1.stl
[1.817s] -- Installing: /home/christopher/Mobile-Robots-2026-1/install/xarm_description/share/xarm_description//meshes/lite6/collision/link3.stl
[1.819s] -- Installing: /home/christopher/Mobile-Robots-2026-1/install/xarm_description/share/xarm_description//meshes/lite6/collision/link2.stl
[1.819s] -- Installing: /home/christopher/Mobile-Robots-2026-1/install/xarm_description/share/xarm_description//meshes/xarm7_1305
[1.820s] -- Installing: /home/christopher/Mobile-Robots-2026-1/install/xarm_description/share/xarm_description//meshes/xarm7_1305/visual
[1.820s] -- Installing: /home/christopher/Mobile-Robots-2026-1/install/xarm_description/share/xarm_description//meshes/xarm7_1305/visual/link7.stl
[1.820s] -- Installing: /home/christopher/Mobile-Robots-2026-1/install/xarm_description/share/xarm_description//meshes/xarm7_1305/visual/link_base.stl
[1.821s] -- Installing: /home/christopher/Mobile-Robots-2026-1/install/xarm_description/share/xarm_description//meshes/xarm7_1305/visual/link6.stl
[1.829s] -- Installing: /home/christopher/Mobile-Robots-2026-1/install/xarm_description/share/xarm_description//meshes/xarm7_1305/visual/link5.stl
[1.832s] -- Installing: /home/christopher/Mobile-Robots-2026-1/install/xarm_description/share/xarm_description//meshes/xarm7_1305/visual/link4.stl
[1.839s] -- Installing: /home/christopher/Mobile-Robots-2026-1/install/xarm_description/share/xarm_description//meshes/xarm7_1305/visual/link1.stl
[1.841s] -- Installing: /home/christopher/Mobile-Robots-2026-1/install/xarm_description/share/xarm_description//meshes/xarm7_1305/visual/link3.stl
[1.843s] -- Installing: /home/christopher/Mobile-Robots-2026-1/install/xarm_description/share/xarm_description//meshes/xarm7_1305/visual/link2.stl
[1.847s] -- Installing: /home/christopher/Mobile-Robots-2026-1/install/xarm_description/share/xarm_description//meshes/xarm7_1305/collision
[1.847s] -- Installing: /home/christopher/Mobile-Robots-2026-1/install/xarm_description/share/xarm_description//meshes/xarm7_1305/collision/link4.obj
[1.847s] -- Installing: /home/christopher/Mobile-Robots-2026-1/install/xarm_description/share/xarm_description//meshes/xarm7_1305/collision/link7.obj
[1.849s] -- Installing: /home/christopher/Mobile-Robots-2026-1/install/xarm_description/share/xarm_description//meshes/xarm7_1305/collision/link1.obj
[1.851s] -- Installing: /home/christopher/Mobile-Robots-2026-1/install/xarm_description/share/xarm_description//meshes/xarm7_1305/collision/link5.obj
[1.852s] -- Installing: /home/christopher/Mobile-Robots-2026-1/install/xarm_description/share/xarm_description//meshes/xarm7_1305/collision/link3.obj
[1.853s] -- Installing: /home/christopher/Mobile-Robots-2026-1/install/xarm_description/share/xarm_description//meshes/xarm7_1305/collision/link2.obj
[1.857s] -- Installing: /home/christopher/Mobile-Robots-2026-1/install/xarm_description/share/xarm_description//meshes/xarm7_1305/collision/link6.obj
[1.858s] -- Installing: /home/christopher/Mobile-Robots-2026-1/install/xarm_description/share/xarm_description//meshes/xarm7_1305/collision/link_base.obj
[1.863s] -- Installing: /home/christopher/Mobile-Robots-2026-1/install/xarm_description/share/xarm_description//meshes/xarm6_1305
[1.863s] -- Installing: /home/christopher/Mobile-Robots-2026-1/install/xarm_description/share/xarm_description//meshes/xarm6_1305/visual
[1.863s] -- Installing: /home/christopher/Mobile-Robots-2026-1/install/xarm_description/share/xarm_description//meshes/xarm6_1305/visual/link_base.stl
[1.863s] -- Installing: /home/christopher/Mobile-Robots-2026-1/install/xarm_description/share/xarm_description//meshes/xarm6_1305/visual/link6.stl
[1.865s] -- Installing: /home/christopher/Mobile-Robots-2026-1/install/xarm_description/share/xarm_description//meshes/xarm6_1305/visual/link5.stl
[1.872s] -- Installing: /home/christopher/Mobile-Robots-2026-1/install/xarm_description/share/xarm_description//meshes/xarm6_1305/visual/link4.stl
[1.876s] -- Installing: /home/christopher/Mobile-Robots-2026-1/install/xarm_description/share/xarm_description//meshes/xarm6_1305/visual/link1.stl
[1.880s] -- Installing: /home/christopher/Mobile-Robots-2026-1/install/xarm_description/share/xarm_description//meshes/xarm6_1305/visual/link3.stl
[1.885s] -- Installing: /home/christopher/Mobile-Robots-2026-1/install/xarm_description/share/xarm_description//meshes/xarm6_1305/visual/link2.stl
[1.888s] -- Installing: /home/christopher/Mobile-Robots-2026-1/install/xarm_description/share/xarm_description//meshes/xarm6_1305/collision
[1.888s] -- Installing: /home/christopher/Mobile-Robots-2026-1/install/xarm_description/share/xarm_description//meshes/xarm6_1305/collision/link4.obj
[1.891s] -- Installing: /home/christopher/Mobile-Robots-2026-1/install/xarm_description/share/xarm_description//meshes/xarm6_1305/collision/link1.obj
[1.892s] -- Installing: /home/christopher/Mobile-Robots-2026-1/install/xarm_description/share/xarm_description//meshes/xarm6_1305/collision/link5.obj
[1.892s] -- Installing: /home/christopher/Mobile-Robots-2026-1/install/xarm_description/share/xarm_description//meshes/xarm6_1305/collision/link3.obj
[1.895s] -- Installing: /home/christopher/Mobile-Robots-2026-1/install/xarm_description/share/xarm_description//meshes/xarm6_1305/collision/link2.obj
[1.899s] -- Installing: /home/christopher/Mobile-Robots-2026-1/install/xarm_description/share/xarm_description//meshes/xarm6_1305/collision/link6.obj
[1.904s] -- Installing: /home/christopher/Mobile-Robots-2026-1/install/xarm_description/share/xarm_description//meshes/xarm6_1305/collision/link_base.obj
[1.905s] -- Installing: /home/christopher/Mobile-Robots-2026-1/install/xarm_description/share/xarm_description//meshes/xarm7
[1.905s] -- Installing: /home/christopher/Mobile-Robots-2026-1/install/xarm_description/share/xarm_description//meshes/xarm7/visual
[1.905s] -- Installing: /home/christopher/Mobile-Robots-2026-1/install/xarm_description/share/xarm_description//meshes/xarm7/visual/link7.stl
[1.909s] -- Installing: /home/christopher/Mobile-Robots-2026-1/install/xarm_description/share/xarm_description//meshes/xarm7/visual/link_base.stl
[1.912s] -- Installing: /home/christopher/Mobile-Robots-2026-1/install/xarm_description/share/xarm_description//meshes/xarm7/visual/link6.stl
[1.916s] -- Installing: /home/christopher/Mobile-Robots-2026-1/install/xarm_description/share/xarm_description//meshes/xarm7/visual/link5.stl
[1.922s] -- Installing: /home/christopher/Mobile-Robots-2026-1/install/xarm_description/share/xarm_description//meshes/xarm7/visual/link4.stl
[1.926s] -- Installing: /home/christopher/Mobile-Robots-2026-1/install/xarm_description/share/xarm_description//meshes/xarm7/visual/link1.stl
[1.930s] -- Installing: /home/christopher/Mobile-Robots-2026-1/install/xarm_description/share/xarm_description//meshes/xarm7/visual/link3.stl
[1.932s] -- Installing: /home/christopher/Mobile-Robots-2026-1/install/xarm_description/share/xarm_description//meshes/xarm7/visual/link2.stl
[1.935s] -- Installing: /home/christopher/Mobile-Robots-2026-1/install/xarm_description/share/xarm_description//meshes/camera
[1.935s] -- Installing: /home/christopher/Mobile-Robots-2026-1/install/xarm_description/share/xarm_description//meshes/camera/realsense
[1.936s] -- Installing: /home/christopher/Mobile-Robots-2026-1/install/xarm_description/share/xarm_description//meshes/camera/realsense/visual
[1.937s] -- Installing: /home/christopher/Mobile-Robots-2026-1/install/xarm_description/share/xarm_description//meshes/camera/realsense/visual/d435_with_cam_stand.stl
[1.947s] -- Installing: /home/christopher/Mobile-Robots-2026-1/install/xarm_description/share/xarm_description//meshes/camera/realsense/collision
[1.949s] -- Installing: /home/christopher/Mobile-Robots-2026-1/install/xarm_description/share/xarm_description//meshes/camera/realsense/collision/d435_with_cam_stand.stl
[1.949s] -- Installing: /home/christopher/Mobile-Robots-2026-1/install/xarm_description/share/xarm_description//meshes/uf850
[1.949s] -- Installing: /home/christopher/Mobile-Robots-2026-1/install/xarm_description/share/xarm_description//meshes/uf850/visual
[1.949s] -- Installing: /home/christopher/Mobile-Robots-2026-1/install/xarm_description/share/xarm_description//meshes/uf850/visual/link_base.stl
[1.954s] -- Installing: /home/christopher/Mobile-Robots-2026-1/install/xarm_description/share/xarm_description//meshes/uf850/visual/link6.stl
[1.960s] -- Installing: /home/christopher/Mobile-Robots-2026-1/install/xarm_description/share/xarm_description//meshes/uf850/visual/link5.stl
[1.962s] -- Installing: /home/christopher/Mobile-Robots-2026-1/install/xarm_description/share/xarm_description//meshes/uf850/visual/link4.stl
[1.966s] -- Installing: /home/christopher/Mobile-Robots-2026-1/install/xarm_description/share/xarm_description//meshes/uf850/visual/link1.stl
[1.969s] -- Installing: /home/christopher/Mobile-Robots-2026-1/install/xarm_description/share/xarm_description//meshes/uf850/visual/link3.stl
[1.975s] -- Installing: /home/christopher/Mobile-Robots-2026-1/install/xarm_description/share/xarm_description//meshes/uf850/visual/link2.stl
[1.977s] -- Installing: /home/christopher/Mobile-Robots-2026-1/install/xarm_description/share/xarm_description//meshes/uf850/collision
[1.978s] -- Installing: /home/christopher/Mobile-Robots-2026-1/install/xarm_description/share/xarm_description//meshes/uf850/collision/link_base.stl
[1.982s] -- Installing: /home/christopher/Mobile-Robots-2026-1/install/xarm_description/share/xarm_description//meshes/uf850/collision/link6.stl
[1.983s] -- Installing: /home/christopher/Mobile-Robots-2026-1/install/xarm_description/share/xarm_description//meshes/uf850/collision/link5.stl
[1.988s] -- Installing: /home/christopher/Mobile-Robots-2026-1/install/xarm_description/share/xarm_description//meshes/uf850/collision/link4.stl
[1.988s] -- Installing: /home/christopher/Mobile-Robots-2026-1/install/xarm_description/share/xarm_description//meshes/uf850/collision/link1.stl
[1.992s] -- Installing: /home/christopher/Mobile-Robots-2026-1/install/xarm_description/share/xarm_description//meshes/uf850/collision/link3.stl
[1.994s] -- Installing: /home/christopher/Mobile-Robots-2026-1/install/xarm_description/share/xarm_description//meshes/uf850/collision/link2.stl
[1.994s] -- Installing: /home/christopher/Mobile-Robots-2026-1/install/xarm_description/share/xarm_description//launch
[1.995s] -- Installing: /home/christopher/Mobile-Robots-2026-1/install/xarm_description/share/xarm_description//launch/_robot_rviz_display.launch.py
[1.997s] -- Installing: /home/christopher/Mobile-Robots-2026-1/install/xarm_description/share/xarm_description//launch/xarm7_rviz_display.launch.py
[1.997s] -- Installing: /home/christopher/Mobile-Robots-2026-1/install/xarm_description/share/xarm_description//launch/_robot_description.launch.py
[1.998s] -- Installing: /home/christopher/Mobile-Robots-2026-1/install/xarm_description/share/xarm_description//launch/lite6_rviz_display.launch.py
[2.000s] -- Installing: /home/christopher/Mobile-Robots-2026-1/install/xarm_description/share/xarm_description//launch/xarm7_mirror_rviz_display.launch.py
[2.001s] -- Installing: /home/christopher/Mobile-Robots-2026-1/install/xarm_description/share/xarm_description//launch/_rviz_display.launch.py
[2.001s] -- Installing: /home/christopher/Mobile-Robots-2026-1/install/xarm_description/share/xarm_description//launch/xarm5_rviz_display.launch.py
[2.003s] -- Installing: /home/christopher/Mobile-Robots-2026-1/install/xarm_description/share/xarm_description//launch/_robot_joint_state.launch.py
[2.003s] -- Installing: /home/christopher/Mobile-Robots-2026-1/install/xarm_description/share/xarm_description//launch/uf850_rviz_display.launch.py
[2.003s] -- Installing: /home/christopher/Mobile-Robots-2026-1/install/xarm_description/share/xarm_description//launch/lib
[2.003s] -- Installing: /home/christopher/Mobile-Robots-2026-1/install/xarm_description/share/xarm_description//launch/lib/robot_description_lib.py
[2.004s] -- Installing: /home/christopher/Mobile-Robots-2026-1/install/xarm_description/share/xarm_description//launch/xarm6_rviz_display.launch.py
[2.007s] -- Installing: /home/christopher/Mobile-Robots-2026-1/install/xarm_description/share/ament_index/resource_index/package_run_dependencies/xarm_description
[2.007s] -- Installing: /home/christopher/Mobile-Robots-2026-1/install/xarm_description/share/ament_index/resource_index/parent_prefix_path/xarm_description
[2.014s] -- Installing: /home/christopher/Mobile-Robots-2026-1/install/xarm_description/share/xarm_description/environment/ament_prefix_path.sh
[2.014s] -- Installing: /home/christopher/Mobile-Robots-2026-1/install/xarm_description/share/xarm_description/environment/ament_prefix_path.dsv
[2.014s] -- Installing: /home/christopher/Mobile-Robots-2026-1/install/xarm_description/share/xarm_description/environment/path.sh
[2.020s] -- Installing: /home/christopher/Mobile-Robots-2026-1/install/xarm_description/share/xarm_description/environment/path.dsv
[2.020s] -- Installing: /home/christopher/Mobile-Robots-2026-1/install/xarm_description/share/xarm_description/local_setup.bash
[2.021s] -- Installing: /home/christopher/Mobile-Robots-2026-1/install/xarm_description/share/xarm_description/local_setup.sh
[2.021s] -- Installing: /home/christopher/Mobile-Robots-2026-1/install/xarm_description/share/xarm_description/local_setup.zsh
[2.021s] -- Installing: /home/christopher/Mobile-Robots-2026-1/install/xarm_description/share/xarm_description/local_setup.dsv
[2.021s] -- Installing: /home/christopher/Mobile-Robots-2026-1/install/xarm_description/share/xarm_description/package.dsv
[2.021s] -- Installing: /home/christopher/Mobile-Robots-2026-1/install/xarm_description/share/ament_index/resource_index/packages/xarm_description
[2.023s] -- Installing: /home/christopher/Mobile-Robots-2026-1/install/xarm_description/share/xarm_description/cmake/xarm_descriptionConfig.cmake
[2.023s] -- Installing: /home/christopher/Mobile-Robots-2026-1/install/xarm_description/share/xarm_description/cmake/xarm_descriptionConfig-version.cmake
[2.026s] -- Installing: /home/christopher/Mobile-Robots-2026-1/install/xarm_description/share/xarm_description/package.xml
[2.031s] Invoked command in '/home/christopher/Mobile-Robots-2026-1/build/xarm_description' returned '0': CMAKE_PREFIX_PATH=${CMAKE_PREFIX_PATH}:/opt/ros/jazzy DEBUGINFOD_URLS=https://debuginfod.ubuntu.com /usr/bin/cmake --install /home/christopher/Mobile-Robots-2026-1/build/xarm_description
