[0.017s] Invoking command in '/home/angel-anduaga/Mobile-Robots-2026-1/build/xarm_msgs': CMAKE_PREFIX_PATH=${CMAKE_PREFIX_PATH}:/home/angel-anduaga/Mobile-Robots-2026-1/ros2_ws/install/uf_ros_lib:/home/angel-anduaga/Mobile-Robots-2026-1/ros2_ws/install/simple_move DEBUGINFOD_URLS=https://debuginfod.ubuntu.com /usr/bin/cmake /home/angel-anduaga/Mobile-Robots-2026-1/ros2_ws/src/hardware/xarm_ros2/xarm_msgs -DCMAKE_INSTALL_PREFIX=/home/angel-anduaga/Mobile-Robots-2026-1/install/xarm_msgs
[0.121s] -- The C compiler identification is GNU 13.3.0
[0.223s] -- The CXX compiler identification is GNU 13.3.0
[0.251s] -- Detecting C compiler ABI info
[0.375s] -- Detecting C compiler ABI info - done
[0.387s] -- Check for working C compiler: /usr/bin/cc - skipped
[0.387s] -- Detecting C compile features
[0.388s] -- Detecting C compile features - done
[0.404s] -- Detecting CXX compiler ABI info
[0.546s] -- Detecting CXX compiler ABI info - done
[0.557s] -- Check for working CXX compiler: /usr/bin/c++ - skipped
[0.557s] -- Detecting CXX compile features
[0.558s] -- Detecting CXX compile features - done
[0.575s] [31mCMake Error at CMakeLists.txt:19 (find_package):
[0.576s]   By not providing "Findament_cmake.cmake" in CMAKE_MODULE_PATH this project
[0.576s]   has asked CMake to find a package configuration file provided by
[0.576s]   "ament_cmake", but CMake did not find one.
[0.576s] 
[0.576s]   Could not find a package configuration file provided by "ament_cmake" with
[0.577s]   any of the following names:
[0.577s] 
[0.577s]     ament_cmakeConfig.cmake
[0.577s]     ament_cmake-config.cmake
[0.577s] 
[0.577s]   Add the installation prefix of "ament_cmake" to CMAKE_PREFIX_PATH or set
[0.577s]   "ament_cmake_DIR" to a directory containing one of the above files.  If
[0.577s]   "ament_cmake" provides a separate development package or SDK, be sure it
[0.577s]   has been installed.
[0.579s] 
[0.579s] [0m
[0.580s] -- Configuring incomplete, errors occurred!
[0.584s] Invoked command in '/home/angel-anduaga/Mobile-Robots-2026-1/build/xarm_msgs' returned '1': CMAKE_PREFIX_PATH=${CMAKE_PREFIX_PATH}:/home/angel-anduaga/Mobile-Robots-2026-1/ros2_ws/install/uf_ros_lib:/home/angel-anduaga/Mobile-Robots-2026-1/ros2_ws/install/simple_move DEBUGINFOD_URLS=https://debuginfod.ubuntu.com /usr/bin/cmake /home/angel-anduaga/Mobile-Robots-2026-1/ros2_ws/src/hardware/xarm_ros2/xarm_msgs -DCMAKE_INSTALL_PREFIX=/home/angel-anduaga/Mobile-Robots-2026-1/install/xarm_msgs
