[0.011s] Invoking command in '/home/axel/Mobile-Robots-2026-1/build/xarm_api': AMENT_PREFIX_PATH=/home/axel/Mobile-Robots-2026-1/install/xarm_sdk:/home/axel/Mobile-Robots-2026-1/install/xarm_msgs:/home/axel/Mobile-Robots-2026-1/install/xarm_description:${AMENT_PREFIX_PATH} CMAKE_PREFIX_PATH=/home/axel/Mobile-Robots-2026-1/install/xarm_sdk:/home/axel/Mobile-Robots-2026-1/install/xarm_msgs:/home/axel/Mobile-Robots-2026-1/install/xarm_description:/opt/ros/jazzy/opt/gz_sim_vendor:/opt/ros/jazzy/opt/gz_sensors_vendor:/opt/ros/jazzy/opt/gz_physics_vendor:/opt/ros/jazzy/opt/sdformat_vendor:/opt/ros/jazzy/opt/gz_gui_vendor:/opt/ros/jazzy/opt/gz_transport_vendor:/opt/ros/jazzy/opt/gz_rendering_vendor:/opt/ros/jazzy/opt/gz_plugin_vendor:/opt/ros/jazzy/opt/gz_fuel_tools_vendor:/opt/ros/jazzy/opt/gz_msgs_vendor:/opt/ros/jazzy/opt/gz_common_vendor:/opt/ros/jazzy/opt/gz_math_vendor:/opt/ros/jazzy/opt/gz_utils_vendor:/opt/ros/jazzy/opt/gz_tools_vendor:/opt/ros/jazzy/opt/gz_ogre_next_vendor:/opt/ros/jazzy/opt/gz_dartsim_vendor:/opt/ros/jazzy/opt/gz_cmake_vendor:/opt/ros/jazzy DEBUGINFOD_URLS=https://debuginfod.ubuntu.com LD_LIBRARY_PATH=/home/axel/Mobile-Robots-2026-1/install/xarm_sdk/lib:/home/axel/Mobile-Robots-2026-1/install/xarm_msgs/lib:${LD_LIBRARY_PATH} PYTHONPATH=/home/axel/Mobile-Robots-2026-1/install/xarm_msgs/lib/python3.12/site-packages:${PYTHONPATH} /usr/bin/cmake /home/axel/Mobile-Robots-2026-1/ros2_ws/src/hardware/xarm_ros2/xarm_api -DCMAKE_INSTALL_PREFIX=/home/axel/Mobile-Robots-2026-1/install/xarm_api
[0.054s] -- The C compiler identification is GNU 13.3.0
[0.095s] -- The CXX compiler identification is GNU 13.3.0
[0.108s] -- Detecting C compiler ABI info
[0.176s] -- Detecting C compiler ABI info - done
[0.181s] -- Check for working C compiler: /usr/bin/cc - skipped
[0.182s] -- Detecting C compile features
[0.182s] -- Detecting C compile features - done
[0.191s] -- Detecting CXX compiler ABI info
[0.267s] -- Detecting CXX compiler ABI info - done
[0.272s] -- Check for working CXX compiler: /usr/bin/c++ - skipped
[0.273s] -- Detecting CXX compile features
[0.273s] -- Detecting CXX compile features - done
[0.275s] -- Found ament_cmake: 2.5.4 (/opt/ros/jazzy/share/ament_cmake/cmake)
[0.383s] -- Found Python3: /usr/bin/python3 (found version "3.12.3") found components: Interpreter 
[0.468s] -- Found ament_lint_auto: 0.17.3 (/opt/ros/jazzy/share/ament_lint_auto/cmake)
[0.549s] -- Found rclcpp: 28.1.11 (/opt/ros/jazzy/share/rclcpp/cmake)
[0.581s] -- Found rosidl_generator_c: 4.6.6 (/opt/ros/jazzy/share/rosidl_generator_c/cmake)
[0.592s] -- Found rosidl_generator_cpp: 4.6.6 (/opt/ros/jazzy/share/rosidl_generator_cpp/cmake)
[0.604s] -- Using all available rosidl_typesupport_c: rosidl_typesupport_fastrtps_c;rosidl_typesupport_introspection_c
[0.619s] -- Using all available rosidl_typesupport_cpp: rosidl_typesupport_fastrtps_cpp;rosidl_typesupport_introspection_cpp
[0.677s] -- Found rmw_implementation_cmake: 7.3.2 (/opt/ros/jazzy/share/rmw_implementation_cmake/cmake)
[0.680s] -- Found rmw_fastrtps_cpp: 8.4.3 (/opt/ros/jazzy/share/rmw_fastrtps_cpp/cmake)
[0.752s] -- Found OpenSSL: /usr/lib/x86_64-linux-gnu/libcrypto.so (found version "3.0.13")  
[0.770s] -- Found FastRTPS: /opt/ros/jazzy/include (Required is at least version "2.13") 
[0.790s] -- Using RMW implementation 'rmw_fastrtps_cpp' as default
[0.847s] -- Found rclcpp_action: 28.1.11 (/opt/ros/jazzy/share/rclcpp_action/cmake)
[0.878s] -- Found std_msgs: 5.3.6 (/opt/ros/jazzy/share/std_msgs/cmake)
[0.888s] -- Found sensor_msgs: 5.3.6 (/opt/ros/jazzy/share/sensor_msgs/cmake)
[0.917s] -- Found control_msgs: 5.5.0 (/opt/ros/jazzy/share/control_msgs/cmake)
[0.959s] -- Found xarm_msgs: 0.0.0 (/home/axel/Mobile-Robots-2026-1/install/xarm_msgs/share/xarm_msgs/cmake)
[1.001s] -- Found xarm_sdk: 0.0.0 (/home/axel/Mobile-Robots-2026-1/install/xarm_sdk/share/xarm_sdk/cmake)
[1.016s] -- Added test 'copyright' to check source files copyright and LICENSE
[1.017s] -- Added test 'cppcheck' to perform static code analysis on C / C++ code
[1.018s] -- Configured cppcheck include dirs: /home/axel/Mobile-Robots-2026-1/ros2_ws/src/hardware/xarm_ros2/xarm_api/include
[1.018s] -- Configured cppcheck exclude dirs and/or files: 
[1.019s] -- Added test 'cpplint' to check C / C++ code against the Google style
[1.019s] -- Configured cpplint exclude dirs and/or files: 
[1.019s] -- Added test 'flake8' to check Python code syntax and style conventions
[1.019s] -- Configured 'flake8' exclude dirs and/or files: 
[1.020s] -- Added test 'lint_cmake' to check CMake code style
[1.020s] -- Added test 'pep257' to check Python code against some of the docstring style conventions in PEP 257
[1.021s] -- Added test 'uncrustify' to check C / C++ code style
[1.021s] -- Configured uncrustify additional arguments: 
[1.022s] -- Added test 'xmllint' to check XML markup files
[1.024s] -- Configuring done (1.0s)
[1.050s] -- Generating done (0.0s)
[1.057s] -- Build files have been written to: /home/axel/Mobile-Robots-2026-1/build/xarm_api
[1.066s] Invoked command in '/home/axel/Mobile-Robots-2026-1/build/xarm_api' returned '0': AMENT_PREFIX_PATH=/home/axel/Mobile-Robots-2026-1/install/xarm_sdk:/home/axel/Mobile-Robots-2026-1/install/xarm_msgs:/home/axel/Mobile-Robots-2026-1/install/xarm_description:${AMENT_PREFIX_PATH} CMAKE_PREFIX_PATH=/home/axel/Mobile-Robots-2026-1/install/xarm_sdk:/home/axel/Mobile-Robots-2026-1/install/xarm_msgs:/home/axel/Mobile-Robots-2026-1/install/xarm_description:/opt/ros/jazzy/opt/gz_sim_vendor:/opt/ros/jazzy/opt/gz_sensors_vendor:/opt/ros/jazzy/opt/gz_physics_vendor:/opt/ros/jazzy/opt/sdformat_vendor:/opt/ros/jazzy/opt/gz_gui_vendor:/opt/ros/jazzy/opt/gz_transport_vendor:/opt/ros/jazzy/opt/gz_rendering_vendor:/opt/ros/jazzy/opt/gz_plugin_vendor:/opt/ros/jazzy/opt/gz_fuel_tools_vendor:/opt/ros/jazzy/opt/gz_msgs_vendor:/opt/ros/jazzy/opt/gz_common_vendor:/opt/ros/jazzy/opt/gz_math_vendor:/opt/ros/jazzy/opt/gz_utils_vendor:/opt/ros/jazzy/opt/gz_tools_vendor:/opt/ros/jazzy/opt/gz_ogre_next_vendor:/opt/ros/jazzy/opt/gz_dartsim_vendor:/opt/ros/jazzy/opt/gz_cmake_vendor:/opt/ros/jazzy DEBUGINFOD_URLS=https://debuginfod.ubuntu.com LD_LIBRARY_PATH=/home/axel/Mobile-Robots-2026-1/install/xarm_sdk/lib:/home/axel/Mobile-Robots-2026-1/install/xarm_msgs/lib:${LD_LIBRARY_PATH} PYTHONPATH=/home/axel/Mobile-Robots-2026-1/install/xarm_msgs/lib/python3.12/site-packages:${PYTHONPATH} /usr/bin/cmake /home/axel/Mobile-Robots-2026-1/ros2_ws/src/hardware/xarm_ros2/xarm_api -DCMAKE_INSTALL_PREFIX=/home/axel/Mobile-Robots-2026-1/install/xarm_api
[1.066s] Invoking command in '/home/axel/Mobile-Robots-2026-1/build/xarm_api': AMENT_PREFIX_PATH=/home/axel/Mobile-Robots-2026-1/install/xarm_sdk:/home/axel/Mobile-Robots-2026-1/install/xarm_msgs:/home/axel/Mobile-Robots-2026-1/install/xarm_description:${AMENT_PREFIX_PATH} CMAKE_PREFIX_PATH=/home/axel/Mobile-Robots-2026-1/install/xarm_sdk:/home/axel/Mobile-Robots-2026-1/install/xarm_msgs:/home/axel/Mobile-Robots-2026-1/install/xarm_description:/opt/ros/jazzy/opt/gz_sim_vendor:/opt/ros/jazzy/opt/gz_sensors_vendor:/opt/ros/jazzy/opt/gz_physics_vendor:/opt/ros/jazzy/opt/sdformat_vendor:/opt/ros/jazzy/opt/gz_gui_vendor:/opt/ros/jazzy/opt/gz_transport_vendor:/opt/ros/jazzy/opt/gz_rendering_vendor:/opt/ros/jazzy/opt/gz_plugin_vendor:/opt/ros/jazzy/opt/gz_fuel_tools_vendor:/opt/ros/jazzy/opt/gz_msgs_vendor:/opt/ros/jazzy/opt/gz_common_vendor:/opt/ros/jazzy/opt/gz_math_vendor:/opt/ros/jazzy/opt/gz_utils_vendor:/opt/ros/jazzy/opt/gz_tools_vendor:/opt/ros/jazzy/opt/gz_ogre_next_vendor:/opt/ros/jazzy/opt/gz_dartsim_vendor:/opt/ros/jazzy/opt/gz_cmake_vendor:/opt/ros/jazzy DEBUGINFOD_URLS=https://debuginfod.ubuntu.com LD_LIBRARY_PATH=/home/axel/Mobile-Robots-2026-1/install/xarm_sdk/lib:/home/axel/Mobile-Robots-2026-1/install/xarm_msgs/lib:${LD_LIBRARY_PATH} PYTHONPATH=/home/axel/Mobile-Robots-2026-1/install/xarm_msgs/lib/python3.12/site-packages:${PYTHONPATH} /usr/bin/cmake --build /home/axel/Mobile-Robots-2026-1/build/xarm_api -- -j12 -l12
[1.105s] [  7%] [32mBuilding CXX object CMakeFiles/test_robot_states.dir/test/test_robot_states.cpp.o[0m
[1.109s] [ 15%] [32mBuilding CXX object CMakeFiles/xarm_ros_client.dir/src/xarm_ros_client.cpp.o[0m
[1.112s] [ 30%] [32mBuilding CXX object CMakeFiles/xarm_ros_driver.dir/src/xarm_driver_service.cpp.o[0m
[1.112s] [ 30%] [32mBuilding CXX object CMakeFiles/xarm_ros_driver.dir/src/xarm_driver.cpp.o[0m
[12.828s] [ 38%] [32m[1mLinking CXX executable test_robot_states[0m
[13.278s] [ 38%] Built target test_robot_states
[20.559s] [ 46%] [32m[1mLinking CXX shared library libxarm_ros_client.so[0m
[21.355s] [ 46%] Built target xarm_ros_client
[21.375s] [ 61%] [32mBuilding CXX object CMakeFiles/test_xarm_ros_client.dir/test/test_xarm_ros_client.cpp.o[0m
[21.375s] [ 61%] [32mBuilding CXX object CMakeFiles/test_xarm_velo_move.dir/test/test_xarm_velo_move.cpp.o[0m
[25.664s] [ 69%] [32m[1mLinking CXX executable test_xarm_ros_client[0m
[25.687s] [ 76%] [32m[1mLinking CXX executable test_xarm_velo_move[0m
[26.289s] [ 76%] Built target test_xarm_ros_client
[26.307s] [ 76%] Built target test_xarm_velo_move
[29.083s] [ 84%] [32m[1mLinking CXX shared library libxarm_ros_driver.so[0m
[30.430s] [ 84%] Built target xarm_ros_driver
[30.449s] [ 92%] [32mBuilding CXX object CMakeFiles/xarm_driver_node.dir/src/xarm_driver_node.cpp.o[0m
[34.258s] [100%] [32m[1mLinking CXX executable xarm_driver_node[0m
[34.984s] [100%] Built target xarm_driver_node
[34.994s] Invoked command in '/home/axel/Mobile-Robots-2026-1/build/xarm_api' returned '0': AMENT_PREFIX_PATH=/home/axel/Mobile-Robots-2026-1/install/xarm_sdk:/home/axel/Mobile-Robots-2026-1/install/xarm_msgs:/home/axel/Mobile-Robots-2026-1/install/xarm_description:${AMENT_PREFIX_PATH} CMAKE_PREFIX_PATH=/home/axel/Mobile-Robots-2026-1/install/xarm_sdk:/home/axel/Mobile-Robots-2026-1/install/xarm_msgs:/home/axel/Mobile-Robots-2026-1/install/xarm_description:/opt/ros/jazzy/opt/gz_sim_vendor:/opt/ros/jazzy/opt/gz_sensors_vendor:/opt/ros/jazzy/opt/gz_physics_vendor:/opt/ros/jazzy/opt/sdformat_vendor:/opt/ros/jazzy/opt/gz_gui_vendor:/opt/ros/jazzy/opt/gz_transport_vendor:/opt/ros/jazzy/opt/gz_rendering_vendor:/opt/ros/jazzy/opt/gz_plugin_vendor:/opt/ros/jazzy/opt/gz_fuel_tools_vendor:/opt/ros/jazzy/opt/gz_msgs_vendor:/opt/ros/jazzy/opt/gz_common_vendor:/opt/ros/jazzy/opt/gz_math_vendor:/opt/ros/jazzy/opt/gz_utils_vendor:/opt/ros/jazzy/opt/gz_tools_vendor:/opt/ros/jazzy/opt/gz_ogre_next_vendor:/opt/ros/jazzy/opt/gz_dartsim_vendor:/opt/ros/jazzy/opt/gz_cmake_vendor:/opt/ros/jazzy DEBUGINFOD_URLS=https://debuginfod.ubuntu.com LD_LIBRARY_PATH=/home/axel/Mobile-Robots-2026-1/install/xarm_sdk/lib:/home/axel/Mobile-Robots-2026-1/install/xarm_msgs/lib:${LD_LIBRARY_PATH} PYTHONPATH=/home/axel/Mobile-Robots-2026-1/install/xarm_msgs/lib/python3.12/site-packages:${PYTHONPATH} /usr/bin/cmake --build /home/axel/Mobile-Robots-2026-1/build/xarm_api -- -j12 -l12
[34.994s] Invoking command in '/home/axel/Mobile-Robots-2026-1/build/xarm_api': AMENT_PREFIX_PATH=/home/axel/Mobile-Robots-2026-1/install/xarm_sdk:/home/axel/Mobile-Robots-2026-1/install/xarm_msgs:/home/axel/Mobile-Robots-2026-1/install/xarm_description:${AMENT_PREFIX_PATH} CMAKE_PREFIX_PATH=/home/axel/Mobile-Robots-2026-1/install/xarm_sdk:/home/axel/Mobile-Robots-2026-1/install/xarm_msgs:/home/axel/Mobile-Robots-2026-1/install/xarm_description:/opt/ros/jazzy/opt/gz_sim_vendor:/opt/ros/jazzy/opt/gz_sensors_vendor:/opt/ros/jazzy/opt/gz_physics_vendor:/opt/ros/jazzy/opt/sdformat_vendor:/opt/ros/jazzy/opt/gz_gui_vendor:/opt/ros/jazzy/opt/gz_transport_vendor:/opt/ros/jazzy/opt/gz_rendering_vendor:/opt/ros/jazzy/opt/gz_plugin_vendor:/opt/ros/jazzy/opt/gz_fuel_tools_vendor:/opt/ros/jazzy/opt/gz_msgs_vendor:/opt/ros/jazzy/opt/gz_common_vendor:/opt/ros/jazzy/opt/gz_math_vendor:/opt/ros/jazzy/opt/gz_utils_vendor:/opt/ros/jazzy/opt/gz_tools_vendor:/opt/ros/jazzy/opt/gz_ogre_next_vendor:/opt/ros/jazzy/opt/gz_dartsim_vendor:/opt/ros/jazzy/opt/gz_cmake_vendor:/opt/ros/jazzy DEBUGINFOD_URLS=https://debuginfod.ubuntu.com LD_LIBRARY_PATH=/home/axel/Mobile-Robots-2026-1/install/xarm_sdk/lib:/home/axel/Mobile-Robots-2026-1/install/xarm_msgs/lib:${LD_LIBRARY_PATH} PYTHONPATH=/home/axel/Mobile-Robots-2026-1/install/xarm_msgs/lib/python3.12/site-packages:${PYTHONPATH} /usr/bin/cmake --install /home/axel/Mobile-Robots-2026-1/build/xarm_api
[34.999s] -- Install configuration: ""
[34.999s] -- Installing: /home/axel/Mobile-Robots-2026-1/install/xarm_api/share/xarm_api/environment/library_path.sh
[34.999s] -- Installing: /home/axel/Mobile-Robots-2026-1/install/xarm_api/share/xarm_api/environment/library_path.dsv
[34.999s] -- Installing: /home/axel/Mobile-Robots-2026-1/install/xarm_api/include
[34.999s] -- Installing: /home/axel/Mobile-Robots-2026-1/install/xarm_api/include/xarm_api
[34.999s] -- Installing: /home/axel/Mobile-Robots-2026-1/install/xarm_api/include/xarm_api/visibility_control.h
[34.999s] -- Installing: /home/axel/Mobile-Robots-2026-1/install/xarm_api/include/xarm_api/xarm_msgs.h
[34.999s] -- Installing: /home/axel/Mobile-Robots-2026-1/install/xarm_api/include/xarm_api/xarm_driver.h
[34.999s] -- Installing: /home/axel/Mobile-Robots-2026-1/install/xarm_api/include/xarm_api/xarm_ros_client.h
[34.999s] -- Installing: /home/axel/Mobile-Robots-2026-1/install/xarm_api/lib/libxarm_ros_driver.so
[35.015s] -- Set non-toolchain portion of runtime path of "/home/axel/Mobile-Robots-2026-1/install/xarm_api/lib/libxarm_ros_driver.so" to ""
[35.015s] -- Installing: /home/axel/Mobile-Robots-2026-1/install/xarm_api/lib/libxarm_ros_client.so
[35.024s] -- Set non-toolchain portion of runtime path of "/home/axel/Mobile-Robots-2026-1/install/xarm_api/lib/libxarm_ros_client.so" to ""
[35.024s] -- Installing: /home/axel/Mobile-Robots-2026-1/install/xarm_api/lib/xarm_api/xarm_driver_node
[35.025s] -- Set non-toolchain portion of runtime path of "/home/axel/Mobile-Robots-2026-1/install/xarm_api/lib/xarm_api/xarm_driver_node" to ""
[35.025s] -- Installing: /home/axel/Mobile-Robots-2026-1/install/xarm_api/lib/xarm_api/test_xarm_ros_client
[35.025s] -- Set non-toolchain portion of runtime path of "/home/axel/Mobile-Robots-2026-1/install/xarm_api/lib/xarm_api/test_xarm_ros_client" to ""
[35.025s] -- Installing: /home/axel/Mobile-Robots-2026-1/install/xarm_api/lib/xarm_api/test_xarm_velo_move
[35.025s] -- Set non-toolchain portion of runtime path of "/home/axel/Mobile-Robots-2026-1/install/xarm_api/lib/xarm_api/test_xarm_velo_move" to ""
[35.025s] -- Installing: /home/axel/Mobile-Robots-2026-1/install/xarm_api/lib/xarm_api/test_robot_states
[35.030s] -- Set non-toolchain portion of runtime path of "/home/axel/Mobile-Robots-2026-1/install/xarm_api/lib/xarm_api/test_robot_states" to ""
[35.030s] -- Installing: /home/axel/Mobile-Robots-2026-1/install/xarm_api/share/xarm_api//launch
[35.030s] -- Installing: /home/axel/Mobile-Robots-2026-1/install/xarm_api/share/xarm_api//launch/xarm7_driver.launch.py
[35.030s] -- Installing: /home/axel/Mobile-Robots-2026-1/install/xarm_api/share/xarm_api//launch/lib
[35.030s] -- Installing: /home/axel/Mobile-Robots-2026-1/install/xarm_api/share/xarm_api//launch/lib/robot_api_lib.py
[35.030s] -- Installing: /home/axel/Mobile-Robots-2026-1/install/xarm_api/share/xarm_api//launch/uf850_driver.launch.py
[35.031s] -- Installing: /home/axel/Mobile-Robots-2026-1/install/xarm_api/share/xarm_api//launch/xarm6_driver.launch.py
[35.031s] -- Installing: /home/axel/Mobile-Robots-2026-1/install/xarm_api/share/xarm_api//launch/xarm5_driver.launch.py
[35.031s] -- Installing: /home/axel/Mobile-Robots-2026-1/install/xarm_api/share/xarm_api//launch/_robot_driver.launch.py
[35.031s] -- Installing: /home/axel/Mobile-Robots-2026-1/install/xarm_api/share/xarm_api//launch/lite6_driver.launch.py
[35.031s] -- Installing: /home/axel/Mobile-Robots-2026-1/install/xarm_api/share/xarm_api//config
[35.031s] -- Installing: /home/axel/Mobile-Robots-2026-1/install/xarm_api/share/xarm_api//config/xarm_params.yaml
[35.031s] -- Installing: /home/axel/Mobile-Robots-2026-1/install/xarm_api/share/ament_index/resource_index/package_run_dependencies/xarm_api
[35.031s] -- Installing: /home/axel/Mobile-Robots-2026-1/install/xarm_api/share/ament_index/resource_index/parent_prefix_path/xarm_api
[35.031s] -- Installing: /home/axel/Mobile-Robots-2026-1/install/xarm_api/share/xarm_api/environment/ament_prefix_path.sh
[35.031s] -- Installing: /home/axel/Mobile-Robots-2026-1/install/xarm_api/share/xarm_api/environment/ament_prefix_path.dsv
[35.031s] -- Installing: /home/axel/Mobile-Robots-2026-1/install/xarm_api/share/xarm_api/environment/path.sh
[35.032s] -- Installing: /home/axel/Mobile-Robots-2026-1/install/xarm_api/share/xarm_api/environment/path.dsv
[35.032s] -- Installing: /home/axel/Mobile-Robots-2026-1/install/xarm_api/share/xarm_api/local_setup.bash
[35.032s] -- Installing: /home/axel/Mobile-Robots-2026-1/install/xarm_api/share/xarm_api/local_setup.sh
[35.032s] -- Installing: /home/axel/Mobile-Robots-2026-1/install/xarm_api/share/xarm_api/local_setup.zsh
[35.032s] -- Installing: /home/axel/Mobile-Robots-2026-1/install/xarm_api/share/xarm_api/local_setup.dsv
[35.032s] -- Installing: /home/axel/Mobile-Robots-2026-1/install/xarm_api/share/xarm_api/package.dsv
[35.032s] -- Installing: /home/axel/Mobile-Robots-2026-1/install/xarm_api/share/ament_index/resource_index/packages/xarm_api
[35.032s] -- Installing: /home/axel/Mobile-Robots-2026-1/install/xarm_api/share/xarm_api/cmake/ament_cmake_export_libraries-extras.cmake
[35.032s] -- Installing: /home/axel/Mobile-Robots-2026-1/install/xarm_api/share/xarm_api/cmake/ament_cmake_export_include_directories-extras.cmake
[35.032s] -- Installing: /home/axel/Mobile-Robots-2026-1/install/xarm_api/share/xarm_api/cmake/xarm_apiConfig.cmake
[35.032s] -- Installing: /home/axel/Mobile-Robots-2026-1/install/xarm_api/share/xarm_api/cmake/xarm_apiConfig-version.cmake
[35.032s] -- Installing: /home/axel/Mobile-Robots-2026-1/install/xarm_api/share/xarm_api/package.xml
[35.032s] Invoked command in '/home/axel/Mobile-Robots-2026-1/build/xarm_api' returned '0': AMENT_PREFIX_PATH=/home/axel/Mobile-Robots-2026-1/install/xarm_sdk:/home/axel/Mobile-Robots-2026-1/install/xarm_msgs:/home/axel/Mobile-Robots-2026-1/install/xarm_description:${AMENT_PREFIX_PATH} CMAKE_PREFIX_PATH=/home/axel/Mobile-Robots-2026-1/install/xarm_sdk:/home/axel/Mobile-Robots-2026-1/install/xarm_msgs:/home/axel/Mobile-Robots-2026-1/install/xarm_description:/opt/ros/jazzy/opt/gz_sim_vendor:/opt/ros/jazzy/opt/gz_sensors_vendor:/opt/ros/jazzy/opt/gz_physics_vendor:/opt/ros/jazzy/opt/sdformat_vendor:/opt/ros/jazzy/opt/gz_gui_vendor:/opt/ros/jazzy/opt/gz_transport_vendor:/opt/ros/jazzy/opt/gz_rendering_vendor:/opt/ros/jazzy/opt/gz_plugin_vendor:/opt/ros/jazzy/opt/gz_fuel_tools_vendor:/opt/ros/jazzy/opt/gz_msgs_vendor:/opt/ros/jazzy/opt/gz_common_vendor:/opt/ros/jazzy/opt/gz_math_vendor:/opt/ros/jazzy/opt/gz_utils_vendor:/opt/ros/jazzy/opt/gz_tools_vendor:/opt/ros/jazzy/opt/gz_ogre_next_vendor:/opt/ros/jazzy/opt/gz_dartsim_vendor:/opt/ros/jazzy/opt/gz_cmake_vendor:/opt/ros/jazzy DEBUGINFOD_URLS=https://debuginfod.ubuntu.com LD_LIBRARY_PATH=/home/axel/Mobile-Robots-2026-1/install/xarm_sdk/lib:/home/axel/Mobile-Robots-2026-1/install/xarm_msgs/lib:${LD_LIBRARY_PATH} PYTHONPATH=/home/axel/Mobile-Robots-2026-1/install/xarm_msgs/lib/python3.12/site-packages:${PYTHONPATH} /usr/bin/cmake --install /home/axel/Mobile-Robots-2026-1/build/xarm_api
