[0.690s] Invoking command in '/home/axel/Mobile-Robots-2026-1/ros2_ws/src/navigation/simple_move': DEBUGINFOD_URLS=https://debuginfod.ubuntu.com PYTHONPATH=/home/axel/Mobile-Robots-2026-1/build/simple_move/prefix_override:/usr/lib/python3/dist-packages/colcon_core/task/python/colcon_distutils_commands:/home/axel/Mobile-Robots-2026-1/install/simple_move/lib/python3.12/site-packages: /usr/bin/python3 -W ignore:setup.py install is deprecated -W ignore:easy_install command is deprecated setup.py egg_info --egg-base ../../../../build/simple_move build --build-base /home/axel/Mobile-Robots-2026-1/build/simple_move/build install --record /home/axel/Mobile-Robots-2026-1/build/simple_move/install.log --single-version-externally-managed install_data
[0.827s] running egg_info
[0.833s] writing ../../../../build/simple_move/simple_move.egg-info/PKG-INFO
[0.833s] writing dependency_links to ../../../../build/simple_move/simple_move.egg-info/dependency_links.txt
[0.833s] writing entry points to ../../../../build/simple_move/simple_move.egg-info/entry_points.txt
[0.833s] writing requirements to ../../../../build/simple_move/simple_move.egg-info/requires.txt
[0.834s] writing top-level names to ../../../../build/simple_move/simple_move.egg-info/top_level.txt
[0.848s] reading manifest file '../../../../build/simple_move/simple_move.egg-info/SOURCES.txt'
[0.848s] adding license file 'LICENSE'
[0.849s] writing manifest file '../../../../build/simple_move/simple_move.egg-info/SOURCES.txt'
[0.849s] running build
[0.849s] running build_py
[0.849s] running install
[0.854s] running install_lib
[0.861s] running install_data
[0.861s] running install_egg_info
[0.868s] removing '/home/axel/Mobile-Robots-2026-1/install/simple_move/lib/python3.12/site-packages/simple_move-0.0.0-py3.12.egg-info' (and everything under it)
[0.869s] Copying ../../../../build/simple_move/simple_move.egg-info to /home/axel/Mobile-Robots-2026-1/install/simple_move/lib/python3.12/site-packages/simple_move-0.0.0-py3.12.egg-info
[0.869s] running install_scripts
[0.929s] Installing path_follower script to /home/axel/Mobile-Robots-2026-1/install/simple_move/lib/simple_move
[0.929s] Installing ros_basics script to /home/axel/Mobile-Robots-2026-1/install/simple_move/lib/simple_move
[0.930s] writing list of installed files to '/home/axel/Mobile-Robots-2026-1/build/simple_move/install.log'
[0.959s] Invoked command in '/home/axel/Mobile-Robots-2026-1/ros2_ws/src/navigation/simple_move' returned '0': DEBUGINFOD_URLS=https://debuginfod.ubuntu.com PYTHONPATH=/home/axel/Mobile-Robots-2026-1/build/simple_move/prefix_override:/usr/lib/python3/dist-packages/colcon_core/task/python/colcon_distutils_commands:/home/axel/Mobile-Robots-2026-1/install/simple_move/lib/python3.12/site-packages: /usr/bin/python3 -W ignore:setup.py install is deprecated -W ignore:easy_install command is deprecated setup.py egg_info --egg-base ../../../../build/simple_move build --build-base /home/axel/Mobile-Robots-2026-1/build/simple_move/build install --record /home/axel/Mobile-Robots-2026-1/build/simple_move/install.log --single-version-externally-managed install_data
